[2024-07-14T10:15:12.373+0000] {local_task_job_runner.py:120} INFO - ::group::Pre task execution logs
[2024-07-14T10:15:12.853+0000] {taskinstance.py:2076} INFO - Dependencies all met for dep_context=non-requeueable deps ti=<TaskInstance: hello_airflow.task_hello scheduled__2024-03-25T00:00:00+00:00 [queued]>
[2024-07-14T10:15:12.990+0000] {taskinstance.py:2076} INFO - Dependencies all met for dep_context=requeueable deps ti=<TaskInstance: hello_airflow.task_hello scheduled__2024-03-25T00:00:00+00:00 [queued]>
[2024-07-14T10:15:13.013+0000] {taskinstance.py:2306} INFO - Starting attempt 1 of 2
[2024-07-14T10:15:13.241+0000] {taskinstance.py:2330} INFO - Executing <Task(PythonOperator): task_hello> on 2024-03-25 00:00:00+00:00
[2024-07-14T10:15:13.411+0000] {warnings.py:112} WARNING - /home/***/.local/lib/python3.12/site-packages/***/task/task_runner/standard_task_runner.py:61: DeprecationWarning: This process (pid=361) is multi-threaded, use of fork() may lead to deadlocks in the child.
  pid = os.fork()

[2024-07-14T10:15:13.537+0000] {standard_task_runner.py:63} INFO - Started process 393 to run task
[2024-07-14T10:15:13.482+0000] {standard_task_runner.py:90} INFO - Running: ['***', 'tasks', 'run', 'hello_***', 'task_hello', 'scheduled__2024-03-25T00:00:00+00:00', '--job-id', '95', '--raw', '--subdir', 'DAGS_FOLDER/test.py', '--cfg-path', '/tmp/tmph26u5ufm']
[2024-07-14T10:15:13.640+0000] {standard_task_runner.py:91} INFO - Job 95: Subtask task_hello
[2024-07-14T10:15:14.238+0000] {task_command.py:426} INFO - Running <TaskInstance: hello_airflow.task_hello scheduled__2024-03-25T00:00:00+00:00 [running]> on host 37d6808b0cee
[2024-07-14T10:15:16.010+0000] {taskinstance.py:2648} INFO - Exporting env vars: AIRFLOW_CTX_DAG_OWNER='***' AIRFLOW_CTX_DAG_ID='hello_***' AIRFLOW_CTX_TASK_ID='task_hello' AIRFLOW_CTX_EXECUTION_DATE='2024-03-25T00:00:00+00:00' AIRFLOW_CTX_TRY_NUMBER='1' AIRFLOW_CTX_DAG_RUN_ID='scheduled__2024-03-25T00:00:00+00:00'
[2024-07-14T10:15:16.048+0000] {taskinstance.py:430} INFO - ::endgroup::
[2024-07-14T10:15:16.103+0000] {logging_mixin.py:188} INFO - Hello, Airflow!
[2024-07-14T10:15:16.104+0000] {python.py:237} INFO - Done. Returned value was: None
[2024-07-14T10:15:16.105+0000] {taskinstance.py:441} INFO - ::group::Post task execution logs
[2024-07-14T10:15:16.365+0000] {taskinstance.py:1206} INFO - Marking task as SUCCESS. dag_id=hello_***, task_id=task_hello, run_id=scheduled__2024-03-25T00:00:00+00:00, execution_date=20240325T000000, start_date=20240714T101512, end_date=20240714T101516
[2024-07-14T10:15:16.913+0000] {local_task_job_runner.py:240} INFO - Task exited with return code 0
[2024-07-14T10:15:17.185+0000] {taskinstance.py:3503} INFO - 0 downstream tasks scheduled from follow-on schedule check
[2024-07-14T10:15:17.206+0000] {local_task_job_runner.py:222} INFO - ::endgroup::
