[2024-07-22T16:42:30.138+0000] {local_task_job_runner.py:120} INFO - ::group::Pre task execution logs
[2024-07-22T16:42:30.212+0000] {taskinstance.py:2076} INFO - Dependencies all met for dep_context=non-requeueable deps ti=<TaskInstance: example_complex.create_tag_template_field_result2 manual__2024-07-22T16:41:58.966161+00:00 [queued]>
[2024-07-22T16:42:30.229+0000] {taskinstance.py:2076} INFO - Dependencies all met for dep_context=requeueable deps ti=<TaskInstance: example_complex.create_tag_template_field_result2 manual__2024-07-22T16:41:58.966161+00:00 [queued]>
[2024-07-22T16:42:30.229+0000] {taskinstance.py:2306} INFO - Starting attempt 1 of 1
[2024-07-22T16:42:30.274+0000] {taskinstance.py:2330} INFO - Executing <Task(BashOperator): create_tag_template_field_result2> on 2024-07-22 16:41:58.966161+00:00
[2024-07-22T16:42:30.293+0000] {warnings.py:112} WARNING - /home/***/.local/lib/python3.12/site-packages/***/task/task_runner/standard_task_runner.py:61: DeprecationWarning: This process (pid=174) is multi-threaded, use of fork() may lead to deadlocks in the child.
  pid = os.fork()

[2024-07-22T16:42:30.296+0000] {standard_task_runner.py:63} INFO - Started process 186 to run task
[2024-07-22T16:42:30.303+0000] {standard_task_runner.py:90} INFO - Running: ['***', 'tasks', 'run', 'example_complex', 'create_tag_template_field_result2', 'manual__2024-07-22T16:41:58.966161+00:00', '--job-id', '26', '--raw', '--subdir', '/home/***/.local/lib/python3.12/site-packages/***/example_dags/example_complex.py', '--cfg-path', '/tmp/tmpy10v68mh']
[2024-07-22T16:42:30.315+0000] {standard_task_runner.py:91} INFO - Job 26: Subtask create_tag_template_field_result2
[2024-07-22T16:42:30.428+0000] {task_command.py:426} INFO - Running <TaskInstance: example_complex.create_tag_template_field_result2 manual__2024-07-22T16:41:58.966161+00:00 [running]> on host 1398923a395d
[2024-07-22T16:42:30.684+0000] {taskinstance.py:2648} INFO - Exporting env vars: AIRFLOW_CTX_DAG_OWNER='***' AIRFLOW_CTX_DAG_ID='example_complex' AIRFLOW_CTX_TASK_ID='create_tag_template_field_result2' AIRFLOW_CTX_EXECUTION_DATE='2024-07-22T16:41:58.966161+00:00' AIRFLOW_CTX_TRY_NUMBER='1' AIRFLOW_CTX_DAG_RUN_ID='manual__2024-07-22T16:41:58.966161+00:00'
[2024-07-22T16:42:30.687+0000] {taskinstance.py:430} INFO - ::endgroup::
[2024-07-22T16:42:30.689+0000] {subprocess.py:63} INFO - Tmp dir root location: /tmp
[2024-07-22T16:42:30.690+0000] {subprocess.py:75} INFO - Running command: ['/usr/bin/bash', '-c', 'echo create_tag_template_field_result']
[2024-07-22T16:42:30.715+0000] {subprocess.py:86} INFO - Output:
[2024-07-22T16:42:30.720+0000] {subprocess.py:93} INFO - create_tag_template_field_result
[2024-07-22T16:42:30.721+0000] {subprocess.py:97} INFO - Command exited with return code 0
[2024-07-22T16:42:30.722+0000] {taskinstance.py:441} INFO - ::group::Post task execution logs
[2024-07-22T16:42:30.763+0000] {taskinstance.py:1206} INFO - Marking task as SUCCESS. dag_id=example_complex, task_id=create_tag_template_field_result2, run_id=manual__2024-07-22T16:41:58.966161+00:00, execution_date=20240722T164158, start_date=20240722T164230, end_date=20240722T164230
[2024-07-22T16:42:30.820+0000] {local_task_job_runner.py:240} INFO - Task exited with return code 0
[2024-07-22T16:42:30.844+0000] {taskinstance.py:3503} INFO - 0 downstream tasks scheduled from follow-on schedule check
[2024-07-22T16:42:30.846+0000] {local_task_job_runner.py:222} INFO - ::endgroup::
