[2024-07-22T16:42:13.289+0000] {local_task_job_runner.py:120} INFO - ::group::Pre task execution logs
[2024-07-22T16:42:13.396+0000] {taskinstance.py:2076} INFO - Dependencies all met for dep_context=non-requeueable deps ti=<TaskInstance: example_complex.create_tag_template manual__2024-07-22T16:41:58.966161+00:00 [queued]>
[2024-07-22T16:42:13.421+0000] {taskinstance.py:2076} INFO - Dependencies all met for dep_context=requeueable deps ti=<TaskInstance: example_complex.create_tag_template manual__2024-07-22T16:41:58.966161+00:00 [queued]>
[2024-07-22T16:42:13.422+0000] {taskinstance.py:2306} INFO - Starting attempt 1 of 1
[2024-07-22T16:42:13.466+0000] {taskinstance.py:2330} INFO - Executing <Task(BashOperator): create_tag_template> on 2024-07-22 16:41:58.966161+00:00
[2024-07-22T16:42:13.489+0000] {warnings.py:112} WARNING - /home/***/.local/lib/python3.12/site-packages/***/task/task_runner/standard_task_runner.py:61: DeprecationWarning: This process (pid=111) is multi-threaded, use of fork() may lead to deadlocks in the child.
  pid = os.fork()

[2024-07-22T16:42:13.497+0000] {standard_task_runner.py:63} INFO - Started process 122 to run task
[2024-07-22T16:42:13.497+0000] {standard_task_runner.py:90} INFO - Running: ['***', 'tasks', 'run', 'example_complex', 'create_tag_template', 'manual__2024-07-22T16:41:58.966161+00:00', '--job-id', '8', '--raw', '--subdir', '/home/***/.local/lib/python3.12/site-packages/***/example_dags/example_complex.py', '--cfg-path', '/tmp/tmpi5c_dwnx']
[2024-07-22T16:42:13.518+0000] {standard_task_runner.py:91} INFO - Job 8: Subtask create_tag_template
[2024-07-22T16:42:13.728+0000] {task_command.py:426} INFO - Running <TaskInstance: example_complex.create_tag_template manual__2024-07-22T16:41:58.966161+00:00 [running]> on host 1398923a395d
[2024-07-22T16:42:14.050+0000] {taskinstance.py:2648} INFO - Exporting env vars: AIRFLOW_CTX_DAG_OWNER='***' AIRFLOW_CTX_DAG_ID='example_complex' AIRFLOW_CTX_TASK_ID='create_tag_template' AIRFLOW_CTX_EXECUTION_DATE='2024-07-22T16:41:58.966161+00:00' AIRFLOW_CTX_TRY_NUMBER='1' AIRFLOW_CTX_DAG_RUN_ID='manual__2024-07-22T16:41:58.966161+00:00'
[2024-07-22T16:42:14.052+0000] {taskinstance.py:430} INFO - ::endgroup::
[2024-07-22T16:42:14.054+0000] {subprocess.py:63} INFO - Tmp dir root location: /tmp
[2024-07-22T16:42:14.054+0000] {subprocess.py:75} INFO - Running command: ['/usr/bin/bash', '-c', 'echo create_tag_template']
[2024-07-22T16:42:14.098+0000] {subprocess.py:86} INFO - Output:
[2024-07-22T16:42:14.101+0000] {subprocess.py:93} INFO - create_tag_template
[2024-07-22T16:42:14.109+0000] {subprocess.py:97} INFO - Command exited with return code 0
[2024-07-22T16:42:14.110+0000] {taskinstance.py:441} INFO - ::group::Post task execution logs
[2024-07-22T16:42:14.206+0000] {taskinstance.py:1206} INFO - Marking task as SUCCESS. dag_id=example_complex, task_id=create_tag_template, run_id=manual__2024-07-22T16:41:58.966161+00:00, execution_date=20240722T164158, start_date=20240722T164213, end_date=20240722T164214
[2024-07-22T16:42:14.299+0000] {local_task_job_runner.py:240} INFO - Task exited with return code 0
[2024-07-22T16:42:14.529+0000] {taskinstance.py:3503} INFO - 5 downstream tasks scheduled from follow-on schedule check
[2024-07-22T16:42:14.556+0000] {local_task_job_runner.py:222} INFO - ::endgroup::
