[2024-07-22T16:42:22.419+0000] {local_task_job_runner.py:120} INFO - ::group::Pre task execution logs
[2024-07-22T16:42:22.597+0000] {taskinstance.py:2076} INFO - Dependencies all met for dep_context=non-requeueable deps ti=<TaskInstance: example_complex.lookup_entry_result manual__2024-07-22T16:41:58.966161+00:00 [queued]>
[2024-07-22T16:42:22.649+0000] {taskinstance.py:2076} INFO - Dependencies all met for dep_context=requeueable deps ti=<TaskInstance: example_complex.lookup_entry_result manual__2024-07-22T16:41:58.966161+00:00 [queued]>
[2024-07-22T16:42:22.650+0000] {taskinstance.py:2306} INFO - Starting attempt 1 of 1
[2024-07-22T16:42:22.736+0000] {taskinstance.py:2330} INFO - Executing <Task(BashOperator): lookup_entry_result> on 2024-07-22 16:41:58.966161+00:00
[2024-07-22T16:42:22.775+0000] {warnings.py:112} WARNING - /home/***/.local/lib/python3.12/site-packages/***/task/task_runner/standard_task_runner.py:61: DeprecationWarning: This process (pid=142) is multi-threaded, use of fork() may lead to deadlocks in the child.
  pid = os.fork()

[2024-07-22T16:42:22.778+0000] {standard_task_runner.py:63} INFO - Started process 159 to run task
[2024-07-22T16:42:22.795+0000] {standard_task_runner.py:90} INFO - Running: ['***', 'tasks', 'run', 'example_complex', 'lookup_entry_result', 'manual__2024-07-22T16:41:58.966161+00:00', '--job-id', '17', '--raw', '--subdir', '/home/***/.local/lib/python3.12/site-packages/***/example_dags/example_complex.py', '--cfg-path', '/tmp/tmpi68ed5gk']
[2024-07-22T16:42:22.799+0000] {standard_task_runner.py:91} INFO - Job 17: Subtask lookup_entry_result
[2024-07-22T16:42:23.001+0000] {task_command.py:426} INFO - Running <TaskInstance: example_complex.lookup_entry_result manual__2024-07-22T16:41:58.966161+00:00 [running]> on host 1398923a395d
[2024-07-22T16:42:23.717+0000] {taskinstance.py:2648} INFO - Exporting env vars: AIRFLOW_CTX_DAG_OWNER='***' AIRFLOW_CTX_DAG_ID='example_complex' AIRFLOW_CTX_TASK_ID='lookup_entry_result' AIRFLOW_CTX_EXECUTION_DATE='2024-07-22T16:41:58.966161+00:00' AIRFLOW_CTX_TRY_NUMBER='1' AIRFLOW_CTX_DAG_RUN_ID='manual__2024-07-22T16:41:58.966161+00:00'
[2024-07-22T16:42:23.724+0000] {taskinstance.py:430} INFO - ::endgroup::
[2024-07-22T16:42:23.725+0000] {subprocess.py:63} INFO - Tmp dir root location: /tmp
[2024-07-22T16:42:23.726+0000] {subprocess.py:75} INFO - Running command: ['/usr/bin/bash', '-c', 'echo lookup_entry_result']
[2024-07-22T16:42:23.793+0000] {subprocess.py:86} INFO - Output:
[2024-07-22T16:42:23.806+0000] {subprocess.py:93} INFO - lookup_entry_result
[2024-07-22T16:42:23.809+0000] {subprocess.py:97} INFO - Command exited with return code 0
[2024-07-22T16:42:23.810+0000] {taskinstance.py:441} INFO - ::group::Post task execution logs
[2024-07-22T16:42:23.933+0000] {taskinstance.py:1206} INFO - Marking task as SUCCESS. dag_id=example_complex, task_id=lookup_entry_result, run_id=manual__2024-07-22T16:41:58.966161+00:00, execution_date=20240722T164158, start_date=20240722T164222, end_date=20240722T164223
[2024-07-22T16:42:24.108+0000] {local_task_job_runner.py:240} INFO - Task exited with return code 0
[2024-07-22T16:42:24.131+0000] {local_task_job_runner.py:222} INFO - ::endgroup::
