[2024-07-26T04:51:04.235+0000] {local_task_job_runner.py:120} INFO - ::group::Pre task execution logs
[2024-07-26T04:51:04.317+0000] {taskinstance.py:2076} INFO - Dependencies all met for dep_context=non-requeueable deps ti=<TaskInstance: etl_pipeline.clean_data scheduled__2024-07-25T00:00:00+00:00 [queued]>
[2024-07-26T04:51:04.360+0000] {taskinstance.py:2076} INFO - Dependencies all met for dep_context=requeueable deps ti=<TaskInstance: etl_pipeline.clean_data scheduled__2024-07-25T00:00:00+00:00 [queued]>
[2024-07-26T04:51:04.361+0000] {taskinstance.py:2306} INFO - Starting attempt 1 of 2
[2024-07-26T04:51:04.421+0000] {taskinstance.py:2330} INFO - Executing <Task(PythonOperator): clean_data> on 2024-07-25 00:00:00+00:00
[2024-07-26T04:51:04.436+0000] {warnings.py:112} WARNING - /home/***/.local/lib/python3.12/site-packages/***/task/task_runner/standard_task_runner.py:62: DeprecationWarning: This process (pid=174) is multi-threaded, use of fork() may lead to deadlocks in the child.
  pid = os.fork()

[2024-07-26T04:51:04.445+0000] {standard_task_runner.py:64} INFO - Started process 218 to run task
[2024-07-26T04:51:04.456+0000] {standard_task_runner.py:90} INFO - Running: ['***', 'tasks', 'run', 'etl_pipeline', 'clean_data', 'scheduled__2024-07-25T00:00:00+00:00', '--job-id', '138', '--raw', '--subdir', 'DAGS_FOLDER/demo.py', '--cfg-path', '/tmp/tmpqecnk2r0']
[2024-07-26T04:51:04.458+0000] {standard_task_runner.py:91} INFO - Job 138: Subtask clean_data
[2024-07-26T04:51:04.642+0000] {task_command.py:426} INFO - Running <TaskInstance: etl_pipeline.clean_data scheduled__2024-07-25T00:00:00+00:00 [running]> on host 1671a0defda5
[2024-07-26T04:51:04.963+0000] {taskinstance.py:2648} INFO - Exporting env vars: AIRFLOW_CTX_DAG_EMAIL='your_email@example.com' AIRFLOW_CTX_DAG_OWNER='***' AIRFLOW_CTX_DAG_ID='etl_pipeline' AIRFLOW_CTX_TASK_ID='clean_data' AIRFLOW_CTX_EXECUTION_DATE='2024-07-25T00:00:00+00:00' AIRFLOW_CTX_TRY_NUMBER='1' AIRFLOW_CTX_DAG_RUN_ID='scheduled__2024-07-25T00:00:00+00:00'
[2024-07-26T04:51:04.965+0000] {taskinstance.py:430} INFO - ::endgroup::
[2024-07-26T04:52:25.636+0000] {demo.py:52} INFO - Data Cleaned and Preprocessed
[2024-07-26T04:52:25.639+0000] {python.py:237} INFO - Done. Returned value was: None
[2024-07-26T04:52:25.640+0000] {taskinstance.py:441} INFO - ::group::Post task execution logs
[2024-07-26T04:52:25.662+0000] {taskinstance.py:1206} INFO - Marking task as SUCCESS. dag_id=etl_pipeline, task_id=clean_data, run_id=scheduled__2024-07-25T00:00:00+00:00, execution_date=20240725T000000, start_date=20240726T045104, end_date=20240726T045225
[2024-07-26T04:52:25.779+0000] {local_task_job_runner.py:243} INFO - Task exited with return code 0
[2024-07-26T04:52:25.829+0000] {taskinstance.py:3503} INFO - 1 downstream tasks scheduled from follow-on schedule check
[2024-07-26T04:52:25.833+0000] {local_task_job_runner.py:222} INFO - ::endgroup::
