[2024-07-26T04:50:56.935+0000] {local_task_job_runner.py:120} INFO - ::group::Pre task execution logs
[2024-07-26T04:50:57.080+0000] {taskinstance.py:2076} INFO - Dependencies all met for dep_context=non-requeueable deps ti=<TaskInstance: etl_pipeline.ingest_xlsx scheduled__2024-07-25T00:00:00+00:00 [queued]>
[2024-07-26T04:50:57.112+0000] {taskinstance.py:2076} INFO - Dependencies all met for dep_context=requeueable deps ti=<TaskInstance: etl_pipeline.ingest_xlsx scheduled__2024-07-25T00:00:00+00:00 [queued]>
[2024-07-26T04:50:57.112+0000] {taskinstance.py:2306} INFO - Starting attempt 1 of 2
[2024-07-26T04:50:57.166+0000] {taskinstance.py:2330} INFO - Executing <Task(PythonOperator): ingest_xlsx> on 2024-07-25 00:00:00+00:00
[2024-07-26T04:50:57.196+0000] {warnings.py:112} WARNING - /home/***/.local/lib/python3.12/site-packages/***/task/task_runner/standard_task_runner.py:62: DeprecationWarning: This process (pid=64) is multi-threaded, use of fork() may lead to deadlocks in the child.
  pid = os.fork()

[2024-07-26T04:50:57.199+0000] {standard_task_runner.py:64} INFO - Started process 170 to run task
[2024-07-26T04:50:57.207+0000] {standard_task_runner.py:90} INFO - Running: ['***', 'tasks', 'run', 'etl_pipeline', 'ingest_xlsx', 'scheduled__2024-07-25T00:00:00+00:00', '--job-id', '135', '--raw', '--subdir', 'DAGS_FOLDER/demo.py', '--cfg-path', '/tmp/tmpawhiyaeu']
[2024-07-26T04:50:57.209+0000] {standard_task_runner.py:91} INFO - Job 135: Subtask ingest_xlsx
[2024-07-26T04:50:57.404+0000] {task_command.py:426} INFO - Running <TaskInstance: etl_pipeline.ingest_xlsx scheduled__2024-07-25T00:00:00+00:00 [running]> on host 1671a0defda5
[2024-07-26T04:50:57.850+0000] {taskinstance.py:2648} INFO - Exporting env vars: AIRFLOW_CTX_DAG_EMAIL='your_email@example.com' AIRFLOW_CTX_DAG_OWNER='***' AIRFLOW_CTX_DAG_ID='etl_pipeline' AIRFLOW_CTX_TASK_ID='ingest_xlsx' AIRFLOW_CTX_EXECUTION_DATE='2024-07-25T00:00:00+00:00' AIRFLOW_CTX_TRY_NUMBER='1' AIRFLOW_CTX_DAG_RUN_ID='scheduled__2024-07-25T00:00:00+00:00'
[2024-07-26T04:50:57.856+0000] {taskinstance.py:430} INFO - ::endgroup::
[2024-07-26T04:50:57.991+0000] {demo.py:23} INFO - XLSX Data Ingested
[2024-07-26T04:50:57.992+0000] {python.py:237} INFO - Done. Returned value was: None
[2024-07-26T04:50:57.992+0000] {taskinstance.py:441} INFO - ::group::Post task execution logs
[2024-07-26T04:50:58.008+0000] {taskinstance.py:1206} INFO - Marking task as SUCCESS. dag_id=etl_pipeline, task_id=ingest_xlsx, run_id=scheduled__2024-07-25T00:00:00+00:00, execution_date=20240725T000000, start_date=20240726T045057, end_date=20240726T045058
[2024-07-26T04:50:58.067+0000] {local_task_job_runner.py:243} INFO - Task exited with return code 0
[2024-07-26T04:50:58.112+0000] {taskinstance.py:3503} INFO - 0 downstream tasks scheduled from follow-on schedule check
[2024-07-26T04:50:58.123+0000] {local_task_job_runner.py:222} INFO - ::endgroup::
