[2024-07-22T16:54:12.146+0000] {local_task_job_runner.py:120} INFO - ::group::Pre task execution logs
[2024-07-22T16:54:12.465+0000] {taskinstance.py:2076} INFO - Dependencies all met for dep_context=non-requeueable deps ti=<TaskInstance: etl_pipeline.ingest_xlsx scheduled__2024-07-20T00:00:00+00:00 [queued]>
[2024-07-22T16:54:12.573+0000] {taskinstance.py:2076} INFO - Dependencies all met for dep_context=requeueable deps ti=<TaskInstance: etl_pipeline.ingest_xlsx scheduled__2024-07-20T00:00:00+00:00 [queued]>
[2024-07-22T16:54:12.587+0000] {taskinstance.py:2306} INFO - Starting attempt 1 of 2
[2024-07-22T16:54:12.696+0000] {taskinstance.py:2330} INFO - Executing <Task(PythonOperator): ingest_xlsx> on 2024-07-20 00:00:00+00:00
[2024-07-22T16:54:12.718+0000] {warnings.py:112} WARNING - /home/***/.local/lib/python3.12/site-packages/***/task/task_runner/standard_task_runner.py:61: DeprecationWarning: This process (pid=100) is multi-threaded, use of fork() may lead to deadlocks in the child.
  pid = os.fork()

[2024-07-22T16:54:12.726+0000] {standard_task_runner.py:63} INFO - Started process 123 to run task
[2024-07-22T16:54:12.730+0000] {standard_task_runner.py:90} INFO - Running: ['***', 'tasks', 'run', 'etl_pipeline', 'ingest_xlsx', 'scheduled__2024-07-20T00:00:00+00:00', '--job-id', '52', '--raw', '--subdir', 'DAGS_FOLDER/demo.py', '--cfg-path', '/tmp/tmp488kz_pk']
[2024-07-22T16:54:12.735+0000] {standard_task_runner.py:91} INFO - Job 52: Subtask ingest_xlsx
[2024-07-22T16:54:13.163+0000] {task_command.py:426} INFO - Running <TaskInstance: etl_pipeline.ingest_xlsx scheduled__2024-07-20T00:00:00+00:00 [running]> on host ada6cb1e64b1
[2024-07-22T16:54:13.973+0000] {taskinstance.py:2648} INFO - Exporting env vars: AIRFLOW_CTX_DAG_EMAIL='your_email@example.com' AIRFLOW_CTX_DAG_OWNER='***' AIRFLOW_CTX_DAG_ID='etl_pipeline' AIRFLOW_CTX_TASK_ID='ingest_xlsx' AIRFLOW_CTX_EXECUTION_DATE='2024-07-20T00:00:00+00:00' AIRFLOW_CTX_TRY_NUMBER='1' AIRFLOW_CTX_DAG_RUN_ID='scheduled__2024-07-20T00:00:00+00:00'
[2024-07-22T16:54:13.975+0000] {taskinstance.py:430} INFO - ::endgroup::
[2024-07-22T16:54:14.355+0000] {demo.py:23} INFO - XLSX Data Ingested
[2024-07-22T16:54:14.400+0000] {python.py:237} INFO - Done. Returned value was: None
[2024-07-22T16:54:14.401+0000] {taskinstance.py:441} INFO - ::group::Post task execution logs
[2024-07-22T16:54:14.520+0000] {taskinstance.py:1206} INFO - Marking task as SUCCESS. dag_id=etl_pipeline, task_id=ingest_xlsx, run_id=scheduled__2024-07-20T00:00:00+00:00, execution_date=20240720T000000, start_date=20240722T165412, end_date=20240722T165414
[2024-07-22T16:54:14.720+0000] {local_task_job_runner.py:240} INFO - Task exited with return code 0
[2024-07-22T16:54:14.957+0000] {taskinstance.py:3503} INFO - 1 downstream tasks scheduled from follow-on schedule check
[2024-07-22T16:54:14.960+0000] {local_task_job_runner.py:222} INFO - ::endgroup::
