[2024-07-22T16:42:07.624+0000] {local_task_job_runner.py:120} INFO - ::group::Pre task execution logs
[2024-07-22T16:42:07.665+0000] {taskinstance.py:2076} INFO - Dependencies all met for dep_context=non-requeueable deps ti=<TaskInstance: example_complex.create_entry_group_result manual__2024-07-22T16:41:58.966161+00:00 [queued]>
[2024-07-22T16:42:07.680+0000] {taskinstance.py:2076} INFO - Dependencies all met for dep_context=requeueable deps ti=<TaskInstance: example_complex.create_entry_group_result manual__2024-07-22T16:41:58.966161+00:00 [queued]>
[2024-07-22T16:42:07.680+0000] {taskinstance.py:2306} INFO - Starting attempt 1 of 1
[2024-07-22T16:42:07.703+0000] {taskinstance.py:2330} INFO - Executing <Task(BashOperator): create_entry_group_result> on 2024-07-22 16:41:58.966161+00:00
[2024-07-22T16:42:07.714+0000] {warnings.py:112} WARNING - /home/***/.local/lib/python3.12/site-packages/***/task/task_runner/standard_task_runner.py:61: DeprecationWarning: This process (pid=94) is multi-threaded, use of fork() may lead to deadlocks in the child.
  pid = os.fork()

[2024-07-22T16:42:07.718+0000] {standard_task_runner.py:63} INFO - Started process 101 to run task
[2024-07-22T16:42:07.727+0000] {standard_task_runner.py:90} INFO - Running: ['***', 'tasks', 'run', 'example_complex', 'create_entry_group_result', 'manual__2024-07-22T16:41:58.966161+00:00', '--job-id', '5', '--raw', '--subdir', '/home/***/.local/lib/python3.12/site-packages/***/example_dags/example_complex.py', '--cfg-path', '/tmp/tmpq5pajbxi']
[2024-07-22T16:42:07.732+0000] {standard_task_runner.py:91} INFO - Job 5: Subtask create_entry_group_result
[2024-07-22T16:42:07.848+0000] {task_command.py:426} INFO - Running <TaskInstance: example_complex.create_entry_group_result manual__2024-07-22T16:41:58.966161+00:00 [running]> on host 1398923a395d
[2024-07-22T16:42:08.013+0000] {taskinstance.py:2648} INFO - Exporting env vars: AIRFLOW_CTX_DAG_OWNER='***' AIRFLOW_CTX_DAG_ID='example_complex' AIRFLOW_CTX_TASK_ID='create_entry_group_result' AIRFLOW_CTX_EXECUTION_DATE='2024-07-22T16:41:58.966161+00:00' AIRFLOW_CTX_TRY_NUMBER='1' AIRFLOW_CTX_DAG_RUN_ID='manual__2024-07-22T16:41:58.966161+00:00'
[2024-07-22T16:42:08.016+0000] {taskinstance.py:430} INFO - ::endgroup::
[2024-07-22T16:42:08.018+0000] {subprocess.py:63} INFO - Tmp dir root location: /tmp
[2024-07-22T16:42:08.019+0000] {subprocess.py:75} INFO - Running command: ['/usr/bin/bash', '-c', 'echo create_entry_group_result']
[2024-07-22T16:42:08.047+0000] {subprocess.py:86} INFO - Output:
[2024-07-22T16:42:08.050+0000] {subprocess.py:93} INFO - create_entry_group_result
[2024-07-22T16:42:08.051+0000] {subprocess.py:97} INFO - Command exited with return code 0
[2024-07-22T16:42:08.052+0000] {taskinstance.py:441} INFO - ::group::Post task execution logs
[2024-07-22T16:42:08.102+0000] {taskinstance.py:1206} INFO - Marking task as SUCCESS. dag_id=example_complex, task_id=create_entry_group_result, run_id=manual__2024-07-22T16:41:58.966161+00:00, execution_date=20240722T164158, start_date=20240722T164207, end_date=20240722T164208
[2024-07-22T16:42:08.192+0000] {local_task_job_runner.py:240} INFO - Task exited with return code 0
[2024-07-22T16:42:08.222+0000] {taskinstance.py:3503} INFO - 0 downstream tasks scheduled from follow-on schedule check
[2024-07-22T16:42:08.224+0000] {local_task_job_runner.py:222} INFO - ::endgroup::
