[2024-07-22T16:42:23.526+0000] {local_task_job_runner.py:120} INFO - ::group::Pre task execution logs
[2024-07-22T16:42:23.727+0000] {taskinstance.py:2076} INFO - Dependencies all met for dep_context=non-requeueable deps ti=<TaskInstance: example_complex.get_entry_result manual__2024-07-22T16:41:58.966161+00:00 [queued]>
[2024-07-22T16:42:23.757+0000] {taskinstance.py:2076} INFO - Dependencies all met for dep_context=requeueable deps ti=<TaskInstance: example_complex.get_entry_result manual__2024-07-22T16:41:58.966161+00:00 [queued]>
[2024-07-22T16:42:23.758+0000] {taskinstance.py:2306} INFO - Starting attempt 1 of 1
[2024-07-22T16:42:23.828+0000] {taskinstance.py:2330} INFO - Executing <Task(BashOperator): get_entry_result> on 2024-07-22 16:41:58.966161+00:00
[2024-07-22T16:42:23.900+0000] {standard_task_runner.py:90} INFO - Running: ['***', 'tasks', 'run', 'example_complex', 'get_entry_result', 'manual__2024-07-22T16:41:58.966161+00:00', '--job-id', '19', '--raw', '--subdir', '/home/***/.local/lib/python3.12/site-packages/***/example_dags/example_complex.py', '--cfg-path', '/tmp/tmpq1t5jo5o']
[2024-07-22T16:42:23.906+0000] {standard_task_runner.py:91} INFO - Job 19: Subtask get_entry_result
[2024-07-22T16:42:23.913+0000] {warnings.py:112} WARNING - /home/***/.local/lib/python3.12/site-packages/***/task/task_runner/standard_task_runner.py:61: DeprecationWarning: This process (pid=138) is multi-threaded, use of fork() may lead to deadlocks in the child.
  pid = os.fork()

[2024-07-22T16:42:23.942+0000] {standard_task_runner.py:63} INFO - Started process 164 to run task
[2024-07-22T16:42:24.089+0000] {task_command.py:426} INFO - Running <TaskInstance: example_complex.get_entry_result manual__2024-07-22T16:41:58.966161+00:00 [running]> on host 1398923a395d
[2024-07-22T16:42:24.498+0000] {taskinstance.py:2648} INFO - Exporting env vars: AIRFLOW_CTX_DAG_OWNER='***' AIRFLOW_CTX_DAG_ID='example_complex' AIRFLOW_CTX_TASK_ID='get_entry_result' AIRFLOW_CTX_EXECUTION_DATE='2024-07-22T16:41:58.966161+00:00' AIRFLOW_CTX_TRY_NUMBER='1' AIRFLOW_CTX_DAG_RUN_ID='manual__2024-07-22T16:41:58.966161+00:00'
[2024-07-22T16:42:24.501+0000] {taskinstance.py:430} INFO - ::endgroup::
[2024-07-22T16:42:24.502+0000] {subprocess.py:63} INFO - Tmp dir root location: /tmp
[2024-07-22T16:42:24.510+0000] {subprocess.py:75} INFO - Running command: ['/usr/bin/bash', '-c', 'echo get_entry_result']
[2024-07-22T16:42:24.600+0000] {subprocess.py:86} INFO - Output:
[2024-07-22T16:42:24.620+0000] {subprocess.py:93} INFO - get_entry_result
[2024-07-22T16:42:24.636+0000] {subprocess.py:97} INFO - Command exited with return code 0
[2024-07-22T16:42:24.637+0000] {taskinstance.py:441} INFO - ::group::Post task execution logs
[2024-07-22T16:42:24.749+0000] {taskinstance.py:1206} INFO - Marking task as SUCCESS. dag_id=example_complex, task_id=get_entry_result, run_id=manual__2024-07-22T16:41:58.966161+00:00, execution_date=20240722T164158, start_date=20240722T164223, end_date=20240722T164224
[2024-07-22T16:42:24.815+0000] {local_task_job_runner.py:240} INFO - Task exited with return code 0
[2024-07-22T16:42:24.865+0000] {local_task_job_runner.py:222} INFO - ::endgroup::
