[2024-07-14T16:24:29.484+0000] {local_task_job_runner.py:120} INFO - ::group::Pre task execution logs
[2024-07-14T16:24:29.558+0000] {taskinstance.py:2076} INFO - Dependencies all met for dep_context=non-requeueable deps ti=<TaskInstance: etl_pipeline.ingest_csv manual__2024-07-14T16:24:25.097023+00:00 [queued]>
[2024-07-14T16:24:29.591+0000] {taskinstance.py:2076} INFO - Dependencies all met for dep_context=requeueable deps ti=<TaskInstance: etl_pipeline.ingest_csv manual__2024-07-14T16:24:25.097023+00:00 [queued]>
[2024-07-14T16:24:29.592+0000] {taskinstance.py:2306} INFO - Starting attempt 1 of 2
[2024-07-14T16:24:29.618+0000] {taskinstance.py:2330} INFO - Executing <Task(PythonOperator): ingest_csv> on 2024-07-14 16:24:25.097023+00:00
[2024-07-14T16:24:29.639+0000] {warnings.py:112} WARNING - /home/***/.local/lib/python3.12/site-packages/***/task/task_runner/standard_task_runner.py:61: DeprecationWarning: This process (pid=205) is multi-threaded, use of fork() may lead to deadlocks in the child.
  pid = os.fork()

[2024-07-14T16:24:29.640+0000] {standard_task_runner.py:63} INFO - Started process 211 to run task
[2024-07-14T16:24:29.645+0000] {standard_task_runner.py:90} INFO - Running: ['***', 'tasks', 'run', 'etl_pipeline', 'ingest_csv', 'manual__2024-07-14T16:24:25.097023+00:00', '--job-id', '204', '--raw', '--subdir', 'DAGS_FOLDER/demo.py', '--cfg-path', '/tmp/tmpvo14lqi0']
[2024-07-14T16:24:29.646+0000] {standard_task_runner.py:91} INFO - Job 204: Subtask ingest_csv
[2024-07-14T16:24:29.734+0000] {task_command.py:426} INFO - Running <TaskInstance: etl_pipeline.ingest_csv manual__2024-07-14T16:24:25.097023+00:00 [running]> on host 37d6808b0cee
[2024-07-14T16:24:29.916+0000] {taskinstance.py:2648} INFO - Exporting env vars: AIRFLOW_CTX_DAG_EMAIL='your_email@example.com' AIRFLOW_CTX_DAG_OWNER='***' AIRFLOW_CTX_DAG_ID='etl_pipeline' AIRFLOW_CTX_TASK_ID='ingest_csv' AIRFLOW_CTX_EXECUTION_DATE='2024-07-14T16:24:25.097023+00:00' AIRFLOW_CTX_TRY_NUMBER='1' AIRFLOW_CTX_DAG_RUN_ID='manual__2024-07-14T16:24:25.097023+00:00'
[2024-07-14T16:24:29.917+0000] {taskinstance.py:430} INFO - ::endgroup::
[2024-07-14T16:24:30.152+0000] {demo.py:15} INFO - CSV Data Ingested
[2024-07-14T16:24:30.154+0000] {python.py:237} INFO - Done. Returned value was: None
[2024-07-14T16:24:30.154+0000] {taskinstance.py:441} INFO - ::group::Post task execution logs
[2024-07-14T16:24:30.175+0000] {taskinstance.py:1206} INFO - Marking task as SUCCESS. dag_id=etl_pipeline, task_id=ingest_csv, run_id=manual__2024-07-14T16:24:25.097023+00:00, execution_date=20240714T162425, start_date=20240714T162429, end_date=20240714T162430
[2024-07-14T16:24:30.242+0000] {local_task_job_runner.py:240} INFO - Task exited with return code 0
[2024-07-14T16:24:30.286+0000] {taskinstance.py:3503} INFO - 0 downstream tasks scheduled from follow-on schedule check
[2024-07-14T16:24:30.292+0000] {local_task_job_runner.py:222} INFO - ::endgroup::
