[2024-07-22T16:42:03.821+0000] {local_task_job_runner.py:120} INFO - ::group::Pre task execution logs
[2024-07-22T16:42:03.851+0000] {taskinstance.py:2076} INFO - Dependencies all met for dep_context=non-requeueable deps ti=<TaskInstance: example_complex.create_entry_group manual__2024-07-22T16:41:58.966161+00:00 [queued]>
[2024-07-22T16:42:03.862+0000] {taskinstance.py:2076} INFO - Dependencies all met for dep_context=requeueable deps ti=<TaskInstance: example_complex.create_entry_group manual__2024-07-22T16:41:58.966161+00:00 [queued]>
[2024-07-22T16:42:03.862+0000] {taskinstance.py:2306} INFO - Starting attempt 1 of 1
[2024-07-22T16:42:03.881+0000] {taskinstance.py:2330} INFO - Executing <Task(BashOperator): create_entry_group> on 2024-07-22 16:41:58.966161+00:00
[2024-07-22T16:42:03.890+0000] {warnings.py:112} WARNING - /home/***/.local/lib/python3.12/site-packages/***/task/task_runner/standard_task_runner.py:61: DeprecationWarning: This process (pid=88) is multi-threaded, use of fork() may lead to deadlocks in the child.
  pid = os.fork()

[2024-07-22T16:42:03.892+0000] {standard_task_runner.py:63} INFO - Started process 90 to run task
[2024-07-22T16:42:03.892+0000] {standard_task_runner.py:90} INFO - Running: ['***', 'tasks', 'run', 'example_complex', 'create_entry_group', 'manual__2024-07-22T16:41:58.966161+00:00', '--job-id', '3', '--raw', '--subdir', '/home/***/.local/lib/python3.12/site-packages/***/example_dags/example_complex.py', '--cfg-path', '/tmp/tmpca9e7vjv']
[2024-07-22T16:42:03.896+0000] {standard_task_runner.py:91} INFO - Job 3: Subtask create_entry_group
[2024-07-22T16:42:03.957+0000] {task_command.py:426} INFO - Running <TaskInstance: example_complex.create_entry_group manual__2024-07-22T16:41:58.966161+00:00 [running]> on host 1398923a395d
[2024-07-22T16:42:04.067+0000] {taskinstance.py:2648} INFO - Exporting env vars: AIRFLOW_CTX_DAG_OWNER='***' AIRFLOW_CTX_DAG_ID='example_complex' AIRFLOW_CTX_TASK_ID='create_entry_group' AIRFLOW_CTX_EXECUTION_DATE='2024-07-22T16:41:58.966161+00:00' AIRFLOW_CTX_TRY_NUMBER='1' AIRFLOW_CTX_DAG_RUN_ID='manual__2024-07-22T16:41:58.966161+00:00'
[2024-07-22T16:42:04.070+0000] {taskinstance.py:430} INFO - ::endgroup::
[2024-07-22T16:42:04.071+0000] {subprocess.py:63} INFO - Tmp dir root location: /tmp
[2024-07-22T16:42:04.072+0000] {subprocess.py:75} INFO - Running command: ['/usr/bin/bash', '-c', 'echo create_entry_group']
[2024-07-22T16:42:04.088+0000] {subprocess.py:86} INFO - Output:
[2024-07-22T16:42:04.090+0000] {subprocess.py:93} INFO - create_entry_group
[2024-07-22T16:42:04.091+0000] {subprocess.py:97} INFO - Command exited with return code 0
[2024-07-22T16:42:04.092+0000] {taskinstance.py:441} INFO - ::group::Post task execution logs
[2024-07-22T16:42:04.125+0000] {taskinstance.py:1206} INFO - Marking task as SUCCESS. dag_id=example_complex, task_id=create_entry_group, run_id=manual__2024-07-22T16:41:58.966161+00:00, execution_date=20240722T164158, start_date=20240722T164203, end_date=20240722T164204
[2024-07-22T16:42:04.187+0000] {local_task_job_runner.py:240} INFO - Task exited with return code 0
[2024-07-22T16:42:04.239+0000] {taskinstance.py:3503} INFO - 4 downstream tasks scheduled from follow-on schedule check
[2024-07-22T16:42:04.241+0000] {local_task_job_runner.py:222} INFO - ::endgroup::
