[2024-07-15T04:25:24.454+0000] {processor.py:161} INFO - Started process (PID=60) to work on /home/airflow/.local/lib/python3.12/site-packages/airflow/example_dags/example_branch_labels.py
[2024-07-15T04:25:24.454+0000] {processor.py:830} INFO - Processing file /home/airflow/.local/lib/python3.12/site-packages/airflow/example_dags/example_branch_labels.py for tasks to queue
[2024-07-15T04:25:24.481+0000] {logging_mixin.py:188} INFO - [2024-07-15T04:25:24.481+0000] {dagbag.py:545} INFO - Filling up the DagBag from /home/airflow/.local/lib/python3.12/site-packages/airflow/example_dags/example_branch_labels.py
[2024-07-15T04:25:24.515+0000] {processor.py:840} INFO - DAG(s) 'example_branch_labels' retrieved from /home/airflow/.local/lib/python3.12/site-packages/airflow/example_dags/example_branch_labels.py
[2024-07-15T04:25:24.647+0000] {logging_mixin.py:188} INFO - [2024-07-15T04:25:24.643+0000] {dag.py:3096} INFO - Sync 1 DAGs
[2024-07-15T04:25:24.773+0000] {logging_mixin.py:188} INFO - [2024-07-15T04:25:24.772+0000] {dag.py:3954} INFO - Setting next_dagrun for example_branch_labels to 2024-07-14 00:00:00+00:00, run_after=2024-07-15 00:00:00+00:00
[2024-07-15T04:25:24.844+0000] {processor.py:183} INFO - Processing /home/airflow/.local/lib/python3.12/site-packages/airflow/example_dags/example_branch_labels.py took 0.469 seconds
[2024-07-15T04:25:55.387+0000] {processor.py:161} INFO - Started process (PID=121) to work on /home/airflow/.local/lib/python3.12/site-packages/airflow/example_dags/example_branch_labels.py
[2024-07-15T04:25:55.388+0000] {processor.py:830} INFO - Processing file /home/airflow/.local/lib/python3.12/site-packages/airflow/example_dags/example_branch_labels.py for tasks to queue
[2024-07-15T04:25:55.389+0000] {logging_mixin.py:188} INFO - [2024-07-15T04:25:55.389+0000] {dagbag.py:545} INFO - Filling up the DagBag from /home/airflow/.local/lib/python3.12/site-packages/airflow/example_dags/example_branch_labels.py
[2024-07-15T04:25:55.398+0000] {processor.py:840} INFO - DAG(s) 'example_branch_labels' retrieved from /home/airflow/.local/lib/python3.12/site-packages/airflow/example_dags/example_branch_labels.py
[2024-07-15T04:25:55.431+0000] {logging_mixin.py:188} INFO - [2024-07-15T04:25:55.431+0000] {dag.py:3096} INFO - Sync 1 DAGs
[2024-07-15T04:25:55.459+0000] {logging_mixin.py:188} INFO - [2024-07-15T04:25:55.459+0000] {dag.py:3954} INFO - Setting next_dagrun for example_branch_labels to 2024-07-14 00:00:00+00:00, run_after=2024-07-15 00:00:00+00:00
[2024-07-15T04:25:55.499+0000] {processor.py:183} INFO - Processing /home/airflow/.local/lib/python3.12/site-packages/airflow/example_dags/example_branch_labels.py took 0.117 seconds
[2024-07-15T04:26:25.980+0000] {processor.py:161} INFO - Started process (PID=188) to work on /home/airflow/.local/lib/python3.12/site-packages/airflow/example_dags/example_branch_labels.py
[2024-07-15T04:26:25.981+0000] {processor.py:830} INFO - Processing file /home/airflow/.local/lib/python3.12/site-packages/airflow/example_dags/example_branch_labels.py for tasks to queue
[2024-07-15T04:26:25.983+0000] {logging_mixin.py:188} INFO - [2024-07-15T04:26:25.982+0000] {dagbag.py:545} INFO - Filling up the DagBag from /home/airflow/.local/lib/python3.12/site-packages/airflow/example_dags/example_branch_labels.py
[2024-07-15T04:26:25.991+0000] {processor.py:840} INFO - DAG(s) 'example_branch_labels' retrieved from /home/airflow/.local/lib/python3.12/site-packages/airflow/example_dags/example_branch_labels.py
[2024-07-15T04:26:26.016+0000] {logging_mixin.py:188} INFO - [2024-07-15T04:26:26.015+0000] {dag.py:3096} INFO - Sync 1 DAGs
[2024-07-15T04:26:26.042+0000] {logging_mixin.py:188} INFO - [2024-07-15T04:26:26.042+0000] {dag.py:3954} INFO - Setting next_dagrun for example_branch_labels to 2024-07-14 00:00:00+00:00, run_after=2024-07-15 00:00:00+00:00
[2024-07-15T04:26:26.065+0000] {processor.py:183} INFO - Processing /home/airflow/.local/lib/python3.12/site-packages/airflow/example_dags/example_branch_labels.py took 0.092 seconds
[2024-07-15T04:26:56.780+0000] {processor.py:161} INFO - Started process (PID=249) to work on /home/airflow/.local/lib/python3.12/site-packages/airflow/example_dags/example_branch_labels.py
[2024-07-15T04:26:56.780+0000] {processor.py:830} INFO - Processing file /home/airflow/.local/lib/python3.12/site-packages/airflow/example_dags/example_branch_labels.py for tasks to queue
[2024-07-15T04:26:56.782+0000] {logging_mixin.py:188} INFO - [2024-07-15T04:26:56.782+0000] {dagbag.py:545} INFO - Filling up the DagBag from /home/airflow/.local/lib/python3.12/site-packages/airflow/example_dags/example_branch_labels.py
[2024-07-15T04:26:56.788+0000] {processor.py:840} INFO - DAG(s) 'example_branch_labels' retrieved from /home/airflow/.local/lib/python3.12/site-packages/airflow/example_dags/example_branch_labels.py
[2024-07-15T04:26:56.805+0000] {logging_mixin.py:188} INFO - [2024-07-15T04:26:56.805+0000] {dag.py:3096} INFO - Sync 1 DAGs
[2024-07-15T04:26:56.823+0000] {logging_mixin.py:188} INFO - [2024-07-15T04:26:56.823+0000] {dag.py:3954} INFO - Setting next_dagrun for example_branch_labels to 2024-07-14 00:00:00+00:00, run_after=2024-07-15 00:00:00+00:00
[2024-07-15T04:26:56.842+0000] {processor.py:183} INFO - Processing /home/airflow/.local/lib/python3.12/site-packages/airflow/example_dags/example_branch_labels.py took 0.066 seconds
[2024-07-15T04:27:27.786+0000] {processor.py:161} INFO - Started process (PID=310) to work on /home/airflow/.local/lib/python3.12/site-packages/airflow/example_dags/example_branch_labels.py
[2024-07-15T04:27:27.787+0000] {processor.py:830} INFO - Processing file /home/airflow/.local/lib/python3.12/site-packages/airflow/example_dags/example_branch_labels.py for tasks to queue
[2024-07-15T04:27:27.789+0000] {logging_mixin.py:188} INFO - [2024-07-15T04:27:27.789+0000] {dagbag.py:545} INFO - Filling up the DagBag from /home/airflow/.local/lib/python3.12/site-packages/airflow/example_dags/example_branch_labels.py
[2024-07-15T04:27:27.797+0000] {processor.py:840} INFO - DAG(s) 'example_branch_labels' retrieved from /home/airflow/.local/lib/python3.12/site-packages/airflow/example_dags/example_branch_labels.py
[2024-07-15T04:27:27.819+0000] {logging_mixin.py:188} INFO - [2024-07-15T04:27:27.819+0000] {dag.py:3096} INFO - Sync 1 DAGs
[2024-07-15T04:27:27.848+0000] {logging_mixin.py:188} INFO - [2024-07-15T04:27:27.847+0000] {dag.py:3954} INFO - Setting next_dagrun for example_branch_labels to 2024-07-14 00:00:00+00:00, run_after=2024-07-15 00:00:00+00:00
[2024-07-15T04:27:27.872+0000] {processor.py:183} INFO - Processing /home/airflow/.local/lib/python3.12/site-packages/airflow/example_dags/example_branch_labels.py took 0.092 seconds
[2024-07-15T04:27:58.169+0000] {processor.py:161} INFO - Started process (PID=371) to work on /home/airflow/.local/lib/python3.12/site-packages/airflow/example_dags/example_branch_labels.py
[2024-07-15T04:27:58.173+0000] {processor.py:830} INFO - Processing file /home/airflow/.local/lib/python3.12/site-packages/airflow/example_dags/example_branch_labels.py for tasks to queue
[2024-07-15T04:27:58.175+0000] {logging_mixin.py:188} INFO - [2024-07-15T04:27:58.175+0000] {dagbag.py:545} INFO - Filling up the DagBag from /home/airflow/.local/lib/python3.12/site-packages/airflow/example_dags/example_branch_labels.py
[2024-07-15T04:27:58.183+0000] {processor.py:840} INFO - DAG(s) 'example_branch_labels' retrieved from /home/airflow/.local/lib/python3.12/site-packages/airflow/example_dags/example_branch_labels.py
[2024-07-15T04:27:58.212+0000] {logging_mixin.py:188} INFO - [2024-07-15T04:27:58.211+0000] {dag.py:3096} INFO - Sync 1 DAGs
[2024-07-15T04:27:58.240+0000] {logging_mixin.py:188} INFO - [2024-07-15T04:27:58.240+0000] {dag.py:3954} INFO - Setting next_dagrun for example_branch_labels to 2024-07-14 00:00:00+00:00, run_after=2024-07-15 00:00:00+00:00
[2024-07-15T04:27:58.263+0000] {processor.py:183} INFO - Processing /home/airflow/.local/lib/python3.12/site-packages/airflow/example_dags/example_branch_labels.py took 0.100 seconds
[2024-07-15T04:28:30.856+0000] {processor.py:161} INFO - Started process (PID=432) to work on /home/airflow/.local/lib/python3.12/site-packages/airflow/example_dags/example_branch_labels.py
[2024-07-15T04:28:30.868+0000] {processor.py:830} INFO - Processing file /home/airflow/.local/lib/python3.12/site-packages/airflow/example_dags/example_branch_labels.py for tasks to queue
[2024-07-15T04:28:30.870+0000] {logging_mixin.py:188} INFO - [2024-07-15T04:28:30.870+0000] {dagbag.py:545} INFO - Filling up the DagBag from /home/airflow/.local/lib/python3.12/site-packages/airflow/example_dags/example_branch_labels.py
[2024-07-15T04:28:30.888+0000] {processor.py:840} INFO - DAG(s) 'example_branch_labels' retrieved from /home/airflow/.local/lib/python3.12/site-packages/airflow/example_dags/example_branch_labels.py
[2024-07-15T04:28:30.954+0000] {logging_mixin.py:188} INFO - [2024-07-15T04:28:30.954+0000] {dag.py:3096} INFO - Sync 1 DAGs
[2024-07-15T04:28:31.028+0000] {logging_mixin.py:188} INFO - [2024-07-15T04:28:31.028+0000] {dag.py:3954} INFO - Setting next_dagrun for example_branch_labels to 2024-07-14 00:00:00+00:00, run_after=2024-07-15 00:00:00+00:00
[2024-07-15T04:28:31.095+0000] {processor.py:183} INFO - Processing /home/airflow/.local/lib/python3.12/site-packages/airflow/example_dags/example_branch_labels.py took 0.265 seconds
[2024-07-15T04:29:01.915+0000] {processor.py:161} INFO - Started process (PID=493) to work on /home/airflow/.local/lib/python3.12/site-packages/airflow/example_dags/example_branch_labels.py
[2024-07-15T04:29:01.916+0000] {processor.py:830} INFO - Processing file /home/airflow/.local/lib/python3.12/site-packages/airflow/example_dags/example_branch_labels.py for tasks to queue
[2024-07-15T04:29:01.918+0000] {logging_mixin.py:188} INFO - [2024-07-15T04:29:01.918+0000] {dagbag.py:545} INFO - Filling up the DagBag from /home/airflow/.local/lib/python3.12/site-packages/airflow/example_dags/example_branch_labels.py
[2024-07-15T04:29:01.927+0000] {processor.py:840} INFO - DAG(s) 'example_branch_labels' retrieved from /home/airflow/.local/lib/python3.12/site-packages/airflow/example_dags/example_branch_labels.py
[2024-07-15T04:29:01.952+0000] {logging_mixin.py:188} INFO - [2024-07-15T04:29:01.952+0000] {dag.py:3096} INFO - Sync 1 DAGs
[2024-07-15T04:29:01.982+0000] {logging_mixin.py:188} INFO - [2024-07-15T04:29:01.982+0000] {dag.py:3954} INFO - Setting next_dagrun for example_branch_labels to 2024-07-14 00:00:00+00:00, run_after=2024-07-15 00:00:00+00:00
[2024-07-15T04:29:02.005+0000] {processor.py:183} INFO - Processing /home/airflow/.local/lib/python3.12/site-packages/airflow/example_dags/example_branch_labels.py took 0.095 seconds
[2024-07-15T04:29:32.693+0000] {processor.py:161} INFO - Started process (PID=555) to work on /home/airflow/.local/lib/python3.12/site-packages/airflow/example_dags/example_branch_labels.py
[2024-07-15T04:29:32.694+0000] {processor.py:830} INFO - Processing file /home/airflow/.local/lib/python3.12/site-packages/airflow/example_dags/example_branch_labels.py for tasks to queue
[2024-07-15T04:29:32.696+0000] {logging_mixin.py:188} INFO - [2024-07-15T04:29:32.696+0000] {dagbag.py:545} INFO - Filling up the DagBag from /home/airflow/.local/lib/python3.12/site-packages/airflow/example_dags/example_branch_labels.py
[2024-07-15T04:29:32.705+0000] {processor.py:840} INFO - DAG(s) 'example_branch_labels' retrieved from /home/airflow/.local/lib/python3.12/site-packages/airflow/example_dags/example_branch_labels.py
[2024-07-15T04:29:32.730+0000] {logging_mixin.py:188} INFO - [2024-07-15T04:29:32.730+0000] {dag.py:3096} INFO - Sync 1 DAGs
[2024-07-15T04:29:32.765+0000] {logging_mixin.py:188} INFO - [2024-07-15T04:29:32.764+0000] {dag.py:3954} INFO - Setting next_dagrun for example_branch_labels to 2024-07-14 00:00:00+00:00, run_after=2024-07-15 00:00:00+00:00
[2024-07-15T04:29:32.786+0000] {processor.py:183} INFO - Processing /home/airflow/.local/lib/python3.12/site-packages/airflow/example_dags/example_branch_labels.py took 0.099 seconds
[2024-07-15T04:30:02.826+0000] {processor.py:161} INFO - Started process (PID=617) to work on /home/airflow/.local/lib/python3.12/site-packages/airflow/example_dags/example_branch_labels.py
[2024-07-15T04:30:02.827+0000] {processor.py:830} INFO - Processing file /home/airflow/.local/lib/python3.12/site-packages/airflow/example_dags/example_branch_labels.py for tasks to queue
[2024-07-15T04:30:02.829+0000] {logging_mixin.py:188} INFO - [2024-07-15T04:30:02.829+0000] {dagbag.py:545} INFO - Filling up the DagBag from /home/airflow/.local/lib/python3.12/site-packages/airflow/example_dags/example_branch_labels.py
[2024-07-15T04:30:02.838+0000] {processor.py:840} INFO - DAG(s) 'example_branch_labels' retrieved from /home/airflow/.local/lib/python3.12/site-packages/airflow/example_dags/example_branch_labels.py
[2024-07-15T04:30:02.863+0000] {logging_mixin.py:188} INFO - [2024-07-15T04:30:02.863+0000] {dag.py:3096} INFO - Sync 1 DAGs
[2024-07-15T04:30:02.890+0000] {logging_mixin.py:188} INFO - [2024-07-15T04:30:02.890+0000] {dag.py:3954} INFO - Setting next_dagrun for example_branch_labels to 2024-07-14 00:00:00+00:00, run_after=2024-07-15 00:00:00+00:00
[2024-07-15T04:30:02.914+0000] {processor.py:183} INFO - Processing /home/airflow/.local/lib/python3.12/site-packages/airflow/example_dags/example_branch_labels.py took 0.095 seconds
[2024-07-15T04:30:33.050+0000] {processor.py:161} INFO - Started process (PID=676) to work on /home/airflow/.local/lib/python3.12/site-packages/airflow/example_dags/example_branch_labels.py
[2024-07-15T04:30:33.051+0000] {processor.py:830} INFO - Processing file /home/airflow/.local/lib/python3.12/site-packages/airflow/example_dags/example_branch_labels.py for tasks to queue
[2024-07-15T04:30:33.053+0000] {logging_mixin.py:188} INFO - [2024-07-15T04:30:33.053+0000] {dagbag.py:545} INFO - Filling up the DagBag from /home/airflow/.local/lib/python3.12/site-packages/airflow/example_dags/example_branch_labels.py
[2024-07-15T04:30:33.062+0000] {processor.py:840} INFO - DAG(s) 'example_branch_labels' retrieved from /home/airflow/.local/lib/python3.12/site-packages/airflow/example_dags/example_branch_labels.py
[2024-07-15T04:30:33.086+0000] {logging_mixin.py:188} INFO - [2024-07-15T04:30:33.086+0000] {dag.py:3096} INFO - Sync 1 DAGs
[2024-07-15T04:30:33.111+0000] {logging_mixin.py:188} INFO - [2024-07-15T04:30:33.111+0000] {dag.py:3954} INFO - Setting next_dagrun for example_branch_labels to 2024-07-14 00:00:00+00:00, run_after=2024-07-15 00:00:00+00:00
[2024-07-15T04:30:33.134+0000] {processor.py:183} INFO - Processing /home/airflow/.local/lib/python3.12/site-packages/airflow/example_dags/example_branch_labels.py took 0.091 seconds
[2024-07-15T04:31:03.778+0000] {processor.py:161} INFO - Started process (PID=737) to work on /home/airflow/.local/lib/python3.12/site-packages/airflow/example_dags/example_branch_labels.py
[2024-07-15T04:31:03.779+0000] {processor.py:830} INFO - Processing file /home/airflow/.local/lib/python3.12/site-packages/airflow/example_dags/example_branch_labels.py for tasks to queue
[2024-07-15T04:31:03.781+0000] {logging_mixin.py:188} INFO - [2024-07-15T04:31:03.781+0000] {dagbag.py:545} INFO - Filling up the DagBag from /home/airflow/.local/lib/python3.12/site-packages/airflow/example_dags/example_branch_labels.py
[2024-07-15T04:31:03.790+0000] {processor.py:840} INFO - DAG(s) 'example_branch_labels' retrieved from /home/airflow/.local/lib/python3.12/site-packages/airflow/example_dags/example_branch_labels.py
[2024-07-15T04:31:03.815+0000] {logging_mixin.py:188} INFO - [2024-07-15T04:31:03.815+0000] {dag.py:3096} INFO - Sync 1 DAGs
[2024-07-15T04:31:03.845+0000] {logging_mixin.py:188} INFO - [2024-07-15T04:31:03.845+0000] {dag.py:3954} INFO - Setting next_dagrun for example_branch_labels to 2024-07-14 00:00:00+00:00, run_after=2024-07-15 00:00:00+00:00
[2024-07-15T04:31:03.871+0000] {processor.py:183} INFO - Processing /home/airflow/.local/lib/python3.12/site-packages/airflow/example_dags/example_branch_labels.py took 0.100 seconds
[2024-07-15T04:31:34.334+0000] {processor.py:161} INFO - Started process (PID=798) to work on /home/airflow/.local/lib/python3.12/site-packages/airflow/example_dags/example_branch_labels.py
[2024-07-15T04:31:34.335+0000] {processor.py:830} INFO - Processing file /home/airflow/.local/lib/python3.12/site-packages/airflow/example_dags/example_branch_labels.py for tasks to queue
[2024-07-15T04:31:34.337+0000] {logging_mixin.py:188} INFO - [2024-07-15T04:31:34.337+0000] {dagbag.py:545} INFO - Filling up the DagBag from /home/airflow/.local/lib/python3.12/site-packages/airflow/example_dags/example_branch_labels.py
[2024-07-15T04:31:34.345+0000] {processor.py:840} INFO - DAG(s) 'example_branch_labels' retrieved from /home/airflow/.local/lib/python3.12/site-packages/airflow/example_dags/example_branch_labels.py
[2024-07-15T04:31:34.369+0000] {logging_mixin.py:188} INFO - [2024-07-15T04:31:34.369+0000] {dag.py:3096} INFO - Sync 1 DAGs
[2024-07-15T04:31:34.397+0000] {logging_mixin.py:188} INFO - [2024-07-15T04:31:34.397+0000] {dag.py:3954} INFO - Setting next_dagrun for example_branch_labels to 2024-07-14 00:00:00+00:00, run_after=2024-07-15 00:00:00+00:00
[2024-07-15T04:31:34.419+0000] {processor.py:183} INFO - Processing /home/airflow/.local/lib/python3.12/site-packages/airflow/example_dags/example_branch_labels.py took 0.091 seconds
[2024-07-15T04:32:04.855+0000] {processor.py:161} INFO - Started process (PID=859) to work on /home/airflow/.local/lib/python3.12/site-packages/airflow/example_dags/example_branch_labels.py
[2024-07-15T04:32:04.856+0000] {processor.py:830} INFO - Processing file /home/airflow/.local/lib/python3.12/site-packages/airflow/example_dags/example_branch_labels.py for tasks to queue
[2024-07-15T04:32:04.858+0000] {logging_mixin.py:188} INFO - [2024-07-15T04:32:04.857+0000] {dagbag.py:545} INFO - Filling up the DagBag from /home/airflow/.local/lib/python3.12/site-packages/airflow/example_dags/example_branch_labels.py
[2024-07-15T04:32:04.866+0000] {processor.py:840} INFO - DAG(s) 'example_branch_labels' retrieved from /home/airflow/.local/lib/python3.12/site-packages/airflow/example_dags/example_branch_labels.py
[2024-07-15T04:32:04.890+0000] {logging_mixin.py:188} INFO - [2024-07-15T04:32:04.890+0000] {dag.py:3096} INFO - Sync 1 DAGs
[2024-07-15T04:32:04.914+0000] {logging_mixin.py:188} INFO - [2024-07-15T04:32:04.914+0000] {dag.py:3954} INFO - Setting next_dagrun for example_branch_labels to 2024-07-14 00:00:00+00:00, run_after=2024-07-15 00:00:00+00:00
[2024-07-15T04:32:04.939+0000] {processor.py:183} INFO - Processing /home/airflow/.local/lib/python3.12/site-packages/airflow/example_dags/example_branch_labels.py took 0.090 seconds
[2024-07-15T04:32:35.336+0000] {processor.py:161} INFO - Started process (PID=921) to work on /home/airflow/.local/lib/python3.12/site-packages/airflow/example_dags/example_branch_labels.py
[2024-07-15T04:32:35.346+0000] {processor.py:830} INFO - Processing file /home/airflow/.local/lib/python3.12/site-packages/airflow/example_dags/example_branch_labels.py for tasks to queue
[2024-07-15T04:32:35.348+0000] {logging_mixin.py:188} INFO - [2024-07-15T04:32:35.347+0000] {dagbag.py:545} INFO - Filling up the DagBag from /home/airflow/.local/lib/python3.12/site-packages/airflow/example_dags/example_branch_labels.py
[2024-07-15T04:32:35.376+0000] {processor.py:840} INFO - DAG(s) 'example_branch_labels' retrieved from /home/airflow/.local/lib/python3.12/site-packages/airflow/example_dags/example_branch_labels.py
[2024-07-15T04:32:35.452+0000] {logging_mixin.py:188} INFO - [2024-07-15T04:32:35.452+0000] {dag.py:3096} INFO - Sync 1 DAGs
[2024-07-15T04:32:35.511+0000] {logging_mixin.py:188} INFO - [2024-07-15T04:32:35.511+0000] {dag.py:3954} INFO - Setting next_dagrun for example_branch_labels to 2024-07-14 00:00:00+00:00, run_after=2024-07-15 00:00:00+00:00
[2024-07-15T04:32:35.571+0000] {processor.py:183} INFO - Processing /home/airflow/.local/lib/python3.12/site-packages/airflow/example_dags/example_branch_labels.py took 0.249 seconds
[2024-07-15T04:33:06.818+0000] {processor.py:161} INFO - Started process (PID=984) to work on /home/airflow/.local/lib/python3.12/site-packages/airflow/example_dags/example_branch_labels.py
[2024-07-15T04:33:06.824+0000] {processor.py:830} INFO - Processing file /home/airflow/.local/lib/python3.12/site-packages/airflow/example_dags/example_branch_labels.py for tasks to queue
[2024-07-15T04:33:06.832+0000] {logging_mixin.py:188} INFO - [2024-07-15T04:33:06.832+0000] {dagbag.py:545} INFO - Filling up the DagBag from /home/airflow/.local/lib/python3.12/site-packages/airflow/example_dags/example_branch_labels.py
[2024-07-15T04:33:06.851+0000] {processor.py:840} INFO - DAG(s) 'example_branch_labels' retrieved from /home/airflow/.local/lib/python3.12/site-packages/airflow/example_dags/example_branch_labels.py
[2024-07-15T04:33:06.940+0000] {logging_mixin.py:188} INFO - [2024-07-15T04:33:06.940+0000] {dag.py:3096} INFO - Sync 1 DAGs
[2024-07-15T04:33:07.036+0000] {logging_mixin.py:188} INFO - [2024-07-15T04:33:07.035+0000] {dag.py:3954} INFO - Setting next_dagrun for example_branch_labels to 2024-07-14 00:00:00+00:00, run_after=2024-07-15 00:00:00+00:00
[2024-07-15T04:33:07.104+0000] {processor.py:183} INFO - Processing /home/airflow/.local/lib/python3.12/site-packages/airflow/example_dags/example_branch_labels.py took 0.309 seconds
[2024-07-15T04:33:37.308+0000] {processor.py:161} INFO - Started process (PID=1045) to work on /home/airflow/.local/lib/python3.12/site-packages/airflow/example_dags/example_branch_labels.py
[2024-07-15T04:33:37.309+0000] {processor.py:830} INFO - Processing file /home/airflow/.local/lib/python3.12/site-packages/airflow/example_dags/example_branch_labels.py for tasks to queue
[2024-07-15T04:33:37.311+0000] {logging_mixin.py:188} INFO - [2024-07-15T04:33:37.310+0000] {dagbag.py:545} INFO - Filling up the DagBag from /home/airflow/.local/lib/python3.12/site-packages/airflow/example_dags/example_branch_labels.py
[2024-07-15T04:33:37.320+0000] {processor.py:840} INFO - DAG(s) 'example_branch_labels' retrieved from /home/airflow/.local/lib/python3.12/site-packages/airflow/example_dags/example_branch_labels.py
[2024-07-15T04:33:37.344+0000] {logging_mixin.py:188} INFO - [2024-07-15T04:33:37.343+0000] {dag.py:3096} INFO - Sync 1 DAGs
[2024-07-15T04:33:37.367+0000] {logging_mixin.py:188} INFO - [2024-07-15T04:33:37.367+0000] {dag.py:3954} INFO - Setting next_dagrun for example_branch_labels to 2024-07-14 00:00:00+00:00, run_after=2024-07-15 00:00:00+00:00
[2024-07-15T04:33:37.396+0000] {processor.py:183} INFO - Processing /home/airflow/.local/lib/python3.12/site-packages/airflow/example_dags/example_branch_labels.py took 0.094 seconds
[2024-07-15T04:34:07.722+0000] {processor.py:161} INFO - Started process (PID=1108) to work on /home/airflow/.local/lib/python3.12/site-packages/airflow/example_dags/example_branch_labels.py
[2024-07-15T04:34:07.723+0000] {processor.py:830} INFO - Processing file /home/airflow/.local/lib/python3.12/site-packages/airflow/example_dags/example_branch_labels.py for tasks to queue
[2024-07-15T04:34:07.725+0000] {logging_mixin.py:188} INFO - [2024-07-15T04:34:07.724+0000] {dagbag.py:545} INFO - Filling up the DagBag from /home/airflow/.local/lib/python3.12/site-packages/airflow/example_dags/example_branch_labels.py
[2024-07-15T04:34:07.734+0000] {processor.py:840} INFO - DAG(s) 'example_branch_labels' retrieved from /home/airflow/.local/lib/python3.12/site-packages/airflow/example_dags/example_branch_labels.py
[2024-07-15T04:34:07.770+0000] {logging_mixin.py:188} INFO - [2024-07-15T04:34:07.769+0000] {dag.py:3096} INFO - Sync 1 DAGs
[2024-07-15T04:34:07.798+0000] {logging_mixin.py:188} INFO - [2024-07-15T04:34:07.797+0000] {dag.py:3954} INFO - Setting next_dagrun for example_branch_labels to 2024-07-14 00:00:00+00:00, run_after=2024-07-15 00:00:00+00:00
[2024-07-15T04:34:07.836+0000] {processor.py:183} INFO - Processing /home/airflow/.local/lib/python3.12/site-packages/airflow/example_dags/example_branch_labels.py took 0.127 seconds
[2024-07-15T04:34:38.313+0000] {processor.py:161} INFO - Started process (PID=1169) to work on /home/airflow/.local/lib/python3.12/site-packages/airflow/example_dags/example_branch_labels.py
[2024-07-15T04:34:38.314+0000] {processor.py:830} INFO - Processing file /home/airflow/.local/lib/python3.12/site-packages/airflow/example_dags/example_branch_labels.py for tasks to queue
[2024-07-15T04:34:38.316+0000] {logging_mixin.py:188} INFO - [2024-07-15T04:34:38.316+0000] {dagbag.py:545} INFO - Filling up the DagBag from /home/airflow/.local/lib/python3.12/site-packages/airflow/example_dags/example_branch_labels.py
[2024-07-15T04:34:38.325+0000] {processor.py:840} INFO - DAG(s) 'example_branch_labels' retrieved from /home/airflow/.local/lib/python3.12/site-packages/airflow/example_dags/example_branch_labels.py
[2024-07-15T04:34:38.338+0000] {logging_mixin.py:188} INFO - [2024-07-15T04:34:38.337+0000] {dag.py:3096} INFO - Sync 1 DAGs
[2024-07-15T04:34:38.363+0000] {logging_mixin.py:188} INFO - [2024-07-15T04:34:38.363+0000] {dag.py:3954} INFO - Setting next_dagrun for example_branch_labels to 2024-07-14 00:00:00+00:00, run_after=2024-07-15 00:00:00+00:00
[2024-07-15T04:34:38.388+0000] {processor.py:183} INFO - Processing /home/airflow/.local/lib/python3.12/site-packages/airflow/example_dags/example_branch_labels.py took 0.082 seconds
[2024-07-15T04:35:09.261+0000] {processor.py:161} INFO - Started process (PID=1230) to work on /home/airflow/.local/lib/python3.12/site-packages/airflow/example_dags/example_branch_labels.py
[2024-07-15T04:35:09.262+0000] {processor.py:830} INFO - Processing file /home/airflow/.local/lib/python3.12/site-packages/airflow/example_dags/example_branch_labels.py for tasks to queue
[2024-07-15T04:35:09.264+0000] {logging_mixin.py:188} INFO - [2024-07-15T04:35:09.264+0000] {dagbag.py:545} INFO - Filling up the DagBag from /home/airflow/.local/lib/python3.12/site-packages/airflow/example_dags/example_branch_labels.py
[2024-07-15T04:35:09.284+0000] {processor.py:840} INFO - DAG(s) 'example_branch_labels' retrieved from /home/airflow/.local/lib/python3.12/site-packages/airflow/example_dags/example_branch_labels.py
[2024-07-15T04:35:09.432+0000] {logging_mixin.py:188} INFO - [2024-07-15T04:35:09.432+0000] {dag.py:3096} INFO - Sync 1 DAGs
[2024-07-15T04:35:09.454+0000] {logging_mixin.py:188} INFO - [2024-07-15T04:35:09.453+0000] {dag.py:3954} INFO - Setting next_dagrun for example_branch_labels to 2024-07-14 00:00:00+00:00, run_after=2024-07-15 00:00:00+00:00
[2024-07-15T04:35:09.477+0000] {processor.py:183} INFO - Processing /home/airflow/.local/lib/python3.12/site-packages/airflow/example_dags/example_branch_labels.py took 0.222 seconds
[2024-07-15T04:35:39.868+0000] {processor.py:161} INFO - Started process (PID=1291) to work on /home/airflow/.local/lib/python3.12/site-packages/airflow/example_dags/example_branch_labels.py
[2024-07-15T04:35:39.869+0000] {processor.py:830} INFO - Processing file /home/airflow/.local/lib/python3.12/site-packages/airflow/example_dags/example_branch_labels.py for tasks to queue
[2024-07-15T04:35:39.871+0000] {logging_mixin.py:188} INFO - [2024-07-15T04:35:39.871+0000] {dagbag.py:545} INFO - Filling up the DagBag from /home/airflow/.local/lib/python3.12/site-packages/airflow/example_dags/example_branch_labels.py
[2024-07-15T04:35:39.880+0000] {processor.py:840} INFO - DAG(s) 'example_branch_labels' retrieved from /home/airflow/.local/lib/python3.12/site-packages/airflow/example_dags/example_branch_labels.py
[2024-07-15T04:35:39.905+0000] {logging_mixin.py:188} INFO - [2024-07-15T04:35:39.904+0000] {dag.py:3096} INFO - Sync 1 DAGs
[2024-07-15T04:35:39.929+0000] {logging_mixin.py:188} INFO - [2024-07-15T04:35:39.929+0000] {dag.py:3954} INFO - Setting next_dagrun for example_branch_labels to 2024-07-14 00:00:00+00:00, run_after=2024-07-15 00:00:00+00:00
[2024-07-15T04:35:39.952+0000] {processor.py:183} INFO - Processing /home/airflow/.local/lib/python3.12/site-packages/airflow/example_dags/example_branch_labels.py took 0.090 seconds
[2024-07-15T04:36:10.614+0000] {processor.py:161} INFO - Started process (PID=1352) to work on /home/airflow/.local/lib/python3.12/site-packages/airflow/example_dags/example_branch_labels.py
[2024-07-15T04:36:10.614+0000] {processor.py:830} INFO - Processing file /home/airflow/.local/lib/python3.12/site-packages/airflow/example_dags/example_branch_labels.py for tasks to queue
[2024-07-15T04:36:10.616+0000] {logging_mixin.py:188} INFO - [2024-07-15T04:36:10.616+0000] {dagbag.py:545} INFO - Filling up the DagBag from /home/airflow/.local/lib/python3.12/site-packages/airflow/example_dags/example_branch_labels.py
[2024-07-15T04:36:10.640+0000] {processor.py:840} INFO - DAG(s) 'example_branch_labels' retrieved from /home/airflow/.local/lib/python3.12/site-packages/airflow/example_dags/example_branch_labels.py
[2024-07-15T04:36:10.701+0000] {logging_mixin.py:188} INFO - [2024-07-15T04:36:10.700+0000] {dag.py:3096} INFO - Sync 1 DAGs
[2024-07-15T04:36:10.728+0000] {logging_mixin.py:188} INFO - [2024-07-15T04:36:10.727+0000] {dag.py:3954} INFO - Setting next_dagrun for example_branch_labels to 2024-07-14 00:00:00+00:00, run_after=2024-07-15 00:00:00+00:00
[2024-07-15T04:36:10.754+0000] {processor.py:183} INFO - Processing /home/airflow/.local/lib/python3.12/site-packages/airflow/example_dags/example_branch_labels.py took 0.147 seconds
[2024-07-15T04:36:41.050+0000] {processor.py:161} INFO - Started process (PID=1414) to work on /home/airflow/.local/lib/python3.12/site-packages/airflow/example_dags/example_branch_labels.py
[2024-07-15T04:36:41.051+0000] {processor.py:830} INFO - Processing file /home/airflow/.local/lib/python3.12/site-packages/airflow/example_dags/example_branch_labels.py for tasks to queue
[2024-07-15T04:36:41.053+0000] {logging_mixin.py:188} INFO - [2024-07-15T04:36:41.053+0000] {dagbag.py:545} INFO - Filling up the DagBag from /home/airflow/.local/lib/python3.12/site-packages/airflow/example_dags/example_branch_labels.py
[2024-07-15T04:36:41.062+0000] {processor.py:840} INFO - DAG(s) 'example_branch_labels' retrieved from /home/airflow/.local/lib/python3.12/site-packages/airflow/example_dags/example_branch_labels.py
[2024-07-15T04:36:41.086+0000] {logging_mixin.py:188} INFO - [2024-07-15T04:36:41.086+0000] {dag.py:3096} INFO - Sync 1 DAGs
[2024-07-15T04:36:41.110+0000] {logging_mixin.py:188} INFO - [2024-07-15T04:36:41.110+0000] {dag.py:3954} INFO - Setting next_dagrun for example_branch_labels to 2024-07-14 00:00:00+00:00, run_after=2024-07-15 00:00:00+00:00
[2024-07-15T04:36:41.134+0000] {processor.py:183} INFO - Processing /home/airflow/.local/lib/python3.12/site-packages/airflow/example_dags/example_branch_labels.py took 0.091 seconds
[2024-07-15T04:37:11.808+0000] {processor.py:161} INFO - Started process (PID=1475) to work on /home/airflow/.local/lib/python3.12/site-packages/airflow/example_dags/example_branch_labels.py
[2024-07-15T04:37:11.808+0000] {processor.py:830} INFO - Processing file /home/airflow/.local/lib/python3.12/site-packages/airflow/example_dags/example_branch_labels.py for tasks to queue
[2024-07-15T04:37:11.810+0000] {logging_mixin.py:188} INFO - [2024-07-15T04:37:11.810+0000] {dagbag.py:545} INFO - Filling up the DagBag from /home/airflow/.local/lib/python3.12/site-packages/airflow/example_dags/example_branch_labels.py
[2024-07-15T04:37:11.831+0000] {processor.py:840} INFO - DAG(s) 'example_branch_labels' retrieved from /home/airflow/.local/lib/python3.12/site-packages/airflow/example_dags/example_branch_labels.py
[2024-07-15T04:37:11.891+0000] {logging_mixin.py:188} INFO - [2024-07-15T04:37:11.891+0000] {dag.py:3096} INFO - Sync 1 DAGs
[2024-07-15T04:37:11.920+0000] {logging_mixin.py:188} INFO - [2024-07-15T04:37:11.920+0000] {dag.py:3954} INFO - Setting next_dagrun for example_branch_labels to 2024-07-14 00:00:00+00:00, run_after=2024-07-15 00:00:00+00:00
[2024-07-15T04:37:11.963+0000] {processor.py:183} INFO - Processing /home/airflow/.local/lib/python3.12/site-packages/airflow/example_dags/example_branch_labels.py took 0.170 seconds
[2024-07-15T04:37:42.469+0000] {processor.py:161} INFO - Started process (PID=1538) to work on /home/airflow/.local/lib/python3.12/site-packages/airflow/example_dags/example_branch_labels.py
[2024-07-15T04:37:42.469+0000] {processor.py:830} INFO - Processing file /home/airflow/.local/lib/python3.12/site-packages/airflow/example_dags/example_branch_labels.py for tasks to queue
[2024-07-15T04:37:42.471+0000] {logging_mixin.py:188} INFO - [2024-07-15T04:37:42.471+0000] {dagbag.py:545} INFO - Filling up the DagBag from /home/airflow/.local/lib/python3.12/site-packages/airflow/example_dags/example_branch_labels.py
[2024-07-15T04:37:42.480+0000] {processor.py:840} INFO - DAG(s) 'example_branch_labels' retrieved from /home/airflow/.local/lib/python3.12/site-packages/airflow/example_dags/example_branch_labels.py
[2024-07-15T04:37:42.503+0000] {logging_mixin.py:188} INFO - [2024-07-15T04:37:42.502+0000] {dag.py:3096} INFO - Sync 1 DAGs
[2024-07-15T04:37:42.528+0000] {logging_mixin.py:188} INFO - [2024-07-15T04:37:42.528+0000] {dag.py:3954} INFO - Setting next_dagrun for example_branch_labels to 2024-07-14 00:00:00+00:00, run_after=2024-07-15 00:00:00+00:00
[2024-07-15T04:37:42.560+0000] {processor.py:183} INFO - Processing /home/airflow/.local/lib/python3.12/site-packages/airflow/example_dags/example_branch_labels.py took 0.098 seconds
[2024-07-15T04:38:13.050+0000] {processor.py:161} INFO - Started process (PID=1599) to work on /home/airflow/.local/lib/python3.12/site-packages/airflow/example_dags/example_branch_labels.py
[2024-07-15T04:38:13.054+0000] {processor.py:830} INFO - Processing file /home/airflow/.local/lib/python3.12/site-packages/airflow/example_dags/example_branch_labels.py for tasks to queue
[2024-07-15T04:38:13.056+0000] {logging_mixin.py:188} INFO - [2024-07-15T04:38:13.056+0000] {dagbag.py:545} INFO - Filling up the DagBag from /home/airflow/.local/lib/python3.12/site-packages/airflow/example_dags/example_branch_labels.py
[2024-07-15T04:38:13.073+0000] {processor.py:840} INFO - DAG(s) 'example_branch_labels' retrieved from /home/airflow/.local/lib/python3.12/site-packages/airflow/example_dags/example_branch_labels.py
[2024-07-15T04:38:13.124+0000] {logging_mixin.py:188} INFO - [2024-07-15T04:38:13.123+0000] {dag.py:3096} INFO - Sync 1 DAGs
[2024-07-15T04:38:13.172+0000] {logging_mixin.py:188} INFO - [2024-07-15T04:38:13.172+0000] {dag.py:3954} INFO - Setting next_dagrun for example_branch_labels to 2024-07-14 00:00:00+00:00, run_after=2024-07-15 00:00:00+00:00
[2024-07-15T04:38:13.214+0000] {processor.py:183} INFO - Processing /home/airflow/.local/lib/python3.12/site-packages/airflow/example_dags/example_branch_labels.py took 0.185 seconds
[2024-07-15T04:38:43.468+0000] {processor.py:161} INFO - Started process (PID=1660) to work on /home/airflow/.local/lib/python3.12/site-packages/airflow/example_dags/example_branch_labels.py
[2024-07-15T04:38:43.476+0000] {processor.py:830} INFO - Processing file /home/airflow/.local/lib/python3.12/site-packages/airflow/example_dags/example_branch_labels.py for tasks to queue
[2024-07-15T04:38:43.478+0000] {logging_mixin.py:188} INFO - [2024-07-15T04:38:43.477+0000] {dagbag.py:545} INFO - Filling up the DagBag from /home/airflow/.local/lib/python3.12/site-packages/airflow/example_dags/example_branch_labels.py
[2024-07-15T04:38:43.495+0000] {processor.py:840} INFO - DAG(s) 'example_branch_labels' retrieved from /home/airflow/.local/lib/python3.12/site-packages/airflow/example_dags/example_branch_labels.py
[2024-07-15T04:38:43.558+0000] {logging_mixin.py:188} INFO - [2024-07-15T04:38:43.558+0000] {dag.py:3096} INFO - Sync 1 DAGs
[2024-07-15T04:38:43.611+0000] {logging_mixin.py:188} INFO - [2024-07-15T04:38:43.611+0000] {dag.py:3954} INFO - Setting next_dagrun for example_branch_labels to 2024-07-14 00:00:00+00:00, run_after=2024-07-15 00:00:00+00:00
[2024-07-15T04:38:43.654+0000] {processor.py:183} INFO - Processing /home/airflow/.local/lib/python3.12/site-packages/airflow/example_dags/example_branch_labels.py took 0.202 seconds
[2024-07-15T04:39:14.055+0000] {processor.py:161} INFO - Started process (PID=1721) to work on /home/airflow/.local/lib/python3.12/site-packages/airflow/example_dags/example_branch_labels.py
[2024-07-15T04:39:14.058+0000] {processor.py:830} INFO - Processing file /home/airflow/.local/lib/python3.12/site-packages/airflow/example_dags/example_branch_labels.py for tasks to queue
[2024-07-15T04:39:14.060+0000] {logging_mixin.py:188} INFO - [2024-07-15T04:39:14.060+0000] {dagbag.py:545} INFO - Filling up the DagBag from /home/airflow/.local/lib/python3.12/site-packages/airflow/example_dags/example_branch_labels.py
[2024-07-15T04:39:14.071+0000] {processor.py:840} INFO - DAG(s) 'example_branch_labels' retrieved from /home/airflow/.local/lib/python3.12/site-packages/airflow/example_dags/example_branch_labels.py
[2024-07-15T04:39:14.127+0000] {logging_mixin.py:188} INFO - [2024-07-15T04:39:14.127+0000] {dag.py:3096} INFO - Sync 1 DAGs
[2024-07-15T04:39:14.174+0000] {logging_mixin.py:188} INFO - [2024-07-15T04:39:14.174+0000] {dag.py:3954} INFO - Setting next_dagrun for example_branch_labels to 2024-07-14 00:00:00+00:00, run_after=2024-07-15 00:00:00+00:00
[2024-07-15T04:39:14.216+0000] {processor.py:183} INFO - Processing /home/airflow/.local/lib/python3.12/site-packages/airflow/example_dags/example_branch_labels.py took 0.168 seconds
[2024-07-15T04:39:45.763+0000] {processor.py:161} INFO - Started process (PID=1782) to work on /home/airflow/.local/lib/python3.12/site-packages/airflow/example_dags/example_branch_labels.py
[2024-07-15T04:39:45.764+0000] {processor.py:830} INFO - Processing file /home/airflow/.local/lib/python3.12/site-packages/airflow/example_dags/example_branch_labels.py for tasks to queue
[2024-07-15T04:39:45.767+0000] {logging_mixin.py:188} INFO - [2024-07-15T04:39:45.767+0000] {dagbag.py:545} INFO - Filling up the DagBag from /home/airflow/.local/lib/python3.12/site-packages/airflow/example_dags/example_branch_labels.py
[2024-07-15T04:39:45.801+0000] {processor.py:840} INFO - DAG(s) 'example_branch_labels' retrieved from /home/airflow/.local/lib/python3.12/site-packages/airflow/example_dags/example_branch_labels.py
[2024-07-15T04:39:45.848+0000] {logging_mixin.py:188} INFO - [2024-07-15T04:39:45.847+0000] {dag.py:3096} INFO - Sync 1 DAGs
[2024-07-15T04:39:45.876+0000] {logging_mixin.py:188} INFO - [2024-07-15T04:39:45.876+0000] {dag.py:3954} INFO - Setting next_dagrun for example_branch_labels to 2024-07-14 00:00:00+00:00, run_after=2024-07-15 00:00:00+00:00
[2024-07-15T04:39:45.944+0000] {processor.py:183} INFO - Processing /home/airflow/.local/lib/python3.12/site-packages/airflow/example_dags/example_branch_labels.py took 0.198 seconds
[2024-07-15T04:40:17.444+0000] {processor.py:161} INFO - Started process (PID=1843) to work on /home/airflow/.local/lib/python3.12/site-packages/airflow/example_dags/example_branch_labels.py
[2024-07-15T04:40:17.445+0000] {processor.py:830} INFO - Processing file /home/airflow/.local/lib/python3.12/site-packages/airflow/example_dags/example_branch_labels.py for tasks to queue
[2024-07-15T04:40:17.449+0000] {logging_mixin.py:188} INFO - [2024-07-15T04:40:17.446+0000] {dagbag.py:545} INFO - Filling up the DagBag from /home/airflow/.local/lib/python3.12/site-packages/airflow/example_dags/example_branch_labels.py
[2024-07-15T04:40:17.460+0000] {processor.py:840} INFO - DAG(s) 'example_branch_labels' retrieved from /home/airflow/.local/lib/python3.12/site-packages/airflow/example_dags/example_branch_labels.py
[2024-07-15T04:40:17.485+0000] {logging_mixin.py:188} INFO - [2024-07-15T04:40:17.485+0000] {dag.py:3096} INFO - Sync 1 DAGs
[2024-07-15T04:40:17.686+0000] {logging_mixin.py:188} INFO - [2024-07-15T04:40:17.686+0000] {dag.py:3954} INFO - Setting next_dagrun for example_branch_labels to 2024-07-14 00:00:00+00:00, run_after=2024-07-15 00:00:00+00:00
[2024-07-15T04:40:17.711+0000] {processor.py:183} INFO - Processing /home/airflow/.local/lib/python3.12/site-packages/airflow/example_dags/example_branch_labels.py took 0.273 seconds
[2024-07-15T04:40:50.247+0000] {processor.py:161} INFO - Started process (PID=1904) to work on /home/airflow/.local/lib/python3.12/site-packages/airflow/example_dags/example_branch_labels.py
[2024-07-15T04:40:50.250+0000] {processor.py:830} INFO - Processing file /home/airflow/.local/lib/python3.12/site-packages/airflow/example_dags/example_branch_labels.py for tasks to queue
[2024-07-15T04:40:50.255+0000] {logging_mixin.py:188} INFO - [2024-07-15T04:40:50.255+0000] {dagbag.py:545} INFO - Filling up the DagBag from /home/airflow/.local/lib/python3.12/site-packages/airflow/example_dags/example_branch_labels.py
[2024-07-15T04:40:50.284+0000] {processor.py:840} INFO - DAG(s) 'example_branch_labels' retrieved from /home/airflow/.local/lib/python3.12/site-packages/airflow/example_dags/example_branch_labels.py
[2024-07-15T04:40:50.366+0000] {logging_mixin.py:188} INFO - [2024-07-15T04:40:50.366+0000] {dag.py:3096} INFO - Sync 1 DAGs
[2024-07-15T04:40:50.869+0000] {logging_mixin.py:188} INFO - [2024-07-15T04:40:50.869+0000] {dag.py:3954} INFO - Setting next_dagrun for example_branch_labels to 2024-07-14 00:00:00+00:00, run_after=2024-07-15 00:00:00+00:00
[2024-07-15T04:40:50.899+0000] {processor.py:183} INFO - Processing /home/airflow/.local/lib/python3.12/site-packages/airflow/example_dags/example_branch_labels.py took 0.669 seconds
[2024-07-15T04:41:21.030+0000] {processor.py:161} INFO - Started process (PID=1967) to work on /home/airflow/.local/lib/python3.12/site-packages/airflow/example_dags/example_branch_labels.py
[2024-07-15T04:41:21.031+0000] {processor.py:830} INFO - Processing file /home/airflow/.local/lib/python3.12/site-packages/airflow/example_dags/example_branch_labels.py for tasks to queue
[2024-07-15T04:41:21.033+0000] {logging_mixin.py:188} INFO - [2024-07-15T04:41:21.033+0000] {dagbag.py:545} INFO - Filling up the DagBag from /home/airflow/.local/lib/python3.12/site-packages/airflow/example_dags/example_branch_labels.py
[2024-07-15T04:41:21.045+0000] {processor.py:840} INFO - DAG(s) 'example_branch_labels' retrieved from /home/airflow/.local/lib/python3.12/site-packages/airflow/example_dags/example_branch_labels.py
[2024-07-15T04:41:21.070+0000] {logging_mixin.py:188} INFO - [2024-07-15T04:41:21.070+0000] {dag.py:3096} INFO - Sync 1 DAGs
[2024-07-15T04:41:21.097+0000] {logging_mixin.py:188} INFO - [2024-07-15T04:41:21.097+0000] {dag.py:3954} INFO - Setting next_dagrun for example_branch_labels to 2024-07-14 00:00:00+00:00, run_after=2024-07-15 00:00:00+00:00
[2024-07-15T04:41:21.121+0000] {processor.py:183} INFO - Processing /home/airflow/.local/lib/python3.12/site-packages/airflow/example_dags/example_branch_labels.py took 0.098 seconds
[2024-07-15T04:41:51.844+0000] {processor.py:161} INFO - Started process (PID=2029) to work on /home/airflow/.local/lib/python3.12/site-packages/airflow/example_dags/example_branch_labels.py
[2024-07-15T04:41:51.845+0000] {processor.py:830} INFO - Processing file /home/airflow/.local/lib/python3.12/site-packages/airflow/example_dags/example_branch_labels.py for tasks to queue
[2024-07-15T04:41:51.846+0000] {logging_mixin.py:188} INFO - [2024-07-15T04:41:51.846+0000] {dagbag.py:545} INFO - Filling up the DagBag from /home/airflow/.local/lib/python3.12/site-packages/airflow/example_dags/example_branch_labels.py
[2024-07-15T04:41:51.856+0000] {processor.py:840} INFO - DAG(s) 'example_branch_labels' retrieved from /home/airflow/.local/lib/python3.12/site-packages/airflow/example_dags/example_branch_labels.py
[2024-07-15T04:41:51.884+0000] {logging_mixin.py:188} INFO - [2024-07-15T04:41:51.884+0000] {dag.py:3096} INFO - Sync 1 DAGs
[2024-07-15T04:41:51.910+0000] {logging_mixin.py:188} INFO - [2024-07-15T04:41:51.910+0000] {dag.py:3954} INFO - Setting next_dagrun for example_branch_labels to 2024-07-14 00:00:00+00:00, run_after=2024-07-15 00:00:00+00:00
[2024-07-15T04:41:51.932+0000] {processor.py:183} INFO - Processing /home/airflow/.local/lib/python3.12/site-packages/airflow/example_dags/example_branch_labels.py took 0.095 seconds
[2024-07-15T04:42:22.224+0000] {processor.py:161} INFO - Started process (PID=2090) to work on /home/airflow/.local/lib/python3.12/site-packages/airflow/example_dags/example_branch_labels.py
[2024-07-15T04:42:22.227+0000] {processor.py:830} INFO - Processing file /home/airflow/.local/lib/python3.12/site-packages/airflow/example_dags/example_branch_labels.py for tasks to queue
[2024-07-15T04:42:22.229+0000] {logging_mixin.py:188} INFO - [2024-07-15T04:42:22.229+0000] {dagbag.py:545} INFO - Filling up the DagBag from /home/airflow/.local/lib/python3.12/site-packages/airflow/example_dags/example_branch_labels.py
[2024-07-15T04:42:22.248+0000] {processor.py:840} INFO - DAG(s) 'example_branch_labels' retrieved from /home/airflow/.local/lib/python3.12/site-packages/airflow/example_dags/example_branch_labels.py
[2024-07-15T04:42:22.281+0000] {logging_mixin.py:188} INFO - [2024-07-15T04:42:22.279+0000] {dag.py:3096} INFO - Sync 1 DAGs
[2024-07-15T04:42:22.325+0000] {logging_mixin.py:188} INFO - [2024-07-15T04:42:22.325+0000] {dag.py:3954} INFO - Setting next_dagrun for example_branch_labels to 2024-07-14 00:00:00+00:00, run_after=2024-07-15 00:00:00+00:00
[2024-07-15T04:42:22.363+0000] {processor.py:183} INFO - Processing /home/airflow/.local/lib/python3.12/site-packages/airflow/example_dags/example_branch_labels.py took 0.146 seconds
[2024-07-15T04:42:52.638+0000] {processor.py:161} INFO - Started process (PID=2150) to work on /home/airflow/.local/lib/python3.12/site-packages/airflow/example_dags/example_branch_labels.py
[2024-07-15T04:42:52.639+0000] {processor.py:830} INFO - Processing file /home/airflow/.local/lib/python3.12/site-packages/airflow/example_dags/example_branch_labels.py for tasks to queue
[2024-07-15T04:42:52.640+0000] {logging_mixin.py:188} INFO - [2024-07-15T04:42:52.640+0000] {dagbag.py:545} INFO - Filling up the DagBag from /home/airflow/.local/lib/python3.12/site-packages/airflow/example_dags/example_branch_labels.py
[2024-07-15T04:42:52.657+0000] {processor.py:840} INFO - DAG(s) 'example_branch_labels' retrieved from /home/airflow/.local/lib/python3.12/site-packages/airflow/example_dags/example_branch_labels.py
[2024-07-15T04:42:52.718+0000] {logging_mixin.py:188} INFO - [2024-07-15T04:42:52.718+0000] {dag.py:3096} INFO - Sync 1 DAGs
[2024-07-15T04:42:52.789+0000] {logging_mixin.py:188} INFO - [2024-07-15T04:42:52.789+0000] {dag.py:3954} INFO - Setting next_dagrun for example_branch_labels to 2024-07-14 00:00:00+00:00, run_after=2024-07-15 00:00:00+00:00
[2024-07-15T04:42:52.833+0000] {processor.py:183} INFO - Processing /home/airflow/.local/lib/python3.12/site-packages/airflow/example_dags/example_branch_labels.py took 0.210 seconds
[2024-07-15T04:43:23.533+0000] {processor.py:161} INFO - Started process (PID=2210) to work on /home/airflow/.local/lib/python3.12/site-packages/airflow/example_dags/example_branch_labels.py
[2024-07-15T04:43:23.534+0000] {processor.py:830} INFO - Processing file /home/airflow/.local/lib/python3.12/site-packages/airflow/example_dags/example_branch_labels.py for tasks to queue
[2024-07-15T04:43:23.536+0000] {logging_mixin.py:188} INFO - [2024-07-15T04:43:23.536+0000] {dagbag.py:545} INFO - Filling up the DagBag from /home/airflow/.local/lib/python3.12/site-packages/airflow/example_dags/example_branch_labels.py
[2024-07-15T04:43:23.557+0000] {processor.py:840} INFO - DAG(s) 'example_branch_labels' retrieved from /home/airflow/.local/lib/python3.12/site-packages/airflow/example_dags/example_branch_labels.py
[2024-07-15T04:43:23.584+0000] {logging_mixin.py:188} INFO - [2024-07-15T04:43:23.583+0000] {dag.py:3096} INFO - Sync 1 DAGs
[2024-07-15T04:43:23.633+0000] {logging_mixin.py:188} INFO - [2024-07-15T04:43:23.633+0000] {dag.py:3954} INFO - Setting next_dagrun for example_branch_labels to 2024-07-14 00:00:00+00:00, run_after=2024-07-15 00:00:00+00:00
[2024-07-15T04:43:23.658+0000] {processor.py:183} INFO - Processing /home/airflow/.local/lib/python3.12/site-packages/airflow/example_dags/example_branch_labels.py took 0.153 seconds
[2024-07-15T04:43:54.023+0000] {processor.py:161} INFO - Started process (PID=2275) to work on /home/airflow/.local/lib/python3.12/site-packages/airflow/example_dags/example_branch_labels.py
[2024-07-15T04:43:54.024+0000] {processor.py:830} INFO - Processing file /home/airflow/.local/lib/python3.12/site-packages/airflow/example_dags/example_branch_labels.py for tasks to queue
[2024-07-15T04:43:54.026+0000] {logging_mixin.py:188} INFO - [2024-07-15T04:43:54.026+0000] {dagbag.py:545} INFO - Filling up the DagBag from /home/airflow/.local/lib/python3.12/site-packages/airflow/example_dags/example_branch_labels.py
[2024-07-15T04:43:54.036+0000] {processor.py:840} INFO - DAG(s) 'example_branch_labels' retrieved from /home/airflow/.local/lib/python3.12/site-packages/airflow/example_dags/example_branch_labels.py
[2024-07-15T04:43:54.099+0000] {logging_mixin.py:188} INFO - [2024-07-15T04:43:54.099+0000] {dag.py:3096} INFO - Sync 1 DAGs
[2024-07-15T04:43:54.128+0000] {logging_mixin.py:188} INFO - [2024-07-15T04:43:54.127+0000] {dag.py:3954} INFO - Setting next_dagrun for example_branch_labels to 2024-07-14 00:00:00+00:00, run_after=2024-07-15 00:00:00+00:00
[2024-07-15T04:43:54.152+0000] {processor.py:183} INFO - Processing /home/airflow/.local/lib/python3.12/site-packages/airflow/example_dags/example_branch_labels.py took 0.136 seconds
[2024-07-15T04:44:24.613+0000] {processor.py:161} INFO - Started process (PID=2336) to work on /home/airflow/.local/lib/python3.12/site-packages/airflow/example_dags/example_branch_labels.py
[2024-07-15T04:44:24.614+0000] {processor.py:830} INFO - Processing file /home/airflow/.local/lib/python3.12/site-packages/airflow/example_dags/example_branch_labels.py for tasks to queue
[2024-07-15T04:44:24.616+0000] {logging_mixin.py:188} INFO - [2024-07-15T04:44:24.616+0000] {dagbag.py:545} INFO - Filling up the DagBag from /home/airflow/.local/lib/python3.12/site-packages/airflow/example_dags/example_branch_labels.py
[2024-07-15T04:44:24.627+0000] {processor.py:840} INFO - DAG(s) 'example_branch_labels' retrieved from /home/airflow/.local/lib/python3.12/site-packages/airflow/example_dags/example_branch_labels.py
[2024-07-15T04:44:24.663+0000] {logging_mixin.py:188} INFO - [2024-07-15T04:44:24.662+0000] {dag.py:3096} INFO - Sync 1 DAGs
[2024-07-15T04:44:24.703+0000] {logging_mixin.py:188} INFO - [2024-07-15T04:44:24.702+0000] {dag.py:3954} INFO - Setting next_dagrun for example_branch_labels to 2024-07-14 00:00:00+00:00, run_after=2024-07-15 00:00:00+00:00
[2024-07-15T04:44:24.739+0000] {processor.py:183} INFO - Processing /home/airflow/.local/lib/python3.12/site-packages/airflow/example_dags/example_branch_labels.py took 0.135 seconds
[2024-07-15T04:44:55.008+0000] {processor.py:161} INFO - Started process (PID=2396) to work on /home/airflow/.local/lib/python3.12/site-packages/airflow/example_dags/example_branch_labels.py
[2024-07-15T04:44:55.009+0000] {processor.py:830} INFO - Processing file /home/airflow/.local/lib/python3.12/site-packages/airflow/example_dags/example_branch_labels.py for tasks to queue
[2024-07-15T04:44:55.011+0000] {logging_mixin.py:188} INFO - [2024-07-15T04:44:55.011+0000] {dagbag.py:545} INFO - Filling up the DagBag from /home/airflow/.local/lib/python3.12/site-packages/airflow/example_dags/example_branch_labels.py
[2024-07-15T04:44:55.019+0000] {processor.py:840} INFO - DAG(s) 'example_branch_labels' retrieved from /home/airflow/.local/lib/python3.12/site-packages/airflow/example_dags/example_branch_labels.py
[2024-07-15T04:44:55.043+0000] {logging_mixin.py:188} INFO - [2024-07-15T04:44:55.043+0000] {dag.py:3096} INFO - Sync 1 DAGs
[2024-07-15T04:44:55.099+0000] {logging_mixin.py:188} INFO - [2024-07-15T04:44:55.098+0000] {dag.py:3954} INFO - Setting next_dagrun for example_branch_labels to 2024-07-14 00:00:00+00:00, run_after=2024-07-15 00:00:00+00:00
[2024-07-15T04:44:55.136+0000] {processor.py:183} INFO - Processing /home/airflow/.local/lib/python3.12/site-packages/airflow/example_dags/example_branch_labels.py took 0.134 seconds
[2024-07-15T04:45:25.371+0000] {processor.py:161} INFO - Started process (PID=2457) to work on /home/airflow/.local/lib/python3.12/site-packages/airflow/example_dags/example_branch_labels.py
[2024-07-15T04:45:25.372+0000] {processor.py:830} INFO - Processing file /home/airflow/.local/lib/python3.12/site-packages/airflow/example_dags/example_branch_labels.py for tasks to queue
[2024-07-15T04:45:25.374+0000] {logging_mixin.py:188} INFO - [2024-07-15T04:45:25.374+0000] {dagbag.py:545} INFO - Filling up the DagBag from /home/airflow/.local/lib/python3.12/site-packages/airflow/example_dags/example_branch_labels.py
[2024-07-15T04:45:25.384+0000] {processor.py:840} INFO - DAG(s) 'example_branch_labels' retrieved from /home/airflow/.local/lib/python3.12/site-packages/airflow/example_dags/example_branch_labels.py
[2024-07-15T04:45:25.405+0000] {logging_mixin.py:188} INFO - [2024-07-15T04:45:25.405+0000] {dag.py:3096} INFO - Sync 1 DAGs
[2024-07-15T04:45:25.430+0000] {logging_mixin.py:188} INFO - [2024-07-15T04:45:25.430+0000] {dag.py:3954} INFO - Setting next_dagrun for example_branch_labels to 2024-07-14 00:00:00+00:00, run_after=2024-07-15 00:00:00+00:00
[2024-07-15T04:45:25.450+0000] {processor.py:183} INFO - Processing /home/airflow/.local/lib/python3.12/site-packages/airflow/example_dags/example_branch_labels.py took 0.086 seconds
[2024-07-15T04:45:56.187+0000] {processor.py:161} INFO - Started process (PID=2518) to work on /home/airflow/.local/lib/python3.12/site-packages/airflow/example_dags/example_branch_labels.py
[2024-07-15T04:45:56.195+0000] {processor.py:830} INFO - Processing file /home/airflow/.local/lib/python3.12/site-packages/airflow/example_dags/example_branch_labels.py for tasks to queue
[2024-07-15T04:45:56.197+0000] {logging_mixin.py:188} INFO - [2024-07-15T04:45:56.196+0000] {dagbag.py:545} INFO - Filling up the DagBag from /home/airflow/.local/lib/python3.12/site-packages/airflow/example_dags/example_branch_labels.py
[2024-07-15T04:45:56.216+0000] {processor.py:840} INFO - DAG(s) 'example_branch_labels' retrieved from /home/airflow/.local/lib/python3.12/site-packages/airflow/example_dags/example_branch_labels.py
[2024-07-15T04:45:56.251+0000] {logging_mixin.py:188} INFO - [2024-07-15T04:45:56.251+0000] {dag.py:3096} INFO - Sync 1 DAGs
[2024-07-15T04:45:56.350+0000] {logging_mixin.py:188} INFO - [2024-07-15T04:45:56.350+0000] {dag.py:3954} INFO - Setting next_dagrun for example_branch_labels to 2024-07-14 00:00:00+00:00, run_after=2024-07-15 00:00:00+00:00
[2024-07-15T04:45:56.414+0000] {processor.py:183} INFO - Processing /home/airflow/.local/lib/python3.12/site-packages/airflow/example_dags/example_branch_labels.py took 0.238 seconds
[2024-07-15T04:46:27.333+0000] {processor.py:161} INFO - Started process (PID=2580) to work on /home/airflow/.local/lib/python3.12/site-packages/airflow/example_dags/example_branch_labels.py
[2024-07-15T04:46:27.352+0000] {processor.py:830} INFO - Processing file /home/airflow/.local/lib/python3.12/site-packages/airflow/example_dags/example_branch_labels.py for tasks to queue
[2024-07-15T04:46:27.354+0000] {logging_mixin.py:188} INFO - [2024-07-15T04:46:27.353+0000] {dagbag.py:545} INFO - Filling up the DagBag from /home/airflow/.local/lib/python3.12/site-packages/airflow/example_dags/example_branch_labels.py
[2024-07-15T04:46:27.369+0000] {processor.py:840} INFO - DAG(s) 'example_branch_labels' retrieved from /home/airflow/.local/lib/python3.12/site-packages/airflow/example_dags/example_branch_labels.py
[2024-07-15T04:46:27.407+0000] {logging_mixin.py:188} INFO - [2024-07-15T04:46:27.407+0000] {dag.py:3096} INFO - Sync 1 DAGs
[2024-07-15T04:46:27.453+0000] {logging_mixin.py:188} INFO - [2024-07-15T04:46:27.453+0000] {dag.py:3954} INFO - Setting next_dagrun for example_branch_labels to 2024-07-14 00:00:00+00:00, run_after=2024-07-15 00:00:00+00:00
[2024-07-15T04:46:27.496+0000] {processor.py:183} INFO - Processing /home/airflow/.local/lib/python3.12/site-packages/airflow/example_dags/example_branch_labels.py took 0.169 seconds
[2024-07-15T04:46:57.544+0000] {processor.py:161} INFO - Started process (PID=2641) to work on /home/airflow/.local/lib/python3.12/site-packages/airflow/example_dags/example_branch_labels.py
[2024-07-15T04:46:57.544+0000] {processor.py:830} INFO - Processing file /home/airflow/.local/lib/python3.12/site-packages/airflow/example_dags/example_branch_labels.py for tasks to queue
[2024-07-15T04:46:57.546+0000] {logging_mixin.py:188} INFO - [2024-07-15T04:46:57.546+0000] {dagbag.py:545} INFO - Filling up the DagBag from /home/airflow/.local/lib/python3.12/site-packages/airflow/example_dags/example_branch_labels.py
[2024-07-15T04:46:57.553+0000] {processor.py:840} INFO - DAG(s) 'example_branch_labels' retrieved from /home/airflow/.local/lib/python3.12/site-packages/airflow/example_dags/example_branch_labels.py
[2024-07-15T04:46:57.570+0000] {logging_mixin.py:188} INFO - [2024-07-15T04:46:57.570+0000] {dag.py:3096} INFO - Sync 1 DAGs
[2024-07-15T04:46:57.590+0000] {logging_mixin.py:188} INFO - [2024-07-15T04:46:57.589+0000] {dag.py:3954} INFO - Setting next_dagrun for example_branch_labels to 2024-07-14 00:00:00+00:00, run_after=2024-07-15 00:00:00+00:00
[2024-07-15T04:46:57.612+0000] {processor.py:183} INFO - Processing /home/airflow/.local/lib/python3.12/site-packages/airflow/example_dags/example_branch_labels.py took 0.073 seconds
[2024-07-15T04:47:28.131+0000] {processor.py:161} INFO - Started process (PID=2702) to work on /home/airflow/.local/lib/python3.12/site-packages/airflow/example_dags/example_branch_labels.py
[2024-07-15T04:47:28.132+0000] {processor.py:830} INFO - Processing file /home/airflow/.local/lib/python3.12/site-packages/airflow/example_dags/example_branch_labels.py for tasks to queue
[2024-07-15T04:47:28.133+0000] {logging_mixin.py:188} INFO - [2024-07-15T04:47:28.133+0000] {dagbag.py:545} INFO - Filling up the DagBag from /home/airflow/.local/lib/python3.12/site-packages/airflow/example_dags/example_branch_labels.py
[2024-07-15T04:47:28.140+0000] {processor.py:840} INFO - DAG(s) 'example_branch_labels' retrieved from /home/airflow/.local/lib/python3.12/site-packages/airflow/example_dags/example_branch_labels.py
[2024-07-15T04:47:28.157+0000] {logging_mixin.py:188} INFO - [2024-07-15T04:47:28.157+0000] {dag.py:3096} INFO - Sync 1 DAGs
[2024-07-15T04:47:28.176+0000] {logging_mixin.py:188} INFO - [2024-07-15T04:47:28.175+0000] {dag.py:3954} INFO - Setting next_dagrun for example_branch_labels to 2024-07-14 00:00:00+00:00, run_after=2024-07-15 00:00:00+00:00
[2024-07-15T04:47:28.194+0000] {processor.py:183} INFO - Processing /home/airflow/.local/lib/python3.12/site-packages/airflow/example_dags/example_branch_labels.py took 0.068 seconds
[2024-07-15T04:47:58.681+0000] {processor.py:161} INFO - Started process (PID=2764) to work on /home/airflow/.local/lib/python3.12/site-packages/airflow/example_dags/example_branch_labels.py
[2024-07-15T04:47:58.682+0000] {processor.py:830} INFO - Processing file /home/airflow/.local/lib/python3.12/site-packages/airflow/example_dags/example_branch_labels.py for tasks to queue
[2024-07-15T04:47:58.683+0000] {logging_mixin.py:188} INFO - [2024-07-15T04:47:58.683+0000] {dagbag.py:545} INFO - Filling up the DagBag from /home/airflow/.local/lib/python3.12/site-packages/airflow/example_dags/example_branch_labels.py
[2024-07-15T04:47:58.689+0000] {processor.py:840} INFO - DAG(s) 'example_branch_labels' retrieved from /home/airflow/.local/lib/python3.12/site-packages/airflow/example_dags/example_branch_labels.py
[2024-07-15T04:47:58.708+0000] {logging_mixin.py:188} INFO - [2024-07-15T04:47:58.708+0000] {dag.py:3096} INFO - Sync 1 DAGs
[2024-07-15T04:47:58.726+0000] {logging_mixin.py:188} INFO - [2024-07-15T04:47:58.726+0000] {dag.py:3954} INFO - Setting next_dagrun for example_branch_labels to 2024-07-14 00:00:00+00:00, run_after=2024-07-15 00:00:00+00:00
[2024-07-15T04:47:58.745+0000] {processor.py:183} INFO - Processing /home/airflow/.local/lib/python3.12/site-packages/airflow/example_dags/example_branch_labels.py took 0.068 seconds
[2024-07-15T04:48:29.286+0000] {processor.py:161} INFO - Started process (PID=2825) to work on /home/airflow/.local/lib/python3.12/site-packages/airflow/example_dags/example_branch_labels.py
[2024-07-15T04:48:29.287+0000] {processor.py:830} INFO - Processing file /home/airflow/.local/lib/python3.12/site-packages/airflow/example_dags/example_branch_labels.py for tasks to queue
[2024-07-15T04:48:29.288+0000] {logging_mixin.py:188} INFO - [2024-07-15T04:48:29.288+0000] {dagbag.py:545} INFO - Filling up the DagBag from /home/airflow/.local/lib/python3.12/site-packages/airflow/example_dags/example_branch_labels.py
[2024-07-15T04:48:29.294+0000] {processor.py:840} INFO - DAG(s) 'example_branch_labels' retrieved from /home/airflow/.local/lib/python3.12/site-packages/airflow/example_dags/example_branch_labels.py
[2024-07-15T04:48:29.311+0000] {logging_mixin.py:188} INFO - [2024-07-15T04:48:29.311+0000] {dag.py:3096} INFO - Sync 1 DAGs
[2024-07-15T04:48:29.330+0000] {logging_mixin.py:188} INFO - [2024-07-15T04:48:29.330+0000] {dag.py:3954} INFO - Setting next_dagrun for example_branch_labels to 2024-07-14 00:00:00+00:00, run_after=2024-07-15 00:00:00+00:00
[2024-07-15T04:48:29.351+0000] {processor.py:183} INFO - Processing /home/airflow/.local/lib/python3.12/site-packages/airflow/example_dags/example_branch_labels.py took 0.069 seconds
[2024-07-15T04:49:00.050+0000] {processor.py:161} INFO - Started process (PID=2887) to work on /home/airflow/.local/lib/python3.12/site-packages/airflow/example_dags/example_branch_labels.py
[2024-07-15T04:49:00.050+0000] {processor.py:830} INFO - Processing file /home/airflow/.local/lib/python3.12/site-packages/airflow/example_dags/example_branch_labels.py for tasks to queue
[2024-07-15T04:49:00.052+0000] {logging_mixin.py:188} INFO - [2024-07-15T04:49:00.052+0000] {dagbag.py:545} INFO - Filling up the DagBag from /home/airflow/.local/lib/python3.12/site-packages/airflow/example_dags/example_branch_labels.py
[2024-07-15T04:49:00.058+0000] {processor.py:840} INFO - DAG(s) 'example_branch_labels' retrieved from /home/airflow/.local/lib/python3.12/site-packages/airflow/example_dags/example_branch_labels.py
[2024-07-15T04:49:00.075+0000] {logging_mixin.py:188} INFO - [2024-07-15T04:49:00.074+0000] {dag.py:3096} INFO - Sync 1 DAGs
[2024-07-15T04:49:00.094+0000] {logging_mixin.py:188} INFO - [2024-07-15T04:49:00.093+0000] {dag.py:3954} INFO - Setting next_dagrun for example_branch_labels to 2024-07-14 00:00:00+00:00, run_after=2024-07-15 00:00:00+00:00
[2024-07-15T04:49:00.113+0000] {processor.py:183} INFO - Processing /home/airflow/.local/lib/python3.12/site-packages/airflow/example_dags/example_branch_labels.py took 0.068 seconds
[2024-07-15T04:49:30.702+0000] {processor.py:161} INFO - Started process (PID=2948) to work on /home/airflow/.local/lib/python3.12/site-packages/airflow/example_dags/example_branch_labels.py
[2024-07-15T04:49:30.703+0000] {processor.py:830} INFO - Processing file /home/airflow/.local/lib/python3.12/site-packages/airflow/example_dags/example_branch_labels.py for tasks to queue
[2024-07-15T04:49:30.704+0000] {logging_mixin.py:188} INFO - [2024-07-15T04:49:30.704+0000] {dagbag.py:545} INFO - Filling up the DagBag from /home/airflow/.local/lib/python3.12/site-packages/airflow/example_dags/example_branch_labels.py
[2024-07-15T04:49:30.710+0000] {processor.py:840} INFO - DAG(s) 'example_branch_labels' retrieved from /home/airflow/.local/lib/python3.12/site-packages/airflow/example_dags/example_branch_labels.py
[2024-07-15T04:49:30.727+0000] {logging_mixin.py:188} INFO - [2024-07-15T04:49:30.727+0000] {dag.py:3096} INFO - Sync 1 DAGs
[2024-07-15T04:49:30.745+0000] {logging_mixin.py:188} INFO - [2024-07-15T04:49:30.745+0000] {dag.py:3954} INFO - Setting next_dagrun for example_branch_labels to 2024-07-14 00:00:00+00:00, run_after=2024-07-15 00:00:00+00:00
[2024-07-15T04:49:30.764+0000] {processor.py:183} INFO - Processing /home/airflow/.local/lib/python3.12/site-packages/airflow/example_dags/example_branch_labels.py took 0.066 seconds
[2024-07-15T04:50:01.520+0000] {processor.py:161} INFO - Started process (PID=3009) to work on /home/airflow/.local/lib/python3.12/site-packages/airflow/example_dags/example_branch_labels.py
[2024-07-15T04:50:01.521+0000] {processor.py:830} INFO - Processing file /home/airflow/.local/lib/python3.12/site-packages/airflow/example_dags/example_branch_labels.py for tasks to queue
[2024-07-15T04:50:01.522+0000] {logging_mixin.py:188} INFO - [2024-07-15T04:50:01.522+0000] {dagbag.py:545} INFO - Filling up the DagBag from /home/airflow/.local/lib/python3.12/site-packages/airflow/example_dags/example_branch_labels.py
[2024-07-15T04:50:01.528+0000] {processor.py:840} INFO - DAG(s) 'example_branch_labels' retrieved from /home/airflow/.local/lib/python3.12/site-packages/airflow/example_dags/example_branch_labels.py
[2024-07-15T04:50:01.545+0000] {logging_mixin.py:188} INFO - [2024-07-15T04:50:01.544+0000] {dag.py:3096} INFO - Sync 1 DAGs
[2024-07-15T04:50:01.563+0000] {logging_mixin.py:188} INFO - [2024-07-15T04:50:01.563+0000] {dag.py:3954} INFO - Setting next_dagrun for example_branch_labels to 2024-07-14 00:00:00+00:00, run_after=2024-07-15 00:00:00+00:00
[2024-07-15T04:50:01.583+0000] {processor.py:183} INFO - Processing /home/airflow/.local/lib/python3.12/site-packages/airflow/example_dags/example_branch_labels.py took 0.067 seconds
[2024-07-15T04:50:32.106+0000] {processor.py:161} INFO - Started process (PID=3077) to work on /home/airflow/.local/lib/python3.12/site-packages/airflow/example_dags/example_branch_labels.py
[2024-07-15T04:50:32.107+0000] {processor.py:830} INFO - Processing file /home/airflow/.local/lib/python3.12/site-packages/airflow/example_dags/example_branch_labels.py for tasks to queue
[2024-07-15T04:50:32.108+0000] {logging_mixin.py:188} INFO - [2024-07-15T04:50:32.108+0000] {dagbag.py:545} INFO - Filling up the DagBag from /home/airflow/.local/lib/python3.12/site-packages/airflow/example_dags/example_branch_labels.py
[2024-07-15T04:50:32.114+0000] {processor.py:840} INFO - DAG(s) 'example_branch_labels' retrieved from /home/airflow/.local/lib/python3.12/site-packages/airflow/example_dags/example_branch_labels.py
[2024-07-15T04:50:32.131+0000] {logging_mixin.py:188} INFO - [2024-07-15T04:50:32.131+0000] {dag.py:3096} INFO - Sync 1 DAGs
[2024-07-15T04:50:32.149+0000] {logging_mixin.py:188} INFO - [2024-07-15T04:50:32.149+0000] {dag.py:3954} INFO - Setting next_dagrun for example_branch_labels to 2024-07-14 00:00:00+00:00, run_after=2024-07-15 00:00:00+00:00
[2024-07-15T04:50:32.168+0000] {processor.py:183} INFO - Processing /home/airflow/.local/lib/python3.12/site-packages/airflow/example_dags/example_branch_labels.py took 0.066 seconds
[2024-07-15T04:51:02.399+0000] {processor.py:161} INFO - Started process (PID=3141) to work on /home/airflow/.local/lib/python3.12/site-packages/airflow/example_dags/example_branch_labels.py
[2024-07-15T04:51:02.400+0000] {processor.py:830} INFO - Processing file /home/airflow/.local/lib/python3.12/site-packages/airflow/example_dags/example_branch_labels.py for tasks to queue
[2024-07-15T04:51:02.402+0000] {logging_mixin.py:188} INFO - [2024-07-15T04:51:02.402+0000] {dagbag.py:545} INFO - Filling up the DagBag from /home/airflow/.local/lib/python3.12/site-packages/airflow/example_dags/example_branch_labels.py
[2024-07-15T04:51:02.424+0000] {processor.py:840} INFO - DAG(s) 'example_branch_labels' retrieved from /home/airflow/.local/lib/python3.12/site-packages/airflow/example_dags/example_branch_labels.py
[2024-07-15T04:51:02.465+0000] {logging_mixin.py:188} INFO - [2024-07-15T04:51:02.464+0000] {dag.py:3096} INFO - Sync 1 DAGs
[2024-07-15T04:51:02.497+0000] {logging_mixin.py:188} INFO - [2024-07-15T04:51:02.496+0000] {dag.py:3954} INFO - Setting next_dagrun for example_branch_labels to 2024-07-14 00:00:00+00:00, run_after=2024-07-15 00:00:00+00:00
[2024-07-15T04:51:02.524+0000] {processor.py:183} INFO - Processing /home/airflow/.local/lib/python3.12/site-packages/airflow/example_dags/example_branch_labels.py took 0.132 seconds
[2024-07-15T04:51:32.660+0000] {processor.py:161} INFO - Started process (PID=3203) to work on /home/airflow/.local/lib/python3.12/site-packages/airflow/example_dags/example_branch_labels.py
[2024-07-15T04:51:32.661+0000] {processor.py:830} INFO - Processing file /home/airflow/.local/lib/python3.12/site-packages/airflow/example_dags/example_branch_labels.py for tasks to queue
[2024-07-15T04:51:32.663+0000] {logging_mixin.py:188} INFO - [2024-07-15T04:51:32.663+0000] {dagbag.py:545} INFO - Filling up the DagBag from /home/airflow/.local/lib/python3.12/site-packages/airflow/example_dags/example_branch_labels.py
[2024-07-15T04:51:32.670+0000] {processor.py:840} INFO - DAG(s) 'example_branch_labels' retrieved from /home/airflow/.local/lib/python3.12/site-packages/airflow/example_dags/example_branch_labels.py
[2024-07-15T04:51:32.686+0000] {logging_mixin.py:188} INFO - [2024-07-15T04:51:32.686+0000] {dag.py:3096} INFO - Sync 1 DAGs
[2024-07-15T04:51:32.704+0000] {logging_mixin.py:188} INFO - [2024-07-15T04:51:32.704+0000] {dag.py:3954} INFO - Setting next_dagrun for example_branch_labels to 2024-07-14 00:00:00+00:00, run_after=2024-07-15 00:00:00+00:00
[2024-07-15T04:51:32.724+0000] {processor.py:183} INFO - Processing /home/airflow/.local/lib/python3.12/site-packages/airflow/example_dags/example_branch_labels.py took 0.070 seconds
[2024-07-15T04:53:09.178+0000] {processor.py:161} INFO - Started process (PID=59) to work on /home/airflow/.local/lib/python3.12/site-packages/airflow/example_dags/example_branch_labels.py
[2024-07-15T04:53:09.179+0000] {processor.py:830} INFO - Processing file /home/airflow/.local/lib/python3.12/site-packages/airflow/example_dags/example_branch_labels.py for tasks to queue
[2024-07-15T04:53:09.183+0000] {logging_mixin.py:188} INFO - [2024-07-15T04:53:09.182+0000] {dagbag.py:545} INFO - Filling up the DagBag from /home/airflow/.local/lib/python3.12/site-packages/airflow/example_dags/example_branch_labels.py
[2024-07-15T04:53:09.216+0000] {processor.py:840} INFO - DAG(s) 'example_branch_labels' retrieved from /home/airflow/.local/lib/python3.12/site-packages/airflow/example_dags/example_branch_labels.py
[2024-07-15T04:53:09.393+0000] {logging_mixin.py:188} INFO - [2024-07-15T04:53:09.392+0000] {dag.py:3096} INFO - Sync 1 DAGs
[2024-07-15T04:53:09.429+0000] {logging_mixin.py:188} INFO - [2024-07-15T04:53:09.429+0000] {dag.py:3954} INFO - Setting next_dagrun for example_branch_labels to 2024-07-14 00:00:00+00:00, run_after=2024-07-15 00:00:00+00:00
[2024-07-15T04:53:09.459+0000] {processor.py:183} INFO - Processing /home/airflow/.local/lib/python3.12/site-packages/airflow/example_dags/example_branch_labels.py took 0.301 seconds
[2024-07-15T04:53:39.525+0000] {processor.py:161} INFO - Started process (PID=120) to work on /home/airflow/.local/lib/python3.12/site-packages/airflow/example_dags/example_branch_labels.py
[2024-07-15T04:53:39.527+0000] {processor.py:830} INFO - Processing file /home/airflow/.local/lib/python3.12/site-packages/airflow/example_dags/example_branch_labels.py for tasks to queue
[2024-07-15T04:53:39.529+0000] {logging_mixin.py:188} INFO - [2024-07-15T04:53:39.528+0000] {dagbag.py:545} INFO - Filling up the DagBag from /home/airflow/.local/lib/python3.12/site-packages/airflow/example_dags/example_branch_labels.py
[2024-07-15T04:53:39.545+0000] {processor.py:840} INFO - DAG(s) 'example_branch_labels' retrieved from /home/airflow/.local/lib/python3.12/site-packages/airflow/example_dags/example_branch_labels.py
[2024-07-15T04:53:39.584+0000] {logging_mixin.py:188} INFO - [2024-07-15T04:53:39.584+0000] {dag.py:3096} INFO - Sync 1 DAGs
[2024-07-15T04:53:39.625+0000] {logging_mixin.py:188} INFO - [2024-07-15T04:53:39.624+0000] {dag.py:3954} INFO - Setting next_dagrun for example_branch_labels to 2024-07-14 00:00:00+00:00, run_after=2024-07-15 00:00:00+00:00
[2024-07-15T04:53:39.650+0000] {processor.py:183} INFO - Processing /home/airflow/.local/lib/python3.12/site-packages/airflow/example_dags/example_branch_labels.py took 0.139 seconds
[2024-07-15T04:54:11.354+0000] {processor.py:161} INFO - Started process (PID=183) to work on /home/airflow/.local/lib/python3.12/site-packages/airflow/example_dags/example_branch_labels.py
[2024-07-15T04:54:11.361+0000] {processor.py:830} INFO - Processing file /home/airflow/.local/lib/python3.12/site-packages/airflow/example_dags/example_branch_labels.py for tasks to queue
[2024-07-15T04:54:11.365+0000] {logging_mixin.py:188} INFO - [2024-07-15T04:54:11.365+0000] {dagbag.py:545} INFO - Filling up the DagBag from /home/airflow/.local/lib/python3.12/site-packages/airflow/example_dags/example_branch_labels.py
[2024-07-15T04:54:11.432+0000] {processor.py:840} INFO - DAG(s) 'example_branch_labels' retrieved from /home/airflow/.local/lib/python3.12/site-packages/airflow/example_dags/example_branch_labels.py
[2024-07-15T04:54:11.672+0000] {logging_mixin.py:188} INFO - [2024-07-15T04:54:11.671+0000] {dag.py:3096} INFO - Sync 1 DAGs
[2024-07-15T04:54:11.914+0000] {logging_mixin.py:188} INFO - [2024-07-15T04:54:11.913+0000] {dag.py:3954} INFO - Setting next_dagrun for example_branch_labels to 2024-07-14 00:00:00+00:00, run_after=2024-07-15 00:00:00+00:00
[2024-07-15T04:54:12.036+0000] {processor.py:183} INFO - Processing /home/airflow/.local/lib/python3.12/site-packages/airflow/example_dags/example_branch_labels.py took 0.693 seconds
[2024-07-15T04:54:42.962+0000] {processor.py:161} INFO - Started process (PID=244) to work on /home/airflow/.local/lib/python3.12/site-packages/airflow/example_dags/example_branch_labels.py
[2024-07-15T04:54:42.963+0000] {processor.py:830} INFO - Processing file /home/airflow/.local/lib/python3.12/site-packages/airflow/example_dags/example_branch_labels.py for tasks to queue
[2024-07-15T04:54:42.965+0000] {logging_mixin.py:188} INFO - [2024-07-15T04:54:42.965+0000] {dagbag.py:545} INFO - Filling up the DagBag from /home/airflow/.local/lib/python3.12/site-packages/airflow/example_dags/example_branch_labels.py
[2024-07-15T04:54:42.974+0000] {processor.py:840} INFO - DAG(s) 'example_branch_labels' retrieved from /home/airflow/.local/lib/python3.12/site-packages/airflow/example_dags/example_branch_labels.py
[2024-07-15T04:54:43.008+0000] {logging_mixin.py:188} INFO - [2024-07-15T04:54:43.008+0000] {dag.py:3096} INFO - Sync 1 DAGs
[2024-07-15T04:54:43.036+0000] {logging_mixin.py:188} INFO - [2024-07-15T04:54:43.036+0000] {dag.py:3954} INFO - Setting next_dagrun for example_branch_labels to 2024-07-14 00:00:00+00:00, run_after=2024-07-15 00:00:00+00:00
[2024-07-15T04:54:43.081+0000] {processor.py:183} INFO - Processing /home/airflow/.local/lib/python3.12/site-packages/airflow/example_dags/example_branch_labels.py took 0.126 seconds
[2024-07-15T04:55:13.661+0000] {processor.py:161} INFO - Started process (PID=304) to work on /home/airflow/.local/lib/python3.12/site-packages/airflow/example_dags/example_branch_labels.py
[2024-07-15T04:55:13.668+0000] {processor.py:830} INFO - Processing file /home/airflow/.local/lib/python3.12/site-packages/airflow/example_dags/example_branch_labels.py for tasks to queue
[2024-07-15T04:55:13.670+0000] {logging_mixin.py:188} INFO - [2024-07-15T04:55:13.670+0000] {dagbag.py:545} INFO - Filling up the DagBag from /home/airflow/.local/lib/python3.12/site-packages/airflow/example_dags/example_branch_labels.py
[2024-07-15T04:55:13.681+0000] {processor.py:840} INFO - DAG(s) 'example_branch_labels' retrieved from /home/airflow/.local/lib/python3.12/site-packages/airflow/example_dags/example_branch_labels.py
[2024-07-15T04:55:13.718+0000] {logging_mixin.py:188} INFO - [2024-07-15T04:55:13.718+0000] {dag.py:3096} INFO - Sync 1 DAGs
[2024-07-15T04:55:13.747+0000] {logging_mixin.py:188} INFO - [2024-07-15T04:55:13.747+0000] {dag.py:3954} INFO - Setting next_dagrun for example_branch_labels to 2024-07-14 00:00:00+00:00, run_after=2024-07-15 00:00:00+00:00
[2024-07-15T04:55:13.780+0000] {processor.py:183} INFO - Processing /home/airflow/.local/lib/python3.12/site-packages/airflow/example_dags/example_branch_labels.py took 0.134 seconds
[2024-07-15T04:55:44.287+0000] {processor.py:161} INFO - Started process (PID=365) to work on /home/airflow/.local/lib/python3.12/site-packages/airflow/example_dags/example_branch_labels.py
[2024-07-15T04:55:44.296+0000] {processor.py:830} INFO - Processing file /home/airflow/.local/lib/python3.12/site-packages/airflow/example_dags/example_branch_labels.py for tasks to queue
[2024-07-15T04:55:44.298+0000] {logging_mixin.py:188} INFO - [2024-07-15T04:55:44.298+0000] {dagbag.py:545} INFO - Filling up the DagBag from /home/airflow/.local/lib/python3.12/site-packages/airflow/example_dags/example_branch_labels.py
[2024-07-15T04:55:44.333+0000] {processor.py:840} INFO - DAG(s) 'example_branch_labels' retrieved from /home/airflow/.local/lib/python3.12/site-packages/airflow/example_dags/example_branch_labels.py
[2024-07-15T04:55:44.468+0000] {logging_mixin.py:188} INFO - [2024-07-15T04:55:44.467+0000] {dag.py:3096} INFO - Sync 1 DAGs
[2024-07-15T04:55:44.558+0000] {logging_mixin.py:188} INFO - [2024-07-15T04:55:44.557+0000] {dag.py:3954} INFO - Setting next_dagrun for example_branch_labels to 2024-07-14 00:00:00+00:00, run_after=2024-07-15 00:00:00+00:00
[2024-07-15T04:55:44.606+0000] {processor.py:183} INFO - Processing /home/airflow/.local/lib/python3.12/site-packages/airflow/example_dags/example_branch_labels.py took 0.334 seconds
[2024-07-15T04:56:14.777+0000] {processor.py:161} INFO - Started process (PID=426) to work on /home/airflow/.local/lib/python3.12/site-packages/airflow/example_dags/example_branch_labels.py
[2024-07-15T04:56:14.785+0000] {processor.py:830} INFO - Processing file /home/airflow/.local/lib/python3.12/site-packages/airflow/example_dags/example_branch_labels.py for tasks to queue
[2024-07-15T04:56:14.786+0000] {logging_mixin.py:188} INFO - [2024-07-15T04:56:14.786+0000] {dagbag.py:545} INFO - Filling up the DagBag from /home/airflow/.local/lib/python3.12/site-packages/airflow/example_dags/example_branch_labels.py
[2024-07-15T04:56:14.809+0000] {processor.py:840} INFO - DAG(s) 'example_branch_labels' retrieved from /home/airflow/.local/lib/python3.12/site-packages/airflow/example_dags/example_branch_labels.py
[2024-07-15T04:56:14.840+0000] {logging_mixin.py:188} INFO - [2024-07-15T04:56:14.839+0000] {dag.py:3096} INFO - Sync 1 DAGs
[2024-07-15T04:56:14.865+0000] {logging_mixin.py:188} INFO - [2024-07-15T04:56:14.865+0000] {dag.py:3954} INFO - Setting next_dagrun for example_branch_labels to 2024-07-14 00:00:00+00:00, run_after=2024-07-15 00:00:00+00:00
[2024-07-15T04:56:14.898+0000] {processor.py:183} INFO - Processing /home/airflow/.local/lib/python3.12/site-packages/airflow/example_dags/example_branch_labels.py took 0.145 seconds
[2024-07-15T04:56:45.395+0000] {processor.py:161} INFO - Started process (PID=487) to work on /home/airflow/.local/lib/python3.12/site-packages/airflow/example_dags/example_branch_labels.py
[2024-07-15T04:56:45.395+0000] {processor.py:830} INFO - Processing file /home/airflow/.local/lib/python3.12/site-packages/airflow/example_dags/example_branch_labels.py for tasks to queue
[2024-07-15T04:56:45.398+0000] {logging_mixin.py:188} INFO - [2024-07-15T04:56:45.397+0000] {dagbag.py:545} INFO - Filling up the DagBag from /home/airflow/.local/lib/python3.12/site-packages/airflow/example_dags/example_branch_labels.py
[2024-07-15T04:56:45.407+0000] {processor.py:840} INFO - DAG(s) 'example_branch_labels' retrieved from /home/airflow/.local/lib/python3.12/site-packages/airflow/example_dags/example_branch_labels.py
[2024-07-15T04:56:45.455+0000] {logging_mixin.py:188} INFO - [2024-07-15T04:56:45.454+0000] {dag.py:3096} INFO - Sync 1 DAGs
[2024-07-15T04:56:45.482+0000] {logging_mixin.py:188} INFO - [2024-07-15T04:56:45.482+0000] {dag.py:3954} INFO - Setting next_dagrun for example_branch_labels to 2024-07-14 00:00:00+00:00, run_after=2024-07-15 00:00:00+00:00
[2024-07-15T04:56:45.521+0000] {processor.py:183} INFO - Processing /home/airflow/.local/lib/python3.12/site-packages/airflow/example_dags/example_branch_labels.py took 0.140 seconds
[2024-07-15T04:57:16.311+0000] {processor.py:161} INFO - Started process (PID=549) to work on /home/airflow/.local/lib/python3.12/site-packages/airflow/example_dags/example_branch_labels.py
[2024-07-15T04:57:16.312+0000] {processor.py:830} INFO - Processing file /home/airflow/.local/lib/python3.12/site-packages/airflow/example_dags/example_branch_labels.py for tasks to queue
[2024-07-15T04:57:16.314+0000] {logging_mixin.py:188} INFO - [2024-07-15T04:57:16.313+0000] {dagbag.py:545} INFO - Filling up the DagBag from /home/airflow/.local/lib/python3.12/site-packages/airflow/example_dags/example_branch_labels.py
[2024-07-15T04:57:16.327+0000] {processor.py:840} INFO - DAG(s) 'example_branch_labels' retrieved from /home/airflow/.local/lib/python3.12/site-packages/airflow/example_dags/example_branch_labels.py
[2024-07-15T04:57:16.390+0000] {logging_mixin.py:188} INFO - [2024-07-15T04:57:16.390+0000] {dag.py:3096} INFO - Sync 1 DAGs
[2024-07-15T04:57:16.436+0000] {logging_mixin.py:188} INFO - [2024-07-15T04:57:16.436+0000] {dag.py:3954} INFO - Setting next_dagrun for example_branch_labels to 2024-07-14 00:00:00+00:00, run_after=2024-07-15 00:00:00+00:00
[2024-07-15T04:57:16.469+0000] {processor.py:183} INFO - Processing /home/airflow/.local/lib/python3.12/site-packages/airflow/example_dags/example_branch_labels.py took 0.164 seconds
[2024-07-15T04:57:46.808+0000] {processor.py:161} INFO - Started process (PID=610) to work on /home/airflow/.local/lib/python3.12/site-packages/airflow/example_dags/example_branch_labels.py
[2024-07-15T04:57:46.813+0000] {processor.py:830} INFO - Processing file /home/airflow/.local/lib/python3.12/site-packages/airflow/example_dags/example_branch_labels.py for tasks to queue
[2024-07-15T04:57:46.819+0000] {logging_mixin.py:188} INFO - [2024-07-15T04:57:46.819+0000] {dagbag.py:545} INFO - Filling up the DagBag from /home/airflow/.local/lib/python3.12/site-packages/airflow/example_dags/example_branch_labels.py
[2024-07-15T04:57:46.855+0000] {processor.py:840} INFO - DAG(s) 'example_branch_labels' retrieved from /home/airflow/.local/lib/python3.12/site-packages/airflow/example_dags/example_branch_labels.py
[2024-07-15T04:57:46.976+0000] {logging_mixin.py:188} INFO - [2024-07-15T04:57:46.975+0000] {dag.py:3096} INFO - Sync 1 DAGs
[2024-07-15T04:57:47.087+0000] {logging_mixin.py:188} INFO - [2024-07-15T04:57:47.086+0000] {dag.py:3954} INFO - Setting next_dagrun for example_branch_labels to 2024-07-14 00:00:00+00:00, run_after=2024-07-15 00:00:00+00:00
[2024-07-15T04:57:47.158+0000] {processor.py:183} INFO - Processing /home/airflow/.local/lib/python3.12/site-packages/airflow/example_dags/example_branch_labels.py took 0.380 seconds
