[2024-07-15T04:25:21.895+0000] {processor.py:161} INFO - Started process (PID=50) to work on /home/airflow/.local/lib/python3.12/site-packages/airflow/example_dags/example_branch_python_dop_operator_3.py
[2024-07-15T04:25:21.904+0000] {processor.py:830} INFO - Processing file /home/airflow/.local/lib/python3.12/site-packages/airflow/example_dags/example_branch_python_dop_operator_3.py for tasks to queue
[2024-07-15T04:25:21.912+0000] {logging_mixin.py:188} INFO - [2024-07-15T04:25:21.912+0000] {dagbag.py:545} INFO - Filling up the DagBag from /home/airflow/.local/lib/python3.12/site-packages/airflow/example_dags/example_branch_python_dop_operator_3.py
[2024-07-15T04:25:21.961+0000] {processor.py:840} INFO - DAG(s) 'example_branch_dop_operator_v3' retrieved from /home/airflow/.local/lib/python3.12/site-packages/airflow/example_dags/example_branch_python_dop_operator_3.py
[2024-07-15T04:25:22.075+0000] {logging_mixin.py:188} INFO - [2024-07-15T04:25:22.075+0000] {dag.py:3096} INFO - Sync 1 DAGs
[2024-07-15T04:25:22.221+0000] {logging_mixin.py:188} INFO - [2024-07-15T04:25:22.221+0000] {dag.py:3954} INFO - Setting next_dagrun for example_branch_dop_operator_v3 to 2024-07-15 04:24:00+00:00, run_after=2024-07-15 04:25:00+00:00
[2024-07-15T04:25:22.286+0000] {processor.py:183} INFO - Processing /home/airflow/.local/lib/python3.12/site-packages/airflow/example_dags/example_branch_python_dop_operator_3.py took 0.406 seconds
[2024-07-15T04:25:52.759+0000] {processor.py:161} INFO - Started process (PID=111) to work on /home/airflow/.local/lib/python3.12/site-packages/airflow/example_dags/example_branch_python_dop_operator_3.py
[2024-07-15T04:25:52.760+0000] {processor.py:830} INFO - Processing file /home/airflow/.local/lib/python3.12/site-packages/airflow/example_dags/example_branch_python_dop_operator_3.py for tasks to queue
[2024-07-15T04:25:52.762+0000] {logging_mixin.py:188} INFO - [2024-07-15T04:25:52.761+0000] {dagbag.py:545} INFO - Filling up the DagBag from /home/airflow/.local/lib/python3.12/site-packages/airflow/example_dags/example_branch_python_dop_operator_3.py
[2024-07-15T04:25:52.771+0000] {processor.py:840} INFO - DAG(s) 'example_branch_dop_operator_v3' retrieved from /home/airflow/.local/lib/python3.12/site-packages/airflow/example_dags/example_branch_python_dop_operator_3.py
[2024-07-15T04:25:52.793+0000] {logging_mixin.py:188} INFO - [2024-07-15T04:25:52.793+0000] {dag.py:3096} INFO - Sync 1 DAGs
[2024-07-15T04:25:52.827+0000] {logging_mixin.py:188} INFO - [2024-07-15T04:25:52.827+0000] {dag.py:3954} INFO - Setting next_dagrun for example_branch_dop_operator_v3 to 2024-07-15 04:24:00+00:00, run_after=2024-07-15 04:25:00+00:00
[2024-07-15T04:25:52.852+0000] {processor.py:183} INFO - Processing /home/airflow/.local/lib/python3.12/site-packages/airflow/example_dags/example_branch_python_dop_operator_3.py took 0.100 seconds
[2024-07-15T04:26:23.109+0000] {processor.py:161} INFO - Started process (PID=172) to work on /home/airflow/.local/lib/python3.12/site-packages/airflow/example_dags/example_branch_python_dop_operator_3.py
[2024-07-15T04:26:23.109+0000] {processor.py:830} INFO - Processing file /home/airflow/.local/lib/python3.12/site-packages/airflow/example_dags/example_branch_python_dop_operator_3.py for tasks to queue
[2024-07-15T04:26:23.120+0000] {logging_mixin.py:188} INFO - [2024-07-15T04:26:23.119+0000] {dagbag.py:545} INFO - Filling up the DagBag from /home/airflow/.local/lib/python3.12/site-packages/airflow/example_dags/example_branch_python_dop_operator_3.py
[2024-07-15T04:26:23.130+0000] {processor.py:840} INFO - DAG(s) 'example_branch_dop_operator_v3' retrieved from /home/airflow/.local/lib/python3.12/site-packages/airflow/example_dags/example_branch_python_dop_operator_3.py
[2024-07-15T04:26:23.153+0000] {logging_mixin.py:188} INFO - [2024-07-15T04:26:23.152+0000] {dag.py:3096} INFO - Sync 1 DAGs
[2024-07-15T04:26:23.184+0000] {logging_mixin.py:188} INFO - [2024-07-15T04:26:23.184+0000] {dag.py:3954} INFO - Setting next_dagrun for example_branch_dop_operator_v3 to 2024-07-15 04:25:00+00:00, run_after=2024-07-15 04:26:00+00:00
[2024-07-15T04:26:23.209+0000] {processor.py:183} INFO - Processing /home/airflow/.local/lib/python3.12/site-packages/airflow/example_dags/example_branch_python_dop_operator_3.py took 0.107 seconds
[2024-07-15T04:26:54.072+0000] {processor.py:161} INFO - Started process (PID=233) to work on /home/airflow/.local/lib/python3.12/site-packages/airflow/example_dags/example_branch_python_dop_operator_3.py
[2024-07-15T04:26:54.073+0000] {processor.py:830} INFO - Processing file /home/airflow/.local/lib/python3.12/site-packages/airflow/example_dags/example_branch_python_dop_operator_3.py for tasks to queue
[2024-07-15T04:26:54.075+0000] {logging_mixin.py:188} INFO - [2024-07-15T04:26:54.075+0000] {dagbag.py:545} INFO - Filling up the DagBag from /home/airflow/.local/lib/python3.12/site-packages/airflow/example_dags/example_branch_python_dop_operator_3.py
[2024-07-15T04:26:54.085+0000] {processor.py:840} INFO - DAG(s) 'example_branch_dop_operator_v3' retrieved from /home/airflow/.local/lib/python3.12/site-packages/airflow/example_dags/example_branch_python_dop_operator_3.py
[2024-07-15T04:26:54.107+0000] {logging_mixin.py:188} INFO - [2024-07-15T04:26:54.106+0000] {dag.py:3096} INFO - Sync 1 DAGs
[2024-07-15T04:26:54.138+0000] {logging_mixin.py:188} INFO - [2024-07-15T04:26:54.138+0000] {dag.py:3954} INFO - Setting next_dagrun for example_branch_dop_operator_v3 to 2024-07-15 04:25:00+00:00, run_after=2024-07-15 04:26:00+00:00
[2024-07-15T04:26:54.163+0000] {processor.py:183} INFO - Processing /home/airflow/.local/lib/python3.12/site-packages/airflow/example_dags/example_branch_python_dop_operator_3.py took 0.097 seconds
[2024-07-15T04:27:25.055+0000] {processor.py:161} INFO - Started process (PID=294) to work on /home/airflow/.local/lib/python3.12/site-packages/airflow/example_dags/example_branch_python_dop_operator_3.py
[2024-07-15T04:27:25.058+0000] {processor.py:830} INFO - Processing file /home/airflow/.local/lib/python3.12/site-packages/airflow/example_dags/example_branch_python_dop_operator_3.py for tasks to queue
[2024-07-15T04:27:25.060+0000] {logging_mixin.py:188} INFO - [2024-07-15T04:27:25.059+0000] {dagbag.py:545} INFO - Filling up the DagBag from /home/airflow/.local/lib/python3.12/site-packages/airflow/example_dags/example_branch_python_dop_operator_3.py
[2024-07-15T04:27:25.077+0000] {processor.py:840} INFO - DAG(s) 'example_branch_dop_operator_v3' retrieved from /home/airflow/.local/lib/python3.12/site-packages/airflow/example_dags/example_branch_python_dop_operator_3.py
[2024-07-15T04:27:25.118+0000] {logging_mixin.py:188} INFO - [2024-07-15T04:27:25.118+0000] {dag.py:3096} INFO - Sync 1 DAGs
[2024-07-15T04:27:25.180+0000] {logging_mixin.py:188} INFO - [2024-07-15T04:27:25.180+0000] {dag.py:3954} INFO - Setting next_dagrun for example_branch_dop_operator_v3 to 2024-07-15 04:26:00+00:00, run_after=2024-07-15 04:27:00+00:00
[2024-07-15T04:27:25.207+0000] {processor.py:183} INFO - Processing /home/airflow/.local/lib/python3.12/site-packages/airflow/example_dags/example_branch_python_dop_operator_3.py took 0.167 seconds
[2024-07-15T04:27:56.728+0000] {processor.py:161} INFO - Started process (PID=361) to work on /home/airflow/.local/lib/python3.12/site-packages/airflow/example_dags/example_branch_python_dop_operator_3.py
[2024-07-15T04:27:56.732+0000] {processor.py:830} INFO - Processing file /home/airflow/.local/lib/python3.12/site-packages/airflow/example_dags/example_branch_python_dop_operator_3.py for tasks to queue
[2024-07-15T04:27:56.734+0000] {logging_mixin.py:188} INFO - [2024-07-15T04:27:56.734+0000] {dagbag.py:545} INFO - Filling up the DagBag from /home/airflow/.local/lib/python3.12/site-packages/airflow/example_dags/example_branch_python_dop_operator_3.py
[2024-07-15T04:27:56.756+0000] {processor.py:840} INFO - DAG(s) 'example_branch_dop_operator_v3' retrieved from /home/airflow/.local/lib/python3.12/site-packages/airflow/example_dags/example_branch_python_dop_operator_3.py
[2024-07-15T04:27:56.804+0000] {logging_mixin.py:188} INFO - [2024-07-15T04:27:56.804+0000] {dag.py:3096} INFO - Sync 1 DAGs
[2024-07-15T04:27:56.902+0000] {logging_mixin.py:188} INFO - [2024-07-15T04:27:56.902+0000] {dag.py:3954} INFO - Setting next_dagrun for example_branch_dop_operator_v3 to 2024-07-15 04:26:00+00:00, run_after=2024-07-15 04:27:00+00:00
[2024-07-15T04:27:57.001+0000] {processor.py:183} INFO - Processing /home/airflow/.local/lib/python3.12/site-packages/airflow/example_dags/example_branch_python_dop_operator_3.py took 0.343 seconds
[2024-07-15T04:28:27.846+0000] {processor.py:161} INFO - Started process (PID=421) to work on /home/airflow/.local/lib/python3.12/site-packages/airflow/example_dags/example_branch_python_dop_operator_3.py
[2024-07-15T04:28:27.852+0000] {processor.py:830} INFO - Processing file /home/airflow/.local/lib/python3.12/site-packages/airflow/example_dags/example_branch_python_dop_operator_3.py for tasks to queue
[2024-07-15T04:28:27.854+0000] {logging_mixin.py:188} INFO - [2024-07-15T04:28:27.854+0000] {dagbag.py:545} INFO - Filling up the DagBag from /home/airflow/.local/lib/python3.12/site-packages/airflow/example_dags/example_branch_python_dop_operator_3.py
[2024-07-15T04:28:27.876+0000] {processor.py:840} INFO - DAG(s) 'example_branch_dop_operator_v3' retrieved from /home/airflow/.local/lib/python3.12/site-packages/airflow/example_dags/example_branch_python_dop_operator_3.py
[2024-07-15T04:28:27.955+0000] {logging_mixin.py:188} INFO - [2024-07-15T04:28:27.954+0000] {dag.py:3096} INFO - Sync 1 DAGs
[2024-07-15T04:28:28.056+0000] {logging_mixin.py:188} INFO - [2024-07-15T04:28:28.056+0000] {dag.py:3954} INFO - Setting next_dagrun for example_branch_dop_operator_v3 to 2024-07-15 04:27:00+00:00, run_after=2024-07-15 04:28:00+00:00
[2024-07-15T04:28:28.138+0000] {processor.py:183} INFO - Processing /home/airflow/.local/lib/python3.12/site-packages/airflow/example_dags/example_branch_python_dop_operator_3.py took 0.319 seconds
[2024-07-15T04:28:58.801+0000] {processor.py:161} INFO - Started process (PID=481) to work on /home/airflow/.local/lib/python3.12/site-packages/airflow/example_dags/example_branch_python_dop_operator_3.py
[2024-07-15T04:28:58.802+0000] {processor.py:830} INFO - Processing file /home/airflow/.local/lib/python3.12/site-packages/airflow/example_dags/example_branch_python_dop_operator_3.py for tasks to queue
[2024-07-15T04:28:58.803+0000] {logging_mixin.py:188} INFO - [2024-07-15T04:28:58.803+0000] {dagbag.py:545} INFO - Filling up the DagBag from /home/airflow/.local/lib/python3.12/site-packages/airflow/example_dags/example_branch_python_dop_operator_3.py
[2024-07-15T04:28:58.815+0000] {processor.py:840} INFO - DAG(s) 'example_branch_dop_operator_v3' retrieved from /home/airflow/.local/lib/python3.12/site-packages/airflow/example_dags/example_branch_python_dop_operator_3.py
[2024-07-15T04:28:58.840+0000] {logging_mixin.py:188} INFO - [2024-07-15T04:28:58.840+0000] {dag.py:3096} INFO - Sync 1 DAGs
[2024-07-15T04:28:58.871+0000] {logging_mixin.py:188} INFO - [2024-07-15T04:28:58.870+0000] {dag.py:3954} INFO - Setting next_dagrun for example_branch_dop_operator_v3 to 2024-07-15 04:27:00+00:00, run_after=2024-07-15 04:28:00+00:00
[2024-07-15T04:28:58.907+0000] {processor.py:183} INFO - Processing /home/airflow/.local/lib/python3.12/site-packages/airflow/example_dags/example_branch_python_dop_operator_3.py took 0.112 seconds
[2024-07-15T04:29:29.529+0000] {processor.py:161} INFO - Started process (PID=543) to work on /home/airflow/.local/lib/python3.12/site-packages/airflow/example_dags/example_branch_python_dop_operator_3.py
[2024-07-15T04:29:29.530+0000] {processor.py:830} INFO - Processing file /home/airflow/.local/lib/python3.12/site-packages/airflow/example_dags/example_branch_python_dop_operator_3.py for tasks to queue
[2024-07-15T04:29:29.531+0000] {logging_mixin.py:188} INFO - [2024-07-15T04:29:29.531+0000] {dagbag.py:545} INFO - Filling up the DagBag from /home/airflow/.local/lib/python3.12/site-packages/airflow/example_dags/example_branch_python_dop_operator_3.py
[2024-07-15T04:29:29.541+0000] {processor.py:840} INFO - DAG(s) 'example_branch_dop_operator_v3' retrieved from /home/airflow/.local/lib/python3.12/site-packages/airflow/example_dags/example_branch_python_dop_operator_3.py
[2024-07-15T04:29:29.565+0000] {logging_mixin.py:188} INFO - [2024-07-15T04:29:29.564+0000] {dag.py:3096} INFO - Sync 1 DAGs
[2024-07-15T04:29:29.596+0000] {logging_mixin.py:188} INFO - [2024-07-15T04:29:29.595+0000] {dag.py:3954} INFO - Setting next_dagrun for example_branch_dop_operator_v3 to 2024-07-15 04:28:00+00:00, run_after=2024-07-15 04:29:00+00:00
[2024-07-15T04:29:29.621+0000] {processor.py:183} INFO - Processing /home/airflow/.local/lib/python3.12/site-packages/airflow/example_dags/example_branch_python_dop_operator_3.py took 0.098 seconds
[2024-07-15T04:29:59.922+0000] {processor.py:161} INFO - Started process (PID=605) to work on /home/airflow/.local/lib/python3.12/site-packages/airflow/example_dags/example_branch_python_dop_operator_3.py
[2024-07-15T04:29:59.923+0000] {processor.py:830} INFO - Processing file /home/airflow/.local/lib/python3.12/site-packages/airflow/example_dags/example_branch_python_dop_operator_3.py for tasks to queue
[2024-07-15T04:29:59.924+0000] {logging_mixin.py:188} INFO - [2024-07-15T04:29:59.924+0000] {dagbag.py:545} INFO - Filling up the DagBag from /home/airflow/.local/lib/python3.12/site-packages/airflow/example_dags/example_branch_python_dop_operator_3.py
[2024-07-15T04:29:59.934+0000] {processor.py:840} INFO - DAG(s) 'example_branch_dop_operator_v3' retrieved from /home/airflow/.local/lib/python3.12/site-packages/airflow/example_dags/example_branch_python_dop_operator_3.py
[2024-07-15T04:29:59.960+0000] {logging_mixin.py:188} INFO - [2024-07-15T04:29:59.960+0000] {dag.py:3096} INFO - Sync 1 DAGs
[2024-07-15T04:30:00.000+0000] {logging_mixin.py:188} INFO - [2024-07-15T04:29:59.993+0000] {dag.py:3954} INFO - Setting next_dagrun for example_branch_dop_operator_v3 to 2024-07-15 04:28:00+00:00, run_after=2024-07-15 04:29:00+00:00
[2024-07-15T04:30:00.047+0000] {processor.py:183} INFO - Processing /home/airflow/.local/lib/python3.12/site-packages/airflow/example_dags/example_branch_python_dop_operator_3.py took 0.130 seconds
[2024-07-15T04:30:30.366+0000] {processor.py:161} INFO - Started process (PID=666) to work on /home/airflow/.local/lib/python3.12/site-packages/airflow/example_dags/example_branch_python_dop_operator_3.py
[2024-07-15T04:30:30.366+0000] {processor.py:830} INFO - Processing file /home/airflow/.local/lib/python3.12/site-packages/airflow/example_dags/example_branch_python_dop_operator_3.py for tasks to queue
[2024-07-15T04:30:30.368+0000] {logging_mixin.py:188} INFO - [2024-07-15T04:30:30.368+0000] {dagbag.py:545} INFO - Filling up the DagBag from /home/airflow/.local/lib/python3.12/site-packages/airflow/example_dags/example_branch_python_dop_operator_3.py
[2024-07-15T04:30:30.378+0000] {processor.py:840} INFO - DAG(s) 'example_branch_dop_operator_v3' retrieved from /home/airflow/.local/lib/python3.12/site-packages/airflow/example_dags/example_branch_python_dop_operator_3.py
[2024-07-15T04:30:30.400+0000] {logging_mixin.py:188} INFO - [2024-07-15T04:30:30.400+0000] {dag.py:3096} INFO - Sync 1 DAGs
[2024-07-15T04:30:30.438+0000] {logging_mixin.py:188} INFO - [2024-07-15T04:30:30.438+0000] {dag.py:3954} INFO - Setting next_dagrun for example_branch_dop_operator_v3 to 2024-07-15 04:29:00+00:00, run_after=2024-07-15 04:30:00+00:00
[2024-07-15T04:30:30.475+0000] {processor.py:183} INFO - Processing /home/airflow/.local/lib/python3.12/site-packages/airflow/example_dags/example_branch_python_dop_operator_3.py took 0.116 seconds
[2024-07-15T04:31:01.178+0000] {processor.py:161} INFO - Started process (PID=727) to work on /home/airflow/.local/lib/python3.12/site-packages/airflow/example_dags/example_branch_python_dop_operator_3.py
[2024-07-15T04:31:01.180+0000] {processor.py:830} INFO - Processing file /home/airflow/.local/lib/python3.12/site-packages/airflow/example_dags/example_branch_python_dop_operator_3.py for tasks to queue
[2024-07-15T04:31:01.182+0000] {logging_mixin.py:188} INFO - [2024-07-15T04:31:01.182+0000] {dagbag.py:545} INFO - Filling up the DagBag from /home/airflow/.local/lib/python3.12/site-packages/airflow/example_dags/example_branch_python_dop_operator_3.py
[2024-07-15T04:31:01.194+0000] {processor.py:840} INFO - DAG(s) 'example_branch_dop_operator_v3' retrieved from /home/airflow/.local/lib/python3.12/site-packages/airflow/example_dags/example_branch_python_dop_operator_3.py
[2024-07-15T04:31:01.218+0000] {logging_mixin.py:188} INFO - [2024-07-15T04:31:01.218+0000] {dag.py:3096} INFO - Sync 1 DAGs
[2024-07-15T04:31:01.251+0000] {logging_mixin.py:188} INFO - [2024-07-15T04:31:01.250+0000] {dag.py:3954} INFO - Setting next_dagrun for example_branch_dop_operator_v3 to 2024-07-15 04:30:00+00:00, run_after=2024-07-15 04:31:00+00:00
[2024-07-15T04:31:01.275+0000] {processor.py:183} INFO - Processing /home/airflow/.local/lib/python3.12/site-packages/airflow/example_dags/example_branch_python_dop_operator_3.py took 0.103 seconds
[2024-07-15T04:31:31.742+0000] {processor.py:161} INFO - Started process (PID=788) to work on /home/airflow/.local/lib/python3.12/site-packages/airflow/example_dags/example_branch_python_dop_operator_3.py
[2024-07-15T04:31:31.743+0000] {processor.py:830} INFO - Processing file /home/airflow/.local/lib/python3.12/site-packages/airflow/example_dags/example_branch_python_dop_operator_3.py for tasks to queue
[2024-07-15T04:31:31.745+0000] {logging_mixin.py:188} INFO - [2024-07-15T04:31:31.745+0000] {dagbag.py:545} INFO - Filling up the DagBag from /home/airflow/.local/lib/python3.12/site-packages/airflow/example_dags/example_branch_python_dop_operator_3.py
[2024-07-15T04:31:31.755+0000] {processor.py:840} INFO - DAG(s) 'example_branch_dop_operator_v3' retrieved from /home/airflow/.local/lib/python3.12/site-packages/airflow/example_dags/example_branch_python_dop_operator_3.py
[2024-07-15T04:31:31.778+0000] {logging_mixin.py:188} INFO - [2024-07-15T04:31:31.778+0000] {dag.py:3096} INFO - Sync 1 DAGs
[2024-07-15T04:31:31.809+0000] {logging_mixin.py:188} INFO - [2024-07-15T04:31:31.809+0000] {dag.py:3954} INFO - Setting next_dagrun for example_branch_dop_operator_v3 to 2024-07-15 04:30:00+00:00, run_after=2024-07-15 04:31:00+00:00
[2024-07-15T04:31:31.838+0000] {processor.py:183} INFO - Processing /home/airflow/.local/lib/python3.12/site-packages/airflow/example_dags/example_branch_python_dop_operator_3.py took 0.102 seconds
[2024-07-15T04:32:02.127+0000] {processor.py:161} INFO - Started process (PID=849) to work on /home/airflow/.local/lib/python3.12/site-packages/airflow/example_dags/example_branch_python_dop_operator_3.py
[2024-07-15T04:32:02.128+0000] {processor.py:830} INFO - Processing file /home/airflow/.local/lib/python3.12/site-packages/airflow/example_dags/example_branch_python_dop_operator_3.py for tasks to queue
[2024-07-15T04:32:02.134+0000] {logging_mixin.py:188} INFO - [2024-07-15T04:32:02.133+0000] {dagbag.py:545} INFO - Filling up the DagBag from /home/airflow/.local/lib/python3.12/site-packages/airflow/example_dags/example_branch_python_dop_operator_3.py
[2024-07-15T04:32:02.143+0000] {processor.py:840} INFO - DAG(s) 'example_branch_dop_operator_v3' retrieved from /home/airflow/.local/lib/python3.12/site-packages/airflow/example_dags/example_branch_python_dop_operator_3.py
[2024-07-15T04:32:02.166+0000] {logging_mixin.py:188} INFO - [2024-07-15T04:32:02.165+0000] {dag.py:3096} INFO - Sync 1 DAGs
[2024-07-15T04:32:02.198+0000] {logging_mixin.py:188} INFO - [2024-07-15T04:32:02.198+0000] {dag.py:3954} INFO - Setting next_dagrun for example_branch_dop_operator_v3 to 2024-07-15 04:31:00+00:00, run_after=2024-07-15 04:32:00+00:00
[2024-07-15T04:32:02.222+0000] {processor.py:183} INFO - Processing /home/airflow/.local/lib/python3.12/site-packages/airflow/example_dags/example_branch_python_dop_operator_3.py took 0.101 seconds
[2024-07-15T04:32:32.267+0000] {processor.py:161} INFO - Started process (PID=911) to work on /home/airflow/.local/lib/python3.12/site-packages/airflow/example_dags/example_branch_python_dop_operator_3.py
[2024-07-15T04:32:32.284+0000] {processor.py:830} INFO - Processing file /home/airflow/.local/lib/python3.12/site-packages/airflow/example_dags/example_branch_python_dop_operator_3.py for tasks to queue
[2024-07-15T04:32:32.286+0000] {logging_mixin.py:188} INFO - [2024-07-15T04:32:32.286+0000] {dagbag.py:545} INFO - Filling up the DagBag from /home/airflow/.local/lib/python3.12/site-packages/airflow/example_dags/example_branch_python_dop_operator_3.py
[2024-07-15T04:32:32.304+0000] {processor.py:840} INFO - DAG(s) 'example_branch_dop_operator_v3' retrieved from /home/airflow/.local/lib/python3.12/site-packages/airflow/example_dags/example_branch_python_dop_operator_3.py
[2024-07-15T04:32:32.356+0000] {logging_mixin.py:188} INFO - [2024-07-15T04:32:32.356+0000] {dag.py:3096} INFO - Sync 1 DAGs
[2024-07-15T04:32:32.470+0000] {logging_mixin.py:188} INFO - [2024-07-15T04:32:32.469+0000] {dag.py:3954} INFO - Setting next_dagrun for example_branch_dop_operator_v3 to 2024-07-15 04:31:00+00:00, run_after=2024-07-15 04:32:00+00:00
[2024-07-15T04:32:32.568+0000] {processor.py:183} INFO - Processing /home/airflow/.local/lib/python3.12/site-packages/airflow/example_dags/example_branch_python_dop_operator_3.py took 0.307 seconds
[2024-07-15T04:33:03.358+0000] {processor.py:161} INFO - Started process (PID=973) to work on /home/airflow/.local/lib/python3.12/site-packages/airflow/example_dags/example_branch_python_dop_operator_3.py
[2024-07-15T04:33:03.359+0000] {processor.py:830} INFO - Processing file /home/airflow/.local/lib/python3.12/site-packages/airflow/example_dags/example_branch_python_dop_operator_3.py for tasks to queue
[2024-07-15T04:33:03.361+0000] {logging_mixin.py:188} INFO - [2024-07-15T04:33:03.361+0000] {dagbag.py:545} INFO - Filling up the DagBag from /home/airflow/.local/lib/python3.12/site-packages/airflow/example_dags/example_branch_python_dop_operator_3.py
[2024-07-15T04:33:03.371+0000] {processor.py:840} INFO - DAG(s) 'example_branch_dop_operator_v3' retrieved from /home/airflow/.local/lib/python3.12/site-packages/airflow/example_dags/example_branch_python_dop_operator_3.py
[2024-07-15T04:33:03.394+0000] {logging_mixin.py:188} INFO - [2024-07-15T04:33:03.393+0000] {dag.py:3096} INFO - Sync 1 DAGs
[2024-07-15T04:33:03.424+0000] {logging_mixin.py:188} INFO - [2024-07-15T04:33:03.424+0000] {dag.py:3954} INFO - Setting next_dagrun for example_branch_dop_operator_v3 to 2024-07-15 04:32:00+00:00, run_after=2024-07-15 04:33:00+00:00
[2024-07-15T04:33:03.450+0000] {processor.py:183} INFO - Processing /home/airflow/.local/lib/python3.12/site-packages/airflow/example_dags/example_branch_python_dop_operator_3.py took 0.097 seconds
[2024-07-15T04:33:33.762+0000] {processor.py:161} INFO - Started process (PID=1035) to work on /home/airflow/.local/lib/python3.12/site-packages/airflow/example_dags/example_branch_python_dop_operator_3.py
[2024-07-15T04:33:33.763+0000] {processor.py:830} INFO - Processing file /home/airflow/.local/lib/python3.12/site-packages/airflow/example_dags/example_branch_python_dop_operator_3.py for tasks to queue
[2024-07-15T04:33:33.765+0000] {logging_mixin.py:188} INFO - [2024-07-15T04:33:33.765+0000] {dagbag.py:545} INFO - Filling up the DagBag from /home/airflow/.local/lib/python3.12/site-packages/airflow/example_dags/example_branch_python_dop_operator_3.py
[2024-07-15T04:33:33.775+0000] {processor.py:840} INFO - DAG(s) 'example_branch_dop_operator_v3' retrieved from /home/airflow/.local/lib/python3.12/site-packages/airflow/example_dags/example_branch_python_dop_operator_3.py
[2024-07-15T04:33:33.798+0000] {logging_mixin.py:188} INFO - [2024-07-15T04:33:33.798+0000] {dag.py:3096} INFO - Sync 1 DAGs
[2024-07-15T04:33:33.829+0000] {logging_mixin.py:188} INFO - [2024-07-15T04:33:33.829+0000] {dag.py:3954} INFO - Setting next_dagrun for example_branch_dop_operator_v3 to 2024-07-15 04:32:00+00:00, run_after=2024-07-15 04:33:00+00:00
[2024-07-15T04:33:33.856+0000] {processor.py:183} INFO - Processing /home/airflow/.local/lib/python3.12/site-packages/airflow/example_dags/example_branch_python_dop_operator_3.py took 0.099 seconds
[2024-07-15T04:34:04.066+0000] {processor.py:161} INFO - Started process (PID=1098) to work on /home/airflow/.local/lib/python3.12/site-packages/airflow/example_dags/example_branch_python_dop_operator_3.py
[2024-07-15T04:34:04.067+0000] {processor.py:830} INFO - Processing file /home/airflow/.local/lib/python3.12/site-packages/airflow/example_dags/example_branch_python_dop_operator_3.py for tasks to queue
[2024-07-15T04:34:04.068+0000] {logging_mixin.py:188} INFO - [2024-07-15T04:34:04.068+0000] {dagbag.py:545} INFO - Filling up the DagBag from /home/airflow/.local/lib/python3.12/site-packages/airflow/example_dags/example_branch_python_dop_operator_3.py
[2024-07-15T04:34:04.090+0000] {processor.py:840} INFO - DAG(s) 'example_branch_dop_operator_v3' retrieved from /home/airflow/.local/lib/python3.12/site-packages/airflow/example_dags/example_branch_python_dop_operator_3.py
[2024-07-15T04:34:04.133+0000] {logging_mixin.py:188} INFO - [2024-07-15T04:34:04.133+0000] {dag.py:3096} INFO - Sync 1 DAGs
[2024-07-15T04:34:04.188+0000] {logging_mixin.py:188} INFO - [2024-07-15T04:34:04.188+0000] {dag.py:3954} INFO - Setting next_dagrun for example_branch_dop_operator_v3 to 2024-07-15 04:33:00+00:00, run_after=2024-07-15 04:34:00+00:00
[2024-07-15T04:34:04.217+0000] {processor.py:183} INFO - Processing /home/airflow/.local/lib/python3.12/site-packages/airflow/example_dags/example_branch_python_dop_operator_3.py took 0.157 seconds
[2024-07-15T04:34:34.779+0000] {processor.py:161} INFO - Started process (PID=1159) to work on /home/airflow/.local/lib/python3.12/site-packages/airflow/example_dags/example_branch_python_dop_operator_3.py
[2024-07-15T04:34:34.780+0000] {processor.py:830} INFO - Processing file /home/airflow/.local/lib/python3.12/site-packages/airflow/example_dags/example_branch_python_dop_operator_3.py for tasks to queue
[2024-07-15T04:34:34.782+0000] {logging_mixin.py:188} INFO - [2024-07-15T04:34:34.781+0000] {dagbag.py:545} INFO - Filling up the DagBag from /home/airflow/.local/lib/python3.12/site-packages/airflow/example_dags/example_branch_python_dop_operator_3.py
[2024-07-15T04:34:34.791+0000] {processor.py:840} INFO - DAG(s) 'example_branch_dop_operator_v3' retrieved from /home/airflow/.local/lib/python3.12/site-packages/airflow/example_dags/example_branch_python_dop_operator_3.py
[2024-07-15T04:34:34.805+0000] {logging_mixin.py:188} INFO - [2024-07-15T04:34:34.805+0000] {dag.py:3096} INFO - Sync 1 DAGs
[2024-07-15T04:34:34.841+0000] {logging_mixin.py:188} INFO - [2024-07-15T04:34:34.841+0000] {dag.py:3954} INFO - Setting next_dagrun for example_branch_dop_operator_v3 to 2024-07-15 04:33:00+00:00, run_after=2024-07-15 04:34:00+00:00
[2024-07-15T04:34:34.866+0000] {processor.py:183} INFO - Processing /home/airflow/.local/lib/python3.12/site-packages/airflow/example_dags/example_branch_python_dop_operator_3.py took 0.092 seconds
[2024-07-15T04:35:05.118+0000] {processor.py:161} INFO - Started process (PID=1220) to work on /home/airflow/.local/lib/python3.12/site-packages/airflow/example_dags/example_branch_python_dop_operator_3.py
[2024-07-15T04:35:05.119+0000] {processor.py:830} INFO - Processing file /home/airflow/.local/lib/python3.12/site-packages/airflow/example_dags/example_branch_python_dop_operator_3.py for tasks to queue
[2024-07-15T04:35:05.121+0000] {logging_mixin.py:188} INFO - [2024-07-15T04:35:05.121+0000] {dagbag.py:545} INFO - Filling up the DagBag from /home/airflow/.local/lib/python3.12/site-packages/airflow/example_dags/example_branch_python_dop_operator_3.py
[2024-07-15T04:35:05.141+0000] {processor.py:840} INFO - DAG(s) 'example_branch_dop_operator_v3' retrieved from /home/airflow/.local/lib/python3.12/site-packages/airflow/example_dags/example_branch_python_dop_operator_3.py
[2024-07-15T04:35:05.309+0000] {logging_mixin.py:188} INFO - [2024-07-15T04:35:05.309+0000] {dag.py:3096} INFO - Sync 1 DAGs
[2024-07-15T04:35:05.361+0000] {logging_mixin.py:188} INFO - [2024-07-15T04:35:05.360+0000] {dag.py:3954} INFO - Setting next_dagrun for example_branch_dop_operator_v3 to 2024-07-15 04:34:00+00:00, run_after=2024-07-15 04:35:00+00:00
[2024-07-15T04:35:05.401+0000] {processor.py:183} INFO - Processing /home/airflow/.local/lib/python3.12/site-packages/airflow/example_dags/example_branch_python_dop_operator_3.py took 0.291 seconds
[2024-07-15T04:35:36.098+0000] {processor.py:161} INFO - Started process (PID=1281) to work on /home/airflow/.local/lib/python3.12/site-packages/airflow/example_dags/example_branch_python_dop_operator_3.py
[2024-07-15T04:35:36.099+0000] {processor.py:830} INFO - Processing file /home/airflow/.local/lib/python3.12/site-packages/airflow/example_dags/example_branch_python_dop_operator_3.py for tasks to queue
[2024-07-15T04:35:36.101+0000] {logging_mixin.py:188} INFO - [2024-07-15T04:35:36.100+0000] {dagbag.py:545} INFO - Filling up the DagBag from /home/airflow/.local/lib/python3.12/site-packages/airflow/example_dags/example_branch_python_dop_operator_3.py
[2024-07-15T04:35:36.110+0000] {processor.py:840} INFO - DAG(s) 'example_branch_dop_operator_v3' retrieved from /home/airflow/.local/lib/python3.12/site-packages/airflow/example_dags/example_branch_python_dop_operator_3.py
[2024-07-15T04:35:36.130+0000] {logging_mixin.py:188} INFO - [2024-07-15T04:35:36.130+0000] {dag.py:3096} INFO - Sync 1 DAGs
[2024-07-15T04:35:36.161+0000] {logging_mixin.py:188} INFO - [2024-07-15T04:35:36.161+0000] {dag.py:3954} INFO - Setting next_dagrun for example_branch_dop_operator_v3 to 2024-07-15 04:34:00+00:00, run_after=2024-07-15 04:35:00+00:00
[2024-07-15T04:35:36.184+0000] {processor.py:183} INFO - Processing /home/airflow/.local/lib/python3.12/site-packages/airflow/example_dags/example_branch_python_dop_operator_3.py took 0.092 seconds
[2024-07-15T04:36:06.878+0000] {processor.py:161} INFO - Started process (PID=1342) to work on /home/airflow/.local/lib/python3.12/site-packages/airflow/example_dags/example_branch_python_dop_operator_3.py
[2024-07-15T04:36:06.878+0000] {processor.py:830} INFO - Processing file /home/airflow/.local/lib/python3.12/site-packages/airflow/example_dags/example_branch_python_dop_operator_3.py for tasks to queue
[2024-07-15T04:36:06.880+0000] {logging_mixin.py:188} INFO - [2024-07-15T04:36:06.880+0000] {dagbag.py:545} INFO - Filling up the DagBag from /home/airflow/.local/lib/python3.12/site-packages/airflow/example_dags/example_branch_python_dop_operator_3.py
[2024-07-15T04:36:06.904+0000] {processor.py:840} INFO - DAG(s) 'example_branch_dop_operator_v3' retrieved from /home/airflow/.local/lib/python3.12/site-packages/airflow/example_dags/example_branch_python_dop_operator_3.py
[2024-07-15T04:36:06.959+0000] {logging_mixin.py:188} INFO - [2024-07-15T04:36:06.958+0000] {dag.py:3096} INFO - Sync 1 DAGs
[2024-07-15T04:36:06.998+0000] {logging_mixin.py:188} INFO - [2024-07-15T04:36:06.998+0000] {dag.py:3954} INFO - Setting next_dagrun for example_branch_dop_operator_v3 to 2024-07-15 04:35:00+00:00, run_after=2024-07-15 04:36:00+00:00
[2024-07-15T04:36:07.036+0000] {processor.py:183} INFO - Processing /home/airflow/.local/lib/python3.12/site-packages/airflow/example_dags/example_branch_python_dop_operator_3.py took 0.165 seconds
[2024-07-15T04:36:37.572+0000] {processor.py:161} INFO - Started process (PID=1404) to work on /home/airflow/.local/lib/python3.12/site-packages/airflow/example_dags/example_branch_python_dop_operator_3.py
[2024-07-15T04:36:37.574+0000] {processor.py:830} INFO - Processing file /home/airflow/.local/lib/python3.12/site-packages/airflow/example_dags/example_branch_python_dop_operator_3.py for tasks to queue
[2024-07-15T04:36:37.577+0000] {logging_mixin.py:188} INFO - [2024-07-15T04:36:37.576+0000] {dagbag.py:545} INFO - Filling up the DagBag from /home/airflow/.local/lib/python3.12/site-packages/airflow/example_dags/example_branch_python_dop_operator_3.py
[2024-07-15T04:36:37.631+0000] {processor.py:840} INFO - DAG(s) 'example_branch_dop_operator_v3' retrieved from /home/airflow/.local/lib/python3.12/site-packages/airflow/example_dags/example_branch_python_dop_operator_3.py
[2024-07-15T04:36:37.757+0000] {logging_mixin.py:188} INFO - [2024-07-15T04:36:37.757+0000] {dag.py:3096} INFO - Sync 1 DAGs
[2024-07-15T04:36:37.923+0000] {logging_mixin.py:188} INFO - [2024-07-15T04:36:37.923+0000] {dag.py:3954} INFO - Setting next_dagrun for example_branch_dop_operator_v3 to 2024-07-15 04:35:00+00:00, run_after=2024-07-15 04:36:00+00:00
[2024-07-15T04:36:38.028+0000] {processor.py:183} INFO - Processing /home/airflow/.local/lib/python3.12/site-packages/airflow/example_dags/example_branch_python_dop_operator_3.py took 0.480 seconds
[2024-07-15T04:37:08.307+0000] {processor.py:161} INFO - Started process (PID=1465) to work on /home/airflow/.local/lib/python3.12/site-packages/airflow/example_dags/example_branch_python_dop_operator_3.py
[2024-07-15T04:37:08.308+0000] {processor.py:830} INFO - Processing file /home/airflow/.local/lib/python3.12/site-packages/airflow/example_dags/example_branch_python_dop_operator_3.py for tasks to queue
[2024-07-15T04:37:08.309+0000] {logging_mixin.py:188} INFO - [2024-07-15T04:37:08.309+0000] {dagbag.py:545} INFO - Filling up the DagBag from /home/airflow/.local/lib/python3.12/site-packages/airflow/example_dags/example_branch_python_dop_operator_3.py
[2024-07-15T04:37:08.316+0000] {processor.py:840} INFO - DAG(s) 'example_branch_dop_operator_v3' retrieved from /home/airflow/.local/lib/python3.12/site-packages/airflow/example_dags/example_branch_python_dop_operator_3.py
[2024-07-15T04:37:08.338+0000] {logging_mixin.py:188} INFO - [2024-07-15T04:37:08.337+0000] {dag.py:3096} INFO - Sync 1 DAGs
[2024-07-15T04:37:08.369+0000] {logging_mixin.py:188} INFO - [2024-07-15T04:37:08.369+0000] {dag.py:3954} INFO - Setting next_dagrun for example_branch_dop_operator_v3 to 2024-07-15 04:36:00+00:00, run_after=2024-07-15 04:37:00+00:00
[2024-07-15T04:37:08.395+0000] {processor.py:183} INFO - Processing /home/airflow/.local/lib/python3.12/site-packages/airflow/example_dags/example_branch_python_dop_operator_3.py took 0.095 seconds
[2024-07-15T04:37:38.793+0000] {processor.py:161} INFO - Started process (PID=1528) to work on /home/airflow/.local/lib/python3.12/site-packages/airflow/example_dags/example_branch_python_dop_operator_3.py
[2024-07-15T04:37:38.794+0000] {processor.py:830} INFO - Processing file /home/airflow/.local/lib/python3.12/site-packages/airflow/example_dags/example_branch_python_dop_operator_3.py for tasks to queue
[2024-07-15T04:37:38.795+0000] {logging_mixin.py:188} INFO - [2024-07-15T04:37:38.795+0000] {dagbag.py:545} INFO - Filling up the DagBag from /home/airflow/.local/lib/python3.12/site-packages/airflow/example_dags/example_branch_python_dop_operator_3.py
[2024-07-15T04:37:38.811+0000] {processor.py:840} INFO - DAG(s) 'example_branch_dop_operator_v3' retrieved from /home/airflow/.local/lib/python3.12/site-packages/airflow/example_dags/example_branch_python_dop_operator_3.py
[2024-07-15T04:37:38.833+0000] {logging_mixin.py:188} INFO - [2024-07-15T04:37:38.833+0000] {dag.py:3096} INFO - Sync 1 DAGs
[2024-07-15T04:37:38.867+0000] {logging_mixin.py:188} INFO - [2024-07-15T04:37:38.866+0000] {dag.py:3954} INFO - Setting next_dagrun for example_branch_dop_operator_v3 to 2024-07-15 04:36:00+00:00, run_after=2024-07-15 04:37:00+00:00
[2024-07-15T04:37:38.891+0000] {processor.py:183} INFO - Processing /home/airflow/.local/lib/python3.12/site-packages/airflow/example_dags/example_branch_python_dop_operator_3.py took 0.104 seconds
[2024-07-15T04:38:09.958+0000] {processor.py:161} INFO - Started process (PID=1589) to work on /home/airflow/.local/lib/python3.12/site-packages/airflow/example_dags/example_branch_python_dop_operator_3.py
[2024-07-15T04:38:09.964+0000] {processor.py:830} INFO - Processing file /home/airflow/.local/lib/python3.12/site-packages/airflow/example_dags/example_branch_python_dop_operator_3.py for tasks to queue
[2024-07-15T04:38:09.966+0000] {logging_mixin.py:188} INFO - [2024-07-15T04:38:09.966+0000] {dagbag.py:545} INFO - Filling up the DagBag from /home/airflow/.local/lib/python3.12/site-packages/airflow/example_dags/example_branch_python_dop_operator_3.py
[2024-07-15T04:38:10.015+0000] {processor.py:840} INFO - DAG(s) 'example_branch_dop_operator_v3' retrieved from /home/airflow/.local/lib/python3.12/site-packages/airflow/example_dags/example_branch_python_dop_operator_3.py
[2024-07-15T04:38:10.062+0000] {logging_mixin.py:188} INFO - [2024-07-15T04:38:10.062+0000] {dag.py:3096} INFO - Sync 1 DAGs
[2024-07-15T04:38:10.103+0000] {logging_mixin.py:188} INFO - [2024-07-15T04:38:10.103+0000] {dag.py:3954} INFO - Setting next_dagrun for example_branch_dop_operator_v3 to 2024-07-15 04:37:00+00:00, run_after=2024-07-15 04:38:00+00:00
[2024-07-15T04:38:10.136+0000] {processor.py:183} INFO - Processing /home/airflow/.local/lib/python3.12/site-packages/airflow/example_dags/example_branch_python_dop_operator_3.py took 0.193 seconds
[2024-07-15T04:38:40.972+0000] {processor.py:161} INFO - Started process (PID=1650) to work on /home/airflow/.local/lib/python3.12/site-packages/airflow/example_dags/example_branch_python_dop_operator_3.py
[2024-07-15T04:38:40.972+0000] {processor.py:830} INFO - Processing file /home/airflow/.local/lib/python3.12/site-packages/airflow/example_dags/example_branch_python_dop_operator_3.py for tasks to queue
[2024-07-15T04:38:40.977+0000] {logging_mixin.py:188} INFO - [2024-07-15T04:38:40.977+0000] {dagbag.py:545} INFO - Filling up the DagBag from /home/airflow/.local/lib/python3.12/site-packages/airflow/example_dags/example_branch_python_dop_operator_3.py
[2024-07-15T04:38:40.987+0000] {processor.py:840} INFO - DAG(s) 'example_branch_dop_operator_v3' retrieved from /home/airflow/.local/lib/python3.12/site-packages/airflow/example_dags/example_branch_python_dop_operator_3.py
[2024-07-15T04:38:41.048+0000] {logging_mixin.py:188} INFO - [2024-07-15T04:38:41.048+0000] {dag.py:3096} INFO - Sync 1 DAGs
[2024-07-15T04:38:41.105+0000] {logging_mixin.py:188} INFO - [2024-07-15T04:38:41.105+0000] {dag.py:3954} INFO - Setting next_dagrun for example_branch_dop_operator_v3 to 2024-07-15 04:37:00+00:00, run_after=2024-07-15 04:38:00+00:00
[2024-07-15T04:38:41.173+0000] {processor.py:183} INFO - Processing /home/airflow/.local/lib/python3.12/site-packages/airflow/example_dags/example_branch_python_dop_operator_3.py took 0.207 seconds
[2024-07-15T04:39:12.153+0000] {processor.py:161} INFO - Started process (PID=1711) to work on /home/airflow/.local/lib/python3.12/site-packages/airflow/example_dags/example_branch_python_dop_operator_3.py
[2024-07-15T04:39:12.154+0000] {processor.py:830} INFO - Processing file /home/airflow/.local/lib/python3.12/site-packages/airflow/example_dags/example_branch_python_dop_operator_3.py for tasks to queue
[2024-07-15T04:39:12.156+0000] {logging_mixin.py:188} INFO - [2024-07-15T04:39:12.156+0000] {dagbag.py:545} INFO - Filling up the DagBag from /home/airflow/.local/lib/python3.12/site-packages/airflow/example_dags/example_branch_python_dop_operator_3.py
[2024-07-15T04:39:12.166+0000] {processor.py:840} INFO - DAG(s) 'example_branch_dop_operator_v3' retrieved from /home/airflow/.local/lib/python3.12/site-packages/airflow/example_dags/example_branch_python_dop_operator_3.py
[2024-07-15T04:39:12.190+0000] {logging_mixin.py:188} INFO - [2024-07-15T04:39:12.189+0000] {dag.py:3096} INFO - Sync 1 DAGs
[2024-07-15T04:39:12.224+0000] {logging_mixin.py:188} INFO - [2024-07-15T04:39:12.223+0000] {dag.py:3954} INFO - Setting next_dagrun for example_branch_dop_operator_v3 to 2024-07-15 04:38:00+00:00, run_after=2024-07-15 04:39:00+00:00
[2024-07-15T04:39:12.263+0000] {processor.py:183} INFO - Processing /home/airflow/.local/lib/python3.12/site-packages/airflow/example_dags/example_branch_python_dop_operator_3.py took 0.116 seconds
[2024-07-15T04:39:43.402+0000] {processor.py:161} INFO - Started process (PID=1772) to work on /home/airflow/.local/lib/python3.12/site-packages/airflow/example_dags/example_branch_python_dop_operator_3.py
[2024-07-15T04:39:43.412+0000] {processor.py:830} INFO - Processing file /home/airflow/.local/lib/python3.12/site-packages/airflow/example_dags/example_branch_python_dop_operator_3.py for tasks to queue
[2024-07-15T04:39:43.414+0000] {logging_mixin.py:188} INFO - [2024-07-15T04:39:43.413+0000] {dagbag.py:545} INFO - Filling up the DagBag from /home/airflow/.local/lib/python3.12/site-packages/airflow/example_dags/example_branch_python_dop_operator_3.py
[2024-07-15T04:39:43.423+0000] {processor.py:840} INFO - DAG(s) 'example_branch_dop_operator_v3' retrieved from /home/airflow/.local/lib/python3.12/site-packages/airflow/example_dags/example_branch_python_dop_operator_3.py
[2024-07-15T04:39:43.471+0000] {logging_mixin.py:188} INFO - [2024-07-15T04:39:43.470+0000] {dag.py:3096} INFO - Sync 1 DAGs
[2024-07-15T04:39:43.525+0000] {logging_mixin.py:188} INFO - [2024-07-15T04:39:43.525+0000] {dag.py:3954} INFO - Setting next_dagrun for example_branch_dop_operator_v3 to 2024-07-15 04:38:00+00:00, run_after=2024-07-15 04:39:00+00:00
[2024-07-15T04:39:43.832+0000] {processor.py:183} INFO - Processing /home/airflow/.local/lib/python3.12/site-packages/airflow/example_dags/example_branch_python_dop_operator_3.py took 0.437 seconds
[2024-07-15T04:40:14.605+0000] {processor.py:161} INFO - Started process (PID=1833) to work on /home/airflow/.local/lib/python3.12/site-packages/airflow/example_dags/example_branch_python_dop_operator_3.py
[2024-07-15T04:40:14.611+0000] {processor.py:830} INFO - Processing file /home/airflow/.local/lib/python3.12/site-packages/airflow/example_dags/example_branch_python_dop_operator_3.py for tasks to queue
[2024-07-15T04:40:14.614+0000] {logging_mixin.py:188} INFO - [2024-07-15T04:40:14.613+0000] {dagbag.py:545} INFO - Filling up the DagBag from /home/airflow/.local/lib/python3.12/site-packages/airflow/example_dags/example_branch_python_dop_operator_3.py
[2024-07-15T04:40:14.736+0000] {processor.py:840} INFO - DAG(s) 'example_branch_dop_operator_v3' retrieved from /home/airflow/.local/lib/python3.12/site-packages/airflow/example_dags/example_branch_python_dop_operator_3.py
[2024-07-15T04:40:14.779+0000] {logging_mixin.py:188} INFO - [2024-07-15T04:40:14.779+0000] {dag.py:3096} INFO - Sync 1 DAGs
[2024-07-15T04:40:14.850+0000] {logging_mixin.py:188} INFO - [2024-07-15T04:40:14.849+0000] {dag.py:3954} INFO - Setting next_dagrun for example_branch_dop_operator_v3 to 2024-07-15 04:39:00+00:00, run_after=2024-07-15 04:40:00+00:00
[2024-07-15T04:40:15.292+0000] {processor.py:183} INFO - Processing /home/airflow/.local/lib/python3.12/site-packages/airflow/example_dags/example_branch_python_dop_operator_3.py took 0.710 seconds
[2024-07-15T04:40:46.584+0000] {processor.py:161} INFO - Started process (PID=1894) to work on /home/airflow/.local/lib/python3.12/site-packages/airflow/example_dags/example_branch_python_dop_operator_3.py
[2024-07-15T04:40:46.585+0000] {processor.py:830} INFO - Processing file /home/airflow/.local/lib/python3.12/site-packages/airflow/example_dags/example_branch_python_dop_operator_3.py for tasks to queue
[2024-07-15T04:40:46.591+0000] {logging_mixin.py:188} INFO - [2024-07-15T04:40:46.591+0000] {dagbag.py:545} INFO - Filling up the DagBag from /home/airflow/.local/lib/python3.12/site-packages/airflow/example_dags/example_branch_python_dop_operator_3.py
[2024-07-15T04:40:46.641+0000] {processor.py:840} INFO - DAG(s) 'example_branch_dop_operator_v3' retrieved from /home/airflow/.local/lib/python3.12/site-packages/airflow/example_dags/example_branch_python_dop_operator_3.py
[2024-07-15T04:40:46.704+0000] {logging_mixin.py:188} INFO - [2024-07-15T04:40:46.704+0000] {dag.py:3096} INFO - Sync 1 DAGs
[2024-07-15T04:40:46.761+0000] {logging_mixin.py:188} INFO - [2024-07-15T04:40:46.761+0000] {dag.py:3954} INFO - Setting next_dagrun for example_branch_dop_operator_v3 to 2024-07-15 04:39:00+00:00, run_after=2024-07-15 04:40:00+00:00
[2024-07-15T04:40:47.170+0000] {processor.py:183} INFO - Processing /home/airflow/.local/lib/python3.12/site-packages/airflow/example_dags/example_branch_python_dop_operator_3.py took 0.628 seconds
[2024-07-15T04:41:18.052+0000] {processor.py:161} INFO - Started process (PID=1957) to work on /home/airflow/.local/lib/python3.12/site-packages/airflow/example_dags/example_branch_python_dop_operator_3.py
[2024-07-15T04:41:18.053+0000] {processor.py:830} INFO - Processing file /home/airflow/.local/lib/python3.12/site-packages/airflow/example_dags/example_branch_python_dop_operator_3.py for tasks to queue
[2024-07-15T04:41:18.055+0000] {logging_mixin.py:188} INFO - [2024-07-15T04:41:18.055+0000] {dagbag.py:545} INFO - Filling up the DagBag from /home/airflow/.local/lib/python3.12/site-packages/airflow/example_dags/example_branch_python_dop_operator_3.py
[2024-07-15T04:41:18.065+0000] {processor.py:840} INFO - DAG(s) 'example_branch_dop_operator_v3' retrieved from /home/airflow/.local/lib/python3.12/site-packages/airflow/example_dags/example_branch_python_dop_operator_3.py
[2024-07-15T04:41:18.088+0000] {logging_mixin.py:188} INFO - [2024-07-15T04:41:18.087+0000] {dag.py:3096} INFO - Sync 1 DAGs
[2024-07-15T04:41:18.121+0000] {logging_mixin.py:188} INFO - [2024-07-15T04:41:18.121+0000] {dag.py:3954} INFO - Setting next_dagrun for example_branch_dop_operator_v3 to 2024-07-15 04:40:00+00:00, run_after=2024-07-15 04:41:00+00:00
[2024-07-15T04:41:18.147+0000] {processor.py:183} INFO - Processing /home/airflow/.local/lib/python3.12/site-packages/airflow/example_dags/example_branch_python_dop_operator_3.py took 0.100 seconds
[2024-07-15T04:41:48.235+0000] {processor.py:161} INFO - Started process (PID=2019) to work on /home/airflow/.local/lib/python3.12/site-packages/airflow/example_dags/example_branch_python_dop_operator_3.py
[2024-07-15T04:41:48.236+0000] {processor.py:830} INFO - Processing file /home/airflow/.local/lib/python3.12/site-packages/airflow/example_dags/example_branch_python_dop_operator_3.py for tasks to queue
[2024-07-15T04:41:48.237+0000] {logging_mixin.py:188} INFO - [2024-07-15T04:41:48.237+0000] {dagbag.py:545} INFO - Filling up the DagBag from /home/airflow/.local/lib/python3.12/site-packages/airflow/example_dags/example_branch_python_dop_operator_3.py
[2024-07-15T04:41:48.247+0000] {processor.py:840} INFO - DAG(s) 'example_branch_dop_operator_v3' retrieved from /home/airflow/.local/lib/python3.12/site-packages/airflow/example_dags/example_branch_python_dop_operator_3.py
[2024-07-15T04:41:48.271+0000] {logging_mixin.py:188} INFO - [2024-07-15T04:41:48.271+0000] {dag.py:3096} INFO - Sync 1 DAGs
[2024-07-15T04:41:48.307+0000] {logging_mixin.py:188} INFO - [2024-07-15T04:41:48.307+0000] {dag.py:3954} INFO - Setting next_dagrun for example_branch_dop_operator_v3 to 2024-07-15 04:40:00+00:00, run_after=2024-07-15 04:41:00+00:00
[2024-07-15T04:41:48.332+0000] {processor.py:183} INFO - Processing /home/airflow/.local/lib/python3.12/site-packages/airflow/example_dags/example_branch_python_dop_operator_3.py took 0.104 seconds
[2024-07-15T04:42:18.997+0000] {processor.py:161} INFO - Started process (PID=2080) to work on /home/airflow/.local/lib/python3.12/site-packages/airflow/example_dags/example_branch_python_dop_operator_3.py
[2024-07-15T04:42:18.998+0000] {processor.py:830} INFO - Processing file /home/airflow/.local/lib/python3.12/site-packages/airflow/example_dags/example_branch_python_dop_operator_3.py for tasks to queue
[2024-07-15T04:42:19.000+0000] {logging_mixin.py:188} INFO - [2024-07-15T04:42:19.000+0000] {dagbag.py:545} INFO - Filling up the DagBag from /home/airflow/.local/lib/python3.12/site-packages/airflow/example_dags/example_branch_python_dop_operator_3.py
[2024-07-15T04:42:19.044+0000] {processor.py:840} INFO - DAG(s) 'example_branch_dop_operator_v3' retrieved from /home/airflow/.local/lib/python3.12/site-packages/airflow/example_dags/example_branch_python_dop_operator_3.py
[2024-07-15T04:42:19.115+0000] {logging_mixin.py:188} INFO - [2024-07-15T04:42:19.114+0000] {dag.py:3096} INFO - Sync 1 DAGs
[2024-07-15T04:42:19.187+0000] {logging_mixin.py:188} INFO - [2024-07-15T04:42:19.187+0000] {dag.py:3954} INFO - Setting next_dagrun for example_branch_dop_operator_v3 to 2024-07-15 04:41:00+00:00, run_after=2024-07-15 04:42:00+00:00
[2024-07-15T04:42:19.227+0000] {processor.py:183} INFO - Processing /home/airflow/.local/lib/python3.12/site-packages/airflow/example_dags/example_branch_python_dop_operator_3.py took 0.245 seconds
[2024-07-15T04:42:49.512+0000] {processor.py:161} INFO - Started process (PID=2140) to work on /home/airflow/.local/lib/python3.12/site-packages/airflow/example_dags/example_branch_python_dop_operator_3.py
[2024-07-15T04:42:49.513+0000] {processor.py:830} INFO - Processing file /home/airflow/.local/lib/python3.12/site-packages/airflow/example_dags/example_branch_python_dop_operator_3.py for tasks to queue
[2024-07-15T04:42:49.521+0000] {logging_mixin.py:188} INFO - [2024-07-15T04:42:49.520+0000] {dagbag.py:545} INFO - Filling up the DagBag from /home/airflow/.local/lib/python3.12/site-packages/airflow/example_dags/example_branch_python_dop_operator_3.py
[2024-07-15T04:42:49.556+0000] {processor.py:840} INFO - DAG(s) 'example_branch_dop_operator_v3' retrieved from /home/airflow/.local/lib/python3.12/site-packages/airflow/example_dags/example_branch_python_dop_operator_3.py
[2024-07-15T04:42:49.579+0000] {logging_mixin.py:188} INFO - [2024-07-15T04:42:49.579+0000] {dag.py:3096} INFO - Sync 1 DAGs
[2024-07-15T04:42:49.610+0000] {logging_mixin.py:188} INFO - [2024-07-15T04:42:49.609+0000] {dag.py:3954} INFO - Setting next_dagrun for example_branch_dop_operator_v3 to 2024-07-15 04:41:00+00:00, run_after=2024-07-15 04:42:00+00:00
[2024-07-15T04:42:49.652+0000] {processor.py:183} INFO - Processing /home/airflow/.local/lib/python3.12/site-packages/airflow/example_dags/example_branch_python_dop_operator_3.py took 0.166 seconds
[2024-07-15T04:43:20.343+0000] {processor.py:161} INFO - Started process (PID=2200) to work on /home/airflow/.local/lib/python3.12/site-packages/airflow/example_dags/example_branch_python_dop_operator_3.py
[2024-07-15T04:43:20.345+0000] {processor.py:830} INFO - Processing file /home/airflow/.local/lib/python3.12/site-packages/airflow/example_dags/example_branch_python_dop_operator_3.py for tasks to queue
[2024-07-15T04:43:20.348+0000] {logging_mixin.py:188} INFO - [2024-07-15T04:43:20.348+0000] {dagbag.py:545} INFO - Filling up the DagBag from /home/airflow/.local/lib/python3.12/site-packages/airflow/example_dags/example_branch_python_dop_operator_3.py
[2024-07-15T04:43:20.372+0000] {processor.py:840} INFO - DAG(s) 'example_branch_dop_operator_v3' retrieved from /home/airflow/.local/lib/python3.12/site-packages/airflow/example_dags/example_branch_python_dop_operator_3.py
[2024-07-15T04:43:20.416+0000] {logging_mixin.py:188} INFO - [2024-07-15T04:43:20.416+0000] {dag.py:3096} INFO - Sync 1 DAGs
[2024-07-15T04:43:20.501+0000] {logging_mixin.py:188} INFO - [2024-07-15T04:43:20.501+0000] {dag.py:3954} INFO - Setting next_dagrun for example_branch_dop_operator_v3 to 2024-07-15 04:42:00+00:00, run_after=2024-07-15 04:43:00+00:00
[2024-07-15T04:43:20.549+0000] {processor.py:183} INFO - Processing /home/airflow/.local/lib/python3.12/site-packages/airflow/example_dags/example_branch_python_dop_operator_3.py took 0.219 seconds
[2024-07-15T04:43:50.697+0000] {processor.py:161} INFO - Started process (PID=2261) to work on /home/airflow/.local/lib/python3.12/site-packages/airflow/example_dags/example_branch_python_dop_operator_3.py
[2024-07-15T04:43:50.698+0000] {processor.py:830} INFO - Processing file /home/airflow/.local/lib/python3.12/site-packages/airflow/example_dags/example_branch_python_dop_operator_3.py for tasks to queue
[2024-07-15T04:43:50.708+0000] {logging_mixin.py:188} INFO - [2024-07-15T04:43:50.699+0000] {dagbag.py:545} INFO - Filling up the DagBag from /home/airflow/.local/lib/python3.12/site-packages/airflow/example_dags/example_branch_python_dop_operator_3.py
[2024-07-15T04:43:50.764+0000] {processor.py:840} INFO - DAG(s) 'example_branch_dop_operator_v3' retrieved from /home/airflow/.local/lib/python3.12/site-packages/airflow/example_dags/example_branch_python_dop_operator_3.py
[2024-07-15T04:43:50.837+0000] {logging_mixin.py:188} INFO - [2024-07-15T04:43:50.836+0000] {dag.py:3096} INFO - Sync 1 DAGs
[2024-07-15T04:43:50.967+0000] {logging_mixin.py:188} INFO - [2024-07-15T04:43:50.966+0000] {dag.py:3954} INFO - Setting next_dagrun for example_branch_dop_operator_v3 to 2024-07-15 04:42:00+00:00, run_after=2024-07-15 04:43:00+00:00
[2024-07-15T04:43:51.042+0000] {processor.py:183} INFO - Processing /home/airflow/.local/lib/python3.12/site-packages/airflow/example_dags/example_branch_python_dop_operator_3.py took 0.360 seconds
[2024-07-15T04:44:21.831+0000] {processor.py:161} INFO - Started process (PID=2324) to work on /home/airflow/.local/lib/python3.12/site-packages/airflow/example_dags/example_branch_python_dop_operator_3.py
[2024-07-15T04:44:21.844+0000] {processor.py:830} INFO - Processing file /home/airflow/.local/lib/python3.12/site-packages/airflow/example_dags/example_branch_python_dop_operator_3.py for tasks to queue
[2024-07-15T04:44:21.846+0000] {logging_mixin.py:188} INFO - [2024-07-15T04:44:21.846+0000] {dagbag.py:545} INFO - Filling up the DagBag from /home/airflow/.local/lib/python3.12/site-packages/airflow/example_dags/example_branch_python_dop_operator_3.py
[2024-07-15T04:44:21.876+0000] {processor.py:840} INFO - DAG(s) 'example_branch_dop_operator_v3' retrieved from /home/airflow/.local/lib/python3.12/site-packages/airflow/example_dags/example_branch_python_dop_operator_3.py
[2024-07-15T04:44:21.940+0000] {logging_mixin.py:188} INFO - [2024-07-15T04:44:21.940+0000] {dag.py:3096} INFO - Sync 1 DAGs
[2024-07-15T04:44:22.093+0000] {logging_mixin.py:188} INFO - [2024-07-15T04:44:22.092+0000] {dag.py:3954} INFO - Setting next_dagrun for example_branch_dop_operator_v3 to 2024-07-15 04:43:00+00:00, run_after=2024-07-15 04:44:00+00:00
[2024-07-15T04:44:22.172+0000] {processor.py:183} INFO - Processing /home/airflow/.local/lib/python3.12/site-packages/airflow/example_dags/example_branch_python_dop_operator_3.py took 0.347 seconds
[2024-07-15T04:44:52.252+0000] {processor.py:161} INFO - Started process (PID=2386) to work on /home/airflow/.local/lib/python3.12/site-packages/airflow/example_dags/example_branch_python_dop_operator_3.py
[2024-07-15T04:44:52.253+0000] {processor.py:830} INFO - Processing file /home/airflow/.local/lib/python3.12/site-packages/airflow/example_dags/example_branch_python_dop_operator_3.py for tasks to queue
[2024-07-15T04:44:52.255+0000] {logging_mixin.py:188} INFO - [2024-07-15T04:44:52.255+0000] {dagbag.py:545} INFO - Filling up the DagBag from /home/airflow/.local/lib/python3.12/site-packages/airflow/example_dags/example_branch_python_dop_operator_3.py
[2024-07-15T04:44:52.265+0000] {processor.py:840} INFO - DAG(s) 'example_branch_dop_operator_v3' retrieved from /home/airflow/.local/lib/python3.12/site-packages/airflow/example_dags/example_branch_python_dop_operator_3.py
[2024-07-15T04:44:52.287+0000] {logging_mixin.py:188} INFO - [2024-07-15T04:44:52.287+0000] {dag.py:3096} INFO - Sync 1 DAGs
[2024-07-15T04:44:52.318+0000] {logging_mixin.py:188} INFO - [2024-07-15T04:44:52.318+0000] {dag.py:3954} INFO - Setting next_dagrun for example_branch_dop_operator_v3 to 2024-07-15 04:43:00+00:00, run_after=2024-07-15 04:44:00+00:00
[2024-07-15T04:44:52.342+0000] {processor.py:183} INFO - Processing /home/airflow/.local/lib/python3.12/site-packages/airflow/example_dags/example_branch_python_dop_operator_3.py took 0.096 seconds
[2024-07-15T04:45:22.467+0000] {processor.py:161} INFO - Started process (PID=2447) to work on /home/airflow/.local/lib/python3.12/site-packages/airflow/example_dags/example_branch_python_dop_operator_3.py
[2024-07-15T04:45:22.468+0000] {processor.py:830} INFO - Processing file /home/airflow/.local/lib/python3.12/site-packages/airflow/example_dags/example_branch_python_dop_operator_3.py for tasks to queue
[2024-07-15T04:45:22.470+0000] {logging_mixin.py:188} INFO - [2024-07-15T04:45:22.470+0000] {dagbag.py:545} INFO - Filling up the DagBag from /home/airflow/.local/lib/python3.12/site-packages/airflow/example_dags/example_branch_python_dop_operator_3.py
[2024-07-15T04:45:22.493+0000] {processor.py:840} INFO - DAG(s) 'example_branch_dop_operator_v3' retrieved from /home/airflow/.local/lib/python3.12/site-packages/airflow/example_dags/example_branch_python_dop_operator_3.py
[2024-07-15T04:45:22.526+0000] {logging_mixin.py:188} INFO - [2024-07-15T04:45:22.526+0000] {dag.py:3096} INFO - Sync 1 DAGs
[2024-07-15T04:45:22.558+0000] {logging_mixin.py:188} INFO - [2024-07-15T04:45:22.558+0000] {dag.py:3954} INFO - Setting next_dagrun for example_branch_dop_operator_v3 to 2024-07-15 04:44:00+00:00, run_after=2024-07-15 04:45:00+00:00
[2024-07-15T04:45:22.607+0000] {processor.py:183} INFO - Processing /home/airflow/.local/lib/python3.12/site-packages/airflow/example_dags/example_branch_python_dop_operator_3.py took 0.156 seconds
[2024-07-15T04:45:53.200+0000] {processor.py:161} INFO - Started process (PID=2508) to work on /home/airflow/.local/lib/python3.12/site-packages/airflow/example_dags/example_branch_python_dop_operator_3.py
[2024-07-15T04:45:53.201+0000] {processor.py:830} INFO - Processing file /home/airflow/.local/lib/python3.12/site-packages/airflow/example_dags/example_branch_python_dop_operator_3.py for tasks to queue
[2024-07-15T04:45:53.203+0000] {logging_mixin.py:188} INFO - [2024-07-15T04:45:53.202+0000] {dagbag.py:545} INFO - Filling up the DagBag from /home/airflow/.local/lib/python3.12/site-packages/airflow/example_dags/example_branch_python_dop_operator_3.py
[2024-07-15T04:45:53.212+0000] {processor.py:840} INFO - DAG(s) 'example_branch_dop_operator_v3' retrieved from /home/airflow/.local/lib/python3.12/site-packages/airflow/example_dags/example_branch_python_dop_operator_3.py
[2024-07-15T04:45:53.236+0000] {logging_mixin.py:188} INFO - [2024-07-15T04:45:53.235+0000] {dag.py:3096} INFO - Sync 1 DAGs
[2024-07-15T04:45:53.267+0000] {logging_mixin.py:188} INFO - [2024-07-15T04:45:53.266+0000] {dag.py:3954} INFO - Setting next_dagrun for example_branch_dop_operator_v3 to 2024-07-15 04:44:00+00:00, run_after=2024-07-15 04:45:00+00:00
[2024-07-15T04:45:53.293+0000] {processor.py:183} INFO - Processing /home/airflow/.local/lib/python3.12/site-packages/airflow/example_dags/example_branch_python_dop_operator_3.py took 0.098 seconds
[2024-07-15T04:46:23.626+0000] {processor.py:161} INFO - Started process (PID=2569) to work on /home/airflow/.local/lib/python3.12/site-packages/airflow/example_dags/example_branch_python_dop_operator_3.py
[2024-07-15T04:46:23.627+0000] {processor.py:830} INFO - Processing file /home/airflow/.local/lib/python3.12/site-packages/airflow/example_dags/example_branch_python_dop_operator_3.py for tasks to queue
[2024-07-15T04:46:23.629+0000] {logging_mixin.py:188} INFO - [2024-07-15T04:46:23.629+0000] {dagbag.py:545} INFO - Filling up the DagBag from /home/airflow/.local/lib/python3.12/site-packages/airflow/example_dags/example_branch_python_dop_operator_3.py
[2024-07-15T04:46:23.640+0000] {processor.py:840} INFO - DAG(s) 'example_branch_dop_operator_v3' retrieved from /home/airflow/.local/lib/python3.12/site-packages/airflow/example_dags/example_branch_python_dop_operator_3.py
[2024-07-15T04:46:23.663+0000] {logging_mixin.py:188} INFO - [2024-07-15T04:46:23.662+0000] {dag.py:3096} INFO - Sync 1 DAGs
[2024-07-15T04:46:23.694+0000] {logging_mixin.py:188} INFO - [2024-07-15T04:46:23.693+0000] {dag.py:3954} INFO - Setting next_dagrun for example_branch_dop_operator_v3 to 2024-07-15 04:45:00+00:00, run_after=2024-07-15 04:46:00+00:00
[2024-07-15T04:46:23.723+0000] {processor.py:183} INFO - Processing /home/airflow/.local/lib/python3.12/site-packages/airflow/example_dags/example_branch_python_dop_operator_3.py took 0.102 seconds
[2024-07-15T04:46:53.816+0000] {processor.py:161} INFO - Started process (PID=2631) to work on /home/airflow/.local/lib/python3.12/site-packages/airflow/example_dags/example_branch_python_dop_operator_3.py
[2024-07-15T04:46:53.817+0000] {processor.py:830} INFO - Processing file /home/airflow/.local/lib/python3.12/site-packages/airflow/example_dags/example_branch_python_dop_operator_3.py for tasks to queue
[2024-07-15T04:46:53.819+0000] {logging_mixin.py:188} INFO - [2024-07-15T04:46:53.819+0000] {dagbag.py:545} INFO - Filling up the DagBag from /home/airflow/.local/lib/python3.12/site-packages/airflow/example_dags/example_branch_python_dop_operator_3.py
[2024-07-15T04:46:53.828+0000] {processor.py:840} INFO - DAG(s) 'example_branch_dop_operator_v3' retrieved from /home/airflow/.local/lib/python3.12/site-packages/airflow/example_dags/example_branch_python_dop_operator_3.py
[2024-07-15T04:46:53.853+0000] {logging_mixin.py:188} INFO - [2024-07-15T04:46:53.853+0000] {dag.py:3096} INFO - Sync 1 DAGs
[2024-07-15T04:46:53.886+0000] {logging_mixin.py:188} INFO - [2024-07-15T04:46:53.885+0000] {dag.py:3954} INFO - Setting next_dagrun for example_branch_dop_operator_v3 to 2024-07-15 04:45:00+00:00, run_after=2024-07-15 04:46:00+00:00
[2024-07-15T04:46:53.914+0000] {processor.py:183} INFO - Processing /home/airflow/.local/lib/python3.12/site-packages/airflow/example_dags/example_branch_python_dop_operator_3.py took 0.104 seconds
[2024-07-15T04:47:24.383+0000] {processor.py:161} INFO - Started process (PID=2692) to work on /home/airflow/.local/lib/python3.12/site-packages/airflow/example_dags/example_branch_python_dop_operator_3.py
[2024-07-15T04:47:24.384+0000] {processor.py:830} INFO - Processing file /home/airflow/.local/lib/python3.12/site-packages/airflow/example_dags/example_branch_python_dop_operator_3.py for tasks to queue
[2024-07-15T04:47:24.385+0000] {logging_mixin.py:188} INFO - [2024-07-15T04:47:24.385+0000] {dagbag.py:545} INFO - Filling up the DagBag from /home/airflow/.local/lib/python3.12/site-packages/airflow/example_dags/example_branch_python_dop_operator_3.py
[2024-07-15T04:47:24.395+0000] {processor.py:840} INFO - DAG(s) 'example_branch_dop_operator_v3' retrieved from /home/airflow/.local/lib/python3.12/site-packages/airflow/example_dags/example_branch_python_dop_operator_3.py
[2024-07-15T04:47:24.418+0000] {logging_mixin.py:188} INFO - [2024-07-15T04:47:24.418+0000] {dag.py:3096} INFO - Sync 1 DAGs
[2024-07-15T04:47:24.450+0000] {logging_mixin.py:188} INFO - [2024-07-15T04:47:24.450+0000] {dag.py:3954} INFO - Setting next_dagrun for example_branch_dop_operator_v3 to 2024-07-15 04:46:00+00:00, run_after=2024-07-15 04:47:00+00:00
[2024-07-15T04:47:24.475+0000] {processor.py:183} INFO - Processing /home/airflow/.local/lib/python3.12/site-packages/airflow/example_dags/example_branch_python_dop_operator_3.py took 0.098 seconds
[2024-07-15T04:47:54.973+0000] {processor.py:161} INFO - Started process (PID=2754) to work on /home/airflow/.local/lib/python3.12/site-packages/airflow/example_dags/example_branch_python_dop_operator_3.py
[2024-07-15T04:47:54.974+0000] {processor.py:830} INFO - Processing file /home/airflow/.local/lib/python3.12/site-packages/airflow/example_dags/example_branch_python_dop_operator_3.py for tasks to queue
[2024-07-15T04:47:54.975+0000] {logging_mixin.py:188} INFO - [2024-07-15T04:47:54.975+0000] {dagbag.py:545} INFO - Filling up the DagBag from /home/airflow/.local/lib/python3.12/site-packages/airflow/example_dags/example_branch_python_dop_operator_3.py
[2024-07-15T04:47:54.985+0000] {processor.py:840} INFO - DAG(s) 'example_branch_dop_operator_v3' retrieved from /home/airflow/.local/lib/python3.12/site-packages/airflow/example_dags/example_branch_python_dop_operator_3.py
[2024-07-15T04:47:55.008+0000] {logging_mixin.py:188} INFO - [2024-07-15T04:47:55.008+0000] {dag.py:3096} INFO - Sync 1 DAGs
[2024-07-15T04:47:55.043+0000] {logging_mixin.py:188} INFO - [2024-07-15T04:47:55.042+0000] {dag.py:3954} INFO - Setting next_dagrun for example_branch_dop_operator_v3 to 2024-07-15 04:46:00+00:00, run_after=2024-07-15 04:47:00+00:00
[2024-07-15T04:47:55.065+0000] {processor.py:183} INFO - Processing /home/airflow/.local/lib/python3.12/site-packages/airflow/example_dags/example_branch_python_dop_operator_3.py took 0.103 seconds
[2024-07-15T04:48:25.573+0000] {processor.py:161} INFO - Started process (PID=2815) to work on /home/airflow/.local/lib/python3.12/site-packages/airflow/example_dags/example_branch_python_dop_operator_3.py
[2024-07-15T04:48:25.574+0000] {processor.py:830} INFO - Processing file /home/airflow/.local/lib/python3.12/site-packages/airflow/example_dags/example_branch_python_dop_operator_3.py for tasks to queue
[2024-07-15T04:48:25.576+0000] {logging_mixin.py:188} INFO - [2024-07-15T04:48:25.575+0000] {dagbag.py:545} INFO - Filling up the DagBag from /home/airflow/.local/lib/python3.12/site-packages/airflow/example_dags/example_branch_python_dop_operator_3.py
[2024-07-15T04:48:25.585+0000] {processor.py:840} INFO - DAG(s) 'example_branch_dop_operator_v3' retrieved from /home/airflow/.local/lib/python3.12/site-packages/airflow/example_dags/example_branch_python_dop_operator_3.py
[2024-07-15T04:48:25.608+0000] {logging_mixin.py:188} INFO - [2024-07-15T04:48:25.608+0000] {dag.py:3096} INFO - Sync 1 DAGs
[2024-07-15T04:48:25.639+0000] {logging_mixin.py:188} INFO - [2024-07-15T04:48:25.639+0000] {dag.py:3954} INFO - Setting next_dagrun for example_branch_dop_operator_v3 to 2024-07-15 04:47:00+00:00, run_after=2024-07-15 04:48:00+00:00
[2024-07-15T04:48:25.671+0000] {processor.py:183} INFO - Processing /home/airflow/.local/lib/python3.12/site-packages/airflow/example_dags/example_branch_python_dop_operator_3.py took 0.104 seconds
[2024-07-15T04:48:56.366+0000] {processor.py:161} INFO - Started process (PID=2877) to work on /home/airflow/.local/lib/python3.12/site-packages/airflow/example_dags/example_branch_python_dop_operator_3.py
[2024-07-15T04:48:56.367+0000] {processor.py:830} INFO - Processing file /home/airflow/.local/lib/python3.12/site-packages/airflow/example_dags/example_branch_python_dop_operator_3.py for tasks to queue
[2024-07-15T04:48:56.369+0000] {logging_mixin.py:188} INFO - [2024-07-15T04:48:56.369+0000] {dagbag.py:545} INFO - Filling up the DagBag from /home/airflow/.local/lib/python3.12/site-packages/airflow/example_dags/example_branch_python_dop_operator_3.py
[2024-07-15T04:48:56.380+0000] {processor.py:840} INFO - DAG(s) 'example_branch_dop_operator_v3' retrieved from /home/airflow/.local/lib/python3.12/site-packages/airflow/example_dags/example_branch_python_dop_operator_3.py
[2024-07-15T04:48:56.403+0000] {logging_mixin.py:188} INFO - [2024-07-15T04:48:56.402+0000] {dag.py:3096} INFO - Sync 1 DAGs
[2024-07-15T04:48:56.434+0000] {logging_mixin.py:188} INFO - [2024-07-15T04:48:56.434+0000] {dag.py:3954} INFO - Setting next_dagrun for example_branch_dop_operator_v3 to 2024-07-15 04:47:00+00:00, run_after=2024-07-15 04:48:00+00:00
[2024-07-15T04:48:56.467+0000] {processor.py:183} INFO - Processing /home/airflow/.local/lib/python3.12/site-packages/airflow/example_dags/example_branch_python_dop_operator_3.py took 0.106 seconds
[2024-07-15T04:49:27.043+0000] {processor.py:161} INFO - Started process (PID=2938) to work on /home/airflow/.local/lib/python3.12/site-packages/airflow/example_dags/example_branch_python_dop_operator_3.py
[2024-07-15T04:49:27.044+0000] {processor.py:830} INFO - Processing file /home/airflow/.local/lib/python3.12/site-packages/airflow/example_dags/example_branch_python_dop_operator_3.py for tasks to queue
[2024-07-15T04:49:27.051+0000] {logging_mixin.py:188} INFO - [2024-07-15T04:49:27.051+0000] {dagbag.py:545} INFO - Filling up the DagBag from /home/airflow/.local/lib/python3.12/site-packages/airflow/example_dags/example_branch_python_dop_operator_3.py
[2024-07-15T04:49:27.065+0000] {processor.py:840} INFO - DAG(s) 'example_branch_dop_operator_v3' retrieved from /home/airflow/.local/lib/python3.12/site-packages/airflow/example_dags/example_branch_python_dop_operator_3.py
[2024-07-15T04:49:27.118+0000] {logging_mixin.py:188} INFO - [2024-07-15T04:49:27.117+0000] {dag.py:3096} INFO - Sync 1 DAGs
[2024-07-15T04:49:27.174+0000] {logging_mixin.py:188} INFO - [2024-07-15T04:49:27.171+0000] {dag.py:3954} INFO - Setting next_dagrun for example_branch_dop_operator_v3 to 2024-07-15 04:48:00+00:00, run_after=2024-07-15 04:49:00+00:00
[2024-07-15T04:49:27.220+0000] {processor.py:183} INFO - Processing /home/airflow/.local/lib/python3.12/site-packages/airflow/example_dags/example_branch_python_dop_operator_3.py took 0.186 seconds
[2024-07-15T04:49:57.852+0000] {processor.py:161} INFO - Started process (PID=2999) to work on /home/airflow/.local/lib/python3.12/site-packages/airflow/example_dags/example_branch_python_dop_operator_3.py
[2024-07-15T04:49:57.853+0000] {processor.py:830} INFO - Processing file /home/airflow/.local/lib/python3.12/site-packages/airflow/example_dags/example_branch_python_dop_operator_3.py for tasks to queue
[2024-07-15T04:49:57.855+0000] {logging_mixin.py:188} INFO - [2024-07-15T04:49:57.855+0000] {dagbag.py:545} INFO - Filling up the DagBag from /home/airflow/.local/lib/python3.12/site-packages/airflow/example_dags/example_branch_python_dop_operator_3.py
[2024-07-15T04:49:57.865+0000] {processor.py:840} INFO - DAG(s) 'example_branch_dop_operator_v3' retrieved from /home/airflow/.local/lib/python3.12/site-packages/airflow/example_dags/example_branch_python_dop_operator_3.py
[2024-07-15T04:49:57.890+0000] {logging_mixin.py:188} INFO - [2024-07-15T04:49:57.889+0000] {dag.py:3096} INFO - Sync 1 DAGs
[2024-07-15T04:49:57.945+0000] {logging_mixin.py:188} INFO - [2024-07-15T04:49:57.945+0000] {dag.py:3954} INFO - Setting next_dagrun for example_branch_dop_operator_v3 to 2024-07-15 04:48:00+00:00, run_after=2024-07-15 04:49:00+00:00
[2024-07-15T04:49:57.973+0000] {processor.py:183} INFO - Processing /home/airflow/.local/lib/python3.12/site-packages/airflow/example_dags/example_branch_python_dop_operator_3.py took 0.126 seconds
[2024-07-15T04:50:28.277+0000] {processor.py:161} INFO - Started process (PID=3061) to work on /home/airflow/.local/lib/python3.12/site-packages/airflow/example_dags/example_branch_python_dop_operator_3.py
[2024-07-15T04:50:28.278+0000] {processor.py:830} INFO - Processing file /home/airflow/.local/lib/python3.12/site-packages/airflow/example_dags/example_branch_python_dop_operator_3.py for tasks to queue
[2024-07-15T04:50:28.280+0000] {logging_mixin.py:188} INFO - [2024-07-15T04:50:28.280+0000] {dagbag.py:545} INFO - Filling up the DagBag from /home/airflow/.local/lib/python3.12/site-packages/airflow/example_dags/example_branch_python_dop_operator_3.py
[2024-07-15T04:50:28.300+0000] {processor.py:840} INFO - DAG(s) 'example_branch_dop_operator_v3' retrieved from /home/airflow/.local/lib/python3.12/site-packages/airflow/example_dags/example_branch_python_dop_operator_3.py
[2024-07-15T04:50:28.328+0000] {logging_mixin.py:188} INFO - [2024-07-15T04:50:28.327+0000] {dag.py:3096} INFO - Sync 1 DAGs
[2024-07-15T04:50:28.364+0000] {logging_mixin.py:188} INFO - [2024-07-15T04:50:28.363+0000] {dag.py:3954} INFO - Setting next_dagrun for example_branch_dop_operator_v3 to 2024-07-15 04:49:00+00:00, run_after=2024-07-15 04:50:00+00:00
[2024-07-15T04:50:28.442+0000] {processor.py:183} INFO - Processing /home/airflow/.local/lib/python3.12/site-packages/airflow/example_dags/example_branch_python_dop_operator_3.py took 0.183 seconds
[2024-07-15T04:50:58.530+0000] {processor.py:161} INFO - Started process (PID=3126) to work on /home/airflow/.local/lib/python3.12/site-packages/airflow/example_dags/example_branch_python_dop_operator_3.py
[2024-07-15T04:50:58.531+0000] {processor.py:830} INFO - Processing file /home/airflow/.local/lib/python3.12/site-packages/airflow/example_dags/example_branch_python_dop_operator_3.py for tasks to queue
[2024-07-15T04:50:58.533+0000] {logging_mixin.py:188} INFO - [2024-07-15T04:50:58.532+0000] {dagbag.py:545} INFO - Filling up the DagBag from /home/airflow/.local/lib/python3.12/site-packages/airflow/example_dags/example_branch_python_dop_operator_3.py
[2024-07-15T04:50:58.543+0000] {processor.py:840} INFO - DAG(s) 'example_branch_dop_operator_v3' retrieved from /home/airflow/.local/lib/python3.12/site-packages/airflow/example_dags/example_branch_python_dop_operator_3.py
[2024-07-15T04:50:58.562+0000] {logging_mixin.py:188} INFO - [2024-07-15T04:50:58.562+0000] {dag.py:3096} INFO - Sync 1 DAGs
[2024-07-15T04:50:58.583+0000] {logging_mixin.py:188} INFO - [2024-07-15T04:50:58.582+0000] {dag.py:3954} INFO - Setting next_dagrun for example_branch_dop_operator_v3 to 2024-07-15 04:49:00+00:00, run_after=2024-07-15 04:50:00+00:00
[2024-07-15T04:50:58.603+0000] {processor.py:183} INFO - Processing /home/airflow/.local/lib/python3.12/site-packages/airflow/example_dags/example_branch_python_dop_operator_3.py took 0.081 seconds
[2024-07-15T04:51:28.791+0000] {processor.py:161} INFO - Started process (PID=3188) to work on /home/airflow/.local/lib/python3.12/site-packages/airflow/example_dags/example_branch_python_dop_operator_3.py
[2024-07-15T04:51:28.794+0000] {processor.py:830} INFO - Processing file /home/airflow/.local/lib/python3.12/site-packages/airflow/example_dags/example_branch_python_dop_operator_3.py for tasks to queue
[2024-07-15T04:51:28.796+0000] {logging_mixin.py:188} INFO - [2024-07-15T04:51:28.796+0000] {dagbag.py:545} INFO - Filling up the DagBag from /home/airflow/.local/lib/python3.12/site-packages/airflow/example_dags/example_branch_python_dop_operator_3.py
[2024-07-15T04:51:28.807+0000] {processor.py:840} INFO - DAG(s) 'example_branch_dop_operator_v3' retrieved from /home/airflow/.local/lib/python3.12/site-packages/airflow/example_dags/example_branch_python_dop_operator_3.py
[2024-07-15T04:51:28.830+0000] {logging_mixin.py:188} INFO - [2024-07-15T04:51:28.830+0000] {dag.py:3096} INFO - Sync 1 DAGs
[2024-07-15T04:51:28.864+0000] {logging_mixin.py:188} INFO - [2024-07-15T04:51:28.864+0000] {dag.py:3954} INFO - Setting next_dagrun for example_branch_dop_operator_v3 to 2024-07-15 04:50:00+00:00, run_after=2024-07-15 04:51:00+00:00
[2024-07-15T04:51:28.889+0000] {processor.py:183} INFO - Processing /home/airflow/.local/lib/python3.12/site-packages/airflow/example_dags/example_branch_python_dop_operator_3.py took 0.109 seconds
[2024-07-15T04:53:05.974+0000] {processor.py:161} INFO - Started process (PID=49) to work on /home/airflow/.local/lib/python3.12/site-packages/airflow/example_dags/example_branch_python_dop_operator_3.py
[2024-07-15T04:53:05.974+0000] {processor.py:830} INFO - Processing file /home/airflow/.local/lib/python3.12/site-packages/airflow/example_dags/example_branch_python_dop_operator_3.py for tasks to queue
[2024-07-15T04:53:05.976+0000] {logging_mixin.py:188} INFO - [2024-07-15T04:53:05.976+0000] {dagbag.py:545} INFO - Filling up the DagBag from /home/airflow/.local/lib/python3.12/site-packages/airflow/example_dags/example_branch_python_dop_operator_3.py
[2024-07-15T04:53:06.017+0000] {processor.py:840} INFO - DAG(s) 'example_branch_dop_operator_v3' retrieved from /home/airflow/.local/lib/python3.12/site-packages/airflow/example_dags/example_branch_python_dop_operator_3.py
[2024-07-15T04:53:06.382+0000] {logging_mixin.py:188} INFO - [2024-07-15T04:53:06.382+0000] {dag.py:3096} INFO - Sync 1 DAGs
[2024-07-15T04:53:06.463+0000] {logging_mixin.py:188} INFO - [2024-07-15T04:53:06.462+0000] {dag.py:3954} INFO - Setting next_dagrun for example_branch_dop_operator_v3 to 2024-07-15 04:52:00+00:00, run_after=2024-07-15 04:53:00+00:00
[2024-07-15T04:53:06.510+0000] {processor.py:183} INFO - Processing /home/airflow/.local/lib/python3.12/site-packages/airflow/example_dags/example_branch_python_dop_operator_3.py took 0.563 seconds
[2024-07-15T04:53:37.004+0000] {processor.py:161} INFO - Started process (PID=110) to work on /home/airflow/.local/lib/python3.12/site-packages/airflow/example_dags/example_branch_python_dop_operator_3.py
[2024-07-15T04:53:37.009+0000] {processor.py:830} INFO - Processing file /home/airflow/.local/lib/python3.12/site-packages/airflow/example_dags/example_branch_python_dop_operator_3.py for tasks to queue
[2024-07-15T04:53:37.022+0000] {logging_mixin.py:188} INFO - [2024-07-15T04:53:37.022+0000] {dagbag.py:545} INFO - Filling up the DagBag from /home/airflow/.local/lib/python3.12/site-packages/airflow/example_dags/example_branch_python_dop_operator_3.py
[2024-07-15T04:53:37.053+0000] {processor.py:840} INFO - DAG(s) 'example_branch_dop_operator_v3' retrieved from /home/airflow/.local/lib/python3.12/site-packages/airflow/example_dags/example_branch_python_dop_operator_3.py
[2024-07-15T04:53:37.132+0000] {logging_mixin.py:188} INFO - [2024-07-15T04:53:37.132+0000] {dag.py:3096} INFO - Sync 1 DAGs
[2024-07-15T04:53:37.248+0000] {logging_mixin.py:188} INFO - [2024-07-15T04:53:37.228+0000] {dag.py:3954} INFO - Setting next_dagrun for example_branch_dop_operator_v3 to 2024-07-15 04:52:00+00:00, run_after=2024-07-15 04:53:00+00:00
[2024-07-15T04:53:37.324+0000] {processor.py:183} INFO - Processing /home/airflow/.local/lib/python3.12/site-packages/airflow/example_dags/example_branch_python_dop_operator_3.py took 0.341 seconds
[2024-07-15T04:54:07.576+0000] {processor.py:161} INFO - Started process (PID=173) to work on /home/airflow/.local/lib/python3.12/site-packages/airflow/example_dags/example_branch_python_dop_operator_3.py
[2024-07-15T04:54:07.595+0000] {processor.py:830} INFO - Processing file /home/airflow/.local/lib/python3.12/site-packages/airflow/example_dags/example_branch_python_dop_operator_3.py for tasks to queue
[2024-07-15T04:54:07.601+0000] {logging_mixin.py:188} INFO - [2024-07-15T04:54:07.600+0000] {dagbag.py:545} INFO - Filling up the DagBag from /home/airflow/.local/lib/python3.12/site-packages/airflow/example_dags/example_branch_python_dop_operator_3.py
[2024-07-15T04:54:07.653+0000] {processor.py:840} INFO - DAG(s) 'example_branch_dop_operator_v3' retrieved from /home/airflow/.local/lib/python3.12/site-packages/airflow/example_dags/example_branch_python_dop_operator_3.py
[2024-07-15T04:54:07.902+0000] {logging_mixin.py:188} INFO - [2024-07-15T04:54:07.902+0000] {dag.py:3096} INFO - Sync 1 DAGs
[2024-07-15T04:54:08.033+0000] {logging_mixin.py:188} INFO - [2024-07-15T04:54:08.033+0000] {dag.py:3954} INFO - Setting next_dagrun for example_branch_dop_operator_v3 to 2024-07-15 04:53:00+00:00, run_after=2024-07-15 04:54:00+00:00
[2024-07-15T04:54:08.098+0000] {processor.py:183} INFO - Processing /home/airflow/.local/lib/python3.12/site-packages/airflow/example_dags/example_branch_python_dop_operator_3.py took 0.531 seconds
[2024-07-15T04:54:38.780+0000] {processor.py:161} INFO - Started process (PID=234) to work on /home/airflow/.local/lib/python3.12/site-packages/airflow/example_dags/example_branch_python_dop_operator_3.py
[2024-07-15T04:54:38.792+0000] {processor.py:830} INFO - Processing file /home/airflow/.local/lib/python3.12/site-packages/airflow/example_dags/example_branch_python_dop_operator_3.py for tasks to queue
[2024-07-15T04:54:38.794+0000] {logging_mixin.py:188} INFO - [2024-07-15T04:54:38.794+0000] {dagbag.py:545} INFO - Filling up the DagBag from /home/airflow/.local/lib/python3.12/site-packages/airflow/example_dags/example_branch_python_dop_operator_3.py
[2024-07-15T04:54:38.809+0000] {processor.py:840} INFO - DAG(s) 'example_branch_dop_operator_v3' retrieved from /home/airflow/.local/lib/python3.12/site-packages/airflow/example_dags/example_branch_python_dop_operator_3.py
[2024-07-15T04:54:38.871+0000] {logging_mixin.py:188} INFO - [2024-07-15T04:54:38.871+0000] {dag.py:3096} INFO - Sync 1 DAGs
[2024-07-15T04:54:38.913+0000] {logging_mixin.py:188} INFO - [2024-07-15T04:54:38.912+0000] {dag.py:3954} INFO - Setting next_dagrun for example_branch_dop_operator_v3 to 2024-07-15 04:53:00+00:00, run_after=2024-07-15 04:54:00+00:00
[2024-07-15T04:54:38.944+0000] {processor.py:183} INFO - Processing /home/airflow/.local/lib/python3.12/site-packages/airflow/example_dags/example_branch_python_dop_operator_3.py took 0.176 seconds
[2024-07-15T04:55:09.311+0000] {processor.py:161} INFO - Started process (PID=294) to work on /home/airflow/.local/lib/python3.12/site-packages/airflow/example_dags/example_branch_python_dop_operator_3.py
[2024-07-15T04:55:09.320+0000] {processor.py:830} INFO - Processing file /home/airflow/.local/lib/python3.12/site-packages/airflow/example_dags/example_branch_python_dop_operator_3.py for tasks to queue
[2024-07-15T04:55:09.323+0000] {logging_mixin.py:188} INFO - [2024-07-15T04:55:09.323+0000] {dagbag.py:545} INFO - Filling up the DagBag from /home/airflow/.local/lib/python3.12/site-packages/airflow/example_dags/example_branch_python_dop_operator_3.py
[2024-07-15T04:55:09.341+0000] {processor.py:840} INFO - DAG(s) 'example_branch_dop_operator_v3' retrieved from /home/airflow/.local/lib/python3.12/site-packages/airflow/example_dags/example_branch_python_dop_operator_3.py
[2024-07-15T04:55:09.388+0000] {logging_mixin.py:188} INFO - [2024-07-15T04:55:09.388+0000] {dag.py:3096} INFO - Sync 1 DAGs
[2024-07-15T04:55:09.443+0000] {logging_mixin.py:188} INFO - [2024-07-15T04:55:09.443+0000] {dag.py:3954} INFO - Setting next_dagrun for example_branch_dop_operator_v3 to 2024-07-15 04:54:00+00:00, run_after=2024-07-15 04:55:00+00:00
[2024-07-15T04:55:09.484+0000] {processor.py:183} INFO - Processing /home/airflow/.local/lib/python3.12/site-packages/airflow/example_dags/example_branch_python_dop_operator_3.py took 0.193 seconds
[2024-07-15T04:55:39.994+0000] {processor.py:161} INFO - Started process (PID=355) to work on /home/airflow/.local/lib/python3.12/site-packages/airflow/example_dags/example_branch_python_dop_operator_3.py
[2024-07-15T04:55:40.004+0000] {processor.py:830} INFO - Processing file /home/airflow/.local/lib/python3.12/site-packages/airflow/example_dags/example_branch_python_dop_operator_3.py for tasks to queue
[2024-07-15T04:55:40.006+0000] {logging_mixin.py:188} INFO - [2024-07-15T04:55:40.006+0000] {dagbag.py:545} INFO - Filling up the DagBag from /home/airflow/.local/lib/python3.12/site-packages/airflow/example_dags/example_branch_python_dop_operator_3.py
[2024-07-15T04:55:40.025+0000] {processor.py:840} INFO - DAG(s) 'example_branch_dop_operator_v3' retrieved from /home/airflow/.local/lib/python3.12/site-packages/airflow/example_dags/example_branch_python_dop_operator_3.py
[2024-07-15T04:55:40.080+0000] {logging_mixin.py:188} INFO - [2024-07-15T04:55:40.080+0000] {dag.py:3096} INFO - Sync 1 DAGs
[2024-07-15T04:55:40.133+0000] {logging_mixin.py:188} INFO - [2024-07-15T04:55:40.133+0000] {dag.py:3954} INFO - Setting next_dagrun for example_branch_dop_operator_v3 to 2024-07-15 04:54:00+00:00, run_after=2024-07-15 04:55:00+00:00
[2024-07-15T04:55:40.179+0000] {processor.py:183} INFO - Processing /home/airflow/.local/lib/python3.12/site-packages/airflow/example_dags/example_branch_python_dop_operator_3.py took 0.194 seconds
[2024-07-15T04:56:10.589+0000] {processor.py:161} INFO - Started process (PID=416) to work on /home/airflow/.local/lib/python3.12/site-packages/airflow/example_dags/example_branch_python_dop_operator_3.py
[2024-07-15T04:56:10.592+0000] {processor.py:830} INFO - Processing file /home/airflow/.local/lib/python3.12/site-packages/airflow/example_dags/example_branch_python_dop_operator_3.py for tasks to queue
[2024-07-15T04:56:10.596+0000] {logging_mixin.py:188} INFO - [2024-07-15T04:56:10.595+0000] {dagbag.py:545} INFO - Filling up the DagBag from /home/airflow/.local/lib/python3.12/site-packages/airflow/example_dags/example_branch_python_dop_operator_3.py
[2024-07-15T04:56:10.610+0000] {processor.py:840} INFO - DAG(s) 'example_branch_dop_operator_v3' retrieved from /home/airflow/.local/lib/python3.12/site-packages/airflow/example_dags/example_branch_python_dop_operator_3.py
[2024-07-15T04:56:10.656+0000] {logging_mixin.py:188} INFO - [2024-07-15T04:56:10.656+0000] {dag.py:3096} INFO - Sync 1 DAGs
[2024-07-15T04:56:10.715+0000] {logging_mixin.py:188} INFO - [2024-07-15T04:56:10.715+0000] {dag.py:3954} INFO - Setting next_dagrun for example_branch_dop_operator_v3 to 2024-07-15 04:55:00+00:00, run_after=2024-07-15 04:56:00+00:00
[2024-07-15T04:56:10.764+0000] {processor.py:183} INFO - Processing /home/airflow/.local/lib/python3.12/site-packages/airflow/example_dags/example_branch_python_dop_operator_3.py took 0.199 seconds
[2024-07-15T04:56:40.985+0000] {processor.py:161} INFO - Started process (PID=477) to work on /home/airflow/.local/lib/python3.12/site-packages/airflow/example_dags/example_branch_python_dop_operator_3.py
[2024-07-15T04:56:40.986+0000] {processor.py:830} INFO - Processing file /home/airflow/.local/lib/python3.12/site-packages/airflow/example_dags/example_branch_python_dop_operator_3.py for tasks to queue
[2024-07-15T04:56:40.987+0000] {logging_mixin.py:188} INFO - [2024-07-15T04:56:40.987+0000] {dagbag.py:545} INFO - Filling up the DagBag from /home/airflow/.local/lib/python3.12/site-packages/airflow/example_dags/example_branch_python_dop_operator_3.py
[2024-07-15T04:56:41.002+0000] {processor.py:840} INFO - DAG(s) 'example_branch_dop_operator_v3' retrieved from /home/airflow/.local/lib/python3.12/site-packages/airflow/example_dags/example_branch_python_dop_operator_3.py
[2024-07-15T04:56:41.049+0000] {logging_mixin.py:188} INFO - [2024-07-15T04:56:41.049+0000] {dag.py:3096} INFO - Sync 1 DAGs
[2024-07-15T04:56:41.104+0000] {logging_mixin.py:188} INFO - [2024-07-15T04:56:41.104+0000] {dag.py:3954} INFO - Setting next_dagrun for example_branch_dop_operator_v3 to 2024-07-15 04:55:00+00:00, run_after=2024-07-15 04:56:00+00:00
[2024-07-15T04:56:41.137+0000] {processor.py:183} INFO - Processing /home/airflow/.local/lib/python3.12/site-packages/airflow/example_dags/example_branch_python_dop_operator_3.py took 0.170 seconds
[2024-07-15T04:57:11.855+0000] {processor.py:161} INFO - Started process (PID=539) to work on /home/airflow/.local/lib/python3.12/site-packages/airflow/example_dags/example_branch_python_dop_operator_3.py
[2024-07-15T04:57:11.874+0000] {processor.py:830} INFO - Processing file /home/airflow/.local/lib/python3.12/site-packages/airflow/example_dags/example_branch_python_dop_operator_3.py for tasks to queue
[2024-07-15T04:57:11.880+0000] {logging_mixin.py:188} INFO - [2024-07-15T04:57:11.879+0000] {dagbag.py:545} INFO - Filling up the DagBag from /home/airflow/.local/lib/python3.12/site-packages/airflow/example_dags/example_branch_python_dop_operator_3.py
[2024-07-15T04:57:11.923+0000] {processor.py:840} INFO - DAG(s) 'example_branch_dop_operator_v3' retrieved from /home/airflow/.local/lib/python3.12/site-packages/airflow/example_dags/example_branch_python_dop_operator_3.py
[2024-07-15T04:57:11.989+0000] {logging_mixin.py:188} INFO - [2024-07-15T04:57:11.988+0000] {dag.py:3096} INFO - Sync 1 DAGs
[2024-07-15T04:57:12.080+0000] {logging_mixin.py:188} INFO - [2024-07-15T04:57:12.080+0000] {dag.py:3954} INFO - Setting next_dagrun for example_branch_dop_operator_v3 to 2024-07-15 04:56:00+00:00, run_after=2024-07-15 04:57:00+00:00
[2024-07-15T04:57:12.132+0000] {processor.py:183} INFO - Processing /home/airflow/.local/lib/python3.12/site-packages/airflow/example_dags/example_branch_python_dop_operator_3.py took 0.309 seconds
[2024-07-15T04:57:42.304+0000] {processor.py:161} INFO - Started process (PID=600) to work on /home/airflow/.local/lib/python3.12/site-packages/airflow/example_dags/example_branch_python_dop_operator_3.py
[2024-07-15T04:57:42.305+0000] {processor.py:830} INFO - Processing file /home/airflow/.local/lib/python3.12/site-packages/airflow/example_dags/example_branch_python_dop_operator_3.py for tasks to queue
[2024-07-15T04:57:42.307+0000] {logging_mixin.py:188} INFO - [2024-07-15T04:57:42.306+0000] {dagbag.py:545} INFO - Filling up the DagBag from /home/airflow/.local/lib/python3.12/site-packages/airflow/example_dags/example_branch_python_dop_operator_3.py
[2024-07-15T04:57:42.318+0000] {processor.py:840} INFO - DAG(s) 'example_branch_dop_operator_v3' retrieved from /home/airflow/.local/lib/python3.12/site-packages/airflow/example_dags/example_branch_python_dop_operator_3.py
[2024-07-15T04:57:42.340+0000] {logging_mixin.py:188} INFO - [2024-07-15T04:57:42.340+0000] {dag.py:3096} INFO - Sync 1 DAGs
[2024-07-15T04:57:42.372+0000] {logging_mixin.py:188} INFO - [2024-07-15T04:57:42.372+0000] {dag.py:3954} INFO - Setting next_dagrun for example_branch_dop_operator_v3 to 2024-07-15 04:56:00+00:00, run_after=2024-07-15 04:57:00+00:00
[2024-07-15T04:57:42.398+0000] {processor.py:183} INFO - Processing /home/airflow/.local/lib/python3.12/site-packages/airflow/example_dags/example_branch_python_dop_operator_3.py took 0.105 seconds
