[2024-07-15T04:25:26.187+0000] {processor.py:161} INFO - Started process (PID=72) to work on /home/airflow/.local/lib/python3.12/site-packages/airflow/example_dags/example_setup_teardown.py
[2024-07-15T04:25:26.188+0000] {processor.py:830} INFO - Processing file /home/airflow/.local/lib/python3.12/site-packages/airflow/example_dags/example_setup_teardown.py for tasks to queue
[2024-07-15T04:25:26.191+0000] {logging_mixin.py:188} INFO - [2024-07-15T04:25:26.190+0000] {dagbag.py:545} INFO - Filling up the DagBag from /home/airflow/.local/lib/python3.12/site-packages/airflow/example_dags/example_setup_teardown.py
[2024-07-15T04:25:26.200+0000] {processor.py:840} INFO - DAG(s) 'example_setup_teardown' retrieved from /home/airflow/.local/lib/python3.12/site-packages/airflow/example_dags/example_setup_teardown.py
[2024-07-15T04:25:26.239+0000] {logging_mixin.py:188} INFO - [2024-07-15T04:25:26.239+0000] {dag.py:3096} INFO - Sync 1 DAGs
[2024-07-15T04:25:26.266+0000] {logging_mixin.py:188} INFO - [2024-07-15T04:25:26.266+0000] {dag.py:3954} INFO - Setting next_dagrun for example_setup_teardown to 2024-07-14 00:00:00+00:00, run_after=2024-07-15 00:00:00+00:00
[2024-07-15T04:25:26.295+0000] {processor.py:183} INFO - Processing /home/airflow/.local/lib/python3.12/site-packages/airflow/example_dags/example_setup_teardown.py took 0.120 seconds
[2024-07-15T04:25:56.889+0000] {processor.py:161} INFO - Started process (PID=133) to work on /home/airflow/.local/lib/python3.12/site-packages/airflow/example_dags/example_setup_teardown.py
[2024-07-15T04:25:56.890+0000] {processor.py:830} INFO - Processing file /home/airflow/.local/lib/python3.12/site-packages/airflow/example_dags/example_setup_teardown.py for tasks to queue
[2024-07-15T04:25:56.896+0000] {logging_mixin.py:188} INFO - [2024-07-15T04:25:56.895+0000] {dagbag.py:545} INFO - Filling up the DagBag from /home/airflow/.local/lib/python3.12/site-packages/airflow/example_dags/example_setup_teardown.py
[2024-07-15T04:25:56.904+0000] {processor.py:840} INFO - DAG(s) 'example_setup_teardown' retrieved from /home/airflow/.local/lib/python3.12/site-packages/airflow/example_dags/example_setup_teardown.py
[2024-07-15T04:25:56.928+0000] {logging_mixin.py:188} INFO - [2024-07-15T04:25:56.928+0000] {dag.py:3096} INFO - Sync 1 DAGs
[2024-07-15T04:25:56.955+0000] {logging_mixin.py:188} INFO - [2024-07-15T04:25:56.955+0000] {dag.py:3954} INFO - Setting next_dagrun for example_setup_teardown to 2024-07-14 00:00:00+00:00, run_after=2024-07-15 00:00:00+00:00
[2024-07-15T04:25:56.981+0000] {processor.py:183} INFO - Processing /home/airflow/.local/lib/python3.12/site-packages/airflow/example_dags/example_setup_teardown.py took 0.098 seconds
[2024-07-15T04:26:27.534+0000] {processor.py:161} INFO - Started process (PID=194) to work on /home/airflow/.local/lib/python3.12/site-packages/airflow/example_dags/example_setup_teardown.py
[2024-07-15T04:26:27.535+0000] {processor.py:830} INFO - Processing file /home/airflow/.local/lib/python3.12/site-packages/airflow/example_dags/example_setup_teardown.py for tasks to queue
[2024-07-15T04:26:27.536+0000] {logging_mixin.py:188} INFO - [2024-07-15T04:26:27.536+0000] {dagbag.py:545} INFO - Filling up the DagBag from /home/airflow/.local/lib/python3.12/site-packages/airflow/example_dags/example_setup_teardown.py
[2024-07-15T04:26:27.544+0000] {processor.py:840} INFO - DAG(s) 'example_setup_teardown' retrieved from /home/airflow/.local/lib/python3.12/site-packages/airflow/example_dags/example_setup_teardown.py
[2024-07-15T04:26:27.567+0000] {logging_mixin.py:188} INFO - [2024-07-15T04:26:27.567+0000] {dag.py:3096} INFO - Sync 1 DAGs
[2024-07-15T04:26:27.595+0000] {logging_mixin.py:188} INFO - [2024-07-15T04:26:27.595+0000] {dag.py:3954} INFO - Setting next_dagrun for example_setup_teardown to 2024-07-14 00:00:00+00:00, run_after=2024-07-15 00:00:00+00:00
[2024-07-15T04:26:27.619+0000] {processor.py:183} INFO - Processing /home/airflow/.local/lib/python3.12/site-packages/airflow/example_dags/example_setup_teardown.py took 0.091 seconds
[2024-07-15T04:26:58.315+0000] {processor.py:161} INFO - Started process (PID=255) to work on /home/airflow/.local/lib/python3.12/site-packages/airflow/example_dags/example_setup_teardown.py
[2024-07-15T04:26:58.316+0000] {processor.py:830} INFO - Processing file /home/airflow/.local/lib/python3.12/site-packages/airflow/example_dags/example_setup_teardown.py for tasks to queue
[2024-07-15T04:26:58.318+0000] {logging_mixin.py:188} INFO - [2024-07-15T04:26:58.317+0000] {dagbag.py:545} INFO - Filling up the DagBag from /home/airflow/.local/lib/python3.12/site-packages/airflow/example_dags/example_setup_teardown.py
[2024-07-15T04:26:58.325+0000] {processor.py:840} INFO - DAG(s) 'example_setup_teardown' retrieved from /home/airflow/.local/lib/python3.12/site-packages/airflow/example_dags/example_setup_teardown.py
[2024-07-15T04:26:58.350+0000] {logging_mixin.py:188} INFO - [2024-07-15T04:26:58.349+0000] {dag.py:3096} INFO - Sync 1 DAGs
[2024-07-15T04:26:58.376+0000] {logging_mixin.py:188} INFO - [2024-07-15T04:26:58.376+0000] {dag.py:3954} INFO - Setting next_dagrun for example_setup_teardown to 2024-07-14 00:00:00+00:00, run_after=2024-07-15 00:00:00+00:00
[2024-07-15T04:26:58.400+0000] {processor.py:183} INFO - Processing /home/airflow/.local/lib/python3.12/site-packages/airflow/example_dags/example_setup_teardown.py took 0.091 seconds
[2024-07-15T04:27:29.265+0000] {processor.py:161} INFO - Started process (PID=316) to work on /home/airflow/.local/lib/python3.12/site-packages/airflow/example_dags/example_setup_teardown.py
[2024-07-15T04:27:29.266+0000] {processor.py:830} INFO - Processing file /home/airflow/.local/lib/python3.12/site-packages/airflow/example_dags/example_setup_teardown.py for tasks to queue
[2024-07-15T04:27:29.267+0000] {logging_mixin.py:188} INFO - [2024-07-15T04:27:29.267+0000] {dagbag.py:545} INFO - Filling up the DagBag from /home/airflow/.local/lib/python3.12/site-packages/airflow/example_dags/example_setup_teardown.py
[2024-07-15T04:27:29.272+0000] {processor.py:840} INFO - DAG(s) 'example_setup_teardown' retrieved from /home/airflow/.local/lib/python3.12/site-packages/airflow/example_dags/example_setup_teardown.py
[2024-07-15T04:27:29.288+0000] {logging_mixin.py:188} INFO - [2024-07-15T04:27:29.288+0000] {dag.py:3096} INFO - Sync 1 DAGs
[2024-07-15T04:27:29.306+0000] {logging_mixin.py:188} INFO - [2024-07-15T04:27:29.305+0000] {dag.py:3954} INFO - Setting next_dagrun for example_setup_teardown to 2024-07-14 00:00:00+00:00, run_after=2024-07-15 00:00:00+00:00
[2024-07-15T04:27:29.327+0000] {processor.py:183} INFO - Processing /home/airflow/.local/lib/python3.12/site-packages/airflow/example_dags/example_setup_teardown.py took 0.067 seconds
[2024-07-15T04:27:59.653+0000] {processor.py:161} INFO - Started process (PID=377) to work on /home/airflow/.local/lib/python3.12/site-packages/airflow/example_dags/example_setup_teardown.py
[2024-07-15T04:27:59.654+0000] {processor.py:830} INFO - Processing file /home/airflow/.local/lib/python3.12/site-packages/airflow/example_dags/example_setup_teardown.py for tasks to queue
[2024-07-15T04:27:59.655+0000] {logging_mixin.py:188} INFO - [2024-07-15T04:27:59.655+0000] {dagbag.py:545} INFO - Filling up the DagBag from /home/airflow/.local/lib/python3.12/site-packages/airflow/example_dags/example_setup_teardown.py
[2024-07-15T04:27:59.660+0000] {processor.py:840} INFO - DAG(s) 'example_setup_teardown' retrieved from /home/airflow/.local/lib/python3.12/site-packages/airflow/example_dags/example_setup_teardown.py
[2024-07-15T04:27:59.677+0000] {logging_mixin.py:188} INFO - [2024-07-15T04:27:59.677+0000] {dag.py:3096} INFO - Sync 1 DAGs
[2024-07-15T04:27:59.694+0000] {logging_mixin.py:188} INFO - [2024-07-15T04:27:59.694+0000] {dag.py:3954} INFO - Setting next_dagrun for example_setup_teardown to 2024-07-14 00:00:00+00:00, run_after=2024-07-15 00:00:00+00:00
[2024-07-15T04:27:59.714+0000] {processor.py:183} INFO - Processing /home/airflow/.local/lib/python3.12/site-packages/airflow/example_dags/example_setup_teardown.py took 0.065 seconds
[2024-07-15T04:28:32.099+0000] {processor.py:161} INFO - Started process (PID=438) to work on /home/airflow/.local/lib/python3.12/site-packages/airflow/example_dags/example_setup_teardown.py
[2024-07-15T04:28:32.104+0000] {processor.py:830} INFO - Processing file /home/airflow/.local/lib/python3.12/site-packages/airflow/example_dags/example_setup_teardown.py for tasks to queue
[2024-07-15T04:28:32.106+0000] {logging_mixin.py:188} INFO - [2024-07-15T04:28:32.106+0000] {dagbag.py:545} INFO - Filling up the DagBag from /home/airflow/.local/lib/python3.12/site-packages/airflow/example_dags/example_setup_teardown.py
[2024-07-15T04:28:32.133+0000] {processor.py:840} INFO - DAG(s) 'example_setup_teardown' retrieved from /home/airflow/.local/lib/python3.12/site-packages/airflow/example_dags/example_setup_teardown.py
[2024-07-15T04:28:32.220+0000] {logging_mixin.py:188} INFO - [2024-07-15T04:28:32.220+0000] {dag.py:3096} INFO - Sync 1 DAGs
[2024-07-15T04:28:32.284+0000] {logging_mixin.py:188} INFO - [2024-07-15T04:28:32.283+0000] {dag.py:3954} INFO - Setting next_dagrun for example_setup_teardown to 2024-07-14 00:00:00+00:00, run_after=2024-07-15 00:00:00+00:00
[2024-07-15T04:28:32.347+0000] {processor.py:183} INFO - Processing /home/airflow/.local/lib/python3.12/site-packages/airflow/example_dags/example_setup_teardown.py took 0.268 seconds
[2024-07-15T04:29:03.226+0000] {processor.py:161} INFO - Started process (PID=499) to work on /home/airflow/.local/lib/python3.12/site-packages/airflow/example_dags/example_setup_teardown.py
[2024-07-15T04:29:03.227+0000] {processor.py:830} INFO - Processing file /home/airflow/.local/lib/python3.12/site-packages/airflow/example_dags/example_setup_teardown.py for tasks to queue
[2024-07-15T04:29:03.229+0000] {logging_mixin.py:188} INFO - [2024-07-15T04:29:03.229+0000] {dagbag.py:545} INFO - Filling up the DagBag from /home/airflow/.local/lib/python3.12/site-packages/airflow/example_dags/example_setup_teardown.py
[2024-07-15T04:29:03.239+0000] {processor.py:840} INFO - DAG(s) 'example_setup_teardown' retrieved from /home/airflow/.local/lib/python3.12/site-packages/airflow/example_dags/example_setup_teardown.py
[2024-07-15T04:29:03.295+0000] {logging_mixin.py:188} INFO - [2024-07-15T04:29:03.295+0000] {dag.py:3096} INFO - Sync 1 DAGs
[2024-07-15T04:29:03.349+0000] {logging_mixin.py:188} INFO - [2024-07-15T04:29:03.348+0000] {dag.py:3954} INFO - Setting next_dagrun for example_setup_teardown to 2024-07-14 00:00:00+00:00, run_after=2024-07-15 00:00:00+00:00
[2024-07-15T04:29:03.387+0000] {processor.py:183} INFO - Processing /home/airflow/.local/lib/python3.12/site-packages/airflow/example_dags/example_setup_teardown.py took 0.167 seconds
[2024-07-15T04:29:33.962+0000] {processor.py:161} INFO - Started process (PID=560) to work on /home/airflow/.local/lib/python3.12/site-packages/airflow/example_dags/example_setup_teardown.py
[2024-07-15T04:29:33.963+0000] {processor.py:830} INFO - Processing file /home/airflow/.local/lib/python3.12/site-packages/airflow/example_dags/example_setup_teardown.py for tasks to queue
[2024-07-15T04:29:33.965+0000] {logging_mixin.py:188} INFO - [2024-07-15T04:29:33.965+0000] {dagbag.py:545} INFO - Filling up the DagBag from /home/airflow/.local/lib/python3.12/site-packages/airflow/example_dags/example_setup_teardown.py
[2024-07-15T04:29:33.972+0000] {processor.py:840} INFO - DAG(s) 'example_setup_teardown' retrieved from /home/airflow/.local/lib/python3.12/site-packages/airflow/example_dags/example_setup_teardown.py
[2024-07-15T04:29:33.997+0000] {logging_mixin.py:188} INFO - [2024-07-15T04:29:33.996+0000] {dag.py:3096} INFO - Sync 1 DAGs
[2024-07-15T04:29:34.033+0000] {logging_mixin.py:188} INFO - [2024-07-15T04:29:34.033+0000] {dag.py:3954} INFO - Setting next_dagrun for example_setup_teardown to 2024-07-14 00:00:00+00:00, run_after=2024-07-15 00:00:00+00:00
[2024-07-15T04:29:34.070+0000] {processor.py:183} INFO - Processing /home/airflow/.local/lib/python3.12/site-packages/airflow/example_dags/example_setup_teardown.py took 0.114 seconds
[2024-07-15T04:30:04.195+0000] {processor.py:161} INFO - Started process (PID=622) to work on /home/airflow/.local/lib/python3.12/site-packages/airflow/example_dags/example_setup_teardown.py
[2024-07-15T04:30:04.196+0000] {processor.py:830} INFO - Processing file /home/airflow/.local/lib/python3.12/site-packages/airflow/example_dags/example_setup_teardown.py for tasks to queue
[2024-07-15T04:30:04.198+0000] {logging_mixin.py:188} INFO - [2024-07-15T04:30:04.198+0000] {dagbag.py:545} INFO - Filling up the DagBag from /home/airflow/.local/lib/python3.12/site-packages/airflow/example_dags/example_setup_teardown.py
[2024-07-15T04:30:04.205+0000] {processor.py:840} INFO - DAG(s) 'example_setup_teardown' retrieved from /home/airflow/.local/lib/python3.12/site-packages/airflow/example_dags/example_setup_teardown.py
[2024-07-15T04:30:04.229+0000] {logging_mixin.py:188} INFO - [2024-07-15T04:30:04.229+0000] {dag.py:3096} INFO - Sync 1 DAGs
[2024-07-15T04:30:04.261+0000] {logging_mixin.py:188} INFO - [2024-07-15T04:30:04.260+0000] {dag.py:3954} INFO - Setting next_dagrun for example_setup_teardown to 2024-07-14 00:00:00+00:00, run_after=2024-07-15 00:00:00+00:00
[2024-07-15T04:30:04.285+0000] {processor.py:183} INFO - Processing /home/airflow/.local/lib/python3.12/site-packages/airflow/example_dags/example_setup_teardown.py took 0.096 seconds
[2024-07-15T04:30:34.435+0000] {processor.py:161} INFO - Started process (PID=683) to work on /home/airflow/.local/lib/python3.12/site-packages/airflow/example_dags/example_setup_teardown.py
[2024-07-15T04:30:34.440+0000] {processor.py:830} INFO - Processing file /home/airflow/.local/lib/python3.12/site-packages/airflow/example_dags/example_setup_teardown.py for tasks to queue
[2024-07-15T04:30:34.442+0000] {logging_mixin.py:188} INFO - [2024-07-15T04:30:34.441+0000] {dagbag.py:545} INFO - Filling up the DagBag from /home/airflow/.local/lib/python3.12/site-packages/airflow/example_dags/example_setup_teardown.py
[2024-07-15T04:30:34.449+0000] {processor.py:840} INFO - DAG(s) 'example_setup_teardown' retrieved from /home/airflow/.local/lib/python3.12/site-packages/airflow/example_dags/example_setup_teardown.py
[2024-07-15T04:30:34.484+0000] {logging_mixin.py:188} INFO - [2024-07-15T04:30:34.484+0000] {dag.py:3096} INFO - Sync 1 DAGs
[2024-07-15T04:30:34.517+0000] {logging_mixin.py:188} INFO - [2024-07-15T04:30:34.517+0000] {dag.py:3954} INFO - Setting next_dagrun for example_setup_teardown to 2024-07-14 00:00:00+00:00, run_after=2024-07-15 00:00:00+00:00
[2024-07-15T04:30:34.569+0000] {processor.py:183} INFO - Processing /home/airflow/.local/lib/python3.12/site-packages/airflow/example_dags/example_setup_teardown.py took 0.139 seconds
[2024-07-15T04:31:05.177+0000] {processor.py:161} INFO - Started process (PID=743) to work on /home/airflow/.local/lib/python3.12/site-packages/airflow/example_dags/example_setup_teardown.py
[2024-07-15T04:31:05.178+0000] {processor.py:830} INFO - Processing file /home/airflow/.local/lib/python3.12/site-packages/airflow/example_dags/example_setup_teardown.py for tasks to queue
[2024-07-15T04:31:05.179+0000] {logging_mixin.py:188} INFO - [2024-07-15T04:31:05.179+0000] {dagbag.py:545} INFO - Filling up the DagBag from /home/airflow/.local/lib/python3.12/site-packages/airflow/example_dags/example_setup_teardown.py
[2024-07-15T04:31:05.186+0000] {processor.py:840} INFO - DAG(s) 'example_setup_teardown' retrieved from /home/airflow/.local/lib/python3.12/site-packages/airflow/example_dags/example_setup_teardown.py
[2024-07-15T04:31:05.210+0000] {logging_mixin.py:188} INFO - [2024-07-15T04:31:05.210+0000] {dag.py:3096} INFO - Sync 1 DAGs
[2024-07-15T04:31:05.237+0000] {logging_mixin.py:188} INFO - [2024-07-15T04:31:05.237+0000] {dag.py:3954} INFO - Setting next_dagrun for example_setup_teardown to 2024-07-14 00:00:00+00:00, run_after=2024-07-15 00:00:00+00:00
[2024-07-15T04:31:05.264+0000] {processor.py:183} INFO - Processing /home/airflow/.local/lib/python3.12/site-packages/airflow/example_dags/example_setup_teardown.py took 0.093 seconds
[2024-07-15T04:31:35.672+0000] {processor.py:161} INFO - Started process (PID=803) to work on /home/airflow/.local/lib/python3.12/site-packages/airflow/example_dags/example_setup_teardown.py
[2024-07-15T04:31:35.673+0000] {processor.py:830} INFO - Processing file /home/airflow/.local/lib/python3.12/site-packages/airflow/example_dags/example_setup_teardown.py for tasks to queue
[2024-07-15T04:31:35.674+0000] {logging_mixin.py:188} INFO - [2024-07-15T04:31:35.674+0000] {dagbag.py:545} INFO - Filling up the DagBag from /home/airflow/.local/lib/python3.12/site-packages/airflow/example_dags/example_setup_teardown.py
[2024-07-15T04:31:35.682+0000] {processor.py:840} INFO - DAG(s) 'example_setup_teardown' retrieved from /home/airflow/.local/lib/python3.12/site-packages/airflow/example_dags/example_setup_teardown.py
[2024-07-15T04:31:35.706+0000] {logging_mixin.py:188} INFO - [2024-07-15T04:31:35.706+0000] {dag.py:3096} INFO - Sync 1 DAGs
[2024-07-15T04:31:35.737+0000] {logging_mixin.py:188} INFO - [2024-07-15T04:31:35.737+0000] {dag.py:3954} INFO - Setting next_dagrun for example_setup_teardown to 2024-07-14 00:00:00+00:00, run_after=2024-07-15 00:00:00+00:00
[2024-07-15T04:31:35.762+0000] {processor.py:183} INFO - Processing /home/airflow/.local/lib/python3.12/site-packages/airflow/example_dags/example_setup_teardown.py took 0.096 seconds
[2024-07-15T04:32:06.187+0000] {processor.py:161} INFO - Started process (PID=864) to work on /home/airflow/.local/lib/python3.12/site-packages/airflow/example_dags/example_setup_teardown.py
[2024-07-15T04:32:06.188+0000] {processor.py:830} INFO - Processing file /home/airflow/.local/lib/python3.12/site-packages/airflow/example_dags/example_setup_teardown.py for tasks to queue
[2024-07-15T04:32:06.190+0000] {logging_mixin.py:188} INFO - [2024-07-15T04:32:06.189+0000] {dagbag.py:545} INFO - Filling up the DagBag from /home/airflow/.local/lib/python3.12/site-packages/airflow/example_dags/example_setup_teardown.py
[2024-07-15T04:32:06.197+0000] {processor.py:840} INFO - DAG(s) 'example_setup_teardown' retrieved from /home/airflow/.local/lib/python3.12/site-packages/airflow/example_dags/example_setup_teardown.py
[2024-07-15T04:32:06.222+0000] {logging_mixin.py:188} INFO - [2024-07-15T04:32:06.222+0000] {dag.py:3096} INFO - Sync 1 DAGs
[2024-07-15T04:32:06.248+0000] {logging_mixin.py:188} INFO - [2024-07-15T04:32:06.248+0000] {dag.py:3954} INFO - Setting next_dagrun for example_setup_teardown to 2024-07-14 00:00:00+00:00, run_after=2024-07-15 00:00:00+00:00
[2024-07-15T04:32:06.272+0000] {processor.py:183} INFO - Processing /home/airflow/.local/lib/python3.12/site-packages/airflow/example_dags/example_setup_teardown.py took 0.092 seconds
[2024-07-15T04:32:36.838+0000] {processor.py:161} INFO - Started process (PID=926) to work on /home/airflow/.local/lib/python3.12/site-packages/airflow/example_dags/example_setup_teardown.py
[2024-07-15T04:32:36.840+0000] {processor.py:830} INFO - Processing file /home/airflow/.local/lib/python3.12/site-packages/airflow/example_dags/example_setup_teardown.py for tasks to queue
[2024-07-15T04:32:36.842+0000] {logging_mixin.py:188} INFO - [2024-07-15T04:32:36.842+0000] {dagbag.py:545} INFO - Filling up the DagBag from /home/airflow/.local/lib/python3.12/site-packages/airflow/example_dags/example_setup_teardown.py
[2024-07-15T04:32:36.850+0000] {processor.py:840} INFO - DAG(s) 'example_setup_teardown' retrieved from /home/airflow/.local/lib/python3.12/site-packages/airflow/example_dags/example_setup_teardown.py
[2024-07-15T04:32:36.875+0000] {logging_mixin.py:188} INFO - [2024-07-15T04:32:36.874+0000] {dag.py:3096} INFO - Sync 1 DAGs
[2024-07-15T04:32:36.902+0000] {logging_mixin.py:188} INFO - [2024-07-15T04:32:36.901+0000] {dag.py:3954} INFO - Setting next_dagrun for example_setup_teardown to 2024-07-14 00:00:00+00:00, run_after=2024-07-15 00:00:00+00:00
[2024-07-15T04:32:36.926+0000] {processor.py:183} INFO - Processing /home/airflow/.local/lib/python3.12/site-packages/airflow/example_dags/example_setup_teardown.py took 0.101 seconds
[2024-07-15T04:33:08.134+0000] {processor.py:161} INFO - Started process (PID=990) to work on /home/airflow/.local/lib/python3.12/site-packages/airflow/example_dags/example_setup_teardown.py
[2024-07-15T04:33:08.144+0000] {processor.py:830} INFO - Processing file /home/airflow/.local/lib/python3.12/site-packages/airflow/example_dags/example_setup_teardown.py for tasks to queue
[2024-07-15T04:33:08.146+0000] {logging_mixin.py:188} INFO - [2024-07-15T04:33:08.145+0000] {dagbag.py:545} INFO - Filling up the DagBag from /home/airflow/.local/lib/python3.12/site-packages/airflow/example_dags/example_setup_teardown.py
[2024-07-15T04:33:08.161+0000] {processor.py:840} INFO - DAG(s) 'example_setup_teardown' retrieved from /home/airflow/.local/lib/python3.12/site-packages/airflow/example_dags/example_setup_teardown.py
[2024-07-15T04:33:08.204+0000] {logging_mixin.py:188} INFO - [2024-07-15T04:33:08.204+0000] {dag.py:3096} INFO - Sync 1 DAGs
[2024-07-15T04:33:08.271+0000] {logging_mixin.py:188} INFO - [2024-07-15T04:33:08.271+0000] {dag.py:3954} INFO - Setting next_dagrun for example_setup_teardown to 2024-07-14 00:00:00+00:00, run_after=2024-07-15 00:00:00+00:00
[2024-07-15T04:33:08.313+0000] {processor.py:183} INFO - Processing /home/airflow/.local/lib/python3.12/site-packages/airflow/example_dags/example_setup_teardown.py took 0.189 seconds
[2024-07-15T04:33:38.671+0000] {processor.py:161} INFO - Started process (PID=1050) to work on /home/airflow/.local/lib/python3.12/site-packages/airflow/example_dags/example_setup_teardown.py
[2024-07-15T04:33:38.671+0000] {processor.py:830} INFO - Processing file /home/airflow/.local/lib/python3.12/site-packages/airflow/example_dags/example_setup_teardown.py for tasks to queue
[2024-07-15T04:33:38.673+0000] {logging_mixin.py:188} INFO - [2024-07-15T04:33:38.673+0000] {dagbag.py:545} INFO - Filling up the DagBag from /home/airflow/.local/lib/python3.12/site-packages/airflow/example_dags/example_setup_teardown.py
[2024-07-15T04:33:38.679+0000] {processor.py:840} INFO - DAG(s) 'example_setup_teardown' retrieved from /home/airflow/.local/lib/python3.12/site-packages/airflow/example_dags/example_setup_teardown.py
[2024-07-15T04:33:38.703+0000] {logging_mixin.py:188} INFO - [2024-07-15T04:33:38.702+0000] {dag.py:3096} INFO - Sync 1 DAGs
[2024-07-15T04:33:38.728+0000] {logging_mixin.py:188} INFO - [2024-07-15T04:33:38.728+0000] {dag.py:3954} INFO - Setting next_dagrun for example_setup_teardown to 2024-07-14 00:00:00+00:00, run_after=2024-07-15 00:00:00+00:00
[2024-07-15T04:33:38.752+0000] {processor.py:183} INFO - Processing /home/airflow/.local/lib/python3.12/site-packages/airflow/example_dags/example_setup_teardown.py took 0.090 seconds
[2024-07-15T04:34:09.144+0000] {processor.py:161} INFO - Started process (PID=1113) to work on /home/airflow/.local/lib/python3.12/site-packages/airflow/example_dags/example_setup_teardown.py
[2024-07-15T04:34:09.145+0000] {processor.py:830} INFO - Processing file /home/airflow/.local/lib/python3.12/site-packages/airflow/example_dags/example_setup_teardown.py for tasks to queue
[2024-07-15T04:34:09.152+0000] {logging_mixin.py:188} INFO - [2024-07-15T04:34:09.152+0000] {dagbag.py:545} INFO - Filling up the DagBag from /home/airflow/.local/lib/python3.12/site-packages/airflow/example_dags/example_setup_teardown.py
[2024-07-15T04:34:09.164+0000] {processor.py:840} INFO - DAG(s) 'example_setup_teardown' retrieved from /home/airflow/.local/lib/python3.12/site-packages/airflow/example_dags/example_setup_teardown.py
[2024-07-15T04:34:09.224+0000] {logging_mixin.py:188} INFO - [2024-07-15T04:34:09.224+0000] {dag.py:3096} INFO - Sync 1 DAGs
[2024-07-15T04:34:09.262+0000] {logging_mixin.py:188} INFO - [2024-07-15T04:34:09.261+0000] {dag.py:3954} INFO - Setting next_dagrun for example_setup_teardown to 2024-07-14 00:00:00+00:00, run_after=2024-07-15 00:00:00+00:00
[2024-07-15T04:34:09.292+0000] {processor.py:183} INFO - Processing /home/airflow/.local/lib/python3.12/site-packages/airflow/example_dags/example_setup_teardown.py took 0.183 seconds
[2024-07-15T04:34:39.619+0000] {processor.py:161} INFO - Started process (PID=1174) to work on /home/airflow/.local/lib/python3.12/site-packages/airflow/example_dags/example_setup_teardown.py
[2024-07-15T04:34:39.621+0000] {processor.py:830} INFO - Processing file /home/airflow/.local/lib/python3.12/site-packages/airflow/example_dags/example_setup_teardown.py for tasks to queue
[2024-07-15T04:34:39.622+0000] {logging_mixin.py:188} INFO - [2024-07-15T04:34:39.622+0000] {dagbag.py:545} INFO - Filling up the DagBag from /home/airflow/.local/lib/python3.12/site-packages/airflow/example_dags/example_setup_teardown.py
[2024-07-15T04:34:39.630+0000] {processor.py:840} INFO - DAG(s) 'example_setup_teardown' retrieved from /home/airflow/.local/lib/python3.12/site-packages/airflow/example_dags/example_setup_teardown.py
[2024-07-15T04:34:39.645+0000] {logging_mixin.py:188} INFO - [2024-07-15T04:34:39.644+0000] {dag.py:3096} INFO - Sync 1 DAGs
[2024-07-15T04:34:39.672+0000] {logging_mixin.py:188} INFO - [2024-07-15T04:34:39.672+0000] {dag.py:3954} INFO - Setting next_dagrun for example_setup_teardown to 2024-07-14 00:00:00+00:00, run_after=2024-07-15 00:00:00+00:00
[2024-07-15T04:34:39.695+0000] {processor.py:183} INFO - Processing /home/airflow/.local/lib/python3.12/site-packages/airflow/example_dags/example_setup_teardown.py took 0.081 seconds
[2024-07-15T04:35:09.901+0000] {processor.py:161} INFO - Started process (PID=1235) to work on /home/airflow/.local/lib/python3.12/site-packages/airflow/example_dags/example_setup_teardown.py
[2024-07-15T04:35:09.902+0000] {processor.py:830} INFO - Processing file /home/airflow/.local/lib/python3.12/site-packages/airflow/example_dags/example_setup_teardown.py for tasks to queue
[2024-07-15T04:35:09.904+0000] {logging_mixin.py:188} INFO - [2024-07-15T04:35:09.904+0000] {dagbag.py:545} INFO - Filling up the DagBag from /home/airflow/.local/lib/python3.12/site-packages/airflow/example_dags/example_setup_teardown.py
[2024-07-15T04:35:09.912+0000] {processor.py:840} INFO - DAG(s) 'example_setup_teardown' retrieved from /home/airflow/.local/lib/python3.12/site-packages/airflow/example_dags/example_setup_teardown.py
[2024-07-15T04:35:10.043+0000] {logging_mixin.py:188} INFO - [2024-07-15T04:35:10.043+0000] {dag.py:3096} INFO - Sync 1 DAGs
[2024-07-15T04:35:10.067+0000] {logging_mixin.py:188} INFO - [2024-07-15T04:35:10.067+0000] {dag.py:3954} INFO - Setting next_dagrun for example_setup_teardown to 2024-07-14 00:00:00+00:00, run_after=2024-07-15 00:00:00+00:00
[2024-07-15T04:35:10.092+0000] {processor.py:183} INFO - Processing /home/airflow/.local/lib/python3.12/site-packages/airflow/example_dags/example_setup_teardown.py took 0.197 seconds
[2024-07-15T04:35:40.169+0000] {processor.py:161} INFO - Started process (PID=1296) to work on /home/airflow/.local/lib/python3.12/site-packages/airflow/example_dags/example_setup_teardown.py
[2024-07-15T04:35:40.170+0000] {processor.py:830} INFO - Processing file /home/airflow/.local/lib/python3.12/site-packages/airflow/example_dags/example_setup_teardown.py for tasks to queue
[2024-07-15T04:35:40.171+0000] {logging_mixin.py:188} INFO - [2024-07-15T04:35:40.171+0000] {dagbag.py:545} INFO - Filling up the DagBag from /home/airflow/.local/lib/python3.12/site-packages/airflow/example_dags/example_setup_teardown.py
[2024-07-15T04:35:40.180+0000] {processor.py:840} INFO - DAG(s) 'example_setup_teardown' retrieved from /home/airflow/.local/lib/python3.12/site-packages/airflow/example_dags/example_setup_teardown.py
[2024-07-15T04:35:40.203+0000] {logging_mixin.py:188} INFO - [2024-07-15T04:35:40.203+0000] {dag.py:3096} INFO - Sync 1 DAGs
[2024-07-15T04:35:40.232+0000] {logging_mixin.py:188} INFO - [2024-07-15T04:35:40.232+0000] {dag.py:3954} INFO - Setting next_dagrun for example_setup_teardown to 2024-07-14 00:00:00+00:00, run_after=2024-07-15 00:00:00+00:00
[2024-07-15T04:35:40.257+0000] {processor.py:183} INFO - Processing /home/airflow/.local/lib/python3.12/site-packages/airflow/example_dags/example_setup_teardown.py took 0.095 seconds
[2024-07-15T04:36:10.962+0000] {processor.py:161} INFO - Started process (PID=1357) to work on /home/airflow/.local/lib/python3.12/site-packages/airflow/example_dags/example_setup_teardown.py
[2024-07-15T04:36:10.963+0000] {processor.py:830} INFO - Processing file /home/airflow/.local/lib/python3.12/site-packages/airflow/example_dags/example_setup_teardown.py for tasks to queue
[2024-07-15T04:36:10.966+0000] {logging_mixin.py:188} INFO - [2024-07-15T04:36:10.965+0000] {dagbag.py:545} INFO - Filling up the DagBag from /home/airflow/.local/lib/python3.12/site-packages/airflow/example_dags/example_setup_teardown.py
[2024-07-15T04:36:10.973+0000] {processor.py:840} INFO - DAG(s) 'example_setup_teardown' retrieved from /home/airflow/.local/lib/python3.12/site-packages/airflow/example_dags/example_setup_teardown.py
[2024-07-15T04:36:10.997+0000] {logging_mixin.py:188} INFO - [2024-07-15T04:36:10.997+0000] {dag.py:3096} INFO - Sync 1 DAGs
[2024-07-15T04:36:11.020+0000] {logging_mixin.py:188} INFO - [2024-07-15T04:36:11.020+0000] {dag.py:3954} INFO - Setting next_dagrun for example_setup_teardown to 2024-07-14 00:00:00+00:00, run_after=2024-07-15 00:00:00+00:00
[2024-07-15T04:36:11.040+0000] {processor.py:183} INFO - Processing /home/airflow/.local/lib/python3.12/site-packages/airflow/example_dags/example_setup_teardown.py took 0.084 seconds
[2024-07-15T04:36:41.466+0000] {processor.py:161} INFO - Started process (PID=1419) to work on /home/airflow/.local/lib/python3.12/site-packages/airflow/example_dags/example_setup_teardown.py
[2024-07-15T04:36:41.467+0000] {processor.py:830} INFO - Processing file /home/airflow/.local/lib/python3.12/site-packages/airflow/example_dags/example_setup_teardown.py for tasks to queue
[2024-07-15T04:36:41.469+0000] {logging_mixin.py:188} INFO - [2024-07-15T04:36:41.468+0000] {dagbag.py:545} INFO - Filling up the DagBag from /home/airflow/.local/lib/python3.12/site-packages/airflow/example_dags/example_setup_teardown.py
[2024-07-15T04:36:41.474+0000] {processor.py:840} INFO - DAG(s) 'example_setup_teardown' retrieved from /home/airflow/.local/lib/python3.12/site-packages/airflow/example_dags/example_setup_teardown.py
[2024-07-15T04:36:41.494+0000] {logging_mixin.py:188} INFO - [2024-07-15T04:36:41.494+0000] {dag.py:3096} INFO - Sync 1 DAGs
[2024-07-15T04:36:41.511+0000] {logging_mixin.py:188} INFO - [2024-07-15T04:36:41.511+0000] {dag.py:3954} INFO - Setting next_dagrun for example_setup_teardown to 2024-07-14 00:00:00+00:00, run_after=2024-07-15 00:00:00+00:00
[2024-07-15T04:36:41.535+0000] {processor.py:183} INFO - Processing /home/airflow/.local/lib/python3.12/site-packages/airflow/example_dags/example_setup_teardown.py took 0.076 seconds
[2024-07-15T04:37:12.699+0000] {processor.py:161} INFO - Started process (PID=1480) to work on /home/airflow/.local/lib/python3.12/site-packages/airflow/example_dags/example_setup_teardown.py
[2024-07-15T04:37:12.708+0000] {processor.py:830} INFO - Processing file /home/airflow/.local/lib/python3.12/site-packages/airflow/example_dags/example_setup_teardown.py for tasks to queue
[2024-07-15T04:37:12.715+0000] {logging_mixin.py:188} INFO - [2024-07-15T04:37:12.715+0000] {dagbag.py:545} INFO - Filling up the DagBag from /home/airflow/.local/lib/python3.12/site-packages/airflow/example_dags/example_setup_teardown.py
[2024-07-15T04:37:12.727+0000] {processor.py:840} INFO - DAG(s) 'example_setup_teardown' retrieved from /home/airflow/.local/lib/python3.12/site-packages/airflow/example_dags/example_setup_teardown.py
[2024-07-15T04:37:12.814+0000] {logging_mixin.py:188} INFO - [2024-07-15T04:37:12.814+0000] {dag.py:3096} INFO - Sync 1 DAGs
[2024-07-15T04:37:12.904+0000] {logging_mixin.py:188} INFO - [2024-07-15T04:37:12.904+0000] {dag.py:3954} INFO - Setting next_dagrun for example_setup_teardown to 2024-07-14 00:00:00+00:00, run_after=2024-07-15 00:00:00+00:00
[2024-07-15T04:37:12.960+0000] {processor.py:183} INFO - Processing /home/airflow/.local/lib/python3.12/site-packages/airflow/example_dags/example_setup_teardown.py took 0.268 seconds
[2024-07-15T04:37:43.803+0000] {processor.py:161} INFO - Started process (PID=1543) to work on /home/airflow/.local/lib/python3.12/site-packages/airflow/example_dags/example_setup_teardown.py
[2024-07-15T04:37:43.804+0000] {processor.py:830} INFO - Processing file /home/airflow/.local/lib/python3.12/site-packages/airflow/example_dags/example_setup_teardown.py for tasks to queue
[2024-07-15T04:37:43.806+0000] {logging_mixin.py:188} INFO - [2024-07-15T04:37:43.805+0000] {dagbag.py:545} INFO - Filling up the DagBag from /home/airflow/.local/lib/python3.12/site-packages/airflow/example_dags/example_setup_teardown.py
[2024-07-15T04:37:43.832+0000] {processor.py:840} INFO - DAG(s) 'example_setup_teardown' retrieved from /home/airflow/.local/lib/python3.12/site-packages/airflow/example_dags/example_setup_teardown.py
[2024-07-15T04:37:43.923+0000] {logging_mixin.py:188} INFO - [2024-07-15T04:37:43.923+0000] {dag.py:3096} INFO - Sync 1 DAGs
[2024-07-15T04:37:43.972+0000] {logging_mixin.py:188} INFO - [2024-07-15T04:37:43.972+0000] {dag.py:3954} INFO - Setting next_dagrun for example_setup_teardown to 2024-07-14 00:00:00+00:00, run_after=2024-07-15 00:00:00+00:00
[2024-07-15T04:37:44.001+0000] {processor.py:183} INFO - Processing /home/airflow/.local/lib/python3.12/site-packages/airflow/example_dags/example_setup_teardown.py took 0.214 seconds
[2024-07-15T04:38:14.600+0000] {processor.py:161} INFO - Started process (PID=1604) to work on /home/airflow/.local/lib/python3.12/site-packages/airflow/example_dags/example_setup_teardown.py
[2024-07-15T04:38:14.601+0000] {processor.py:830} INFO - Processing file /home/airflow/.local/lib/python3.12/site-packages/airflow/example_dags/example_setup_teardown.py for tasks to queue
[2024-07-15T04:38:14.603+0000] {logging_mixin.py:188} INFO - [2024-07-15T04:38:14.603+0000] {dagbag.py:545} INFO - Filling up the DagBag from /home/airflow/.local/lib/python3.12/site-packages/airflow/example_dags/example_setup_teardown.py
[2024-07-15T04:38:14.652+0000] {processor.py:840} INFO - DAG(s) 'example_setup_teardown' retrieved from /home/airflow/.local/lib/python3.12/site-packages/airflow/example_dags/example_setup_teardown.py
[2024-07-15T04:38:14.708+0000] {logging_mixin.py:188} INFO - [2024-07-15T04:38:14.708+0000] {dag.py:3096} INFO - Sync 1 DAGs
[2024-07-15T04:38:14.760+0000] {logging_mixin.py:188} INFO - [2024-07-15T04:38:14.760+0000] {dag.py:3954} INFO - Setting next_dagrun for example_setup_teardown to 2024-07-14 00:00:00+00:00, run_after=2024-07-15 00:00:00+00:00
[2024-07-15T04:38:14.814+0000] {processor.py:183} INFO - Processing /home/airflow/.local/lib/python3.12/site-packages/airflow/example_dags/example_setup_teardown.py took 0.229 seconds
[2024-07-15T04:38:45.071+0000] {processor.py:161} INFO - Started process (PID=1665) to work on /home/airflow/.local/lib/python3.12/site-packages/airflow/example_dags/example_setup_teardown.py
[2024-07-15T04:38:45.072+0000] {processor.py:830} INFO - Processing file /home/airflow/.local/lib/python3.12/site-packages/airflow/example_dags/example_setup_teardown.py for tasks to queue
[2024-07-15T04:38:45.075+0000] {logging_mixin.py:188} INFO - [2024-07-15T04:38:45.075+0000] {dagbag.py:545} INFO - Filling up the DagBag from /home/airflow/.local/lib/python3.12/site-packages/airflow/example_dags/example_setup_teardown.py
[2024-07-15T04:38:45.092+0000] {processor.py:840} INFO - DAG(s) 'example_setup_teardown' retrieved from /home/airflow/.local/lib/python3.12/site-packages/airflow/example_dags/example_setup_teardown.py
[2024-07-15T04:38:45.131+0000] {logging_mixin.py:188} INFO - [2024-07-15T04:38:45.129+0000] {dag.py:3096} INFO - Sync 1 DAGs
[2024-07-15T04:38:45.157+0000] {logging_mixin.py:188} INFO - [2024-07-15T04:38:45.157+0000] {dag.py:3954} INFO - Setting next_dagrun for example_setup_teardown to 2024-07-14 00:00:00+00:00, run_after=2024-07-15 00:00:00+00:00
[2024-07-15T04:38:45.183+0000] {processor.py:183} INFO - Processing /home/airflow/.local/lib/python3.12/site-packages/airflow/example_dags/example_setup_teardown.py took 0.128 seconds
[2024-07-15T04:39:15.637+0000] {processor.py:161} INFO - Started process (PID=1726) to work on /home/airflow/.local/lib/python3.12/site-packages/airflow/example_dags/example_setup_teardown.py
[2024-07-15T04:39:15.638+0000] {processor.py:830} INFO - Processing file /home/airflow/.local/lib/python3.12/site-packages/airflow/example_dags/example_setup_teardown.py for tasks to queue
[2024-07-15T04:39:15.640+0000] {logging_mixin.py:188} INFO - [2024-07-15T04:39:15.640+0000] {dagbag.py:545} INFO - Filling up the DagBag from /home/airflow/.local/lib/python3.12/site-packages/airflow/example_dags/example_setup_teardown.py
[2024-07-15T04:39:15.650+0000] {processor.py:840} INFO - DAG(s) 'example_setup_teardown' retrieved from /home/airflow/.local/lib/python3.12/site-packages/airflow/example_dags/example_setup_teardown.py
[2024-07-15T04:39:15.687+0000] {logging_mixin.py:188} INFO - [2024-07-15T04:39:15.687+0000] {dag.py:3096} INFO - Sync 1 DAGs
[2024-07-15T04:39:15.747+0000] {logging_mixin.py:188} INFO - [2024-07-15T04:39:15.747+0000] {dag.py:3954} INFO - Setting next_dagrun for example_setup_teardown to 2024-07-14 00:00:00+00:00, run_after=2024-07-15 00:00:00+00:00
[2024-07-15T04:39:15.795+0000] {processor.py:183} INFO - Processing /home/airflow/.local/lib/python3.12/site-packages/airflow/example_dags/example_setup_teardown.py took 0.172 seconds
[2024-07-15T04:39:46.457+0000] {processor.py:161} INFO - Started process (PID=1787) to work on /home/airflow/.local/lib/python3.12/site-packages/airflow/example_dags/example_setup_teardown.py
[2024-07-15T04:39:46.458+0000] {processor.py:830} INFO - Processing file /home/airflow/.local/lib/python3.12/site-packages/airflow/example_dags/example_setup_teardown.py for tasks to queue
[2024-07-15T04:39:46.460+0000] {logging_mixin.py:188} INFO - [2024-07-15T04:39:46.460+0000] {dagbag.py:545} INFO - Filling up the DagBag from /home/airflow/.local/lib/python3.12/site-packages/airflow/example_dags/example_setup_teardown.py
[2024-07-15T04:39:46.468+0000] {processor.py:840} INFO - DAG(s) 'example_setup_teardown' retrieved from /home/airflow/.local/lib/python3.12/site-packages/airflow/example_dags/example_setup_teardown.py
[2024-07-15T04:39:46.518+0000] {logging_mixin.py:188} INFO - [2024-07-15T04:39:46.518+0000] {dag.py:3096} INFO - Sync 1 DAGs
[2024-07-15T04:39:46.552+0000] {logging_mixin.py:188} INFO - [2024-07-15T04:39:46.552+0000] {dag.py:3954} INFO - Setting next_dagrun for example_setup_teardown to 2024-07-14 00:00:00+00:00, run_after=2024-07-15 00:00:00+00:00
[2024-07-15T04:39:46.582+0000] {processor.py:183} INFO - Processing /home/airflow/.local/lib/python3.12/site-packages/airflow/example_dags/example_setup_teardown.py took 0.132 seconds
[2024-07-15T04:40:18.129+0000] {processor.py:161} INFO - Started process (PID=1848) to work on /home/airflow/.local/lib/python3.12/site-packages/airflow/example_dags/example_setup_teardown.py
[2024-07-15T04:40:18.129+0000] {processor.py:830} INFO - Processing file /home/airflow/.local/lib/python3.12/site-packages/airflow/example_dags/example_setup_teardown.py for tasks to queue
[2024-07-15T04:40:18.131+0000] {logging_mixin.py:188} INFO - [2024-07-15T04:40:18.131+0000] {dagbag.py:545} INFO - Filling up the DagBag from /home/airflow/.local/lib/python3.12/site-packages/airflow/example_dags/example_setup_teardown.py
[2024-07-15T04:40:18.141+0000] {processor.py:840} INFO - DAG(s) 'example_setup_teardown' retrieved from /home/airflow/.local/lib/python3.12/site-packages/airflow/example_dags/example_setup_teardown.py
[2024-07-15T04:40:18.198+0000] {logging_mixin.py:188} INFO - [2024-07-15T04:40:18.197+0000] {dag.py:3096} INFO - Sync 1 DAGs
[2024-07-15T04:40:18.245+0000] {logging_mixin.py:188} INFO - [2024-07-15T04:40:18.245+0000] {dag.py:3954} INFO - Setting next_dagrun for example_setup_teardown to 2024-07-14 00:00:00+00:00, run_after=2024-07-15 00:00:00+00:00
[2024-07-15T04:40:18.276+0000] {processor.py:183} INFO - Processing /home/airflow/.local/lib/python3.12/site-packages/airflow/example_dags/example_setup_teardown.py took 0.156 seconds
[2024-07-15T04:40:52.046+0000] {processor.py:161} INFO - Started process (PID=1909) to work on /home/airflow/.local/lib/python3.12/site-packages/airflow/example_dags/example_setup_teardown.py
[2024-07-15T04:40:52.047+0000] {processor.py:830} INFO - Processing file /home/airflow/.local/lib/python3.12/site-packages/airflow/example_dags/example_setup_teardown.py for tasks to queue
[2024-07-15T04:40:52.054+0000] {logging_mixin.py:188} INFO - [2024-07-15T04:40:52.053+0000] {dagbag.py:545} INFO - Filling up the DagBag from /home/airflow/.local/lib/python3.12/site-packages/airflow/example_dags/example_setup_teardown.py
[2024-07-15T04:40:52.074+0000] {processor.py:840} INFO - DAG(s) 'example_setup_teardown' retrieved from /home/airflow/.local/lib/python3.12/site-packages/airflow/example_dags/example_setup_teardown.py
[2024-07-15T04:40:52.228+0000] {logging_mixin.py:188} INFO - [2024-07-15T04:40:52.228+0000] {dag.py:3096} INFO - Sync 1 DAGs
[2024-07-15T04:40:52.628+0000] {logging_mixin.py:188} INFO - [2024-07-15T04:40:52.628+0000] {dag.py:3954} INFO - Setting next_dagrun for example_setup_teardown to 2024-07-14 00:00:00+00:00, run_after=2024-07-15 00:00:00+00:00
[2024-07-15T04:40:52.668+0000] {processor.py:183} INFO - Processing /home/airflow/.local/lib/python3.12/site-packages/airflow/example_dags/example_setup_teardown.py took 0.661 seconds
[2024-07-15T04:41:23.502+0000] {processor.py:161} INFO - Started process (PID=1972) to work on /home/airflow/.local/lib/python3.12/site-packages/airflow/example_dags/example_setup_teardown.py
[2024-07-15T04:41:23.503+0000] {processor.py:830} INFO - Processing file /home/airflow/.local/lib/python3.12/site-packages/airflow/example_dags/example_setup_teardown.py for tasks to queue
[2024-07-15T04:41:23.505+0000] {logging_mixin.py:188} INFO - [2024-07-15T04:41:23.505+0000] {dagbag.py:545} INFO - Filling up the DagBag from /home/airflow/.local/lib/python3.12/site-packages/airflow/example_dags/example_setup_teardown.py
[2024-07-15T04:41:23.512+0000] {processor.py:840} INFO - DAG(s) 'example_setup_teardown' retrieved from /home/airflow/.local/lib/python3.12/site-packages/airflow/example_dags/example_setup_teardown.py
[2024-07-15T04:41:23.537+0000] {logging_mixin.py:188} INFO - [2024-07-15T04:41:23.537+0000] {dag.py:3096} INFO - Sync 1 DAGs
[2024-07-15T04:41:23.562+0000] {logging_mixin.py:188} INFO - [2024-07-15T04:41:23.562+0000] {dag.py:3954} INFO - Setting next_dagrun for example_setup_teardown to 2024-07-14 00:00:00+00:00, run_after=2024-07-15 00:00:00+00:00
[2024-07-15T04:41:23.586+0000] {processor.py:183} INFO - Processing /home/airflow/.local/lib/python3.12/site-packages/airflow/example_dags/example_setup_teardown.py took 0.090 seconds
[2024-07-15T04:41:54.269+0000] {processor.py:161} INFO - Started process (PID=2034) to work on /home/airflow/.local/lib/python3.12/site-packages/airflow/example_dags/example_setup_teardown.py
[2024-07-15T04:41:54.270+0000] {processor.py:830} INFO - Processing file /home/airflow/.local/lib/python3.12/site-packages/airflow/example_dags/example_setup_teardown.py for tasks to queue
[2024-07-15T04:41:54.272+0000] {logging_mixin.py:188} INFO - [2024-07-15T04:41:54.272+0000] {dagbag.py:545} INFO - Filling up the DagBag from /home/airflow/.local/lib/python3.12/site-packages/airflow/example_dags/example_setup_teardown.py
[2024-07-15T04:41:54.291+0000] {processor.py:840} INFO - DAG(s) 'example_setup_teardown' retrieved from /home/airflow/.local/lib/python3.12/site-packages/airflow/example_dags/example_setup_teardown.py
[2024-07-15T04:41:54.330+0000] {logging_mixin.py:188} INFO - [2024-07-15T04:41:54.329+0000] {dag.py:3096} INFO - Sync 1 DAGs
[2024-07-15T04:41:54.456+0000] {logging_mixin.py:188} INFO - [2024-07-15T04:41:54.456+0000] {dag.py:3954} INFO - Setting next_dagrun for example_setup_teardown to 2024-07-14 00:00:00+00:00, run_after=2024-07-15 00:00:00+00:00
[2024-07-15T04:41:54.555+0000] {processor.py:183} INFO - Processing /home/airflow/.local/lib/python3.12/site-packages/airflow/example_dags/example_setup_teardown.py took 0.303 seconds
[2024-07-15T04:42:24.802+0000] {processor.py:161} INFO - Started process (PID=2095) to work on /home/airflow/.local/lib/python3.12/site-packages/airflow/example_dags/example_setup_teardown.py
[2024-07-15T04:42:24.804+0000] {processor.py:830} INFO - Processing file /home/airflow/.local/lib/python3.12/site-packages/airflow/example_dags/example_setup_teardown.py for tasks to queue
[2024-07-15T04:42:24.806+0000] {logging_mixin.py:188} INFO - [2024-07-15T04:42:24.805+0000] {dagbag.py:545} INFO - Filling up the DagBag from /home/airflow/.local/lib/python3.12/site-packages/airflow/example_dags/example_setup_teardown.py
[2024-07-15T04:42:24.821+0000] {processor.py:840} INFO - DAG(s) 'example_setup_teardown' retrieved from /home/airflow/.local/lib/python3.12/site-packages/airflow/example_dags/example_setup_teardown.py
[2024-07-15T04:42:24.858+0000] {logging_mixin.py:188} INFO - [2024-07-15T04:42:24.858+0000] {dag.py:3096} INFO - Sync 1 DAGs
[2024-07-15T04:42:24.915+0000] {logging_mixin.py:188} INFO - [2024-07-15T04:42:24.915+0000] {dag.py:3954} INFO - Setting next_dagrun for example_setup_teardown to 2024-07-14 00:00:00+00:00, run_after=2024-07-15 00:00:00+00:00
[2024-07-15T04:42:24.957+0000] {processor.py:183} INFO - Processing /home/airflow/.local/lib/python3.12/site-packages/airflow/example_dags/example_setup_teardown.py took 0.166 seconds
[2024-07-15T04:42:55.241+0000] {processor.py:161} INFO - Started process (PID=2155) to work on /home/airflow/.local/lib/python3.12/site-packages/airflow/example_dags/example_setup_teardown.py
[2024-07-15T04:42:55.242+0000] {processor.py:830} INFO - Processing file /home/airflow/.local/lib/python3.12/site-packages/airflow/example_dags/example_setup_teardown.py for tasks to queue
[2024-07-15T04:42:55.244+0000] {logging_mixin.py:188} INFO - [2024-07-15T04:42:55.244+0000] {dagbag.py:545} INFO - Filling up the DagBag from /home/airflow/.local/lib/python3.12/site-packages/airflow/example_dags/example_setup_teardown.py
[2024-07-15T04:42:55.251+0000] {processor.py:840} INFO - DAG(s) 'example_setup_teardown' retrieved from /home/airflow/.local/lib/python3.12/site-packages/airflow/example_dags/example_setup_teardown.py
[2024-07-15T04:42:55.342+0000] {logging_mixin.py:188} INFO - [2024-07-15T04:42:55.342+0000] {dag.py:3096} INFO - Sync 1 DAGs
[2024-07-15T04:42:55.401+0000] {logging_mixin.py:188} INFO - [2024-07-15T04:42:55.400+0000] {dag.py:3954} INFO - Setting next_dagrun for example_setup_teardown to 2024-07-14 00:00:00+00:00, run_after=2024-07-15 00:00:00+00:00
[2024-07-15T04:42:55.440+0000] {processor.py:183} INFO - Processing /home/airflow/.local/lib/python3.12/site-packages/airflow/example_dags/example_setup_teardown.py took 0.207 seconds
[2024-07-15T04:43:26.096+0000] {processor.py:161} INFO - Started process (PID=2215) to work on /home/airflow/.local/lib/python3.12/site-packages/airflow/example_dags/example_setup_teardown.py
[2024-07-15T04:43:26.097+0000] {processor.py:830} INFO - Processing file /home/airflow/.local/lib/python3.12/site-packages/airflow/example_dags/example_setup_teardown.py for tasks to queue
[2024-07-15T04:43:26.099+0000] {logging_mixin.py:188} INFO - [2024-07-15T04:43:26.098+0000] {dagbag.py:545} INFO - Filling up the DagBag from /home/airflow/.local/lib/python3.12/site-packages/airflow/example_dags/example_setup_teardown.py
[2024-07-15T04:43:26.110+0000] {processor.py:840} INFO - DAG(s) 'example_setup_teardown' retrieved from /home/airflow/.local/lib/python3.12/site-packages/airflow/example_dags/example_setup_teardown.py
[2024-07-15T04:43:26.135+0000] {logging_mixin.py:188} INFO - [2024-07-15T04:43:26.134+0000] {dag.py:3096} INFO - Sync 1 DAGs
[2024-07-15T04:43:26.170+0000] {logging_mixin.py:188} INFO - [2024-07-15T04:43:26.170+0000] {dag.py:3954} INFO - Setting next_dagrun for example_setup_teardown to 2024-07-14 00:00:00+00:00, run_after=2024-07-15 00:00:00+00:00
[2024-07-15T04:43:26.209+0000] {processor.py:183} INFO - Processing /home/airflow/.local/lib/python3.12/site-packages/airflow/example_dags/example_setup_teardown.py took 0.123 seconds
[2024-07-15T04:43:56.482+0000] {processor.py:161} INFO - Started process (PID=2280) to work on /home/airflow/.local/lib/python3.12/site-packages/airflow/example_dags/example_setup_teardown.py
[2024-07-15T04:43:56.483+0000] {processor.py:830} INFO - Processing file /home/airflow/.local/lib/python3.12/site-packages/airflow/example_dags/example_setup_teardown.py for tasks to queue
[2024-07-15T04:43:56.487+0000] {logging_mixin.py:188} INFO - [2024-07-15T04:43:56.485+0000] {dagbag.py:545} INFO - Filling up the DagBag from /home/airflow/.local/lib/python3.12/site-packages/airflow/example_dags/example_setup_teardown.py
[2024-07-15T04:43:56.503+0000] {processor.py:840} INFO - DAG(s) 'example_setup_teardown' retrieved from /home/airflow/.local/lib/python3.12/site-packages/airflow/example_dags/example_setup_teardown.py
[2024-07-15T04:43:56.531+0000] {logging_mixin.py:188} INFO - [2024-07-15T04:43:56.531+0000] {dag.py:3096} INFO - Sync 1 DAGs
[2024-07-15T04:43:56.556+0000] {logging_mixin.py:188} INFO - [2024-07-15T04:43:56.556+0000] {dag.py:3954} INFO - Setting next_dagrun for example_setup_teardown to 2024-07-14 00:00:00+00:00, run_after=2024-07-15 00:00:00+00:00
[2024-07-15T04:43:56.595+0000] {processor.py:183} INFO - Processing /home/airflow/.local/lib/python3.12/site-packages/airflow/example_dags/example_setup_teardown.py took 0.152 seconds
[2024-07-15T04:44:27.285+0000] {processor.py:161} INFO - Started process (PID=2341) to work on /home/airflow/.local/lib/python3.12/site-packages/airflow/example_dags/example_setup_teardown.py
[2024-07-15T04:44:27.286+0000] {processor.py:830} INFO - Processing file /home/airflow/.local/lib/python3.12/site-packages/airflow/example_dags/example_setup_teardown.py for tasks to queue
[2024-07-15T04:44:27.288+0000] {logging_mixin.py:188} INFO - [2024-07-15T04:44:27.288+0000] {dagbag.py:545} INFO - Filling up the DagBag from /home/airflow/.local/lib/python3.12/site-packages/airflow/example_dags/example_setup_teardown.py
[2024-07-15T04:44:27.309+0000] {processor.py:840} INFO - DAG(s) 'example_setup_teardown' retrieved from /home/airflow/.local/lib/python3.12/site-packages/airflow/example_dags/example_setup_teardown.py
[2024-07-15T04:44:27.348+0000] {logging_mixin.py:188} INFO - [2024-07-15T04:44:27.348+0000] {dag.py:3096} INFO - Sync 1 DAGs
[2024-07-15T04:44:27.410+0000] {logging_mixin.py:188} INFO - [2024-07-15T04:44:27.410+0000] {dag.py:3954} INFO - Setting next_dagrun for example_setup_teardown to 2024-07-14 00:00:00+00:00, run_after=2024-07-15 00:00:00+00:00
[2024-07-15T04:44:27.457+0000] {processor.py:183} INFO - Processing /home/airflow/.local/lib/python3.12/site-packages/airflow/example_dags/example_setup_teardown.py took 0.179 seconds
[2024-07-15T04:44:57.568+0000] {processor.py:161} INFO - Started process (PID=2404) to work on /home/airflow/.local/lib/python3.12/site-packages/airflow/example_dags/example_setup_teardown.py
[2024-07-15T04:44:57.568+0000] {processor.py:830} INFO - Processing file /home/airflow/.local/lib/python3.12/site-packages/airflow/example_dags/example_setup_teardown.py for tasks to queue
[2024-07-15T04:44:57.569+0000] {logging_mixin.py:188} INFO - [2024-07-15T04:44:57.569+0000] {dagbag.py:545} INFO - Filling up the DagBag from /home/airflow/.local/lib/python3.12/site-packages/airflow/example_dags/example_setup_teardown.py
[2024-07-15T04:44:57.575+0000] {processor.py:840} INFO - DAG(s) 'example_setup_teardown' retrieved from /home/airflow/.local/lib/python3.12/site-packages/airflow/example_dags/example_setup_teardown.py
[2024-07-15T04:44:57.596+0000] {logging_mixin.py:188} INFO - [2024-07-15T04:44:57.596+0000] {dag.py:3096} INFO - Sync 1 DAGs
[2024-07-15T04:44:57.625+0000] {logging_mixin.py:188} INFO - [2024-07-15T04:44:57.625+0000] {dag.py:3954} INFO - Setting next_dagrun for example_setup_teardown to 2024-07-14 00:00:00+00:00, run_after=2024-07-15 00:00:00+00:00
[2024-07-15T04:44:57.649+0000] {processor.py:183} INFO - Processing /home/airflow/.local/lib/python3.12/site-packages/airflow/example_dags/example_setup_teardown.py took 0.087 seconds
[2024-07-15T04:45:27.722+0000] {processor.py:161} INFO - Started process (PID=2464) to work on /home/airflow/.local/lib/python3.12/site-packages/airflow/example_dags/example_setup_teardown.py
[2024-07-15T04:45:27.723+0000] {processor.py:830} INFO - Processing file /home/airflow/.local/lib/python3.12/site-packages/airflow/example_dags/example_setup_teardown.py for tasks to queue
[2024-07-15T04:45:27.725+0000] {logging_mixin.py:188} INFO - [2024-07-15T04:45:27.724+0000] {dagbag.py:545} INFO - Filling up the DagBag from /home/airflow/.local/lib/python3.12/site-packages/airflow/example_dags/example_setup_teardown.py
[2024-07-15T04:45:27.732+0000] {processor.py:840} INFO - DAG(s) 'example_setup_teardown' retrieved from /home/airflow/.local/lib/python3.12/site-packages/airflow/example_dags/example_setup_teardown.py
[2024-07-15T04:45:27.770+0000] {logging_mixin.py:188} INFO - [2024-07-15T04:45:27.770+0000] {dag.py:3096} INFO - Sync 1 DAGs
[2024-07-15T04:45:27.796+0000] {logging_mixin.py:188} INFO - [2024-07-15T04:45:27.796+0000] {dag.py:3954} INFO - Setting next_dagrun for example_setup_teardown to 2024-07-14 00:00:00+00:00, run_after=2024-07-15 00:00:00+00:00
[2024-07-15T04:45:27.821+0000] {processor.py:183} INFO - Processing /home/airflow/.local/lib/python3.12/site-packages/airflow/example_dags/example_setup_teardown.py took 0.105 seconds
[2024-07-15T04:45:58.381+0000] {processor.py:161} INFO - Started process (PID=2525) to work on /home/airflow/.local/lib/python3.12/site-packages/airflow/example_dags/example_setup_teardown.py
[2024-07-15T04:45:58.382+0000] {processor.py:830} INFO - Processing file /home/airflow/.local/lib/python3.12/site-packages/airflow/example_dags/example_setup_teardown.py for tasks to queue
[2024-07-15T04:45:58.384+0000] {logging_mixin.py:188} INFO - [2024-07-15T04:45:58.384+0000] {dagbag.py:545} INFO - Filling up the DagBag from /home/airflow/.local/lib/python3.12/site-packages/airflow/example_dags/example_setup_teardown.py
[2024-07-15T04:45:58.392+0000] {processor.py:840} INFO - DAG(s) 'example_setup_teardown' retrieved from /home/airflow/.local/lib/python3.12/site-packages/airflow/example_dags/example_setup_teardown.py
[2024-07-15T04:45:58.417+0000] {logging_mixin.py:188} INFO - [2024-07-15T04:45:58.417+0000] {dag.py:3096} INFO - Sync 1 DAGs
[2024-07-15T04:45:58.442+0000] {logging_mixin.py:188} INFO - [2024-07-15T04:45:58.442+0000] {dag.py:3954} INFO - Setting next_dagrun for example_setup_teardown to 2024-07-14 00:00:00+00:00, run_after=2024-07-15 00:00:00+00:00
[2024-07-15T04:45:58.468+0000] {processor.py:183} INFO - Processing /home/airflow/.local/lib/python3.12/site-packages/airflow/example_dags/example_setup_teardown.py took 0.092 seconds
[2024-07-15T04:46:29.153+0000] {processor.py:161} INFO - Started process (PID=2586) to work on /home/airflow/.local/lib/python3.12/site-packages/airflow/example_dags/example_setup_teardown.py
[2024-07-15T04:46:29.154+0000] {processor.py:830} INFO - Processing file /home/airflow/.local/lib/python3.12/site-packages/airflow/example_dags/example_setup_teardown.py for tasks to queue
[2024-07-15T04:46:29.156+0000] {logging_mixin.py:188} INFO - [2024-07-15T04:46:29.156+0000] {dagbag.py:545} INFO - Filling up the DagBag from /home/airflow/.local/lib/python3.12/site-packages/airflow/example_dags/example_setup_teardown.py
[2024-07-15T04:46:29.164+0000] {processor.py:840} INFO - DAG(s) 'example_setup_teardown' retrieved from /home/airflow/.local/lib/python3.12/site-packages/airflow/example_dags/example_setup_teardown.py
[2024-07-15T04:46:29.202+0000] {logging_mixin.py:188} INFO - [2024-07-15T04:46:29.202+0000] {dag.py:3096} INFO - Sync 1 DAGs
[2024-07-15T04:46:29.233+0000] {logging_mixin.py:188} INFO - [2024-07-15T04:46:29.233+0000] {dag.py:3954} INFO - Setting next_dagrun for example_setup_teardown to 2024-07-14 00:00:00+00:00, run_after=2024-07-15 00:00:00+00:00
[2024-07-15T04:46:29.274+0000] {processor.py:183} INFO - Processing /home/airflow/.local/lib/python3.12/site-packages/airflow/example_dags/example_setup_teardown.py took 0.136 seconds
[2024-07-15T04:47:00.255+0000] {processor.py:161} INFO - Started process (PID=2648) to work on /home/airflow/.local/lib/python3.12/site-packages/airflow/example_dags/example_setup_teardown.py
[2024-07-15T04:47:00.256+0000] {processor.py:830} INFO - Processing file /home/airflow/.local/lib/python3.12/site-packages/airflow/example_dags/example_setup_teardown.py for tasks to queue
[2024-07-15T04:47:00.258+0000] {logging_mixin.py:188} INFO - [2024-07-15T04:47:00.258+0000] {dagbag.py:545} INFO - Filling up the DagBag from /home/airflow/.local/lib/python3.12/site-packages/airflow/example_dags/example_setup_teardown.py
[2024-07-15T04:47:00.266+0000] {processor.py:840} INFO - DAG(s) 'example_setup_teardown' retrieved from /home/airflow/.local/lib/python3.12/site-packages/airflow/example_dags/example_setup_teardown.py
[2024-07-15T04:47:00.290+0000] {logging_mixin.py:188} INFO - [2024-07-15T04:47:00.290+0000] {dag.py:3096} INFO - Sync 1 DAGs
[2024-07-15T04:47:00.314+0000] {logging_mixin.py:188} INFO - [2024-07-15T04:47:00.314+0000] {dag.py:3954} INFO - Setting next_dagrun for example_setup_teardown to 2024-07-14 00:00:00+00:00, run_after=2024-07-15 00:00:00+00:00
[2024-07-15T04:47:00.340+0000] {processor.py:183} INFO - Processing /home/airflow/.local/lib/python3.12/site-packages/airflow/example_dags/example_setup_teardown.py took 0.090 seconds
[2024-07-15T04:47:30.517+0000] {processor.py:161} INFO - Started process (PID=2709) to work on /home/airflow/.local/lib/python3.12/site-packages/airflow/example_dags/example_setup_teardown.py
[2024-07-15T04:47:30.518+0000] {processor.py:830} INFO - Processing file /home/airflow/.local/lib/python3.12/site-packages/airflow/example_dags/example_setup_teardown.py for tasks to queue
[2024-07-15T04:47:30.520+0000] {logging_mixin.py:188} INFO - [2024-07-15T04:47:30.520+0000] {dagbag.py:545} INFO - Filling up the DagBag from /home/airflow/.local/lib/python3.12/site-packages/airflow/example_dags/example_setup_teardown.py
[2024-07-15T04:47:30.528+0000] {processor.py:840} INFO - DAG(s) 'example_setup_teardown' retrieved from /home/airflow/.local/lib/python3.12/site-packages/airflow/example_dags/example_setup_teardown.py
[2024-07-15T04:47:30.554+0000] {logging_mixin.py:188} INFO - [2024-07-15T04:47:30.554+0000] {dag.py:3096} INFO - Sync 1 DAGs
[2024-07-15T04:47:30.580+0000] {logging_mixin.py:188} INFO - [2024-07-15T04:47:30.580+0000] {dag.py:3954} INFO - Setting next_dagrun for example_setup_teardown to 2024-07-14 00:00:00+00:00, run_after=2024-07-15 00:00:00+00:00
[2024-07-15T04:47:30.606+0000] {processor.py:183} INFO - Processing /home/airflow/.local/lib/python3.12/site-packages/airflow/example_dags/example_setup_teardown.py took 0.098 seconds
[2024-07-15T04:48:01.008+0000] {processor.py:161} INFO - Started process (PID=2771) to work on /home/airflow/.local/lib/python3.12/site-packages/airflow/example_dags/example_setup_teardown.py
[2024-07-15T04:48:01.009+0000] {processor.py:830} INFO - Processing file /home/airflow/.local/lib/python3.12/site-packages/airflow/example_dags/example_setup_teardown.py for tasks to queue
[2024-07-15T04:48:01.010+0000] {logging_mixin.py:188} INFO - [2024-07-15T04:48:01.010+0000] {dagbag.py:545} INFO - Filling up the DagBag from /home/airflow/.local/lib/python3.12/site-packages/airflow/example_dags/example_setup_teardown.py
[2024-07-15T04:48:01.018+0000] {processor.py:840} INFO - DAG(s) 'example_setup_teardown' retrieved from /home/airflow/.local/lib/python3.12/site-packages/airflow/example_dags/example_setup_teardown.py
[2024-07-15T04:48:01.042+0000] {logging_mixin.py:188} INFO - [2024-07-15T04:48:01.042+0000] {dag.py:3096} INFO - Sync 1 DAGs
[2024-07-15T04:48:01.068+0000] {logging_mixin.py:188} INFO - [2024-07-15T04:48:01.067+0000] {dag.py:3954} INFO - Setting next_dagrun for example_setup_teardown to 2024-07-14 00:00:00+00:00, run_after=2024-07-15 00:00:00+00:00
[2024-07-15T04:48:01.093+0000] {processor.py:183} INFO - Processing /home/airflow/.local/lib/python3.12/site-packages/airflow/example_dags/example_setup_teardown.py took 0.091 seconds
[2024-07-15T04:48:31.966+0000] {processor.py:161} INFO - Started process (PID=2839) to work on /home/airflow/.local/lib/python3.12/site-packages/airflow/example_dags/example_setup_teardown.py
[2024-07-15T04:48:31.967+0000] {processor.py:830} INFO - Processing file /home/airflow/.local/lib/python3.12/site-packages/airflow/example_dags/example_setup_teardown.py for tasks to queue
[2024-07-15T04:48:31.968+0000] {logging_mixin.py:188} INFO - [2024-07-15T04:48:31.968+0000] {dagbag.py:545} INFO - Filling up the DagBag from /home/airflow/.local/lib/python3.12/site-packages/airflow/example_dags/example_setup_teardown.py
[2024-07-15T04:48:31.976+0000] {processor.py:840} INFO - DAG(s) 'example_setup_teardown' retrieved from /home/airflow/.local/lib/python3.12/site-packages/airflow/example_dags/example_setup_teardown.py
[2024-07-15T04:48:32.003+0000] {logging_mixin.py:188} INFO - [2024-07-15T04:48:32.003+0000] {dag.py:3096} INFO - Sync 1 DAGs
[2024-07-15T04:48:32.029+0000] {logging_mixin.py:188} INFO - [2024-07-15T04:48:32.028+0000] {dag.py:3954} INFO - Setting next_dagrun for example_setup_teardown to 2024-07-14 00:00:00+00:00, run_after=2024-07-15 00:00:00+00:00
[2024-07-15T04:48:32.055+0000] {processor.py:183} INFO - Processing /home/airflow/.local/lib/python3.12/site-packages/airflow/example_dags/example_setup_teardown.py took 0.095 seconds
[2024-07-15T04:49:02.507+0000] {processor.py:161} INFO - Started process (PID=2900) to work on /home/airflow/.local/lib/python3.12/site-packages/airflow/example_dags/example_setup_teardown.py
[2024-07-15T04:49:02.507+0000] {processor.py:830} INFO - Processing file /home/airflow/.local/lib/python3.12/site-packages/airflow/example_dags/example_setup_teardown.py for tasks to queue
[2024-07-15T04:49:02.509+0000] {logging_mixin.py:188} INFO - [2024-07-15T04:49:02.509+0000] {dagbag.py:545} INFO - Filling up the DagBag from /home/airflow/.local/lib/python3.12/site-packages/airflow/example_dags/example_setup_teardown.py
[2024-07-15T04:49:02.516+0000] {processor.py:840} INFO - DAG(s) 'example_setup_teardown' retrieved from /home/airflow/.local/lib/python3.12/site-packages/airflow/example_dags/example_setup_teardown.py
[2024-07-15T04:49:02.541+0000] {logging_mixin.py:188} INFO - [2024-07-15T04:49:02.540+0000] {dag.py:3096} INFO - Sync 1 DAGs
[2024-07-15T04:49:02.565+0000] {logging_mixin.py:188} INFO - [2024-07-15T04:49:02.565+0000] {dag.py:3954} INFO - Setting next_dagrun for example_setup_teardown to 2024-07-14 00:00:00+00:00, run_after=2024-07-15 00:00:00+00:00
[2024-07-15T04:49:02.608+0000] {processor.py:183} INFO - Processing /home/airflow/.local/lib/python3.12/site-packages/airflow/example_dags/example_setup_teardown.py took 0.107 seconds
[2024-07-15T04:49:33.320+0000] {processor.py:161} INFO - Started process (PID=2961) to work on /home/airflow/.local/lib/python3.12/site-packages/airflow/example_dags/example_setup_teardown.py
[2024-07-15T04:49:33.321+0000] {processor.py:830} INFO - Processing file /home/airflow/.local/lib/python3.12/site-packages/airflow/example_dags/example_setup_teardown.py for tasks to queue
[2024-07-15T04:49:33.324+0000] {logging_mixin.py:188} INFO - [2024-07-15T04:49:33.323+0000] {dagbag.py:545} INFO - Filling up the DagBag from /home/airflow/.local/lib/python3.12/site-packages/airflow/example_dags/example_setup_teardown.py
[2024-07-15T04:49:33.339+0000] {processor.py:840} INFO - DAG(s) 'example_setup_teardown' retrieved from /home/airflow/.local/lib/python3.12/site-packages/airflow/example_dags/example_setup_teardown.py
[2024-07-15T04:49:33.365+0000] {logging_mixin.py:188} INFO - [2024-07-15T04:49:33.364+0000] {dag.py:3096} INFO - Sync 1 DAGs
[2024-07-15T04:49:33.390+0000] {logging_mixin.py:188} INFO - [2024-07-15T04:49:33.390+0000] {dag.py:3954} INFO - Setting next_dagrun for example_setup_teardown to 2024-07-14 00:00:00+00:00, run_after=2024-07-15 00:00:00+00:00
[2024-07-15T04:49:33.415+0000] {processor.py:183} INFO - Processing /home/airflow/.local/lib/python3.12/site-packages/airflow/example_dags/example_setup_teardown.py took 0.101 seconds
[2024-07-15T04:50:04.191+0000] {processor.py:161} INFO - Started process (PID=3023) to work on /home/airflow/.local/lib/python3.12/site-packages/airflow/example_dags/example_setup_teardown.py
[2024-07-15T04:50:04.193+0000] {processor.py:830} INFO - Processing file /home/airflow/.local/lib/python3.12/site-packages/airflow/example_dags/example_setup_teardown.py for tasks to queue
[2024-07-15T04:50:04.196+0000] {logging_mixin.py:188} INFO - [2024-07-15T04:50:04.195+0000] {dagbag.py:545} INFO - Filling up the DagBag from /home/airflow/.local/lib/python3.12/site-packages/airflow/example_dags/example_setup_teardown.py
[2024-07-15T04:50:04.204+0000] {processor.py:840} INFO - DAG(s) 'example_setup_teardown' retrieved from /home/airflow/.local/lib/python3.12/site-packages/airflow/example_dags/example_setup_teardown.py
[2024-07-15T04:50:04.228+0000] {logging_mixin.py:188} INFO - [2024-07-15T04:50:04.228+0000] {dag.py:3096} INFO - Sync 1 DAGs
[2024-07-15T04:50:04.255+0000] {logging_mixin.py:188} INFO - [2024-07-15T04:50:04.254+0000] {dag.py:3954} INFO - Setting next_dagrun for example_setup_teardown to 2024-07-14 00:00:00+00:00, run_after=2024-07-15 00:00:00+00:00
[2024-07-15T04:50:04.285+0000] {processor.py:183} INFO - Processing /home/airflow/.local/lib/python3.12/site-packages/airflow/example_dags/example_setup_teardown.py took 0.100 seconds
[2024-07-15T04:50:34.504+0000] {processor.py:161} INFO - Started process (PID=3084) to work on /home/airflow/.local/lib/python3.12/site-packages/airflow/example_dags/example_setup_teardown.py
[2024-07-15T04:50:34.505+0000] {processor.py:830} INFO - Processing file /home/airflow/.local/lib/python3.12/site-packages/airflow/example_dags/example_setup_teardown.py for tasks to queue
[2024-07-15T04:50:34.506+0000] {logging_mixin.py:188} INFO - [2024-07-15T04:50:34.506+0000] {dagbag.py:545} INFO - Filling up the DagBag from /home/airflow/.local/lib/python3.12/site-packages/airflow/example_dags/example_setup_teardown.py
[2024-07-15T04:50:34.514+0000] {processor.py:840} INFO - DAG(s) 'example_setup_teardown' retrieved from /home/airflow/.local/lib/python3.12/site-packages/airflow/example_dags/example_setup_teardown.py
[2024-07-15T04:50:34.545+0000] {logging_mixin.py:188} INFO - [2024-07-15T04:50:34.545+0000] {dag.py:3096} INFO - Sync 1 DAGs
[2024-07-15T04:50:34.583+0000] {logging_mixin.py:188} INFO - [2024-07-15T04:50:34.583+0000] {dag.py:3954} INFO - Setting next_dagrun for example_setup_teardown to 2024-07-14 00:00:00+00:00, run_after=2024-07-15 00:00:00+00:00
[2024-07-15T04:50:34.613+0000] {processor.py:183} INFO - Processing /home/airflow/.local/lib/python3.12/site-packages/airflow/example_dags/example_setup_teardown.py took 0.115 seconds
[2024-07-15T04:51:04.991+0000] {processor.py:161} INFO - Started process (PID=3148) to work on /home/airflow/.local/lib/python3.12/site-packages/airflow/example_dags/example_setup_teardown.py
[2024-07-15T04:51:04.992+0000] {processor.py:830} INFO - Processing file /home/airflow/.local/lib/python3.12/site-packages/airflow/example_dags/example_setup_teardown.py for tasks to queue
[2024-07-15T04:51:04.994+0000] {logging_mixin.py:188} INFO - [2024-07-15T04:51:04.994+0000] {dagbag.py:545} INFO - Filling up the DagBag from /home/airflow/.local/lib/python3.12/site-packages/airflow/example_dags/example_setup_teardown.py
[2024-07-15T04:51:05.002+0000] {processor.py:840} INFO - DAG(s) 'example_setup_teardown' retrieved from /home/airflow/.local/lib/python3.12/site-packages/airflow/example_dags/example_setup_teardown.py
[2024-07-15T04:51:05.027+0000] {logging_mixin.py:188} INFO - [2024-07-15T04:51:05.026+0000] {dag.py:3096} INFO - Sync 1 DAGs
[2024-07-15T04:51:05.053+0000] {logging_mixin.py:188} INFO - [2024-07-15T04:51:05.053+0000] {dag.py:3954} INFO - Setting next_dagrun for example_setup_teardown to 2024-07-14 00:00:00+00:00, run_after=2024-07-15 00:00:00+00:00
[2024-07-15T04:51:05.078+0000] {processor.py:183} INFO - Processing /home/airflow/.local/lib/python3.12/site-packages/airflow/example_dags/example_setup_teardown.py took 0.094 seconds
[2024-07-15T04:51:36.067+0000] {processor.py:161} INFO - Started process (PID=3208) to work on /home/airflow/.local/lib/python3.12/site-packages/airflow/example_dags/example_setup_teardown.py
[2024-07-15T04:51:36.078+0000] {processor.py:830} INFO - Processing file /home/airflow/.local/lib/python3.12/site-packages/airflow/example_dags/example_setup_teardown.py for tasks to queue
[2024-07-15T04:51:36.079+0000] {logging_mixin.py:188} INFO - [2024-07-15T04:51:36.079+0000] {dagbag.py:545} INFO - Filling up the DagBag from /home/airflow/.local/lib/python3.12/site-packages/airflow/example_dags/example_setup_teardown.py
[2024-07-15T04:51:36.089+0000] {processor.py:840} INFO - DAG(s) 'example_setup_teardown' retrieved from /home/airflow/.local/lib/python3.12/site-packages/airflow/example_dags/example_setup_teardown.py
[2024-07-15T04:51:36.120+0000] {logging_mixin.py:188} INFO - [2024-07-15T04:51:36.120+0000] {dag.py:3096} INFO - Sync 1 DAGs
[2024-07-15T04:51:36.157+0000] {logging_mixin.py:188} INFO - [2024-07-15T04:51:36.157+0000] {dag.py:3954} INFO - Setting next_dagrun for example_setup_teardown to 2024-07-14 00:00:00+00:00, run_after=2024-07-15 00:00:00+00:00
[2024-07-15T04:51:36.182+0000] {processor.py:183} INFO - Processing /home/airflow/.local/lib/python3.12/site-packages/airflow/example_dags/example_setup_teardown.py took 0.124 seconds
[2024-07-15T04:53:10.536+0000] {processor.py:161} INFO - Started process (PID=65) to work on /home/airflow/.local/lib/python3.12/site-packages/airflow/example_dags/example_setup_teardown.py
[2024-07-15T04:53:10.537+0000] {processor.py:830} INFO - Processing file /home/airflow/.local/lib/python3.12/site-packages/airflow/example_dags/example_setup_teardown.py for tasks to queue
[2024-07-15T04:53:10.539+0000] {logging_mixin.py:188} INFO - [2024-07-15T04:53:10.538+0000] {dagbag.py:545} INFO - Filling up the DagBag from /home/airflow/.local/lib/python3.12/site-packages/airflow/example_dags/example_setup_teardown.py
[2024-07-15T04:53:10.545+0000] {processor.py:840} INFO - DAG(s) 'example_setup_teardown' retrieved from /home/airflow/.local/lib/python3.12/site-packages/airflow/example_dags/example_setup_teardown.py
[2024-07-15T04:53:10.727+0000] {logging_mixin.py:188} INFO - [2024-07-15T04:53:10.727+0000] {dag.py:3096} INFO - Sync 1 DAGs
[2024-07-15T04:53:10.751+0000] {logging_mixin.py:188} INFO - [2024-07-15T04:53:10.751+0000] {dag.py:3954} INFO - Setting next_dagrun for example_setup_teardown to 2024-07-14 00:00:00+00:00, run_after=2024-07-15 00:00:00+00:00
[2024-07-15T04:53:10.791+0000] {processor.py:183} INFO - Processing /home/airflow/.local/lib/python3.12/site-packages/airflow/example_dags/example_setup_teardown.py took 0.261 seconds
[2024-07-15T04:53:41.235+0000] {processor.py:161} INFO - Started process (PID=126) to work on /home/airflow/.local/lib/python3.12/site-packages/airflow/example_dags/example_setup_teardown.py
[2024-07-15T04:53:41.236+0000] {processor.py:830} INFO - Processing file /home/airflow/.local/lib/python3.12/site-packages/airflow/example_dags/example_setup_teardown.py for tasks to queue
[2024-07-15T04:53:41.244+0000] {logging_mixin.py:188} INFO - [2024-07-15T04:53:41.239+0000] {dagbag.py:545} INFO - Filling up the DagBag from /home/airflow/.local/lib/python3.12/site-packages/airflow/example_dags/example_setup_teardown.py
[2024-07-15T04:53:41.258+0000] {processor.py:840} INFO - DAG(s) 'example_setup_teardown' retrieved from /home/airflow/.local/lib/python3.12/site-packages/airflow/example_dags/example_setup_teardown.py
[2024-07-15T04:53:41.301+0000] {logging_mixin.py:188} INFO - [2024-07-15T04:53:41.300+0000] {dag.py:3096} INFO - Sync 1 DAGs
[2024-07-15T04:53:41.333+0000] {logging_mixin.py:188} INFO - [2024-07-15T04:53:41.333+0000] {dag.py:3954} INFO - Setting next_dagrun for example_setup_teardown to 2024-07-14 00:00:00+00:00, run_after=2024-07-15 00:00:00+00:00
[2024-07-15T04:53:41.357+0000] {processor.py:183} INFO - Processing /home/airflow/.local/lib/python3.12/site-packages/airflow/example_dags/example_setup_teardown.py took 0.135 seconds
[2024-07-15T04:54:13.463+0000] {processor.py:161} INFO - Started process (PID=189) to work on /home/airflow/.local/lib/python3.12/site-packages/airflow/example_dags/example_setup_teardown.py
[2024-07-15T04:54:13.472+0000] {processor.py:830} INFO - Processing file /home/airflow/.local/lib/python3.12/site-packages/airflow/example_dags/example_setup_teardown.py for tasks to queue
[2024-07-15T04:54:13.474+0000] {logging_mixin.py:188} INFO - [2024-07-15T04:54:13.473+0000] {dagbag.py:545} INFO - Filling up the DagBag from /home/airflow/.local/lib/python3.12/site-packages/airflow/example_dags/example_setup_teardown.py
[2024-07-15T04:54:13.493+0000] {processor.py:840} INFO - DAG(s) 'example_setup_teardown' retrieved from /home/airflow/.local/lib/python3.12/site-packages/airflow/example_dags/example_setup_teardown.py
[2024-07-15T04:54:13.548+0000] {logging_mixin.py:188} INFO - [2024-07-15T04:54:13.548+0000] {dag.py:3096} INFO - Sync 1 DAGs
[2024-07-15T04:54:13.597+0000] {logging_mixin.py:188} INFO - [2024-07-15T04:54:13.597+0000] {dag.py:3954} INFO - Setting next_dagrun for example_setup_teardown to 2024-07-14 00:00:00+00:00, run_after=2024-07-15 00:00:00+00:00
[2024-07-15T04:54:13.643+0000] {processor.py:183} INFO - Processing /home/airflow/.local/lib/python3.12/site-packages/airflow/example_dags/example_setup_teardown.py took 0.200 seconds
[2024-07-15T04:54:44.722+0000] {processor.py:161} INFO - Started process (PID=250) to work on /home/airflow/.local/lib/python3.12/site-packages/airflow/example_dags/example_setup_teardown.py
[2024-07-15T04:54:44.723+0000] {processor.py:830} INFO - Processing file /home/airflow/.local/lib/python3.12/site-packages/airflow/example_dags/example_setup_teardown.py for tasks to queue
[2024-07-15T04:54:44.728+0000] {logging_mixin.py:188} INFO - [2024-07-15T04:54:44.727+0000] {dagbag.py:545} INFO - Filling up the DagBag from /home/airflow/.local/lib/python3.12/site-packages/airflow/example_dags/example_setup_teardown.py
[2024-07-15T04:54:44.745+0000] {processor.py:840} INFO - DAG(s) 'example_setup_teardown' retrieved from /home/airflow/.local/lib/python3.12/site-packages/airflow/example_dags/example_setup_teardown.py
[2024-07-15T04:54:44.798+0000] {logging_mixin.py:188} INFO - [2024-07-15T04:54:44.798+0000] {dag.py:3096} INFO - Sync 1 DAGs
[2024-07-15T04:54:44.845+0000] {logging_mixin.py:188} INFO - [2024-07-15T04:54:44.845+0000] {dag.py:3954} INFO - Setting next_dagrun for example_setup_teardown to 2024-07-14 00:00:00+00:00, run_after=2024-07-15 00:00:00+00:00
[2024-07-15T04:54:44.882+0000] {processor.py:183} INFO - Processing /home/airflow/.local/lib/python3.12/site-packages/airflow/example_dags/example_setup_teardown.py took 0.177 seconds
[2024-07-15T04:55:15.059+0000] {processor.py:161} INFO - Started process (PID=309) to work on /home/airflow/.local/lib/python3.12/site-packages/airflow/example_dags/example_setup_teardown.py
[2024-07-15T04:55:15.071+0000] {processor.py:830} INFO - Processing file /home/airflow/.local/lib/python3.12/site-packages/airflow/example_dags/example_setup_teardown.py for tasks to queue
[2024-07-15T04:55:15.073+0000] {logging_mixin.py:188} INFO - [2024-07-15T04:55:15.072+0000] {dagbag.py:545} INFO - Filling up the DagBag from /home/airflow/.local/lib/python3.12/site-packages/airflow/example_dags/example_setup_teardown.py
[2024-07-15T04:55:15.085+0000] {processor.py:840} INFO - DAG(s) 'example_setup_teardown' retrieved from /home/airflow/.local/lib/python3.12/site-packages/airflow/example_dags/example_setup_teardown.py
[2024-07-15T04:55:15.138+0000] {logging_mixin.py:188} INFO - [2024-07-15T04:55:15.138+0000] {dag.py:3096} INFO - Sync 1 DAGs
[2024-07-15T04:55:15.193+0000] {logging_mixin.py:188} INFO - [2024-07-15T04:55:15.192+0000] {dag.py:3954} INFO - Setting next_dagrun for example_setup_teardown to 2024-07-14 00:00:00+00:00, run_after=2024-07-15 00:00:00+00:00
[2024-07-15T04:55:15.222+0000] {processor.py:183} INFO - Processing /home/airflow/.local/lib/python3.12/site-packages/airflow/example_dags/example_setup_teardown.py took 0.172 seconds
[2024-07-15T04:55:45.944+0000] {processor.py:161} INFO - Started process (PID=370) to work on /home/airflow/.local/lib/python3.12/site-packages/airflow/example_dags/example_setup_teardown.py
[2024-07-15T04:55:45.945+0000] {processor.py:830} INFO - Processing file /home/airflow/.local/lib/python3.12/site-packages/airflow/example_dags/example_setup_teardown.py for tasks to queue
[2024-07-15T04:55:45.947+0000] {logging_mixin.py:188} INFO - [2024-07-15T04:55:45.946+0000] {dagbag.py:545} INFO - Filling up the DagBag from /home/airflow/.local/lib/python3.12/site-packages/airflow/example_dags/example_setup_teardown.py
[2024-07-15T04:55:45.958+0000] {processor.py:840} INFO - DAG(s) 'example_setup_teardown' retrieved from /home/airflow/.local/lib/python3.12/site-packages/airflow/example_dags/example_setup_teardown.py
[2024-07-15T04:55:46.003+0000] {logging_mixin.py:188} INFO - [2024-07-15T04:55:46.003+0000] {dag.py:3096} INFO - Sync 1 DAGs
[2024-07-15T04:55:46.055+0000] {logging_mixin.py:188} INFO - [2024-07-15T04:55:46.055+0000] {dag.py:3954} INFO - Setting next_dagrun for example_setup_teardown to 2024-07-14 00:00:00+00:00, run_after=2024-07-15 00:00:00+00:00
[2024-07-15T04:55:46.102+0000] {processor.py:183} INFO - Processing /home/airflow/.local/lib/python3.12/site-packages/airflow/example_dags/example_setup_teardown.py took 0.187 seconds
[2024-07-15T04:56:16.391+0000] {processor.py:161} INFO - Started process (PID=431) to work on /home/airflow/.local/lib/python3.12/site-packages/airflow/example_dags/example_setup_teardown.py
[2024-07-15T04:56:16.396+0000] {processor.py:830} INFO - Processing file /home/airflow/.local/lib/python3.12/site-packages/airflow/example_dags/example_setup_teardown.py for tasks to queue
[2024-07-15T04:56:16.398+0000] {logging_mixin.py:188} INFO - [2024-07-15T04:56:16.398+0000] {dagbag.py:545} INFO - Filling up the DagBag from /home/airflow/.local/lib/python3.12/site-packages/airflow/example_dags/example_setup_teardown.py
[2024-07-15T04:56:16.414+0000] {processor.py:840} INFO - DAG(s) 'example_setup_teardown' retrieved from /home/airflow/.local/lib/python3.12/site-packages/airflow/example_dags/example_setup_teardown.py
[2024-07-15T04:56:16.553+0000] {logging_mixin.py:188} INFO - [2024-07-15T04:56:16.553+0000] {dag.py:3096} INFO - Sync 1 DAGs
[2024-07-15T04:56:16.682+0000] {logging_mixin.py:188} INFO - [2024-07-15T04:56:16.682+0000] {dag.py:3954} INFO - Setting next_dagrun for example_setup_teardown to 2024-07-14 00:00:00+00:00, run_after=2024-07-15 00:00:00+00:00
[2024-07-15T04:56:16.912+0000] {processor.py:183} INFO - Processing /home/airflow/.local/lib/python3.12/site-packages/airflow/example_dags/example_setup_teardown.py took 0.549 seconds
[2024-07-15T04:56:46.987+0000] {processor.py:161} INFO - Started process (PID=492) to work on /home/airflow/.local/lib/python3.12/site-packages/airflow/example_dags/example_setup_teardown.py
[2024-07-15T04:56:46.996+0000] {processor.py:830} INFO - Processing file /home/airflow/.local/lib/python3.12/site-packages/airflow/example_dags/example_setup_teardown.py for tasks to queue
[2024-07-15T04:56:46.998+0000] {logging_mixin.py:188} INFO - [2024-07-15T04:56:46.998+0000] {dagbag.py:545} INFO - Filling up the DagBag from /home/airflow/.local/lib/python3.12/site-packages/airflow/example_dags/example_setup_teardown.py
[2024-07-15T04:56:47.009+0000] {processor.py:840} INFO - DAG(s) 'example_setup_teardown' retrieved from /home/airflow/.local/lib/python3.12/site-packages/airflow/example_dags/example_setup_teardown.py
[2024-07-15T04:56:47.080+0000] {logging_mixin.py:188} INFO - [2024-07-15T04:56:47.080+0000] {dag.py:3096} INFO - Sync 1 DAGs
[2024-07-15T04:56:47.104+0000] {logging_mixin.py:188} INFO - [2024-07-15T04:56:47.104+0000] {dag.py:3954} INFO - Setting next_dagrun for example_setup_teardown to 2024-07-14 00:00:00+00:00, run_after=2024-07-15 00:00:00+00:00
[2024-07-15T04:56:47.147+0000] {processor.py:183} INFO - Processing /home/airflow/.local/lib/python3.12/site-packages/airflow/example_dags/example_setup_teardown.py took 0.167 seconds
[2024-07-15T04:57:17.703+0000] {processor.py:161} INFO - Started process (PID=554) to work on /home/airflow/.local/lib/python3.12/site-packages/airflow/example_dags/example_setup_teardown.py
[2024-07-15T04:57:17.704+0000] {processor.py:830} INFO - Processing file /home/airflow/.local/lib/python3.12/site-packages/airflow/example_dags/example_setup_teardown.py for tasks to queue
[2024-07-15T04:57:17.705+0000] {logging_mixin.py:188} INFO - [2024-07-15T04:57:17.705+0000] {dagbag.py:545} INFO - Filling up the DagBag from /home/airflow/.local/lib/python3.12/site-packages/airflow/example_dags/example_setup_teardown.py
[2024-07-15T04:57:17.714+0000] {processor.py:840} INFO - DAG(s) 'example_setup_teardown' retrieved from /home/airflow/.local/lib/python3.12/site-packages/airflow/example_dags/example_setup_teardown.py
[2024-07-15T04:57:17.735+0000] {logging_mixin.py:188} INFO - [2024-07-15T04:57:17.735+0000] {dag.py:3096} INFO - Sync 1 DAGs
[2024-07-15T04:57:17.760+0000] {logging_mixin.py:188} INFO - [2024-07-15T04:57:17.760+0000] {dag.py:3954} INFO - Setting next_dagrun for example_setup_teardown to 2024-07-14 00:00:00+00:00, run_after=2024-07-15 00:00:00+00:00
[2024-07-15T04:57:17.784+0000] {processor.py:183} INFO - Processing /home/airflow/.local/lib/python3.12/site-packages/airflow/example_dags/example_setup_teardown.py took 0.087 seconds
[2024-07-15T04:57:47.990+0000] {processor.py:161} INFO - Started process (PID=615) to work on /home/airflow/.local/lib/python3.12/site-packages/airflow/example_dags/example_setup_teardown.py
[2024-07-15T04:57:47.991+0000] {processor.py:830} INFO - Processing file /home/airflow/.local/lib/python3.12/site-packages/airflow/example_dags/example_setup_teardown.py for tasks to queue
[2024-07-15T04:57:47.999+0000] {logging_mixin.py:188} INFO - [2024-07-15T04:57:47.998+0000] {dagbag.py:545} INFO - Filling up the DagBag from /home/airflow/.local/lib/python3.12/site-packages/airflow/example_dags/example_setup_teardown.py
[2024-07-15T04:57:48.044+0000] {processor.py:840} INFO - DAG(s) 'example_setup_teardown' retrieved from /home/airflow/.local/lib/python3.12/site-packages/airflow/example_dags/example_setup_teardown.py
[2024-07-15T04:57:48.128+0000] {logging_mixin.py:188} INFO - [2024-07-15T04:57:48.128+0000] {dag.py:3096} INFO - Sync 1 DAGs
[2024-07-15T04:57:48.263+0000] {logging_mixin.py:188} INFO - [2024-07-15T04:57:48.263+0000] {dag.py:3954} INFO - Setting next_dagrun for example_setup_teardown to 2024-07-14 00:00:00+00:00, run_after=2024-07-15 00:00:00+00:00
[2024-07-15T04:57:48.329+0000] {processor.py:183} INFO - Processing /home/airflow/.local/lib/python3.12/site-packages/airflow/example_dags/example_setup_teardown.py took 0.382 seconds
