[2024-07-15T04:25:27.802+0000] {processor.py:161} INFO - Started process (PID=83) to work on /home/airflow/.local/lib/python3.12/site-packages/airflow/example_dags/example_task_group.py
[2024-07-15T04:25:27.803+0000] {processor.py:830} INFO - Processing file /home/airflow/.local/lib/python3.12/site-packages/airflow/example_dags/example_task_group.py for tasks to queue
[2024-07-15T04:25:27.805+0000] {logging_mixin.py:188} INFO - [2024-07-15T04:25:27.805+0000] {dagbag.py:545} INFO - Filling up the DagBag from /home/airflow/.local/lib/python3.12/site-packages/airflow/example_dags/example_task_group.py
[2024-07-15T04:25:27.825+0000] {processor.py:840} INFO - DAG(s) 'example_task_group' retrieved from /home/airflow/.local/lib/python3.12/site-packages/airflow/example_dags/example_task_group.py
[2024-07-15T04:25:27.870+0000] {logging_mixin.py:188} INFO - [2024-07-15T04:25:27.870+0000] {dag.py:3096} INFO - Sync 1 DAGs
[2024-07-15T04:25:27.906+0000] {logging_mixin.py:188} INFO - [2024-07-15T04:25:27.906+0000] {dag.py:3954} INFO - Setting next_dagrun for example_task_group to 2024-07-14 00:00:00+00:00, run_after=2024-07-15 00:00:00+00:00
[2024-07-15T04:25:27.964+0000] {processor.py:183} INFO - Processing /home/airflow/.local/lib/python3.12/site-packages/airflow/example_dags/example_task_group.py took 0.168 seconds
[2024-07-15T04:25:58.629+0000] {processor.py:161} INFO - Started process (PID=144) to work on /home/airflow/.local/lib/python3.12/site-packages/airflow/example_dags/example_task_group.py
[2024-07-15T04:25:58.644+0000] {processor.py:830} INFO - Processing file /home/airflow/.local/lib/python3.12/site-packages/airflow/example_dags/example_task_group.py for tasks to queue
[2024-07-15T04:25:58.648+0000] {logging_mixin.py:188} INFO - [2024-07-15T04:25:58.648+0000] {dagbag.py:545} INFO - Filling up the DagBag from /home/airflow/.local/lib/python3.12/site-packages/airflow/example_dags/example_task_group.py
[2024-07-15T04:25:58.658+0000] {processor.py:840} INFO - DAG(s) 'example_task_group' retrieved from /home/airflow/.local/lib/python3.12/site-packages/airflow/example_dags/example_task_group.py
[2024-07-15T04:25:58.732+0000] {logging_mixin.py:188} INFO - [2024-07-15T04:25:58.732+0000] {dag.py:3096} INFO - Sync 1 DAGs
[2024-07-15T04:25:58.758+0000] {logging_mixin.py:188} INFO - [2024-07-15T04:25:58.758+0000] {dag.py:3954} INFO - Setting next_dagrun for example_task_group to 2024-07-14 00:00:00+00:00, run_after=2024-07-15 00:00:00+00:00
[2024-07-15T04:25:58.783+0000] {processor.py:183} INFO - Processing /home/airflow/.local/lib/python3.12/site-packages/airflow/example_dags/example_task_group.py took 0.168 seconds
[2024-07-15T04:26:29.305+0000] {processor.py:161} INFO - Started process (PID=205) to work on /home/airflow/.local/lib/python3.12/site-packages/airflow/example_dags/example_task_group.py
[2024-07-15T04:26:29.306+0000] {processor.py:830} INFO - Processing file /home/airflow/.local/lib/python3.12/site-packages/airflow/example_dags/example_task_group.py for tasks to queue
[2024-07-15T04:26:29.308+0000] {logging_mixin.py:188} INFO - [2024-07-15T04:26:29.307+0000] {dagbag.py:545} INFO - Filling up the DagBag from /home/airflow/.local/lib/python3.12/site-packages/airflow/example_dags/example_task_group.py
[2024-07-15T04:26:29.316+0000] {processor.py:840} INFO - DAG(s) 'example_task_group' retrieved from /home/airflow/.local/lib/python3.12/site-packages/airflow/example_dags/example_task_group.py
[2024-07-15T04:26:29.341+0000] {logging_mixin.py:188} INFO - [2024-07-15T04:26:29.341+0000] {dag.py:3096} INFO - Sync 1 DAGs
[2024-07-15T04:26:29.369+0000] {logging_mixin.py:188} INFO - [2024-07-15T04:26:29.369+0000] {dag.py:3954} INFO - Setting next_dagrun for example_task_group to 2024-07-14 00:00:00+00:00, run_after=2024-07-15 00:00:00+00:00
[2024-07-15T04:26:29.394+0000] {processor.py:183} INFO - Processing /home/airflow/.local/lib/python3.12/site-packages/airflow/example_dags/example_task_group.py took 0.095 seconds
[2024-07-15T04:27:00.127+0000] {processor.py:161} INFO - Started process (PID=266) to work on /home/airflow/.local/lib/python3.12/site-packages/airflow/example_dags/example_task_group.py
[2024-07-15T04:27:00.128+0000] {processor.py:830} INFO - Processing file /home/airflow/.local/lib/python3.12/site-packages/airflow/example_dags/example_task_group.py for tasks to queue
[2024-07-15T04:27:00.130+0000] {logging_mixin.py:188} INFO - [2024-07-15T04:27:00.129+0000] {dagbag.py:545} INFO - Filling up the DagBag from /home/airflow/.local/lib/python3.12/site-packages/airflow/example_dags/example_task_group.py
[2024-07-15T04:27:00.137+0000] {processor.py:840} INFO - DAG(s) 'example_task_group' retrieved from /home/airflow/.local/lib/python3.12/site-packages/airflow/example_dags/example_task_group.py
[2024-07-15T04:27:00.162+0000] {logging_mixin.py:188} INFO - [2024-07-15T04:27:00.161+0000] {dag.py:3096} INFO - Sync 1 DAGs
[2024-07-15T04:27:00.188+0000] {logging_mixin.py:188} INFO - [2024-07-15T04:27:00.187+0000] {dag.py:3954} INFO - Setting next_dagrun for example_task_group to 2024-07-14 00:00:00+00:00, run_after=2024-07-15 00:00:00+00:00
[2024-07-15T04:27:00.212+0000] {processor.py:183} INFO - Processing /home/airflow/.local/lib/python3.12/site-packages/airflow/example_dags/example_task_group.py took 0.091 seconds
[2024-07-15T04:27:30.854+0000] {processor.py:161} INFO - Started process (PID=327) to work on /home/airflow/.local/lib/python3.12/site-packages/airflow/example_dags/example_task_group.py
[2024-07-15T04:27:30.856+0000] {processor.py:830} INFO - Processing file /home/airflow/.local/lib/python3.12/site-packages/airflow/example_dags/example_task_group.py for tasks to queue
[2024-07-15T04:27:30.858+0000] {logging_mixin.py:188} INFO - [2024-07-15T04:27:30.857+0000] {dagbag.py:545} INFO - Filling up the DagBag from /home/airflow/.local/lib/python3.12/site-packages/airflow/example_dags/example_task_group.py
[2024-07-15T04:27:30.866+0000] {processor.py:840} INFO - DAG(s) 'example_task_group' retrieved from /home/airflow/.local/lib/python3.12/site-packages/airflow/example_dags/example_task_group.py
[2024-07-15T04:27:30.891+0000] {logging_mixin.py:188} INFO - [2024-07-15T04:27:30.890+0000] {dag.py:3096} INFO - Sync 1 DAGs
[2024-07-15T04:27:30.917+0000] {logging_mixin.py:188} INFO - [2024-07-15T04:27:30.916+0000] {dag.py:3954} INFO - Setting next_dagrun for example_task_group to 2024-07-14 00:00:00+00:00, run_after=2024-07-15 00:00:00+00:00
[2024-07-15T04:27:30.947+0000] {processor.py:183} INFO - Processing /home/airflow/.local/lib/python3.12/site-packages/airflow/example_dags/example_task_group.py took 0.099 seconds
[2024-07-15T04:28:01.468+0000] {processor.py:161} INFO - Started process (PID=388) to work on /home/airflow/.local/lib/python3.12/site-packages/airflow/example_dags/example_task_group.py
[2024-07-15T04:28:01.471+0000] {processor.py:830} INFO - Processing file /home/airflow/.local/lib/python3.12/site-packages/airflow/example_dags/example_task_group.py for tasks to queue
[2024-07-15T04:28:01.473+0000] {logging_mixin.py:188} INFO - [2024-07-15T04:28:01.473+0000] {dagbag.py:545} INFO - Filling up the DagBag from /home/airflow/.local/lib/python3.12/site-packages/airflow/example_dags/example_task_group.py
[2024-07-15T04:28:01.481+0000] {processor.py:840} INFO - DAG(s) 'example_task_group' retrieved from /home/airflow/.local/lib/python3.12/site-packages/airflow/example_dags/example_task_group.py
[2024-07-15T04:28:01.507+0000] {logging_mixin.py:188} INFO - [2024-07-15T04:28:01.506+0000] {dag.py:3096} INFO - Sync 1 DAGs
[2024-07-15T04:28:01.532+0000] {logging_mixin.py:188} INFO - [2024-07-15T04:28:01.532+0000] {dag.py:3954} INFO - Setting next_dagrun for example_task_group to 2024-07-14 00:00:00+00:00, run_after=2024-07-15 00:00:00+00:00
[2024-07-15T04:28:01.570+0000] {processor.py:183} INFO - Processing /home/airflow/.local/lib/python3.12/site-packages/airflow/example_dags/example_task_group.py took 0.109 seconds
[2024-07-15T04:28:33.912+0000] {processor.py:161} INFO - Started process (PID=449) to work on /home/airflow/.local/lib/python3.12/site-packages/airflow/example_dags/example_task_group.py
[2024-07-15T04:28:33.913+0000] {processor.py:830} INFO - Processing file /home/airflow/.local/lib/python3.12/site-packages/airflow/example_dags/example_task_group.py for tasks to queue
[2024-07-15T04:28:33.915+0000] {logging_mixin.py:188} INFO - [2024-07-15T04:28:33.915+0000] {dagbag.py:545} INFO - Filling up the DagBag from /home/airflow/.local/lib/python3.12/site-packages/airflow/example_dags/example_task_group.py
[2024-07-15T04:28:33.923+0000] {processor.py:840} INFO - DAG(s) 'example_task_group' retrieved from /home/airflow/.local/lib/python3.12/site-packages/airflow/example_dags/example_task_group.py
[2024-07-15T04:28:33.977+0000] {logging_mixin.py:188} INFO - [2024-07-15T04:28:33.977+0000] {dag.py:3096} INFO - Sync 1 DAGs
[2024-07-15T04:28:34.027+0000] {logging_mixin.py:188} INFO - [2024-07-15T04:28:34.026+0000] {dag.py:3954} INFO - Setting next_dagrun for example_task_group to 2024-07-14 00:00:00+00:00, run_after=2024-07-15 00:00:00+00:00
[2024-07-15T04:28:34.055+0000] {processor.py:183} INFO - Processing /home/airflow/.local/lib/python3.12/site-packages/airflow/example_dags/example_task_group.py took 0.163 seconds
[2024-07-15T04:29:05.557+0000] {processor.py:161} INFO - Started process (PID=510) to work on /home/airflow/.local/lib/python3.12/site-packages/airflow/example_dags/example_task_group.py
[2024-07-15T04:29:05.560+0000] {processor.py:830} INFO - Processing file /home/airflow/.local/lib/python3.12/site-packages/airflow/example_dags/example_task_group.py for tasks to queue
[2024-07-15T04:29:05.569+0000] {logging_mixin.py:188} INFO - [2024-07-15T04:29:05.569+0000] {dagbag.py:545} INFO - Filling up the DagBag from /home/airflow/.local/lib/python3.12/site-packages/airflow/example_dags/example_task_group.py
[2024-07-15T04:29:05.591+0000] {processor.py:840} INFO - DAG(s) 'example_task_group' retrieved from /home/airflow/.local/lib/python3.12/site-packages/airflow/example_dags/example_task_group.py
[2024-07-15T04:29:05.678+0000] {logging_mixin.py:188} INFO - [2024-07-15T04:29:05.677+0000] {dag.py:3096} INFO - Sync 1 DAGs
[2024-07-15T04:29:05.775+0000] {logging_mixin.py:188} INFO - [2024-07-15T04:29:05.775+0000] {dag.py:3954} INFO - Setting next_dagrun for example_task_group to 2024-07-14 00:00:00+00:00, run_after=2024-07-15 00:00:00+00:00
[2024-07-15T04:29:05.890+0000] {processor.py:183} INFO - Processing /home/airflow/.local/lib/python3.12/site-packages/airflow/example_dags/example_task_group.py took 0.354 seconds
[2024-07-15T04:29:36.123+0000] {processor.py:161} INFO - Started process (PID=572) to work on /home/airflow/.local/lib/python3.12/site-packages/airflow/example_dags/example_task_group.py
[2024-07-15T04:29:36.124+0000] {processor.py:830} INFO - Processing file /home/airflow/.local/lib/python3.12/site-packages/airflow/example_dags/example_task_group.py for tasks to queue
[2024-07-15T04:29:36.125+0000] {logging_mixin.py:188} INFO - [2024-07-15T04:29:36.125+0000] {dagbag.py:545} INFO - Filling up the DagBag from /home/airflow/.local/lib/python3.12/site-packages/airflow/example_dags/example_task_group.py
[2024-07-15T04:29:36.134+0000] {processor.py:840} INFO - DAG(s) 'example_task_group' retrieved from /home/airflow/.local/lib/python3.12/site-packages/airflow/example_dags/example_task_group.py
[2024-07-15T04:29:36.158+0000] {logging_mixin.py:188} INFO - [2024-07-15T04:29:36.158+0000] {dag.py:3096} INFO - Sync 1 DAGs
[2024-07-15T04:29:36.185+0000] {logging_mixin.py:188} INFO - [2024-07-15T04:29:36.185+0000] {dag.py:3954} INFO - Setting next_dagrun for example_task_group to 2024-07-14 00:00:00+00:00, run_after=2024-07-15 00:00:00+00:00
[2024-07-15T04:29:36.220+0000] {processor.py:183} INFO - Processing /home/airflow/.local/lib/python3.12/site-packages/airflow/example_dags/example_task_group.py took 0.104 seconds
[2024-07-15T04:30:06.428+0000] {processor.py:161} INFO - Started process (PID=633) to work on /home/airflow/.local/lib/python3.12/site-packages/airflow/example_dags/example_task_group.py
[2024-07-15T04:30:06.429+0000] {processor.py:830} INFO - Processing file /home/airflow/.local/lib/python3.12/site-packages/airflow/example_dags/example_task_group.py for tasks to queue
[2024-07-15T04:30:06.430+0000] {logging_mixin.py:188} INFO - [2024-07-15T04:30:06.430+0000] {dagbag.py:545} INFO - Filling up the DagBag from /home/airflow/.local/lib/python3.12/site-packages/airflow/example_dags/example_task_group.py
[2024-07-15T04:30:06.436+0000] {processor.py:840} INFO - DAG(s) 'example_task_group' retrieved from /home/airflow/.local/lib/python3.12/site-packages/airflow/example_dags/example_task_group.py
[2024-07-15T04:30:06.454+0000] {logging_mixin.py:188} INFO - [2024-07-15T04:30:06.454+0000] {dag.py:3096} INFO - Sync 1 DAGs
[2024-07-15T04:30:06.472+0000] {logging_mixin.py:188} INFO - [2024-07-15T04:30:06.471+0000] {dag.py:3954} INFO - Setting next_dagrun for example_task_group to 2024-07-14 00:00:00+00:00, run_after=2024-07-15 00:00:00+00:00
[2024-07-15T04:30:06.491+0000] {processor.py:183} INFO - Processing /home/airflow/.local/lib/python3.12/site-packages/airflow/example_dags/example_task_group.py took 0.067 seconds
[2024-07-15T04:30:37.415+0000] {processor.py:161} INFO - Started process (PID=694) to work on /home/airflow/.local/lib/python3.12/site-packages/airflow/example_dags/example_task_group.py
[2024-07-15T04:30:37.416+0000] {processor.py:830} INFO - Processing file /home/airflow/.local/lib/python3.12/site-packages/airflow/example_dags/example_task_group.py for tasks to queue
[2024-07-15T04:30:37.417+0000] {logging_mixin.py:188} INFO - [2024-07-15T04:30:37.417+0000] {dagbag.py:545} INFO - Filling up the DagBag from /home/airflow/.local/lib/python3.12/site-packages/airflow/example_dags/example_task_group.py
[2024-07-15T04:30:37.425+0000] {processor.py:840} INFO - DAG(s) 'example_task_group' retrieved from /home/airflow/.local/lib/python3.12/site-packages/airflow/example_dags/example_task_group.py
[2024-07-15T04:30:37.446+0000] {logging_mixin.py:188} INFO - [2024-07-15T04:30:37.446+0000] {dag.py:3096} INFO - Sync 1 DAGs
[2024-07-15T04:30:37.471+0000] {logging_mixin.py:188} INFO - [2024-07-15T04:30:37.470+0000] {dag.py:3954} INFO - Setting next_dagrun for example_task_group to 2024-07-14 00:00:00+00:00, run_after=2024-07-15 00:00:00+00:00
[2024-07-15T04:30:37.507+0000] {processor.py:183} INFO - Processing /home/airflow/.local/lib/python3.12/site-packages/airflow/example_dags/example_task_group.py took 0.098 seconds
[2024-07-15T04:31:08.355+0000] {processor.py:161} INFO - Started process (PID=755) to work on /home/airflow/.local/lib/python3.12/site-packages/airflow/example_dags/example_task_group.py
[2024-07-15T04:31:08.356+0000] {processor.py:830} INFO - Processing file /home/airflow/.local/lib/python3.12/site-packages/airflow/example_dags/example_task_group.py for tasks to queue
[2024-07-15T04:31:08.358+0000] {logging_mixin.py:188} INFO - [2024-07-15T04:31:08.357+0000] {dagbag.py:545} INFO - Filling up the DagBag from /home/airflow/.local/lib/python3.12/site-packages/airflow/example_dags/example_task_group.py
[2024-07-15T04:31:08.365+0000] {processor.py:840} INFO - DAG(s) 'example_task_group' retrieved from /home/airflow/.local/lib/python3.12/site-packages/airflow/example_dags/example_task_group.py
[2024-07-15T04:31:08.390+0000] {logging_mixin.py:188} INFO - [2024-07-15T04:31:08.389+0000] {dag.py:3096} INFO - Sync 1 DAGs
[2024-07-15T04:31:08.417+0000] {logging_mixin.py:188} INFO - [2024-07-15T04:31:08.417+0000] {dag.py:3954} INFO - Setting next_dagrun for example_task_group to 2024-07-14 00:00:00+00:00, run_after=2024-07-15 00:00:00+00:00
[2024-07-15T04:31:08.468+0000] {processor.py:183} INFO - Processing /home/airflow/.local/lib/python3.12/site-packages/airflow/example_dags/example_task_group.py took 0.120 seconds
[2024-07-15T04:31:38.665+0000] {processor.py:161} INFO - Started process (PID=816) to work on /home/airflow/.local/lib/python3.12/site-packages/airflow/example_dags/example_task_group.py
[2024-07-15T04:31:38.666+0000] {processor.py:830} INFO - Processing file /home/airflow/.local/lib/python3.12/site-packages/airflow/example_dags/example_task_group.py for tasks to queue
[2024-07-15T04:31:38.668+0000] {logging_mixin.py:188} INFO - [2024-07-15T04:31:38.668+0000] {dagbag.py:545} INFO - Filling up the DagBag from /home/airflow/.local/lib/python3.12/site-packages/airflow/example_dags/example_task_group.py
[2024-07-15T04:31:38.676+0000] {processor.py:840} INFO - DAG(s) 'example_task_group' retrieved from /home/airflow/.local/lib/python3.12/site-packages/airflow/example_dags/example_task_group.py
[2024-07-15T04:31:38.702+0000] {logging_mixin.py:188} INFO - [2024-07-15T04:31:38.702+0000] {dag.py:3096} INFO - Sync 1 DAGs
[2024-07-15T04:31:38.727+0000] {logging_mixin.py:188} INFO - [2024-07-15T04:31:38.726+0000] {dag.py:3954} INFO - Setting next_dagrun for example_task_group to 2024-07-14 00:00:00+00:00, run_after=2024-07-15 00:00:00+00:00
[2024-07-15T04:31:38.754+0000] {processor.py:183} INFO - Processing /home/airflow/.local/lib/python3.12/site-packages/airflow/example_dags/example_task_group.py took 0.095 seconds
[2024-07-15T04:32:09.357+0000] {processor.py:161} INFO - Started process (PID=879) to work on /home/airflow/.local/lib/python3.12/site-packages/airflow/example_dags/example_task_group.py
[2024-07-15T04:32:09.358+0000] {processor.py:830} INFO - Processing file /home/airflow/.local/lib/python3.12/site-packages/airflow/example_dags/example_task_group.py for tasks to queue
[2024-07-15T04:32:09.359+0000] {logging_mixin.py:188} INFO - [2024-07-15T04:32:09.359+0000] {dagbag.py:545} INFO - Filling up the DagBag from /home/airflow/.local/lib/python3.12/site-packages/airflow/example_dags/example_task_group.py
[2024-07-15T04:32:09.377+0000] {processor.py:840} INFO - DAG(s) 'example_task_group' retrieved from /home/airflow/.local/lib/python3.12/site-packages/airflow/example_dags/example_task_group.py
[2024-07-15T04:32:09.458+0000] {logging_mixin.py:188} INFO - [2024-07-15T04:32:09.458+0000] {dag.py:3096} INFO - Sync 1 DAGs
[2024-07-15T04:32:09.538+0000] {logging_mixin.py:188} INFO - [2024-07-15T04:32:09.538+0000] {dag.py:3954} INFO - Setting next_dagrun for example_task_group to 2024-07-14 00:00:00+00:00, run_after=2024-07-15 00:00:00+00:00
[2024-07-15T04:32:09.626+0000] {processor.py:183} INFO - Processing /home/airflow/.local/lib/python3.12/site-packages/airflow/example_dags/example_task_group.py took 0.275 seconds
[2024-07-15T04:32:39.976+0000] {processor.py:161} INFO - Started process (PID=942) to work on /home/airflow/.local/lib/python3.12/site-packages/airflow/example_dags/example_task_group.py
[2024-07-15T04:32:39.977+0000] {processor.py:830} INFO - Processing file /home/airflow/.local/lib/python3.12/site-packages/airflow/example_dags/example_task_group.py for tasks to queue
[2024-07-15T04:32:39.979+0000] {logging_mixin.py:188} INFO - [2024-07-15T04:32:39.978+0000] {dagbag.py:545} INFO - Filling up the DagBag from /home/airflow/.local/lib/python3.12/site-packages/airflow/example_dags/example_task_group.py
[2024-07-15T04:32:39.986+0000] {processor.py:840} INFO - DAG(s) 'example_task_group' retrieved from /home/airflow/.local/lib/python3.12/site-packages/airflow/example_dags/example_task_group.py
[2024-07-15T04:32:40.013+0000] {logging_mixin.py:188} INFO - [2024-07-15T04:32:40.012+0000] {dag.py:3096} INFO - Sync 1 DAGs
[2024-07-15T04:32:40.036+0000] {logging_mixin.py:188} INFO - [2024-07-15T04:32:40.036+0000] {dag.py:3954} INFO - Setting next_dagrun for example_task_group to 2024-07-14 00:00:00+00:00, run_after=2024-07-15 00:00:00+00:00
[2024-07-15T04:32:40.063+0000] {processor.py:183} INFO - Processing /home/airflow/.local/lib/python3.12/site-packages/airflow/example_dags/example_task_group.py took 0.092 seconds
[2024-07-15T04:33:11.829+0000] {processor.py:161} INFO - Started process (PID=1002) to work on /home/airflow/.local/lib/python3.12/site-packages/airflow/example_dags/example_task_group.py
[2024-07-15T04:33:11.830+0000] {processor.py:830} INFO - Processing file /home/airflow/.local/lib/python3.12/site-packages/airflow/example_dags/example_task_group.py for tasks to queue
[2024-07-15T04:33:11.831+0000] {logging_mixin.py:188} INFO - [2024-07-15T04:33:11.831+0000] {dagbag.py:545} INFO - Filling up the DagBag from /home/airflow/.local/lib/python3.12/site-packages/airflow/example_dags/example_task_group.py
[2024-07-15T04:33:11.839+0000] {processor.py:840} INFO - DAG(s) 'example_task_group' retrieved from /home/airflow/.local/lib/python3.12/site-packages/airflow/example_dags/example_task_group.py
[2024-07-15T04:33:11.867+0000] {logging_mixin.py:188} INFO - [2024-07-15T04:33:11.867+0000] {dag.py:3096} INFO - Sync 1 DAGs
[2024-07-15T04:33:11.893+0000] {logging_mixin.py:188} INFO - [2024-07-15T04:33:11.892+0000] {dag.py:3954} INFO - Setting next_dagrun for example_task_group to 2024-07-14 00:00:00+00:00, run_after=2024-07-15 00:00:00+00:00
[2024-07-15T04:33:11.924+0000] {processor.py:183} INFO - Processing /home/airflow/.local/lib/python3.12/site-packages/airflow/example_dags/example_task_group.py took 0.102 seconds
[2024-07-15T04:33:42.841+0000] {processor.py:161} INFO - Started process (PID=1064) to work on /home/airflow/.local/lib/python3.12/site-packages/airflow/example_dags/example_task_group.py
[2024-07-15T04:33:42.848+0000] {processor.py:830} INFO - Processing file /home/airflow/.local/lib/python3.12/site-packages/airflow/example_dags/example_task_group.py for tasks to queue
[2024-07-15T04:33:42.850+0000] {logging_mixin.py:188} INFO - [2024-07-15T04:33:42.850+0000] {dagbag.py:545} INFO - Filling up the DagBag from /home/airflow/.local/lib/python3.12/site-packages/airflow/example_dags/example_task_group.py
[2024-07-15T04:33:42.868+0000] {processor.py:840} INFO - DAG(s) 'example_task_group' retrieved from /home/airflow/.local/lib/python3.12/site-packages/airflow/example_dags/example_task_group.py
[2024-07-15T04:33:42.916+0000] {logging_mixin.py:188} INFO - [2024-07-15T04:33:42.916+0000] {dag.py:3096} INFO - Sync 1 DAGs
[2024-07-15T04:33:42.965+0000] {logging_mixin.py:188} INFO - [2024-07-15T04:33:42.965+0000] {dag.py:3954} INFO - Setting next_dagrun for example_task_group to 2024-07-14 00:00:00+00:00, run_after=2024-07-15 00:00:00+00:00
[2024-07-15T04:33:43.008+0000] {processor.py:183} INFO - Processing /home/airflow/.local/lib/python3.12/site-packages/airflow/example_dags/example_task_group.py took 0.184 seconds
[2024-07-15T04:34:13.174+0000] {processor.py:161} INFO - Started process (PID=1124) to work on /home/airflow/.local/lib/python3.12/site-packages/airflow/example_dags/example_task_group.py
[2024-07-15T04:34:13.181+0000] {processor.py:830} INFO - Processing file /home/airflow/.local/lib/python3.12/site-packages/airflow/example_dags/example_task_group.py for tasks to queue
[2024-07-15T04:34:13.187+0000] {logging_mixin.py:188} INFO - [2024-07-15T04:34:13.186+0000] {dagbag.py:545} INFO - Filling up the DagBag from /home/airflow/.local/lib/python3.12/site-packages/airflow/example_dags/example_task_group.py
[2024-07-15T04:34:13.201+0000] {processor.py:840} INFO - DAG(s) 'example_task_group' retrieved from /home/airflow/.local/lib/python3.12/site-packages/airflow/example_dags/example_task_group.py
[2024-07-15T04:34:13.291+0000] {logging_mixin.py:188} INFO - [2024-07-15T04:34:13.291+0000] {dag.py:3096} INFO - Sync 1 DAGs
[2024-07-15T04:34:13.409+0000] {logging_mixin.py:188} INFO - [2024-07-15T04:34:13.409+0000] {dag.py:3954} INFO - Setting next_dagrun for example_task_group to 2024-07-14 00:00:00+00:00, run_after=2024-07-15 00:00:00+00:00
[2024-07-15T04:34:13.489+0000] {processor.py:183} INFO - Processing /home/airflow/.local/lib/python3.12/site-packages/airflow/example_dags/example_task_group.py took 0.347 seconds
[2024-07-15T04:34:44.120+0000] {processor.py:161} INFO - Started process (PID=1185) to work on /home/airflow/.local/lib/python3.12/site-packages/airflow/example_dags/example_task_group.py
[2024-07-15T04:34:44.121+0000] {processor.py:830} INFO - Processing file /home/airflow/.local/lib/python3.12/site-packages/airflow/example_dags/example_task_group.py for tasks to queue
[2024-07-15T04:34:44.123+0000] {logging_mixin.py:188} INFO - [2024-07-15T04:34:44.123+0000] {dagbag.py:545} INFO - Filling up the DagBag from /home/airflow/.local/lib/python3.12/site-packages/airflow/example_dags/example_task_group.py
[2024-07-15T04:34:44.131+0000] {processor.py:840} INFO - DAG(s) 'example_task_group' retrieved from /home/airflow/.local/lib/python3.12/site-packages/airflow/example_dags/example_task_group.py
[2024-07-15T04:34:44.144+0000] {logging_mixin.py:188} INFO - [2024-07-15T04:34:44.144+0000] {dag.py:3096} INFO - Sync 1 DAGs
[2024-07-15T04:34:44.169+0000] {logging_mixin.py:188} INFO - [2024-07-15T04:34:44.169+0000] {dag.py:3954} INFO - Setting next_dagrun for example_task_group to 2024-07-14 00:00:00+00:00, run_after=2024-07-15 00:00:00+00:00
[2024-07-15T04:34:44.193+0000] {processor.py:183} INFO - Processing /home/airflow/.local/lib/python3.12/site-packages/airflow/example_dags/example_task_group.py took 0.080 seconds
[2024-07-15T04:35:14.468+0000] {processor.py:161} INFO - Started process (PID=1246) to work on /home/airflow/.local/lib/python3.12/site-packages/airflow/example_dags/example_task_group.py
[2024-07-15T04:35:14.469+0000] {processor.py:830} INFO - Processing file /home/airflow/.local/lib/python3.12/site-packages/airflow/example_dags/example_task_group.py for tasks to queue
[2024-07-15T04:35:14.470+0000] {logging_mixin.py:188} INFO - [2024-07-15T04:35:14.470+0000] {dagbag.py:545} INFO - Filling up the DagBag from /home/airflow/.local/lib/python3.12/site-packages/airflow/example_dags/example_task_group.py
[2024-07-15T04:35:14.478+0000] {processor.py:840} INFO - DAG(s) 'example_task_group' retrieved from /home/airflow/.local/lib/python3.12/site-packages/airflow/example_dags/example_task_group.py
[2024-07-15T04:35:14.612+0000] {logging_mixin.py:188} INFO - [2024-07-15T04:35:14.611+0000] {dag.py:3096} INFO - Sync 1 DAGs
[2024-07-15T04:35:14.862+0000] {logging_mixin.py:188} INFO - [2024-07-15T04:35:14.862+0000] {dag.py:3954} INFO - Setting next_dagrun for example_task_group to 2024-07-14 00:00:00+00:00, run_after=2024-07-15 00:00:00+00:00
[2024-07-15T04:35:14.890+0000] {processor.py:183} INFO - Processing /home/airflow/.local/lib/python3.12/site-packages/airflow/example_dags/example_task_group.py took 0.428 seconds
[2024-07-15T04:35:44.978+0000] {processor.py:161} INFO - Started process (PID=1308) to work on /home/airflow/.local/lib/python3.12/site-packages/airflow/example_dags/example_task_group.py
[2024-07-15T04:35:44.979+0000] {processor.py:830} INFO - Processing file /home/airflow/.local/lib/python3.12/site-packages/airflow/example_dags/example_task_group.py for tasks to queue
[2024-07-15T04:35:44.981+0000] {logging_mixin.py:188} INFO - [2024-07-15T04:35:44.980+0000] {dagbag.py:545} INFO - Filling up the DagBag from /home/airflow/.local/lib/python3.12/site-packages/airflow/example_dags/example_task_group.py
[2024-07-15T04:35:44.989+0000] {processor.py:840} INFO - DAG(s) 'example_task_group' retrieved from /home/airflow/.local/lib/python3.12/site-packages/airflow/example_dags/example_task_group.py
[2024-07-15T04:35:45.014+0000] {logging_mixin.py:188} INFO - [2024-07-15T04:35:45.014+0000] {dag.py:3096} INFO - Sync 1 DAGs
[2024-07-15T04:35:45.042+0000] {logging_mixin.py:188} INFO - [2024-07-15T04:35:45.042+0000] {dag.py:3954} INFO - Setting next_dagrun for example_task_group to 2024-07-14 00:00:00+00:00, run_after=2024-07-15 00:00:00+00:00
[2024-07-15T04:35:45.066+0000] {processor.py:183} INFO - Processing /home/airflow/.local/lib/python3.12/site-packages/airflow/example_dags/example_task_group.py took 0.094 seconds
[2024-07-15T04:36:15.574+0000] {processor.py:161} INFO - Started process (PID=1368) to work on /home/airflow/.local/lib/python3.12/site-packages/airflow/example_dags/example_task_group.py
[2024-07-15T04:36:15.575+0000] {processor.py:830} INFO - Processing file /home/airflow/.local/lib/python3.12/site-packages/airflow/example_dags/example_task_group.py for tasks to queue
[2024-07-15T04:36:15.577+0000] {logging_mixin.py:188} INFO - [2024-07-15T04:36:15.576+0000] {dagbag.py:545} INFO - Filling up the DagBag from /home/airflow/.local/lib/python3.12/site-packages/airflow/example_dags/example_task_group.py
[2024-07-15T04:36:15.585+0000] {processor.py:840} INFO - DAG(s) 'example_task_group' retrieved from /home/airflow/.local/lib/python3.12/site-packages/airflow/example_dags/example_task_group.py
[2024-07-15T04:36:15.610+0000] {logging_mixin.py:188} INFO - [2024-07-15T04:36:15.610+0000] {dag.py:3096} INFO - Sync 1 DAGs
[2024-07-15T04:36:15.638+0000] {logging_mixin.py:188} INFO - [2024-07-15T04:36:15.638+0000] {dag.py:3954} INFO - Setting next_dagrun for example_task_group to 2024-07-14 00:00:00+00:00, run_after=2024-07-15 00:00:00+00:00
[2024-07-15T04:36:15.665+0000] {processor.py:183} INFO - Processing /home/airflow/.local/lib/python3.12/site-packages/airflow/example_dags/example_task_group.py took 0.098 seconds
[2024-07-15T04:36:45.910+0000] {processor.py:161} INFO - Started process (PID=1430) to work on /home/airflow/.local/lib/python3.12/site-packages/airflow/example_dags/example_task_group.py
[2024-07-15T04:36:45.911+0000] {processor.py:830} INFO - Processing file /home/airflow/.local/lib/python3.12/site-packages/airflow/example_dags/example_task_group.py for tasks to queue
[2024-07-15T04:36:45.913+0000] {logging_mixin.py:188} INFO - [2024-07-15T04:36:45.913+0000] {dagbag.py:545} INFO - Filling up the DagBag from /home/airflow/.local/lib/python3.12/site-packages/airflow/example_dags/example_task_group.py
[2024-07-15T04:36:45.921+0000] {processor.py:840} INFO - DAG(s) 'example_task_group' retrieved from /home/airflow/.local/lib/python3.12/site-packages/airflow/example_dags/example_task_group.py
[2024-07-15T04:36:45.947+0000] {logging_mixin.py:188} INFO - [2024-07-15T04:36:45.946+0000] {dag.py:3096} INFO - Sync 1 DAGs
[2024-07-15T04:36:45.973+0000] {logging_mixin.py:188} INFO - [2024-07-15T04:36:45.973+0000] {dag.py:3954} INFO - Setting next_dagrun for example_task_group to 2024-07-14 00:00:00+00:00, run_after=2024-07-15 00:00:00+00:00
[2024-07-15T04:36:45.997+0000] {processor.py:183} INFO - Processing /home/airflow/.local/lib/python3.12/site-packages/airflow/example_dags/example_task_group.py took 0.093 seconds
[2024-07-15T04:37:17.167+0000] {processor.py:161} INFO - Started process (PID=1491) to work on /home/airflow/.local/lib/python3.12/site-packages/airflow/example_dags/example_task_group.py
[2024-07-15T04:37:17.168+0000] {processor.py:830} INFO - Processing file /home/airflow/.local/lib/python3.12/site-packages/airflow/example_dags/example_task_group.py for tasks to queue
[2024-07-15T04:37:17.170+0000] {logging_mixin.py:188} INFO - [2024-07-15T04:37:17.170+0000] {dagbag.py:545} INFO - Filling up the DagBag from /home/airflow/.local/lib/python3.12/site-packages/airflow/example_dags/example_task_group.py
[2024-07-15T04:37:17.178+0000] {processor.py:840} INFO - DAG(s) 'example_task_group' retrieved from /home/airflow/.local/lib/python3.12/site-packages/airflow/example_dags/example_task_group.py
[2024-07-15T04:37:17.204+0000] {logging_mixin.py:188} INFO - [2024-07-15T04:37:17.203+0000] {dag.py:3096} INFO - Sync 1 DAGs
[2024-07-15T04:37:17.229+0000] {logging_mixin.py:188} INFO - [2024-07-15T04:37:17.229+0000] {dag.py:3954} INFO - Setting next_dagrun for example_task_group to 2024-07-14 00:00:00+00:00, run_after=2024-07-15 00:00:00+00:00
[2024-07-15T04:37:17.254+0000] {processor.py:183} INFO - Processing /home/airflow/.local/lib/python3.12/site-packages/airflow/example_dags/example_task_group.py took 0.092 seconds
[2024-07-15T04:37:48.405+0000] {processor.py:161} INFO - Started process (PID=1554) to work on /home/airflow/.local/lib/python3.12/site-packages/airflow/example_dags/example_task_group.py
[2024-07-15T04:37:48.420+0000] {processor.py:830} INFO - Processing file /home/airflow/.local/lib/python3.12/site-packages/airflow/example_dags/example_task_group.py for tasks to queue
[2024-07-15T04:37:48.422+0000] {logging_mixin.py:188} INFO - [2024-07-15T04:37:48.422+0000] {dagbag.py:545} INFO - Filling up the DagBag from /home/airflow/.local/lib/python3.12/site-packages/airflow/example_dags/example_task_group.py
[2024-07-15T04:37:48.504+0000] {processor.py:840} INFO - DAG(s) 'example_task_group' retrieved from /home/airflow/.local/lib/python3.12/site-packages/airflow/example_dags/example_task_group.py
[2024-07-15T04:37:48.641+0000] {logging_mixin.py:188} INFO - [2024-07-15T04:37:48.641+0000] {dag.py:3096} INFO - Sync 1 DAGs
[2024-07-15T04:37:48.725+0000] {logging_mixin.py:188} INFO - [2024-07-15T04:37:48.725+0000] {dag.py:3954} INFO - Setting next_dagrun for example_task_group to 2024-07-14 00:00:00+00:00, run_after=2024-07-15 00:00:00+00:00
[2024-07-15T04:37:48.837+0000] {processor.py:183} INFO - Processing /home/airflow/.local/lib/python3.12/site-packages/airflow/example_dags/example_task_group.py took 0.475 seconds
[2024-07-15T04:38:19.486+0000] {processor.py:161} INFO - Started process (PID=1614) to work on /home/airflow/.local/lib/python3.12/site-packages/airflow/example_dags/example_task_group.py
[2024-07-15T04:38:19.487+0000] {processor.py:830} INFO - Processing file /home/airflow/.local/lib/python3.12/site-packages/airflow/example_dags/example_task_group.py for tasks to queue
[2024-07-15T04:38:19.489+0000] {logging_mixin.py:188} INFO - [2024-07-15T04:38:19.488+0000] {dagbag.py:545} INFO - Filling up the DagBag from /home/airflow/.local/lib/python3.12/site-packages/airflow/example_dags/example_task_group.py
[2024-07-15T04:38:19.520+0000] {processor.py:840} INFO - DAG(s) 'example_task_group' retrieved from /home/airflow/.local/lib/python3.12/site-packages/airflow/example_dags/example_task_group.py
[2024-07-15T04:38:19.600+0000] {logging_mixin.py:188} INFO - [2024-07-15T04:38:19.600+0000] {dag.py:3096} INFO - Sync 1 DAGs
[2024-07-15T04:38:19.645+0000] {logging_mixin.py:188} INFO - [2024-07-15T04:38:19.644+0000] {dag.py:3954} INFO - Setting next_dagrun for example_task_group to 2024-07-14 00:00:00+00:00, run_after=2024-07-15 00:00:00+00:00
[2024-07-15T04:38:19.688+0000] {processor.py:183} INFO - Processing /home/airflow/.local/lib/python3.12/site-packages/airflow/example_dags/example_task_group.py took 0.221 seconds
[2024-07-15T04:38:50.074+0000] {processor.py:161} INFO - Started process (PID=1675) to work on /home/airflow/.local/lib/python3.12/site-packages/airflow/example_dags/example_task_group.py
[2024-07-15T04:38:50.075+0000] {processor.py:830} INFO - Processing file /home/airflow/.local/lib/python3.12/site-packages/airflow/example_dags/example_task_group.py for tasks to queue
[2024-07-15T04:38:50.077+0000] {logging_mixin.py:188} INFO - [2024-07-15T04:38:50.077+0000] {dagbag.py:545} INFO - Filling up the DagBag from /home/airflow/.local/lib/python3.12/site-packages/airflow/example_dags/example_task_group.py
[2024-07-15T04:38:50.106+0000] {processor.py:840} INFO - DAG(s) 'example_task_group' retrieved from /home/airflow/.local/lib/python3.12/site-packages/airflow/example_dags/example_task_group.py
[2024-07-15T04:38:50.245+0000] {logging_mixin.py:188} INFO - [2024-07-15T04:38:50.244+0000] {dag.py:3096} INFO - Sync 1 DAGs
[2024-07-15T04:38:50.296+0000] {logging_mixin.py:188} INFO - [2024-07-15T04:38:50.296+0000] {dag.py:3954} INFO - Setting next_dagrun for example_task_group to 2024-07-14 00:00:00+00:00, run_after=2024-07-15 00:00:00+00:00
[2024-07-15T04:38:50.385+0000] {processor.py:183} INFO - Processing /home/airflow/.local/lib/python3.12/site-packages/airflow/example_dags/example_task_group.py took 0.338 seconds
[2024-07-15T04:39:20.719+0000] {processor.py:161} INFO - Started process (PID=1736) to work on /home/airflow/.local/lib/python3.12/site-packages/airflow/example_dags/example_task_group.py
[2024-07-15T04:39:20.719+0000] {processor.py:830} INFO - Processing file /home/airflow/.local/lib/python3.12/site-packages/airflow/example_dags/example_task_group.py for tasks to queue
[2024-07-15T04:39:20.724+0000] {logging_mixin.py:188} INFO - [2024-07-15T04:39:20.724+0000] {dagbag.py:545} INFO - Filling up the DagBag from /home/airflow/.local/lib/python3.12/site-packages/airflow/example_dags/example_task_group.py
[2024-07-15T04:39:20.745+0000] {processor.py:840} INFO - DAG(s) 'example_task_group' retrieved from /home/airflow/.local/lib/python3.12/site-packages/airflow/example_dags/example_task_group.py
[2024-07-15T04:39:20.802+0000] {logging_mixin.py:188} INFO - [2024-07-15T04:39:20.802+0000] {dag.py:3096} INFO - Sync 1 DAGs
[2024-07-15T04:39:20.844+0000] {logging_mixin.py:188} INFO - [2024-07-15T04:39:20.844+0000] {dag.py:3954} INFO - Setting next_dagrun for example_task_group to 2024-07-14 00:00:00+00:00, run_after=2024-07-15 00:00:00+00:00
[2024-07-15T04:39:20.888+0000] {processor.py:183} INFO - Processing /home/airflow/.local/lib/python3.12/site-packages/airflow/example_dags/example_task_group.py took 0.199 seconds
[2024-07-15T04:39:51.631+0000] {processor.py:161} INFO - Started process (PID=1797) to work on /home/airflow/.local/lib/python3.12/site-packages/airflow/example_dags/example_task_group.py
[2024-07-15T04:39:51.636+0000] {processor.py:830} INFO - Processing file /home/airflow/.local/lib/python3.12/site-packages/airflow/example_dags/example_task_group.py for tasks to queue
[2024-07-15T04:39:51.640+0000] {logging_mixin.py:188} INFO - [2024-07-15T04:39:51.639+0000] {dagbag.py:545} INFO - Filling up the DagBag from /home/airflow/.local/lib/python3.12/site-packages/airflow/example_dags/example_task_group.py
[2024-07-15T04:39:51.651+0000] {processor.py:840} INFO - DAG(s) 'example_task_group' retrieved from /home/airflow/.local/lib/python3.12/site-packages/airflow/example_dags/example_task_group.py
[2024-07-15T04:39:51.693+0000] {logging_mixin.py:188} INFO - [2024-07-15T04:39:51.693+0000] {dag.py:3096} INFO - Sync 1 DAGs
[2024-07-15T04:39:51.731+0000] {logging_mixin.py:188} INFO - [2024-07-15T04:39:51.731+0000] {dag.py:3954} INFO - Setting next_dagrun for example_task_group to 2024-07-14 00:00:00+00:00, run_after=2024-07-15 00:00:00+00:00
[2024-07-15T04:39:51.828+0000] {processor.py:183} INFO - Processing /home/airflow/.local/lib/python3.12/site-packages/airflow/example_dags/example_task_group.py took 0.213 seconds
[2024-07-15T04:40:22.187+0000] {processor.py:161} INFO - Started process (PID=1858) to work on /home/airflow/.local/lib/python3.12/site-packages/airflow/example_dags/example_task_group.py
[2024-07-15T04:40:22.196+0000] {processor.py:830} INFO - Processing file /home/airflow/.local/lib/python3.12/site-packages/airflow/example_dags/example_task_group.py for tasks to queue
[2024-07-15T04:40:22.198+0000] {logging_mixin.py:188} INFO - [2024-07-15T04:40:22.198+0000] {dagbag.py:545} INFO - Filling up the DagBag from /home/airflow/.local/lib/python3.12/site-packages/airflow/example_dags/example_task_group.py
[2024-07-15T04:40:22.207+0000] {processor.py:840} INFO - DAG(s) 'example_task_group' retrieved from /home/airflow/.local/lib/python3.12/site-packages/airflow/example_dags/example_task_group.py
[2024-07-15T04:40:22.330+0000] {logging_mixin.py:188} INFO - [2024-07-15T04:40:22.323+0000] {dag.py:3096} INFO - Sync 1 DAGs
[2024-07-15T04:40:22.464+0000] {logging_mixin.py:188} INFO - [2024-07-15T04:40:22.459+0000] {dag.py:3954} INFO - Setting next_dagrun for example_task_group to 2024-07-14 00:00:00+00:00, run_after=2024-07-15 00:00:00+00:00
[2024-07-15T04:40:22.540+0000] {processor.py:183} INFO - Processing /home/airflow/.local/lib/python3.12/site-packages/airflow/example_dags/example_task_group.py took 0.362 seconds
[2024-07-15T04:40:55.783+0000] {processor.py:161} INFO - Started process (PID=1920) to work on /home/airflow/.local/lib/python3.12/site-packages/airflow/example_dags/example_task_group.py
[2024-07-15T04:40:55.788+0000] {processor.py:830} INFO - Processing file /home/airflow/.local/lib/python3.12/site-packages/airflow/example_dags/example_task_group.py for tasks to queue
[2024-07-15T04:40:55.791+0000] {logging_mixin.py:188} INFO - [2024-07-15T04:40:55.790+0000] {dagbag.py:545} INFO - Filling up the DagBag from /home/airflow/.local/lib/python3.12/site-packages/airflow/example_dags/example_task_group.py
[2024-07-15T04:40:56.124+0000] {processor.py:840} INFO - DAG(s) 'example_task_group' retrieved from /home/airflow/.local/lib/python3.12/site-packages/airflow/example_dags/example_task_group.py
[2024-07-15T04:40:56.172+0000] {logging_mixin.py:188} INFO - [2024-07-15T04:40:56.172+0000] {dag.py:3096} INFO - Sync 1 DAGs
[2024-07-15T04:40:56.299+0000] {logging_mixin.py:188} INFO - [2024-07-15T04:40:56.299+0000] {dag.py:3954} INFO - Setting next_dagrun for example_task_group to 2024-07-14 00:00:00+00:00, run_after=2024-07-15 00:00:00+00:00
[2024-07-15T04:40:56.328+0000] {processor.py:183} INFO - Processing /home/airflow/.local/lib/python3.12/site-packages/airflow/example_dags/example_task_group.py took 0.551 seconds
[2024-07-15T04:41:27.076+0000] {processor.py:161} INFO - Started process (PID=1984) to work on /home/airflow/.local/lib/python3.12/site-packages/airflow/example_dags/example_task_group.py
[2024-07-15T04:41:27.077+0000] {processor.py:830} INFO - Processing file /home/airflow/.local/lib/python3.12/site-packages/airflow/example_dags/example_task_group.py for tasks to queue
[2024-07-15T04:41:27.079+0000] {logging_mixin.py:188} INFO - [2024-07-15T04:41:27.079+0000] {dagbag.py:545} INFO - Filling up the DagBag from /home/airflow/.local/lib/python3.12/site-packages/airflow/example_dags/example_task_group.py
[2024-07-15T04:41:27.087+0000] {processor.py:840} INFO - DAG(s) 'example_task_group' retrieved from /home/airflow/.local/lib/python3.12/site-packages/airflow/example_dags/example_task_group.py
[2024-07-15T04:41:27.114+0000] {logging_mixin.py:188} INFO - [2024-07-15T04:41:27.114+0000] {dag.py:3096} INFO - Sync 1 DAGs
[2024-07-15T04:41:27.140+0000] {logging_mixin.py:188} INFO - [2024-07-15T04:41:27.139+0000] {dag.py:3954} INFO - Setting next_dagrun for example_task_group to 2024-07-14 00:00:00+00:00, run_after=2024-07-15 00:00:00+00:00
[2024-07-15T04:41:27.167+0000] {processor.py:183} INFO - Processing /home/airflow/.local/lib/python3.12/site-packages/airflow/example_dags/example_task_group.py took 0.097 seconds
[2024-07-15T04:41:58.161+0000] {processor.py:161} INFO - Started process (PID=2048) to work on /home/airflow/.local/lib/python3.12/site-packages/airflow/example_dags/example_task_group.py
[2024-07-15T04:41:58.162+0000] {processor.py:830} INFO - Processing file /home/airflow/.local/lib/python3.12/site-packages/airflow/example_dags/example_task_group.py for tasks to queue
[2024-07-15T04:41:58.168+0000] {logging_mixin.py:188} INFO - [2024-07-15T04:41:58.168+0000] {dagbag.py:545} INFO - Filling up the DagBag from /home/airflow/.local/lib/python3.12/site-packages/airflow/example_dags/example_task_group.py
[2024-07-15T04:41:58.185+0000] {processor.py:840} INFO - DAG(s) 'example_task_group' retrieved from /home/airflow/.local/lib/python3.12/site-packages/airflow/example_dags/example_task_group.py
[2024-07-15T04:41:58.233+0000] {logging_mixin.py:188} INFO - [2024-07-15T04:41:58.233+0000] {dag.py:3096} INFO - Sync 1 DAGs
[2024-07-15T04:41:58.291+0000] {logging_mixin.py:188} INFO - [2024-07-15T04:41:58.290+0000] {dag.py:3954} INFO - Setting next_dagrun for example_task_group to 2024-07-14 00:00:00+00:00, run_after=2024-07-15 00:00:00+00:00
[2024-07-15T04:41:58.338+0000] {processor.py:183} INFO - Processing /home/airflow/.local/lib/python3.12/site-packages/airflow/example_dags/example_task_group.py took 0.191 seconds
[2024-07-15T04:42:29.742+0000] {processor.py:161} INFO - Started process (PID=2109) to work on /home/airflow/.local/lib/python3.12/site-packages/airflow/example_dags/example_task_group.py
[2024-07-15T04:42:29.752+0000] {processor.py:830} INFO - Processing file /home/airflow/.local/lib/python3.12/site-packages/airflow/example_dags/example_task_group.py for tasks to queue
[2024-07-15T04:42:29.754+0000] {logging_mixin.py:188} INFO - [2024-07-15T04:42:29.754+0000] {dagbag.py:545} INFO - Filling up the DagBag from /home/airflow/.local/lib/python3.12/site-packages/airflow/example_dags/example_task_group.py
[2024-07-15T04:42:29.774+0000] {processor.py:840} INFO - DAG(s) 'example_task_group' retrieved from /home/airflow/.local/lib/python3.12/site-packages/airflow/example_dags/example_task_group.py
[2024-07-15T04:42:29.838+0000] {logging_mixin.py:188} INFO - [2024-07-15T04:42:29.838+0000] {dag.py:3096} INFO - Sync 1 DAGs
[2024-07-15T04:42:29.917+0000] {logging_mixin.py:188} INFO - [2024-07-15T04:42:29.917+0000] {dag.py:3954} INFO - Setting next_dagrun for example_task_group to 2024-07-14 00:00:00+00:00, run_after=2024-07-15 00:00:00+00:00
[2024-07-15T04:42:29.976+0000] {processor.py:183} INFO - Processing /home/airflow/.local/lib/python3.12/site-packages/airflow/example_dags/example_task_group.py took 0.257 seconds
[2024-07-15T04:43:00.492+0000] {processor.py:161} INFO - Started process (PID=2172) to work on /home/airflow/.local/lib/python3.12/site-packages/airflow/example_dags/example_task_group.py
[2024-07-15T04:43:00.499+0000] {processor.py:830} INFO - Processing file /home/airflow/.local/lib/python3.12/site-packages/airflow/example_dags/example_task_group.py for tasks to queue
[2024-07-15T04:43:00.501+0000] {logging_mixin.py:188} INFO - [2024-07-15T04:43:00.500+0000] {dagbag.py:545} INFO - Filling up the DagBag from /home/airflow/.local/lib/python3.12/site-packages/airflow/example_dags/example_task_group.py
[2024-07-15T04:43:00.519+0000] {processor.py:840} INFO - DAG(s) 'example_task_group' retrieved from /home/airflow/.local/lib/python3.12/site-packages/airflow/example_dags/example_task_group.py
[2024-07-15T04:43:00.587+0000] {logging_mixin.py:188} INFO - [2024-07-15T04:43:00.587+0000] {dag.py:3096} INFO - Sync 1 DAGs
[2024-07-15T04:43:00.641+0000] {logging_mixin.py:188} INFO - [2024-07-15T04:43:00.641+0000] {dag.py:3954} INFO - Setting next_dagrun for example_task_group to 2024-07-14 00:00:00+00:00, run_after=2024-07-15 00:00:00+00:00
[2024-07-15T04:43:00.691+0000] {processor.py:183} INFO - Processing /home/airflow/.local/lib/python3.12/site-packages/airflow/example_dags/example_task_group.py took 0.216 seconds
[2024-07-15T04:43:31.172+0000] {processor.py:161} INFO - Started process (PID=2233) to work on /home/airflow/.local/lib/python3.12/site-packages/airflow/example_dags/example_task_group.py
[2024-07-15T04:43:31.188+0000] {processor.py:830} INFO - Processing file /home/airflow/.local/lib/python3.12/site-packages/airflow/example_dags/example_task_group.py for tasks to queue
[2024-07-15T04:43:31.190+0000] {logging_mixin.py:188} INFO - [2024-07-15T04:43:31.189+0000] {dagbag.py:545} INFO - Filling up the DagBag from /home/airflow/.local/lib/python3.12/site-packages/airflow/example_dags/example_task_group.py
[2024-07-15T04:43:31.199+0000] {processor.py:840} INFO - DAG(s) 'example_task_group' retrieved from /home/airflow/.local/lib/python3.12/site-packages/airflow/example_dags/example_task_group.py
[2024-07-15T04:43:31.244+0000] {logging_mixin.py:188} INFO - [2024-07-15T04:43:31.241+0000] {dag.py:3096} INFO - Sync 1 DAGs
[2024-07-15T04:43:31.284+0000] {logging_mixin.py:188} INFO - [2024-07-15T04:43:31.284+0000] {dag.py:3954} INFO - Setting next_dagrun for example_task_group to 2024-07-14 00:00:00+00:00, run_after=2024-07-15 00:00:00+00:00
[2024-07-15T04:43:31.345+0000] {processor.py:183} INFO - Processing /home/airflow/.local/lib/python3.12/site-packages/airflow/example_dags/example_task_group.py took 0.184 seconds
[2024-07-15T04:44:01.625+0000] {processor.py:161} INFO - Started process (PID=2298) to work on /home/airflow/.local/lib/python3.12/site-packages/airflow/example_dags/example_task_group.py
[2024-07-15T04:44:01.626+0000] {processor.py:830} INFO - Processing file /home/airflow/.local/lib/python3.12/site-packages/airflow/example_dags/example_task_group.py for tasks to queue
[2024-07-15T04:44:01.628+0000] {logging_mixin.py:188} INFO - [2024-07-15T04:44:01.628+0000] {dagbag.py:545} INFO - Filling up the DagBag from /home/airflow/.local/lib/python3.12/site-packages/airflow/example_dags/example_task_group.py
[2024-07-15T04:44:01.659+0000] {processor.py:840} INFO - DAG(s) 'example_task_group' retrieved from /home/airflow/.local/lib/python3.12/site-packages/airflow/example_dags/example_task_group.py
[2024-07-15T04:44:01.708+0000] {logging_mixin.py:188} INFO - [2024-07-15T04:44:01.702+0000] {dag.py:3096} INFO - Sync 1 DAGs
[2024-07-15T04:44:01.761+0000] {logging_mixin.py:188} INFO - [2024-07-15T04:44:01.761+0000] {dag.py:3954} INFO - Setting next_dagrun for example_task_group to 2024-07-14 00:00:00+00:00, run_after=2024-07-15 00:00:00+00:00
[2024-07-15T04:44:01.795+0000] {processor.py:183} INFO - Processing /home/airflow/.local/lib/python3.12/site-packages/airflow/example_dags/example_task_group.py took 0.182 seconds
[2024-07-15T04:44:32.161+0000] {processor.py:161} INFO - Started process (PID=2360) to work on /home/airflow/.local/lib/python3.12/site-packages/airflow/example_dags/example_task_group.py
[2024-07-15T04:44:32.162+0000] {processor.py:830} INFO - Processing file /home/airflow/.local/lib/python3.12/site-packages/airflow/example_dags/example_task_group.py for tasks to queue
[2024-07-15T04:44:32.167+0000] {logging_mixin.py:188} INFO - [2024-07-15T04:44:32.163+0000] {dagbag.py:545} INFO - Filling up the DagBag from /home/airflow/.local/lib/python3.12/site-packages/airflow/example_dags/example_task_group.py
[2024-07-15T04:44:32.175+0000] {processor.py:840} INFO - DAG(s) 'example_task_group' retrieved from /home/airflow/.local/lib/python3.12/site-packages/airflow/example_dags/example_task_group.py
[2024-07-15T04:44:32.213+0000] {logging_mixin.py:188} INFO - [2024-07-15T04:44:32.213+0000] {dag.py:3096} INFO - Sync 1 DAGs
[2024-07-15T04:44:32.252+0000] {logging_mixin.py:188} INFO - [2024-07-15T04:44:32.252+0000] {dag.py:3954} INFO - Setting next_dagrun for example_task_group to 2024-07-14 00:00:00+00:00, run_after=2024-07-15 00:00:00+00:00
[2024-07-15T04:44:32.279+0000] {processor.py:183} INFO - Processing /home/airflow/.local/lib/python3.12/site-packages/airflow/example_dags/example_task_group.py took 0.126 seconds
[2024-07-15T04:45:02.483+0000] {processor.py:161} INFO - Started process (PID=2421) to work on /home/airflow/.local/lib/python3.12/site-packages/airflow/example_dags/example_task_group.py
[2024-07-15T04:45:02.484+0000] {processor.py:830} INFO - Processing file /home/airflow/.local/lib/python3.12/site-packages/airflow/example_dags/example_task_group.py for tasks to queue
[2024-07-15T04:45:02.486+0000] {logging_mixin.py:188} INFO - [2024-07-15T04:45:02.485+0000] {dagbag.py:545} INFO - Filling up the DagBag from /home/airflow/.local/lib/python3.12/site-packages/airflow/example_dags/example_task_group.py
[2024-07-15T04:45:02.493+0000] {processor.py:840} INFO - DAG(s) 'example_task_group' retrieved from /home/airflow/.local/lib/python3.12/site-packages/airflow/example_dags/example_task_group.py
[2024-07-15T04:45:02.532+0000] {logging_mixin.py:188} INFO - [2024-07-15T04:45:02.532+0000] {dag.py:3096} INFO - Sync 1 DAGs
[2024-07-15T04:45:02.560+0000] {logging_mixin.py:188} INFO - [2024-07-15T04:45:02.560+0000] {dag.py:3954} INFO - Setting next_dagrun for example_task_group to 2024-07-14 00:00:00+00:00, run_after=2024-07-15 00:00:00+00:00
[2024-07-15T04:45:02.600+0000] {processor.py:183} INFO - Processing /home/airflow/.local/lib/python3.12/site-packages/airflow/example_dags/example_task_group.py took 0.124 seconds
[2024-07-15T04:45:33.363+0000] {processor.py:161} INFO - Started process (PID=2482) to work on /home/airflow/.local/lib/python3.12/site-packages/airflow/example_dags/example_task_group.py
[2024-07-15T04:45:33.372+0000] {processor.py:830} INFO - Processing file /home/airflow/.local/lib/python3.12/site-packages/airflow/example_dags/example_task_group.py for tasks to queue
[2024-07-15T04:45:33.374+0000] {logging_mixin.py:188} INFO - [2024-07-15T04:45:33.374+0000] {dagbag.py:545} INFO - Filling up the DagBag from /home/airflow/.local/lib/python3.12/site-packages/airflow/example_dags/example_task_group.py
[2024-07-15T04:45:33.389+0000] {processor.py:840} INFO - DAG(s) 'example_task_group' retrieved from /home/airflow/.local/lib/python3.12/site-packages/airflow/example_dags/example_task_group.py
[2024-07-15T04:45:33.425+0000] {logging_mixin.py:188} INFO - [2024-07-15T04:45:33.425+0000] {dag.py:3096} INFO - Sync 1 DAGs
[2024-07-15T04:45:33.468+0000] {logging_mixin.py:188} INFO - [2024-07-15T04:45:33.468+0000] {dag.py:3954} INFO - Setting next_dagrun for example_task_group to 2024-07-14 00:00:00+00:00, run_after=2024-07-15 00:00:00+00:00
[2024-07-15T04:45:33.507+0000] {processor.py:183} INFO - Processing /home/airflow/.local/lib/python3.12/site-packages/airflow/example_dags/example_task_group.py took 0.155 seconds
[2024-07-15T04:46:03.966+0000] {processor.py:161} INFO - Started process (PID=2543) to work on /home/airflow/.local/lib/python3.12/site-packages/airflow/example_dags/example_task_group.py
[2024-07-15T04:46:03.967+0000] {processor.py:830} INFO - Processing file /home/airflow/.local/lib/python3.12/site-packages/airflow/example_dags/example_task_group.py for tasks to queue
[2024-07-15T04:46:03.969+0000] {logging_mixin.py:188} INFO - [2024-07-15T04:46:03.969+0000] {dagbag.py:545} INFO - Filling up the DagBag from /home/airflow/.local/lib/python3.12/site-packages/airflow/example_dags/example_task_group.py
[2024-07-15T04:46:03.977+0000] {processor.py:840} INFO - DAG(s) 'example_task_group' retrieved from /home/airflow/.local/lib/python3.12/site-packages/airflow/example_dags/example_task_group.py
[2024-07-15T04:46:04.004+0000] {logging_mixin.py:188} INFO - [2024-07-15T04:46:04.004+0000] {dag.py:3096} INFO - Sync 1 DAGs
[2024-07-15T04:46:04.052+0000] {logging_mixin.py:188} INFO - [2024-07-15T04:46:04.051+0000] {dag.py:3954} INFO - Setting next_dagrun for example_task_group to 2024-07-14 00:00:00+00:00, run_after=2024-07-15 00:00:00+00:00
[2024-07-15T04:46:04.081+0000] {processor.py:183} INFO - Processing /home/airflow/.local/lib/python3.12/site-packages/airflow/example_dags/example_task_group.py took 0.121 seconds
[2024-07-15T04:46:34.124+0000] {processor.py:161} INFO - Started process (PID=2604) to work on /home/airflow/.local/lib/python3.12/site-packages/airflow/example_dags/example_task_group.py
[2024-07-15T04:46:34.125+0000] {processor.py:830} INFO - Processing file /home/airflow/.local/lib/python3.12/site-packages/airflow/example_dags/example_task_group.py for tasks to queue
[2024-07-15T04:46:34.126+0000] {logging_mixin.py:188} INFO - [2024-07-15T04:46:34.126+0000] {dagbag.py:545} INFO - Filling up the DagBag from /home/airflow/.local/lib/python3.12/site-packages/airflow/example_dags/example_task_group.py
[2024-07-15T04:46:34.132+0000] {processor.py:840} INFO - DAG(s) 'example_task_group' retrieved from /home/airflow/.local/lib/python3.12/site-packages/airflow/example_dags/example_task_group.py
[2024-07-15T04:46:34.150+0000] {logging_mixin.py:188} INFO - [2024-07-15T04:46:34.149+0000] {dag.py:3096} INFO - Sync 1 DAGs
[2024-07-15T04:46:34.169+0000] {logging_mixin.py:188} INFO - [2024-07-15T04:46:34.169+0000] {dag.py:3954} INFO - Setting next_dagrun for example_task_group to 2024-07-14 00:00:00+00:00, run_after=2024-07-15 00:00:00+00:00
[2024-07-15T04:46:34.190+0000] {processor.py:183} INFO - Processing /home/airflow/.local/lib/python3.12/site-packages/airflow/example_dags/example_task_group.py took 0.070 seconds
[2024-07-15T04:47:04.732+0000] {processor.py:161} INFO - Started process (PID=2666) to work on /home/airflow/.local/lib/python3.12/site-packages/airflow/example_dags/example_task_group.py
[2024-07-15T04:47:04.733+0000] {processor.py:830} INFO - Processing file /home/airflow/.local/lib/python3.12/site-packages/airflow/example_dags/example_task_group.py for tasks to queue
[2024-07-15T04:47:04.735+0000] {logging_mixin.py:188} INFO - [2024-07-15T04:47:04.735+0000] {dagbag.py:545} INFO - Filling up the DagBag from /home/airflow/.local/lib/python3.12/site-packages/airflow/example_dags/example_task_group.py
[2024-07-15T04:47:04.743+0000] {processor.py:840} INFO - DAG(s) 'example_task_group' retrieved from /home/airflow/.local/lib/python3.12/site-packages/airflow/example_dags/example_task_group.py
[2024-07-15T04:47:04.769+0000] {logging_mixin.py:188} INFO - [2024-07-15T04:47:04.769+0000] {dag.py:3096} INFO - Sync 1 DAGs
[2024-07-15T04:47:04.796+0000] {logging_mixin.py:188} INFO - [2024-07-15T04:47:04.796+0000] {dag.py:3954} INFO - Setting next_dagrun for example_task_group to 2024-07-14 00:00:00+00:00, run_after=2024-07-15 00:00:00+00:00
[2024-07-15T04:47:04.823+0000] {processor.py:183} INFO - Processing /home/airflow/.local/lib/python3.12/site-packages/airflow/example_dags/example_task_group.py took 0.097 seconds
[2024-07-15T04:47:35.222+0000] {processor.py:161} INFO - Started process (PID=2728) to work on /home/airflow/.local/lib/python3.12/site-packages/airflow/example_dags/example_task_group.py
[2024-07-15T04:47:35.226+0000] {processor.py:830} INFO - Processing file /home/airflow/.local/lib/python3.12/site-packages/airflow/example_dags/example_task_group.py for tasks to queue
[2024-07-15T04:47:35.228+0000] {logging_mixin.py:188} INFO - [2024-07-15T04:47:35.228+0000] {dagbag.py:545} INFO - Filling up the DagBag from /home/airflow/.local/lib/python3.12/site-packages/airflow/example_dags/example_task_group.py
[2024-07-15T04:47:35.243+0000] {processor.py:840} INFO - DAG(s) 'example_task_group' retrieved from /home/airflow/.local/lib/python3.12/site-packages/airflow/example_dags/example_task_group.py
[2024-07-15T04:47:35.275+0000] {logging_mixin.py:188} INFO - [2024-07-15T04:47:35.275+0000] {dag.py:3096} INFO - Sync 1 DAGs
[2024-07-15T04:47:35.305+0000] {logging_mixin.py:188} INFO - [2024-07-15T04:47:35.305+0000] {dag.py:3954} INFO - Setting next_dagrun for example_task_group to 2024-07-14 00:00:00+00:00, run_after=2024-07-15 00:00:00+00:00
[2024-07-15T04:47:35.339+0000] {processor.py:183} INFO - Processing /home/airflow/.local/lib/python3.12/site-packages/airflow/example_dags/example_task_group.py took 0.138 seconds
[2024-07-15T04:48:05.865+0000] {processor.py:161} INFO - Started process (PID=2789) to work on /home/airflow/.local/lib/python3.12/site-packages/airflow/example_dags/example_task_group.py
[2024-07-15T04:48:05.866+0000] {processor.py:830} INFO - Processing file /home/airflow/.local/lib/python3.12/site-packages/airflow/example_dags/example_task_group.py for tasks to queue
[2024-07-15T04:48:05.868+0000] {logging_mixin.py:188} INFO - [2024-07-15T04:48:05.868+0000] {dagbag.py:545} INFO - Filling up the DagBag from /home/airflow/.local/lib/python3.12/site-packages/airflow/example_dags/example_task_group.py
[2024-07-15T04:48:05.876+0000] {processor.py:840} INFO - DAG(s) 'example_task_group' retrieved from /home/airflow/.local/lib/python3.12/site-packages/airflow/example_dags/example_task_group.py
[2024-07-15T04:48:05.899+0000] {logging_mixin.py:188} INFO - [2024-07-15T04:48:05.899+0000] {dag.py:3096} INFO - Sync 1 DAGs
[2024-07-15T04:48:05.926+0000] {logging_mixin.py:188} INFO - [2024-07-15T04:48:05.926+0000] {dag.py:3954} INFO - Setting next_dagrun for example_task_group to 2024-07-14 00:00:00+00:00, run_after=2024-07-15 00:00:00+00:00
[2024-07-15T04:48:05.952+0000] {processor.py:183} INFO - Processing /home/airflow/.local/lib/python3.12/site-packages/airflow/example_dags/example_task_group.py took 0.094 seconds
[2024-07-15T04:48:36.541+0000] {processor.py:161} INFO - Started process (PID=2851) to work on /home/airflow/.local/lib/python3.12/site-packages/airflow/example_dags/example_task_group.py
[2024-07-15T04:48:36.542+0000] {processor.py:830} INFO - Processing file /home/airflow/.local/lib/python3.12/site-packages/airflow/example_dags/example_task_group.py for tasks to queue
[2024-07-15T04:48:36.544+0000] {logging_mixin.py:188} INFO - [2024-07-15T04:48:36.543+0000] {dagbag.py:545} INFO - Filling up the DagBag from /home/airflow/.local/lib/python3.12/site-packages/airflow/example_dags/example_task_group.py
[2024-07-15T04:48:36.552+0000] {processor.py:840} INFO - DAG(s) 'example_task_group' retrieved from /home/airflow/.local/lib/python3.12/site-packages/airflow/example_dags/example_task_group.py
[2024-07-15T04:48:36.577+0000] {logging_mixin.py:188} INFO - [2024-07-15T04:48:36.577+0000] {dag.py:3096} INFO - Sync 1 DAGs
[2024-07-15T04:48:36.605+0000] {logging_mixin.py:188} INFO - [2024-07-15T04:48:36.605+0000] {dag.py:3954} INFO - Setting next_dagrun for example_task_group to 2024-07-14 00:00:00+00:00, run_after=2024-07-15 00:00:00+00:00
[2024-07-15T04:48:36.632+0000] {processor.py:183} INFO - Processing /home/airflow/.local/lib/python3.12/site-packages/airflow/example_dags/example_task_group.py took 0.097 seconds
[2024-07-15T04:49:07.132+0000] {processor.py:161} INFO - Started process (PID=2912) to work on /home/airflow/.local/lib/python3.12/site-packages/airflow/example_dags/example_task_group.py
[2024-07-15T04:49:07.133+0000] {processor.py:830} INFO - Processing file /home/airflow/.local/lib/python3.12/site-packages/airflow/example_dags/example_task_group.py for tasks to queue
[2024-07-15T04:49:07.134+0000] {logging_mixin.py:188} INFO - [2024-07-15T04:49:07.134+0000] {dagbag.py:545} INFO - Filling up the DagBag from /home/airflow/.local/lib/python3.12/site-packages/airflow/example_dags/example_task_group.py
[2024-07-15T04:49:07.142+0000] {processor.py:840} INFO - DAG(s) 'example_task_group' retrieved from /home/airflow/.local/lib/python3.12/site-packages/airflow/example_dags/example_task_group.py
[2024-07-15T04:49:07.166+0000] {logging_mixin.py:188} INFO - [2024-07-15T04:49:07.166+0000] {dag.py:3096} INFO - Sync 1 DAGs
[2024-07-15T04:49:07.196+0000] {logging_mixin.py:188} INFO - [2024-07-15T04:49:07.196+0000] {dag.py:3954} INFO - Setting next_dagrun for example_task_group to 2024-07-14 00:00:00+00:00, run_after=2024-07-15 00:00:00+00:00
[2024-07-15T04:49:07.221+0000] {processor.py:183} INFO - Processing /home/airflow/.local/lib/python3.12/site-packages/airflow/example_dags/example_task_group.py took 0.096 seconds
[2024-07-15T04:49:37.998+0000] {processor.py:161} INFO - Started process (PID=2973) to work on /home/airflow/.local/lib/python3.12/site-packages/airflow/example_dags/example_task_group.py
[2024-07-15T04:49:37.998+0000] {processor.py:830} INFO - Processing file /home/airflow/.local/lib/python3.12/site-packages/airflow/example_dags/example_task_group.py for tasks to queue
[2024-07-15T04:49:38.000+0000] {logging_mixin.py:188} INFO - [2024-07-15T04:49:38.000+0000] {dagbag.py:545} INFO - Filling up the DagBag from /home/airflow/.local/lib/python3.12/site-packages/airflow/example_dags/example_task_group.py
[2024-07-15T04:49:38.008+0000] {processor.py:840} INFO - DAG(s) 'example_task_group' retrieved from /home/airflow/.local/lib/python3.12/site-packages/airflow/example_dags/example_task_group.py
[2024-07-15T04:49:38.039+0000] {logging_mixin.py:188} INFO - [2024-07-15T04:49:38.038+0000] {dag.py:3096} INFO - Sync 1 DAGs
[2024-07-15T04:49:38.067+0000] {logging_mixin.py:188} INFO - [2024-07-15T04:49:38.067+0000] {dag.py:3954} INFO - Setting next_dagrun for example_task_group to 2024-07-14 00:00:00+00:00, run_after=2024-07-15 00:00:00+00:00
[2024-07-15T04:49:38.096+0000] {processor.py:183} INFO - Processing /home/airflow/.local/lib/python3.12/site-packages/airflow/example_dags/example_task_group.py took 0.105 seconds
[2024-07-15T04:50:08.806+0000] {processor.py:161} INFO - Started process (PID=3035) to work on /home/airflow/.local/lib/python3.12/site-packages/airflow/example_dags/example_task_group.py
[2024-07-15T04:50:08.807+0000] {processor.py:830} INFO - Processing file /home/airflow/.local/lib/python3.12/site-packages/airflow/example_dags/example_task_group.py for tasks to queue
[2024-07-15T04:50:08.809+0000] {logging_mixin.py:188} INFO - [2024-07-15T04:50:08.809+0000] {dagbag.py:545} INFO - Filling up the DagBag from /home/airflow/.local/lib/python3.12/site-packages/airflow/example_dags/example_task_group.py
[2024-07-15T04:50:08.819+0000] {processor.py:840} INFO - DAG(s) 'example_task_group' retrieved from /home/airflow/.local/lib/python3.12/site-packages/airflow/example_dags/example_task_group.py
[2024-07-15T04:50:08.882+0000] {logging_mixin.py:188} INFO - [2024-07-15T04:50:08.882+0000] {dag.py:3096} INFO - Sync 1 DAGs
[2024-07-15T04:50:08.913+0000] {logging_mixin.py:188} INFO - [2024-07-15T04:50:08.912+0000] {dag.py:3954} INFO - Setting next_dagrun for example_task_group to 2024-07-14 00:00:00+00:00, run_after=2024-07-15 00:00:00+00:00
[2024-07-15T04:50:08.938+0000] {processor.py:183} INFO - Processing /home/airflow/.local/lib/python3.12/site-packages/airflow/example_dags/example_task_group.py took 0.138 seconds
[2024-07-15T04:50:39.155+0000] {processor.py:161} INFO - Started process (PID=3096) to work on /home/airflow/.local/lib/python3.12/site-packages/airflow/example_dags/example_task_group.py
[2024-07-15T04:50:39.162+0000] {processor.py:830} INFO - Processing file /home/airflow/.local/lib/python3.12/site-packages/airflow/example_dags/example_task_group.py for tasks to queue
[2024-07-15T04:50:39.164+0000] {logging_mixin.py:188} INFO - [2024-07-15T04:50:39.164+0000] {dagbag.py:545} INFO - Filling up the DagBag from /home/airflow/.local/lib/python3.12/site-packages/airflow/example_dags/example_task_group.py
[2024-07-15T04:50:39.175+0000] {processor.py:840} INFO - DAG(s) 'example_task_group' retrieved from /home/airflow/.local/lib/python3.12/site-packages/airflow/example_dags/example_task_group.py
[2024-07-15T04:50:39.210+0000] {logging_mixin.py:188} INFO - [2024-07-15T04:50:39.210+0000] {dag.py:3096} INFO - Sync 1 DAGs
[2024-07-15T04:50:39.239+0000] {logging_mixin.py:188} INFO - [2024-07-15T04:50:39.238+0000] {dag.py:3954} INFO - Setting next_dagrun for example_task_group to 2024-07-14 00:00:00+00:00, run_after=2024-07-15 00:00:00+00:00
[2024-07-15T04:50:39.282+0000] {processor.py:183} INFO - Processing /home/airflow/.local/lib/python3.12/site-packages/airflow/example_dags/example_task_group.py took 0.149 seconds
[2024-07-15T04:51:09.569+0000] {processor.py:161} INFO - Started process (PID=3159) to work on /home/airflow/.local/lib/python3.12/site-packages/airflow/example_dags/example_task_group.py
[2024-07-15T04:51:09.571+0000] {processor.py:830} INFO - Processing file /home/airflow/.local/lib/python3.12/site-packages/airflow/example_dags/example_task_group.py for tasks to queue
[2024-07-15T04:51:09.573+0000] {logging_mixin.py:188} INFO - [2024-07-15T04:51:09.572+0000] {dagbag.py:545} INFO - Filling up the DagBag from /home/airflow/.local/lib/python3.12/site-packages/airflow/example_dags/example_task_group.py
[2024-07-15T04:51:09.581+0000] {processor.py:840} INFO - DAG(s) 'example_task_group' retrieved from /home/airflow/.local/lib/python3.12/site-packages/airflow/example_dags/example_task_group.py
[2024-07-15T04:51:09.609+0000] {logging_mixin.py:188} INFO - [2024-07-15T04:51:09.608+0000] {dag.py:3096} INFO - Sync 1 DAGs
[2024-07-15T04:51:09.636+0000] {logging_mixin.py:188} INFO - [2024-07-15T04:51:09.636+0000] {dag.py:3954} INFO - Setting next_dagrun for example_task_group to 2024-07-14 00:00:00+00:00, run_after=2024-07-15 00:00:00+00:00
[2024-07-15T04:51:09.663+0000] {processor.py:183} INFO - Processing /home/airflow/.local/lib/python3.12/site-packages/airflow/example_dags/example_task_group.py took 0.104 seconds
[2024-07-15T04:53:12.063+0000] {processor.py:161} INFO - Started process (PID=76) to work on /home/airflow/.local/lib/python3.12/site-packages/airflow/example_dags/example_task_group.py
[2024-07-15T04:53:12.063+0000] {processor.py:830} INFO - Processing file /home/airflow/.local/lib/python3.12/site-packages/airflow/example_dags/example_task_group.py for tasks to queue
[2024-07-15T04:53:12.065+0000] {logging_mixin.py:188} INFO - [2024-07-15T04:53:12.065+0000] {dagbag.py:545} INFO - Filling up the DagBag from /home/airflow/.local/lib/python3.12/site-packages/airflow/example_dags/example_task_group.py
[2024-07-15T04:53:12.073+0000] {processor.py:840} INFO - DAG(s) 'example_task_group' retrieved from /home/airflow/.local/lib/python3.12/site-packages/airflow/example_dags/example_task_group.py
[2024-07-15T04:53:12.337+0000] {logging_mixin.py:188} INFO - [2024-07-15T04:53:12.336+0000] {dag.py:3096} INFO - Sync 1 DAGs
[2024-07-15T04:53:12.362+0000] {logging_mixin.py:188} INFO - [2024-07-15T04:53:12.362+0000] {dag.py:3954} INFO - Setting next_dagrun for example_task_group to 2024-07-14 00:00:00+00:00, run_after=2024-07-15 00:00:00+00:00
[2024-07-15T04:53:12.388+0000] {processor.py:183} INFO - Processing /home/airflow/.local/lib/python3.12/site-packages/airflow/example_dags/example_task_group.py took 0.332 seconds
[2024-07-15T04:53:42.935+0000] {processor.py:161} INFO - Started process (PID=137) to work on /home/airflow/.local/lib/python3.12/site-packages/airflow/example_dags/example_task_group.py
[2024-07-15T04:53:42.936+0000] {processor.py:830} INFO - Processing file /home/airflow/.local/lib/python3.12/site-packages/airflow/example_dags/example_task_group.py for tasks to queue
[2024-07-15T04:53:42.937+0000] {logging_mixin.py:188} INFO - [2024-07-15T04:53:42.937+0000] {dagbag.py:545} INFO - Filling up the DagBag from /home/airflow/.local/lib/python3.12/site-packages/airflow/example_dags/example_task_group.py
[2024-07-15T04:53:42.945+0000] {processor.py:840} INFO - DAG(s) 'example_task_group' retrieved from /home/airflow/.local/lib/python3.12/site-packages/airflow/example_dags/example_task_group.py
[2024-07-15T04:53:42.970+0000] {logging_mixin.py:188} INFO - [2024-07-15T04:53:42.969+0000] {dag.py:3096} INFO - Sync 1 DAGs
[2024-07-15T04:53:42.995+0000] {logging_mixin.py:188} INFO - [2024-07-15T04:53:42.995+0000] {dag.py:3954} INFO - Setting next_dagrun for example_task_group to 2024-07-14 00:00:00+00:00, run_after=2024-07-15 00:00:00+00:00
[2024-07-15T04:53:43.021+0000] {processor.py:183} INFO - Processing /home/airflow/.local/lib/python3.12/site-packages/airflow/example_dags/example_task_group.py took 0.092 seconds
[2024-07-15T04:54:15.345+0000] {processor.py:161} INFO - Started process (PID=200) to work on /home/airflow/.local/lib/python3.12/site-packages/airflow/example_dags/example_task_group.py
[2024-07-15T04:54:15.346+0000] {processor.py:830} INFO - Processing file /home/airflow/.local/lib/python3.12/site-packages/airflow/example_dags/example_task_group.py for tasks to queue
[2024-07-15T04:54:15.360+0000] {logging_mixin.py:188} INFO - [2024-07-15T04:54:15.359+0000] {dagbag.py:545} INFO - Filling up the DagBag from /home/airflow/.local/lib/python3.12/site-packages/airflow/example_dags/example_task_group.py
[2024-07-15T04:54:15.385+0000] {processor.py:840} INFO - DAG(s) 'example_task_group' retrieved from /home/airflow/.local/lib/python3.12/site-packages/airflow/example_dags/example_task_group.py
[2024-07-15T04:54:15.472+0000] {logging_mixin.py:188} INFO - [2024-07-15T04:54:15.472+0000] {dag.py:3096} INFO - Sync 1 DAGs
[2024-07-15T04:54:15.522+0000] {logging_mixin.py:188} INFO - [2024-07-15T04:54:15.522+0000] {dag.py:3954} INFO - Setting next_dagrun for example_task_group to 2024-07-14 00:00:00+00:00, run_after=2024-07-15 00:00:00+00:00
[2024-07-15T04:54:15.578+0000] {processor.py:183} INFO - Processing /home/airflow/.local/lib/python3.12/site-packages/airflow/example_dags/example_task_group.py took 0.247 seconds
[2024-07-15T04:54:46.810+0000] {processor.py:161} INFO - Started process (PID=261) to work on /home/airflow/.local/lib/python3.12/site-packages/airflow/example_dags/example_task_group.py
[2024-07-15T04:54:46.811+0000] {processor.py:830} INFO - Processing file /home/airflow/.local/lib/python3.12/site-packages/airflow/example_dags/example_task_group.py for tasks to queue
[2024-07-15T04:54:46.820+0000] {logging_mixin.py:188} INFO - [2024-07-15T04:54:46.820+0000] {dagbag.py:545} INFO - Filling up the DagBag from /home/airflow/.local/lib/python3.12/site-packages/airflow/example_dags/example_task_group.py
[2024-07-15T04:54:46.845+0000] {processor.py:840} INFO - DAG(s) 'example_task_group' retrieved from /home/airflow/.local/lib/python3.12/site-packages/airflow/example_dags/example_task_group.py
[2024-07-15T04:54:46.922+0000] {logging_mixin.py:188} INFO - [2024-07-15T04:54:46.922+0000] {dag.py:3096} INFO - Sync 1 DAGs
[2024-07-15T04:54:47.048+0000] {logging_mixin.py:188} INFO - [2024-07-15T04:54:47.039+0000] {dag.py:3954} INFO - Setting next_dagrun for example_task_group to 2024-07-14 00:00:00+00:00, run_after=2024-07-15 00:00:00+00:00
[2024-07-15T04:54:47.144+0000] {processor.py:183} INFO - Processing /home/airflow/.local/lib/python3.12/site-packages/airflow/example_dags/example_task_group.py took 0.357 seconds
[2024-07-15T04:55:17.784+0000] {processor.py:161} INFO - Started process (PID=321) to work on /home/airflow/.local/lib/python3.12/site-packages/airflow/example_dags/example_task_group.py
[2024-07-15T04:55:17.793+0000] {processor.py:830} INFO - Processing file /home/airflow/.local/lib/python3.12/site-packages/airflow/example_dags/example_task_group.py for tasks to queue
[2024-07-15T04:55:17.796+0000] {logging_mixin.py:188} INFO - [2024-07-15T04:55:17.796+0000] {dagbag.py:545} INFO - Filling up the DagBag from /home/airflow/.local/lib/python3.12/site-packages/airflow/example_dags/example_task_group.py
[2024-07-15T04:55:17.820+0000] {processor.py:840} INFO - DAG(s) 'example_task_group' retrieved from /home/airflow/.local/lib/python3.12/site-packages/airflow/example_dags/example_task_group.py
[2024-07-15T04:55:17.919+0000] {logging_mixin.py:188} INFO - [2024-07-15T04:55:17.918+0000] {dag.py:3096} INFO - Sync 1 DAGs
[2024-07-15T04:55:18.012+0000] {logging_mixin.py:188} INFO - [2024-07-15T04:55:18.011+0000] {dag.py:3954} INFO - Setting next_dagrun for example_task_group to 2024-07-14 00:00:00+00:00, run_after=2024-07-15 00:00:00+00:00
[2024-07-15T04:55:18.047+0000] {processor.py:183} INFO - Processing /home/airflow/.local/lib/python3.12/site-packages/airflow/example_dags/example_task_group.py took 0.279 seconds
[2024-07-15T04:55:48.539+0000] {processor.py:161} INFO - Started process (PID=382) to work on /home/airflow/.local/lib/python3.12/site-packages/airflow/example_dags/example_task_group.py
[2024-07-15T04:55:48.546+0000] {processor.py:830} INFO - Processing file /home/airflow/.local/lib/python3.12/site-packages/airflow/example_dags/example_task_group.py for tasks to queue
[2024-07-15T04:55:48.550+0000] {logging_mixin.py:188} INFO - [2024-07-15T04:55:48.550+0000] {dagbag.py:545} INFO - Filling up the DagBag from /home/airflow/.local/lib/python3.12/site-packages/airflow/example_dags/example_task_group.py
[2024-07-15T04:55:48.558+0000] {processor.py:840} INFO - DAG(s) 'example_task_group' retrieved from /home/airflow/.local/lib/python3.12/site-packages/airflow/example_dags/example_task_group.py
[2024-07-15T04:55:48.625+0000] {logging_mixin.py:188} INFO - [2024-07-15T04:55:48.624+0000] {dag.py:3096} INFO - Sync 1 DAGs
[2024-07-15T04:55:48.677+0000] {logging_mixin.py:188} INFO - [2024-07-15T04:55:48.677+0000] {dag.py:3954} INFO - Setting next_dagrun for example_task_group to 2024-07-14 00:00:00+00:00, run_after=2024-07-15 00:00:00+00:00
[2024-07-15T04:55:48.708+0000] {processor.py:183} INFO - Processing /home/airflow/.local/lib/python3.12/site-packages/airflow/example_dags/example_task_group.py took 0.184 seconds
[2024-07-15T04:56:19.586+0000] {processor.py:161} INFO - Started process (PID=443) to work on /home/airflow/.local/lib/python3.12/site-packages/airflow/example_dags/example_task_group.py
[2024-07-15T04:56:19.586+0000] {processor.py:830} INFO - Processing file /home/airflow/.local/lib/python3.12/site-packages/airflow/example_dags/example_task_group.py for tasks to queue
[2024-07-15T04:56:19.588+0000] {logging_mixin.py:188} INFO - [2024-07-15T04:56:19.588+0000] {dagbag.py:545} INFO - Filling up the DagBag from /home/airflow/.local/lib/python3.12/site-packages/airflow/example_dags/example_task_group.py
[2024-07-15T04:56:19.598+0000] {processor.py:840} INFO - DAG(s) 'example_task_group' retrieved from /home/airflow/.local/lib/python3.12/site-packages/airflow/example_dags/example_task_group.py
[2024-07-15T04:56:19.650+0000] {logging_mixin.py:188} INFO - [2024-07-15T04:56:19.650+0000] {dag.py:3096} INFO - Sync 1 DAGs
[2024-07-15T04:56:19.687+0000] {logging_mixin.py:188} INFO - [2024-07-15T04:56:19.687+0000] {dag.py:3954} INFO - Setting next_dagrun for example_task_group to 2024-07-14 00:00:00+00:00, run_after=2024-07-15 00:00:00+00:00
[2024-07-15T04:56:20.039+0000] {processor.py:183} INFO - Processing /home/airflow/.local/lib/python3.12/site-packages/airflow/example_dags/example_task_group.py took 0.460 seconds
[2024-07-15T04:56:50.468+0000] {processor.py:161} INFO - Started process (PID=504) to work on /home/airflow/.local/lib/python3.12/site-packages/airflow/example_dags/example_task_group.py
[2024-07-15T04:56:50.469+0000] {processor.py:830} INFO - Processing file /home/airflow/.local/lib/python3.12/site-packages/airflow/example_dags/example_task_group.py for tasks to queue
[2024-07-15T04:56:50.472+0000] {logging_mixin.py:188} INFO - [2024-07-15T04:56:50.472+0000] {dagbag.py:545} INFO - Filling up the DagBag from /home/airflow/.local/lib/python3.12/site-packages/airflow/example_dags/example_task_group.py
[2024-07-15T04:56:50.482+0000] {processor.py:840} INFO - DAG(s) 'example_task_group' retrieved from /home/airflow/.local/lib/python3.12/site-packages/airflow/example_dags/example_task_group.py
[2024-07-15T04:56:50.534+0000] {logging_mixin.py:188} INFO - [2024-07-15T04:56:50.534+0000] {dag.py:3096} INFO - Sync 1 DAGs
[2024-07-15T04:56:50.582+0000] {logging_mixin.py:188} INFO - [2024-07-15T04:56:50.582+0000] {dag.py:3954} INFO - Setting next_dagrun for example_task_group to 2024-07-14 00:00:00+00:00, run_after=2024-07-15 00:00:00+00:00
[2024-07-15T04:56:50.617+0000] {processor.py:183} INFO - Processing /home/airflow/.local/lib/python3.12/site-packages/airflow/example_dags/example_task_group.py took 0.155 seconds
[2024-07-15T04:57:21.618+0000] {processor.py:161} INFO - Started process (PID=566) to work on /home/airflow/.local/lib/python3.12/site-packages/airflow/example_dags/example_task_group.py
[2024-07-15T04:57:21.618+0000] {processor.py:830} INFO - Processing file /home/airflow/.local/lib/python3.12/site-packages/airflow/example_dags/example_task_group.py for tasks to queue
[2024-07-15T04:57:21.620+0000] {logging_mixin.py:188} INFO - [2024-07-15T04:57:21.620+0000] {dagbag.py:545} INFO - Filling up the DagBag from /home/airflow/.local/lib/python3.12/site-packages/airflow/example_dags/example_task_group.py
[2024-07-15T04:57:21.629+0000] {processor.py:840} INFO - DAG(s) 'example_task_group' retrieved from /home/airflow/.local/lib/python3.12/site-packages/airflow/example_dags/example_task_group.py
[2024-07-15T04:57:21.653+0000] {logging_mixin.py:188} INFO - [2024-07-15T04:57:21.653+0000] {dag.py:3096} INFO - Sync 1 DAGs
[2024-07-15T04:57:21.679+0000] {logging_mixin.py:188} INFO - [2024-07-15T04:57:21.679+0000] {dag.py:3954} INFO - Setting next_dagrun for example_task_group to 2024-07-14 00:00:00+00:00, run_after=2024-07-15 00:00:00+00:00
[2024-07-15T04:57:21.706+0000] {processor.py:183} INFO - Processing /home/airflow/.local/lib/python3.12/site-packages/airflow/example_dags/example_task_group.py took 0.096 seconds
[2024-07-15T04:57:52.593+0000] {processor.py:161} INFO - Started process (PID=627) to work on /home/airflow/.local/lib/python3.12/site-packages/airflow/example_dags/example_task_group.py
[2024-07-15T04:57:52.596+0000] {processor.py:830} INFO - Processing file /home/airflow/.local/lib/python3.12/site-packages/airflow/example_dags/example_task_group.py for tasks to queue
[2024-07-15T04:57:52.599+0000] {logging_mixin.py:188} INFO - [2024-07-15T04:57:52.599+0000] {dagbag.py:545} INFO - Filling up the DagBag from /home/airflow/.local/lib/python3.12/site-packages/airflow/example_dags/example_task_group.py
[2024-07-15T04:57:52.633+0000] {processor.py:840} INFO - DAG(s) 'example_task_group' retrieved from /home/airflow/.local/lib/python3.12/site-packages/airflow/example_dags/example_task_group.py
[2024-07-15T04:57:52.705+0000] {logging_mixin.py:188} INFO - [2024-07-15T04:57:52.705+0000] {dag.py:3096} INFO - Sync 1 DAGs
[2024-07-15T04:57:52.731+0000] {logging_mixin.py:188} INFO - [2024-07-15T04:57:52.731+0000] {dag.py:3954} INFO - Setting next_dagrun for example_task_group to 2024-07-14 00:00:00+00:00, run_after=2024-07-15 00:00:00+00:00
[2024-07-15T04:57:52.762+0000] {processor.py:183} INFO - Processing /home/airflow/.local/lib/python3.12/site-packages/airflow/example_dags/example_task_group.py took 0.181 seconds
