[2024-07-15T04:25:18.302+0000] {processor.py:161} INFO - Started process (PID=37) to work on /home/airflow/.local/lib/python3.12/site-packages/airflow/example_dags/example_xcomargs.py
[2024-07-15T04:25:18.303+0000] {processor.py:830} INFO - Processing file /home/airflow/.local/lib/python3.12/site-packages/airflow/example_dags/example_xcomargs.py for tasks to queue
[2024-07-15T04:25:18.315+0000] {logging_mixin.py:188} INFO - [2024-07-15T04:25:18.315+0000] {dagbag.py:545} INFO - Filling up the DagBag from /home/airflow/.local/lib/python3.12/site-packages/airflow/example_dags/example_xcomargs.py
[2024-07-15T04:25:18.341+0000] {processor.py:840} INFO - DAG(s) 'example_xcom_args_with_operators', 'example_xcom_args' retrieved from /home/airflow/.local/lib/python3.12/site-packages/airflow/example_dags/example_xcomargs.py
[2024-07-15T04:25:18.451+0000] {logging_mixin.py:188} INFO - [2024-07-15T04:25:18.451+0000] {dag.py:3096} INFO - Sync 2 DAGs
[2024-07-15T04:25:18.486+0000] {logging_mixin.py:188} INFO - [2024-07-15T04:25:18.486+0000] {dag.py:3954} INFO - Setting next_dagrun for example_xcom_args to None, run_after=None
[2024-07-15T04:25:18.496+0000] {logging_mixin.py:188} INFO - [2024-07-15T04:25:18.496+0000] {dag.py:3954} INFO - Setting next_dagrun for example_xcom_args_with_operators to None, run_after=None
[2024-07-15T04:25:18.549+0000] {processor.py:183} INFO - Processing /home/airflow/.local/lib/python3.12/site-packages/airflow/example_dags/example_xcomargs.py took 0.264 seconds
[2024-07-15T04:25:48.608+0000] {processor.py:161} INFO - Started process (PID=96) to work on /home/airflow/.local/lib/python3.12/site-packages/airflow/example_dags/example_xcomargs.py
[2024-07-15T04:25:48.609+0000] {processor.py:830} INFO - Processing file /home/airflow/.local/lib/python3.12/site-packages/airflow/example_dags/example_xcomargs.py for tasks to queue
[2024-07-15T04:25:48.610+0000] {logging_mixin.py:188} INFO - [2024-07-15T04:25:48.610+0000] {dagbag.py:545} INFO - Filling up the DagBag from /home/airflow/.local/lib/python3.12/site-packages/airflow/example_dags/example_xcomargs.py
[2024-07-15T04:25:48.619+0000] {processor.py:840} INFO - DAG(s) 'example_xcom_args_with_operators', 'example_xcom_args' retrieved from /home/airflow/.local/lib/python3.12/site-packages/airflow/example_dags/example_xcomargs.py
[2024-07-15T04:25:48.638+0000] {logging_mixin.py:188} INFO - [2024-07-15T04:25:48.638+0000] {dag.py:3096} INFO - Sync 2 DAGs
[2024-07-15T04:25:48.649+0000] {logging_mixin.py:188} INFO - [2024-07-15T04:25:48.649+0000] {dag.py:3954} INFO - Setting next_dagrun for example_xcom_args to None, run_after=None
[2024-07-15T04:25:48.652+0000] {logging_mixin.py:188} INFO - [2024-07-15T04:25:48.652+0000] {dag.py:3954} INFO - Setting next_dagrun for example_xcom_args_with_operators to None, run_after=None
[2024-07-15T04:25:48.670+0000] {processor.py:183} INFO - Processing /home/airflow/.local/lib/python3.12/site-packages/airflow/example_dags/example_xcomargs.py took 0.066 seconds
[2024-07-15T04:26:18.810+0000] {processor.py:161} INFO - Started process (PID=157) to work on /home/airflow/.local/lib/python3.12/site-packages/airflow/example_dags/example_xcomargs.py
[2024-07-15T04:26:18.810+0000] {processor.py:830} INFO - Processing file /home/airflow/.local/lib/python3.12/site-packages/airflow/example_dags/example_xcomargs.py for tasks to queue
[2024-07-15T04:26:18.812+0000] {logging_mixin.py:188} INFO - [2024-07-15T04:26:18.812+0000] {dagbag.py:545} INFO - Filling up the DagBag from /home/airflow/.local/lib/python3.12/site-packages/airflow/example_dags/example_xcomargs.py
[2024-07-15T04:26:18.821+0000] {processor.py:840} INFO - DAG(s) 'example_xcom_args', 'example_xcom_args_with_operators' retrieved from /home/airflow/.local/lib/python3.12/site-packages/airflow/example_dags/example_xcomargs.py
[2024-07-15T04:26:18.861+0000] {logging_mixin.py:188} INFO - [2024-07-15T04:26:18.861+0000] {dag.py:3096} INFO - Sync 2 DAGs
[2024-07-15T04:26:18.880+0000] {logging_mixin.py:188} INFO - [2024-07-15T04:26:18.880+0000] {dag.py:3954} INFO - Setting next_dagrun for example_xcom_args to None, run_after=None
[2024-07-15T04:26:18.887+0000] {logging_mixin.py:188} INFO - [2024-07-15T04:26:18.886+0000] {dag.py:3954} INFO - Setting next_dagrun for example_xcom_args_with_operators to None, run_after=None
[2024-07-15T04:26:18.914+0000] {processor.py:183} INFO - Processing /home/airflow/.local/lib/python3.12/site-packages/airflow/example_dags/example_xcomargs.py took 0.110 seconds
[2024-07-15T04:26:48.973+0000] {processor.py:161} INFO - Started process (PID=218) to work on /home/airflow/.local/lib/python3.12/site-packages/airflow/example_dags/example_xcomargs.py
[2024-07-15T04:26:48.974+0000] {processor.py:830} INFO - Processing file /home/airflow/.local/lib/python3.12/site-packages/airflow/example_dags/example_xcomargs.py for tasks to queue
[2024-07-15T04:26:48.975+0000] {logging_mixin.py:188} INFO - [2024-07-15T04:26:48.975+0000] {dagbag.py:545} INFO - Filling up the DagBag from /home/airflow/.local/lib/python3.12/site-packages/airflow/example_dags/example_xcomargs.py
[2024-07-15T04:26:48.982+0000] {processor.py:840} INFO - DAG(s) 'example_xcom_args', 'example_xcom_args_with_operators' retrieved from /home/airflow/.local/lib/python3.12/site-packages/airflow/example_dags/example_xcomargs.py
[2024-07-15T04:26:49.001+0000] {logging_mixin.py:188} INFO - [2024-07-15T04:26:49.000+0000] {dag.py:3096} INFO - Sync 2 DAGs
[2024-07-15T04:26:49.011+0000] {logging_mixin.py:188} INFO - [2024-07-15T04:26:49.011+0000] {dag.py:3954} INFO - Setting next_dagrun for example_xcom_args to None, run_after=None
[2024-07-15T04:26:49.014+0000] {logging_mixin.py:188} INFO - [2024-07-15T04:26:49.014+0000] {dag.py:3954} INFO - Setting next_dagrun for example_xcom_args_with_operators to None, run_after=None
[2024-07-15T04:26:49.032+0000] {processor.py:183} INFO - Processing /home/airflow/.local/lib/python3.12/site-packages/airflow/example_dags/example_xcomargs.py took 0.063 seconds
[2024-07-15T04:27:19.785+0000] {processor.py:161} INFO - Started process (PID=279) to work on /home/airflow/.local/lib/python3.12/site-packages/airflow/example_dags/example_xcomargs.py
[2024-07-15T04:27:19.786+0000] {processor.py:830} INFO - Processing file /home/airflow/.local/lib/python3.12/site-packages/airflow/example_dags/example_xcomargs.py for tasks to queue
[2024-07-15T04:27:19.788+0000] {logging_mixin.py:188} INFO - [2024-07-15T04:27:19.788+0000] {dagbag.py:545} INFO - Filling up the DagBag from /home/airflow/.local/lib/python3.12/site-packages/airflow/example_dags/example_xcomargs.py
[2024-07-15T04:27:19.797+0000] {processor.py:840} INFO - DAG(s) 'example_xcom_args_with_operators', 'example_xcom_args' retrieved from /home/airflow/.local/lib/python3.12/site-packages/airflow/example_dags/example_xcomargs.py
[2024-07-15T04:27:19.825+0000] {logging_mixin.py:188} INFO - [2024-07-15T04:27:19.825+0000] {dag.py:3096} INFO - Sync 2 DAGs
[2024-07-15T04:27:19.841+0000] {logging_mixin.py:188} INFO - [2024-07-15T04:27:19.840+0000] {dag.py:3954} INFO - Setting next_dagrun for example_xcom_args to None, run_after=None
[2024-07-15T04:27:19.845+0000] {logging_mixin.py:188} INFO - [2024-07-15T04:27:19.845+0000] {dag.py:3954} INFO - Setting next_dagrun for example_xcom_args_with_operators to None, run_after=None
[2024-07-15T04:27:19.875+0000] {processor.py:183} INFO - Processing /home/airflow/.local/lib/python3.12/site-packages/airflow/example_dags/example_xcomargs.py took 0.096 seconds
[2024-07-15T04:27:50.531+0000] {processor.py:161} INFO - Started process (PID=340) to work on /home/airflow/.local/lib/python3.12/site-packages/airflow/example_dags/example_xcomargs.py
[2024-07-15T04:27:50.532+0000] {processor.py:830} INFO - Processing file /home/airflow/.local/lib/python3.12/site-packages/airflow/example_dags/example_xcomargs.py for tasks to queue
[2024-07-15T04:27:50.533+0000] {logging_mixin.py:188} INFO - [2024-07-15T04:27:50.533+0000] {dagbag.py:545} INFO - Filling up the DagBag from /home/airflow/.local/lib/python3.12/site-packages/airflow/example_dags/example_xcomargs.py
[2024-07-15T04:27:50.540+0000] {processor.py:840} INFO - DAG(s) 'example_xcom_args', 'example_xcom_args_with_operators' retrieved from /home/airflow/.local/lib/python3.12/site-packages/airflow/example_dags/example_xcomargs.py
[2024-07-15T04:27:50.557+0000] {logging_mixin.py:188} INFO - [2024-07-15T04:27:50.557+0000] {dag.py:3096} INFO - Sync 2 DAGs
[2024-07-15T04:27:50.568+0000] {logging_mixin.py:188} INFO - [2024-07-15T04:27:50.568+0000] {dag.py:3954} INFO - Setting next_dagrun for example_xcom_args to None, run_after=None
[2024-07-15T04:27:50.571+0000] {logging_mixin.py:188} INFO - [2024-07-15T04:27:50.570+0000] {dag.py:3954} INFO - Setting next_dagrun for example_xcom_args_with_operators to None, run_after=None
[2024-07-15T04:27:50.588+0000] {processor.py:183} INFO - Processing /home/airflow/.local/lib/python3.12/site-packages/airflow/example_dags/example_xcomargs.py took 0.063 seconds
[2024-07-15T04:28:20.955+0000] {processor.py:161} INFO - Started process (PID=401) to work on /home/airflow/.local/lib/python3.12/site-packages/airflow/example_dags/example_xcomargs.py
[2024-07-15T04:28:20.956+0000] {processor.py:830} INFO - Processing file /home/airflow/.local/lib/python3.12/site-packages/airflow/example_dags/example_xcomargs.py for tasks to queue
[2024-07-15T04:28:20.958+0000] {logging_mixin.py:188} INFO - [2024-07-15T04:28:20.957+0000] {dagbag.py:545} INFO - Filling up the DagBag from /home/airflow/.local/lib/python3.12/site-packages/airflow/example_dags/example_xcomargs.py
[2024-07-15T04:28:20.967+0000] {processor.py:840} INFO - DAG(s) 'example_xcom_args_with_operators', 'example_xcom_args' retrieved from /home/airflow/.local/lib/python3.12/site-packages/airflow/example_dags/example_xcomargs.py
[2024-07-15T04:28:21.009+0000] {logging_mixin.py:188} INFO - [2024-07-15T04:28:21.008+0000] {dag.py:3096} INFO - Sync 2 DAGs
[2024-07-15T04:28:21.035+0000] {logging_mixin.py:188} INFO - [2024-07-15T04:28:21.035+0000] {dag.py:3954} INFO - Setting next_dagrun for example_xcom_args to None, run_after=None
[2024-07-15T04:28:21.044+0000] {logging_mixin.py:188} INFO - [2024-07-15T04:28:21.044+0000] {dag.py:3954} INFO - Setting next_dagrun for example_xcom_args_with_operators to None, run_after=None
[2024-07-15T04:28:21.066+0000] {processor.py:183} INFO - Processing /home/airflow/.local/lib/python3.12/site-packages/airflow/example_dags/example_xcomargs.py took 0.117 seconds
[2024-07-15T04:28:51.589+0000] {processor.py:161} INFO - Started process (PID=462) to work on /home/airflow/.local/lib/python3.12/site-packages/airflow/example_dags/example_xcomargs.py
[2024-07-15T04:28:51.590+0000] {processor.py:830} INFO - Processing file /home/airflow/.local/lib/python3.12/site-packages/airflow/example_dags/example_xcomargs.py for tasks to queue
[2024-07-15T04:28:51.592+0000] {logging_mixin.py:188} INFO - [2024-07-15T04:28:51.592+0000] {dagbag.py:545} INFO - Filling up the DagBag from /home/airflow/.local/lib/python3.12/site-packages/airflow/example_dags/example_xcomargs.py
[2024-07-15T04:28:51.602+0000] {processor.py:840} INFO - DAG(s) 'example_xcom_args_with_operators', 'example_xcom_args' retrieved from /home/airflow/.local/lib/python3.12/site-packages/airflow/example_dags/example_xcomargs.py
[2024-07-15T04:28:51.677+0000] {logging_mixin.py:188} INFO - [2024-07-15T04:28:51.677+0000] {dag.py:3096} INFO - Sync 2 DAGs
[2024-07-15T04:28:51.695+0000] {logging_mixin.py:188} INFO - [2024-07-15T04:28:51.695+0000] {dag.py:3954} INFO - Setting next_dagrun for example_xcom_args to None, run_after=None
[2024-07-15T04:28:51.700+0000] {logging_mixin.py:188} INFO - [2024-07-15T04:28:51.700+0000] {dag.py:3954} INFO - Setting next_dagrun for example_xcom_args_with_operators to None, run_after=None
[2024-07-15T04:28:51.728+0000] {processor.py:183} INFO - Processing /home/airflow/.local/lib/python3.12/site-packages/airflow/example_dags/example_xcomargs.py took 0.145 seconds
[2024-07-15T04:29:22.659+0000] {processor.py:161} INFO - Started process (PID=523) to work on /home/airflow/.local/lib/python3.12/site-packages/airflow/example_dags/example_xcomargs.py
[2024-07-15T04:29:22.660+0000] {processor.py:830} INFO - Processing file /home/airflow/.local/lib/python3.12/site-packages/airflow/example_dags/example_xcomargs.py for tasks to queue
[2024-07-15T04:29:22.662+0000] {logging_mixin.py:188} INFO - [2024-07-15T04:29:22.662+0000] {dagbag.py:545} INFO - Filling up the DagBag from /home/airflow/.local/lib/python3.12/site-packages/airflow/example_dags/example_xcomargs.py
[2024-07-15T04:29:22.671+0000] {processor.py:840} INFO - DAG(s) 'example_xcom_args_with_operators', 'example_xcom_args' retrieved from /home/airflow/.local/lib/python3.12/site-packages/airflow/example_dags/example_xcomargs.py
[2024-07-15T04:29:22.698+0000] {logging_mixin.py:188} INFO - [2024-07-15T04:29:22.697+0000] {dag.py:3096} INFO - Sync 2 DAGs
[2024-07-15T04:29:22.716+0000] {logging_mixin.py:188} INFO - [2024-07-15T04:29:22.716+0000] {dag.py:3954} INFO - Setting next_dagrun for example_xcom_args to None, run_after=None
[2024-07-15T04:29:22.719+0000] {logging_mixin.py:188} INFO - [2024-07-15T04:29:22.719+0000] {dag.py:3954} INFO - Setting next_dagrun for example_xcom_args_with_operators to None, run_after=None
[2024-07-15T04:29:22.741+0000] {processor.py:183} INFO - Processing /home/airflow/.local/lib/python3.12/site-packages/airflow/example_dags/example_xcomargs.py took 0.088 seconds
[2024-07-15T04:29:53.116+0000] {processor.py:161} INFO - Started process (PID=585) to work on /home/airflow/.local/lib/python3.12/site-packages/airflow/example_dags/example_xcomargs.py
[2024-07-15T04:29:53.117+0000] {processor.py:830} INFO - Processing file /home/airflow/.local/lib/python3.12/site-packages/airflow/example_dags/example_xcomargs.py for tasks to queue
[2024-07-15T04:29:53.119+0000] {logging_mixin.py:188} INFO - [2024-07-15T04:29:53.119+0000] {dagbag.py:545} INFO - Filling up the DagBag from /home/airflow/.local/lib/python3.12/site-packages/airflow/example_dags/example_xcomargs.py
[2024-07-15T04:29:53.128+0000] {processor.py:840} INFO - DAG(s) 'example_xcom_args_with_operators', 'example_xcom_args' retrieved from /home/airflow/.local/lib/python3.12/site-packages/airflow/example_dags/example_xcomargs.py
[2024-07-15T04:29:53.159+0000] {logging_mixin.py:188} INFO - [2024-07-15T04:29:53.159+0000] {dag.py:3096} INFO - Sync 2 DAGs
[2024-07-15T04:29:53.173+0000] {logging_mixin.py:188} INFO - [2024-07-15T04:29:53.173+0000] {dag.py:3954} INFO - Setting next_dagrun for example_xcom_args to None, run_after=None
[2024-07-15T04:29:53.176+0000] {logging_mixin.py:188} INFO - [2024-07-15T04:29:53.176+0000] {dag.py:3954} INFO - Setting next_dagrun for example_xcom_args_with_operators to None, run_after=None
[2024-07-15T04:29:53.197+0000] {processor.py:183} INFO - Processing /home/airflow/.local/lib/python3.12/site-packages/airflow/example_dags/example_xcomargs.py took 0.088 seconds
[2024-07-15T04:30:23.624+0000] {processor.py:161} INFO - Started process (PID=647) to work on /home/airflow/.local/lib/python3.12/site-packages/airflow/example_dags/example_xcomargs.py
[2024-07-15T04:30:23.625+0000] {processor.py:830} INFO - Processing file /home/airflow/.local/lib/python3.12/site-packages/airflow/example_dags/example_xcomargs.py for tasks to queue
[2024-07-15T04:30:23.627+0000] {logging_mixin.py:188} INFO - [2024-07-15T04:30:23.626+0000] {dagbag.py:545} INFO - Filling up the DagBag from /home/airflow/.local/lib/python3.12/site-packages/airflow/example_dags/example_xcomargs.py
[2024-07-15T04:30:23.636+0000] {processor.py:840} INFO - DAG(s) 'example_xcom_args', 'example_xcom_args_with_operators' retrieved from /home/airflow/.local/lib/python3.12/site-packages/airflow/example_dags/example_xcomargs.py
[2024-07-15T04:30:23.661+0000] {logging_mixin.py:188} INFO - [2024-07-15T04:30:23.661+0000] {dag.py:3096} INFO - Sync 2 DAGs
[2024-07-15T04:30:23.677+0000] {logging_mixin.py:188} INFO - [2024-07-15T04:30:23.677+0000] {dag.py:3954} INFO - Setting next_dagrun for example_xcom_args to None, run_after=None
[2024-07-15T04:30:23.681+0000] {logging_mixin.py:188} INFO - [2024-07-15T04:30:23.681+0000] {dag.py:3954} INFO - Setting next_dagrun for example_xcom_args_with_operators to None, run_after=None
[2024-07-15T04:30:23.707+0000] {processor.py:183} INFO - Processing /home/airflow/.local/lib/python3.12/site-packages/airflow/example_dags/example_xcomargs.py took 0.088 seconds
[2024-07-15T04:30:54.237+0000] {processor.py:161} INFO - Started process (PID=708) to work on /home/airflow/.local/lib/python3.12/site-packages/airflow/example_dags/example_xcomargs.py
[2024-07-15T04:30:54.237+0000] {processor.py:830} INFO - Processing file /home/airflow/.local/lib/python3.12/site-packages/airflow/example_dags/example_xcomargs.py for tasks to queue
[2024-07-15T04:30:54.239+0000] {logging_mixin.py:188} INFO - [2024-07-15T04:30:54.239+0000] {dagbag.py:545} INFO - Filling up the DagBag from /home/airflow/.local/lib/python3.12/site-packages/airflow/example_dags/example_xcomargs.py
[2024-07-15T04:30:54.249+0000] {processor.py:840} INFO - DAG(s) 'example_xcom_args_with_operators', 'example_xcom_args' retrieved from /home/airflow/.local/lib/python3.12/site-packages/airflow/example_dags/example_xcomargs.py
[2024-07-15T04:30:54.306+0000] {logging_mixin.py:188} INFO - [2024-07-15T04:30:54.306+0000] {dag.py:3096} INFO - Sync 2 DAGs
[2024-07-15T04:30:54.353+0000] {logging_mixin.py:188} INFO - [2024-07-15T04:30:54.353+0000] {dag.py:3954} INFO - Setting next_dagrun for example_xcom_args to None, run_after=None
[2024-07-15T04:30:54.360+0000] {logging_mixin.py:188} INFO - [2024-07-15T04:30:54.359+0000] {dag.py:3954} INFO - Setting next_dagrun for example_xcom_args_with_operators to None, run_after=None
[2024-07-15T04:30:54.399+0000] {processor.py:183} INFO - Processing /home/airflow/.local/lib/python3.12/site-packages/airflow/example_dags/example_xcomargs.py took 0.169 seconds
[2024-07-15T04:31:24.740+0000] {processor.py:161} INFO - Started process (PID=769) to work on /home/airflow/.local/lib/python3.12/site-packages/airflow/example_dags/example_xcomargs.py
[2024-07-15T04:31:24.748+0000] {processor.py:830} INFO - Processing file /home/airflow/.local/lib/python3.12/site-packages/airflow/example_dags/example_xcomargs.py for tasks to queue
[2024-07-15T04:31:24.750+0000] {logging_mixin.py:188} INFO - [2024-07-15T04:31:24.750+0000] {dagbag.py:545} INFO - Filling up the DagBag from /home/airflow/.local/lib/python3.12/site-packages/airflow/example_dags/example_xcomargs.py
[2024-07-15T04:31:24.763+0000] {processor.py:840} INFO - DAG(s) 'example_xcom_args', 'example_xcom_args_with_operators' retrieved from /home/airflow/.local/lib/python3.12/site-packages/airflow/example_dags/example_xcomargs.py
[2024-07-15T04:31:24.829+0000] {logging_mixin.py:188} INFO - [2024-07-15T04:31:24.829+0000] {dag.py:3096} INFO - Sync 2 DAGs
[2024-07-15T04:31:24.867+0000] {logging_mixin.py:188} INFO - [2024-07-15T04:31:24.866+0000] {dag.py:3954} INFO - Setting next_dagrun for example_xcom_args to None, run_after=None
[2024-07-15T04:31:24.871+0000] {logging_mixin.py:188} INFO - [2024-07-15T04:31:24.871+0000] {dag.py:3954} INFO - Setting next_dagrun for example_xcom_args_with_operators to None, run_after=None
[2024-07-15T04:31:24.894+0000] {processor.py:183} INFO - Processing /home/airflow/.local/lib/python3.12/site-packages/airflow/example_dags/example_xcomargs.py took 0.163 seconds
[2024-07-15T04:31:55.667+0000] {processor.py:161} INFO - Started process (PID=830) to work on /home/airflow/.local/lib/python3.12/site-packages/airflow/example_dags/example_xcomargs.py
[2024-07-15T04:31:55.670+0000] {processor.py:830} INFO - Processing file /home/airflow/.local/lib/python3.12/site-packages/airflow/example_dags/example_xcomargs.py for tasks to queue
[2024-07-15T04:31:55.672+0000] {logging_mixin.py:188} INFO - [2024-07-15T04:31:55.671+0000] {dagbag.py:545} INFO - Filling up the DagBag from /home/airflow/.local/lib/python3.12/site-packages/airflow/example_dags/example_xcomargs.py
[2024-07-15T04:31:55.711+0000] {processor.py:840} INFO - DAG(s) 'example_xcom_args', 'example_xcom_args_with_operators' retrieved from /home/airflow/.local/lib/python3.12/site-packages/airflow/example_dags/example_xcomargs.py
[2024-07-15T04:31:55.806+0000] {logging_mixin.py:188} INFO - [2024-07-15T04:31:55.805+0000] {dag.py:3096} INFO - Sync 2 DAGs
[2024-07-15T04:31:55.846+0000] {logging_mixin.py:188} INFO - [2024-07-15T04:31:55.846+0000] {dag.py:3954} INFO - Setting next_dagrun for example_xcom_args to None, run_after=None
[2024-07-15T04:31:55.867+0000] {logging_mixin.py:188} INFO - [2024-07-15T04:31:55.867+0000] {dag.py:3954} INFO - Setting next_dagrun for example_xcom_args_with_operators to None, run_after=None
[2024-07-15T04:31:55.935+0000] {processor.py:183} INFO - Processing /home/airflow/.local/lib/python3.12/site-packages/airflow/example_dags/example_xcomargs.py took 0.287 seconds
[2024-07-15T04:32:26.003+0000] {processor.py:161} INFO - Started process (PID=891) to work on /home/airflow/.local/lib/python3.12/site-packages/airflow/example_dags/example_xcomargs.py
[2024-07-15T04:32:26.004+0000] {processor.py:830} INFO - Processing file /home/airflow/.local/lib/python3.12/site-packages/airflow/example_dags/example_xcomargs.py for tasks to queue
[2024-07-15T04:32:26.005+0000] {logging_mixin.py:188} INFO - [2024-07-15T04:32:26.005+0000] {dagbag.py:545} INFO - Filling up the DagBag from /home/airflow/.local/lib/python3.12/site-packages/airflow/example_dags/example_xcomargs.py
[2024-07-15T04:32:26.012+0000] {processor.py:840} INFO - DAG(s) 'example_xcom_args_with_operators', 'example_xcom_args' retrieved from /home/airflow/.local/lib/python3.12/site-packages/airflow/example_dags/example_xcomargs.py
[2024-07-15T04:32:26.030+0000] {logging_mixin.py:188} INFO - [2024-07-15T04:32:26.030+0000] {dag.py:3096} INFO - Sync 2 DAGs
[2024-07-15T04:32:26.041+0000] {logging_mixin.py:188} INFO - [2024-07-15T04:32:26.041+0000] {dag.py:3954} INFO - Setting next_dagrun for example_xcom_args to None, run_after=None
[2024-07-15T04:32:26.045+0000] {logging_mixin.py:188} INFO - [2024-07-15T04:32:26.044+0000] {dag.py:3954} INFO - Setting next_dagrun for example_xcom_args_with_operators to None, run_after=None
[2024-07-15T04:32:26.063+0000] {processor.py:183} INFO - Processing /home/airflow/.local/lib/python3.12/site-packages/airflow/example_dags/example_xcomargs.py took 0.064 seconds
[2024-07-15T04:32:56.373+0000] {processor.py:161} INFO - Started process (PID=953) to work on /home/airflow/.local/lib/python3.12/site-packages/airflow/example_dags/example_xcomargs.py
[2024-07-15T04:32:56.374+0000] {processor.py:830} INFO - Processing file /home/airflow/.local/lib/python3.12/site-packages/airflow/example_dags/example_xcomargs.py for tasks to queue
[2024-07-15T04:32:56.376+0000] {logging_mixin.py:188} INFO - [2024-07-15T04:32:56.376+0000] {dagbag.py:545} INFO - Filling up the DagBag from /home/airflow/.local/lib/python3.12/site-packages/airflow/example_dags/example_xcomargs.py
[2024-07-15T04:32:56.386+0000] {processor.py:840} INFO - DAG(s) 'example_xcom_args_with_operators', 'example_xcom_args' retrieved from /home/airflow/.local/lib/python3.12/site-packages/airflow/example_dags/example_xcomargs.py
[2024-07-15T04:32:56.412+0000] {logging_mixin.py:188} INFO - [2024-07-15T04:32:56.411+0000] {dag.py:3096} INFO - Sync 2 DAGs
[2024-07-15T04:32:56.430+0000] {logging_mixin.py:188} INFO - [2024-07-15T04:32:56.430+0000] {dag.py:3954} INFO - Setting next_dagrun for example_xcom_args to None, run_after=None
[2024-07-15T04:32:56.433+0000] {logging_mixin.py:188} INFO - [2024-07-15T04:32:56.433+0000] {dag.py:3954} INFO - Setting next_dagrun for example_xcom_args_with_operators to None, run_after=None
[2024-07-15T04:32:56.454+0000] {processor.py:183} INFO - Processing /home/airflow/.local/lib/python3.12/site-packages/airflow/example_dags/example_xcomargs.py took 0.086 seconds
[2024-07-15T04:33:26.923+0000] {processor.py:161} INFO - Started process (PID=1015) to work on /home/airflow/.local/lib/python3.12/site-packages/airflow/example_dags/example_xcomargs.py
[2024-07-15T04:33:26.924+0000] {processor.py:830} INFO - Processing file /home/airflow/.local/lib/python3.12/site-packages/airflow/example_dags/example_xcomargs.py for tasks to queue
[2024-07-15T04:33:26.926+0000] {logging_mixin.py:188} INFO - [2024-07-15T04:33:26.926+0000] {dagbag.py:545} INFO - Filling up the DagBag from /home/airflow/.local/lib/python3.12/site-packages/airflow/example_dags/example_xcomargs.py
[2024-07-15T04:33:26.935+0000] {processor.py:840} INFO - DAG(s) 'example_xcom_args_with_operators', 'example_xcom_args' retrieved from /home/airflow/.local/lib/python3.12/site-packages/airflow/example_dags/example_xcomargs.py
[2024-07-15T04:33:26.962+0000] {logging_mixin.py:188} INFO - [2024-07-15T04:33:26.962+0000] {dag.py:3096} INFO - Sync 2 DAGs
[2024-07-15T04:33:26.978+0000] {logging_mixin.py:188} INFO - [2024-07-15T04:33:26.978+0000] {dag.py:3954} INFO - Setting next_dagrun for example_xcom_args to None, run_after=None
[2024-07-15T04:33:26.982+0000] {logging_mixin.py:188} INFO - [2024-07-15T04:33:26.982+0000] {dag.py:3954} INFO - Setting next_dagrun for example_xcom_args_with_operators to None, run_after=None
[2024-07-15T04:33:27.002+0000] {processor.py:183} INFO - Processing /home/airflow/.local/lib/python3.12/site-packages/airflow/example_dags/example_xcomargs.py took 0.085 seconds
[2024-07-15T04:33:57.793+0000] {processor.py:161} INFO - Started process (PID=1085) to work on /home/airflow/.local/lib/python3.12/site-packages/airflow/example_dags/example_xcomargs.py
[2024-07-15T04:33:57.793+0000] {processor.py:830} INFO - Processing file /home/airflow/.local/lib/python3.12/site-packages/airflow/example_dags/example_xcomargs.py for tasks to queue
[2024-07-15T04:33:57.795+0000] {logging_mixin.py:188} INFO - [2024-07-15T04:33:57.795+0000] {dagbag.py:545} INFO - Filling up the DagBag from /home/airflow/.local/lib/python3.12/site-packages/airflow/example_dags/example_xcomargs.py
[2024-07-15T04:33:57.824+0000] {processor.py:840} INFO - DAG(s) 'example_xcom_args_with_operators', 'example_xcom_args' retrieved from /home/airflow/.local/lib/python3.12/site-packages/airflow/example_dags/example_xcomargs.py
[2024-07-15T04:33:57.884+0000] {logging_mixin.py:188} INFO - [2024-07-15T04:33:57.884+0000] {dag.py:3096} INFO - Sync 2 DAGs
[2024-07-15T04:33:57.930+0000] {logging_mixin.py:188} INFO - [2024-07-15T04:33:57.930+0000] {dag.py:3954} INFO - Setting next_dagrun for example_xcom_args to None, run_after=None
[2024-07-15T04:33:57.934+0000] {logging_mixin.py:188} INFO - [2024-07-15T04:33:57.934+0000] {dag.py:3954} INFO - Setting next_dagrun for example_xcom_args_with_operators to None, run_after=None
[2024-07-15T04:33:57.963+0000] {processor.py:183} INFO - Processing /home/airflow/.local/lib/python3.12/site-packages/airflow/example_dags/example_xcomargs.py took 0.190 seconds
[2024-07-15T04:34:28.090+0000] {processor.py:161} INFO - Started process (PID=1144) to work on /home/airflow/.local/lib/python3.12/site-packages/airflow/example_dags/example_xcomargs.py
[2024-07-15T04:34:28.094+0000] {processor.py:830} INFO - Processing file /home/airflow/.local/lib/python3.12/site-packages/airflow/example_dags/example_xcomargs.py for tasks to queue
[2024-07-15T04:34:28.095+0000] {logging_mixin.py:188} INFO - [2024-07-15T04:34:28.095+0000] {dagbag.py:545} INFO - Filling up the DagBag from /home/airflow/.local/lib/python3.12/site-packages/airflow/example_dags/example_xcomargs.py
[2024-07-15T04:34:28.102+0000] {processor.py:840} INFO - DAG(s) 'example_xcom_args_with_operators', 'example_xcom_args' retrieved from /home/airflow/.local/lib/python3.12/site-packages/airflow/example_dags/example_xcomargs.py
[2024-07-15T04:34:28.112+0000] {logging_mixin.py:188} INFO - [2024-07-15T04:34:28.112+0000] {dag.py:3096} INFO - Sync 2 DAGs
[2024-07-15T04:34:28.124+0000] {logging_mixin.py:188} INFO - [2024-07-15T04:34:28.124+0000] {dag.py:3954} INFO - Setting next_dagrun for example_xcom_args to None, run_after=None
[2024-07-15T04:34:28.128+0000] {logging_mixin.py:188} INFO - [2024-07-15T04:34:28.128+0000] {dag.py:3954} INFO - Setting next_dagrun for example_xcom_args_with_operators to None, run_after=None
[2024-07-15T04:34:28.149+0000] {processor.py:183} INFO - Processing /home/airflow/.local/lib/python3.12/site-packages/airflow/example_dags/example_xcomargs.py took 0.066 seconds
[2024-07-15T04:34:58.932+0000] {processor.py:161} INFO - Started process (PID=1205) to work on /home/airflow/.local/lib/python3.12/site-packages/airflow/example_dags/example_xcomargs.py
[2024-07-15T04:34:58.933+0000] {processor.py:830} INFO - Processing file /home/airflow/.local/lib/python3.12/site-packages/airflow/example_dags/example_xcomargs.py for tasks to queue
[2024-07-15T04:34:58.935+0000] {logging_mixin.py:188} INFO - [2024-07-15T04:34:58.934+0000] {dagbag.py:545} INFO - Filling up the DagBag from /home/airflow/.local/lib/python3.12/site-packages/airflow/example_dags/example_xcomargs.py
[2024-07-15T04:34:58.942+0000] {processor.py:840} INFO - DAG(s) 'example_xcom_args', 'example_xcom_args_with_operators' retrieved from /home/airflow/.local/lib/python3.12/site-packages/airflow/example_dags/example_xcomargs.py
[2024-07-15T04:34:59.041+0000] {logging_mixin.py:188} INFO - [2024-07-15T04:34:59.041+0000] {dag.py:3096} INFO - Sync 2 DAGs
[2024-07-15T04:34:59.052+0000] {logging_mixin.py:188} INFO - [2024-07-15T04:34:59.052+0000] {dag.py:3954} INFO - Setting next_dagrun for example_xcom_args to None, run_after=None
[2024-07-15T04:34:59.065+0000] {logging_mixin.py:188} INFO - [2024-07-15T04:34:59.064+0000] {dag.py:3954} INFO - Setting next_dagrun for example_xcom_args_with_operators to None, run_after=None
[2024-07-15T04:34:59.087+0000] {processor.py:183} INFO - Processing /home/airflow/.local/lib/python3.12/site-packages/airflow/example_dags/example_xcomargs.py took 0.161 seconds
[2024-07-15T04:35:30.052+0000] {processor.py:161} INFO - Started process (PID=1266) to work on /home/airflow/.local/lib/python3.12/site-packages/airflow/example_dags/example_xcomargs.py
[2024-07-15T04:35:30.058+0000] {processor.py:830} INFO - Processing file /home/airflow/.local/lib/python3.12/site-packages/airflow/example_dags/example_xcomargs.py for tasks to queue
[2024-07-15T04:35:30.060+0000] {logging_mixin.py:188} INFO - [2024-07-15T04:35:30.059+0000] {dagbag.py:545} INFO - Filling up the DagBag from /home/airflow/.local/lib/python3.12/site-packages/airflow/example_dags/example_xcomargs.py
[2024-07-15T04:35:30.071+0000] {processor.py:840} INFO - DAG(s) 'example_xcom_args_with_operators', 'example_xcom_args' retrieved from /home/airflow/.local/lib/python3.12/site-packages/airflow/example_dags/example_xcomargs.py
[2024-07-15T04:35:30.098+0000] {logging_mixin.py:188} INFO - [2024-07-15T04:35:30.098+0000] {dag.py:3096} INFO - Sync 2 DAGs
[2024-07-15T04:35:30.115+0000] {logging_mixin.py:188} INFO - [2024-07-15T04:35:30.115+0000] {dag.py:3954} INFO - Setting next_dagrun for example_xcom_args to None, run_after=None
[2024-07-15T04:35:30.120+0000] {logging_mixin.py:188} INFO - [2024-07-15T04:35:30.119+0000] {dag.py:3954} INFO - Setting next_dagrun for example_xcom_args_with_operators to None, run_after=None
[2024-07-15T04:35:30.143+0000] {processor.py:183} INFO - Processing /home/airflow/.local/lib/python3.12/site-packages/airflow/example_dags/example_xcomargs.py took 0.113 seconds
[2024-07-15T04:36:01.289+0000] {processor.py:161} INFO - Started process (PID=1327) to work on /home/airflow/.local/lib/python3.12/site-packages/airflow/example_dags/example_xcomargs.py
[2024-07-15T04:36:01.290+0000] {processor.py:830} INFO - Processing file /home/airflow/.local/lib/python3.12/site-packages/airflow/example_dags/example_xcomargs.py for tasks to queue
[2024-07-15T04:36:01.294+0000] {logging_mixin.py:188} INFO - [2024-07-15T04:36:01.294+0000] {dagbag.py:545} INFO - Filling up the DagBag from /home/airflow/.local/lib/python3.12/site-packages/airflow/example_dags/example_xcomargs.py
[2024-07-15T04:36:01.325+0000] {processor.py:840} INFO - DAG(s) 'example_xcom_args_with_operators', 'example_xcom_args' retrieved from /home/airflow/.local/lib/python3.12/site-packages/airflow/example_dags/example_xcomargs.py
[2024-07-15T04:36:01.461+0000] {logging_mixin.py:188} INFO - [2024-07-15T04:36:01.461+0000] {dag.py:3096} INFO - Sync 2 DAGs
[2024-07-15T04:36:01.497+0000] {logging_mixin.py:188} INFO - [2024-07-15T04:36:01.497+0000] {dag.py:3954} INFO - Setting next_dagrun for example_xcom_args to None, run_after=None
[2024-07-15T04:36:01.513+0000] {logging_mixin.py:188} INFO - [2024-07-15T04:36:01.513+0000] {dag.py:3954} INFO - Setting next_dagrun for example_xcom_args_with_operators to None, run_after=None
[2024-07-15T04:36:01.570+0000] {processor.py:183} INFO - Processing /home/airflow/.local/lib/python3.12/site-packages/airflow/example_dags/example_xcomargs.py took 0.307 seconds
[2024-07-15T04:36:31.972+0000] {processor.py:161} INFO - Started process (PID=1389) to work on /home/airflow/.local/lib/python3.12/site-packages/airflow/example_dags/example_xcomargs.py
[2024-07-15T04:36:31.973+0000] {processor.py:830} INFO - Processing file /home/airflow/.local/lib/python3.12/site-packages/airflow/example_dags/example_xcomargs.py for tasks to queue
[2024-07-15T04:36:31.975+0000] {logging_mixin.py:188} INFO - [2024-07-15T04:36:31.974+0000] {dagbag.py:545} INFO - Filling up the DagBag from /home/airflow/.local/lib/python3.12/site-packages/airflow/example_dags/example_xcomargs.py
[2024-07-15T04:36:31.983+0000] {processor.py:840} INFO - DAG(s) 'example_xcom_args', 'example_xcom_args_with_operators' retrieved from /home/airflow/.local/lib/python3.12/site-packages/airflow/example_dags/example_xcomargs.py
[2024-07-15T04:36:32.010+0000] {logging_mixin.py:188} INFO - [2024-07-15T04:36:32.010+0000] {dag.py:3096} INFO - Sync 2 DAGs
[2024-07-15T04:36:32.026+0000] {logging_mixin.py:188} INFO - [2024-07-15T04:36:32.026+0000] {dag.py:3954} INFO - Setting next_dagrun for example_xcom_args to None, run_after=None
[2024-07-15T04:36:32.030+0000] {logging_mixin.py:188} INFO - [2024-07-15T04:36:32.030+0000] {dag.py:3954} INFO - Setting next_dagrun for example_xcom_args_with_operators to None, run_after=None
[2024-07-15T04:36:32.053+0000] {processor.py:183} INFO - Processing /home/airflow/.local/lib/python3.12/site-packages/airflow/example_dags/example_xcomargs.py took 0.087 seconds
[2024-07-15T04:37:02.525+0000] {processor.py:161} INFO - Started process (PID=1450) to work on /home/airflow/.local/lib/python3.12/site-packages/airflow/example_dags/example_xcomargs.py
[2024-07-15T04:37:02.526+0000] {processor.py:830} INFO - Processing file /home/airflow/.local/lib/python3.12/site-packages/airflow/example_dags/example_xcomargs.py for tasks to queue
[2024-07-15T04:37:02.527+0000] {logging_mixin.py:188} INFO - [2024-07-15T04:37:02.527+0000] {dagbag.py:545} INFO - Filling up the DagBag from /home/airflow/.local/lib/python3.12/site-packages/airflow/example_dags/example_xcomargs.py
[2024-07-15T04:37:02.534+0000] {processor.py:840} INFO - DAG(s) 'example_xcom_args_with_operators', 'example_xcom_args' retrieved from /home/airflow/.local/lib/python3.12/site-packages/airflow/example_dags/example_xcomargs.py
[2024-07-15T04:37:02.553+0000] {logging_mixin.py:188} INFO - [2024-07-15T04:37:02.553+0000] {dag.py:3096} INFO - Sync 2 DAGs
[2024-07-15T04:37:02.564+0000] {logging_mixin.py:188} INFO - [2024-07-15T04:37:02.564+0000] {dag.py:3954} INFO - Setting next_dagrun for example_xcom_args to None, run_after=None
[2024-07-15T04:37:02.567+0000] {logging_mixin.py:188} INFO - [2024-07-15T04:37:02.567+0000] {dag.py:3954} INFO - Setting next_dagrun for example_xcom_args_with_operators to None, run_after=None
[2024-07-15T04:37:02.588+0000] {processor.py:183} INFO - Processing /home/airflow/.local/lib/python3.12/site-packages/airflow/example_dags/example_xcomargs.py took 0.068 seconds
[2024-07-15T04:37:32.936+0000] {processor.py:161} INFO - Started process (PID=1515) to work on /home/airflow/.local/lib/python3.12/site-packages/airflow/example_dags/example_xcomargs.py
[2024-07-15T04:37:32.938+0000] {processor.py:830} INFO - Processing file /home/airflow/.local/lib/python3.12/site-packages/airflow/example_dags/example_xcomargs.py for tasks to queue
[2024-07-15T04:37:32.940+0000] {logging_mixin.py:188} INFO - [2024-07-15T04:37:32.940+0000] {dagbag.py:545} INFO - Filling up the DagBag from /home/airflow/.local/lib/python3.12/site-packages/airflow/example_dags/example_xcomargs.py
[2024-07-15T04:37:32.948+0000] {processor.py:840} INFO - DAG(s) 'example_xcom_args_with_operators', 'example_xcom_args' retrieved from /home/airflow/.local/lib/python3.12/site-packages/airflow/example_dags/example_xcomargs.py
[2024-07-15T04:37:32.974+0000] {logging_mixin.py:188} INFO - [2024-07-15T04:37:32.974+0000] {dag.py:3096} INFO - Sync 2 DAGs
[2024-07-15T04:37:32.991+0000] {logging_mixin.py:188} INFO - [2024-07-15T04:37:32.991+0000] {dag.py:3954} INFO - Setting next_dagrun for example_xcom_args to None, run_after=None
[2024-07-15T04:37:32.995+0000] {logging_mixin.py:188} INFO - [2024-07-15T04:37:32.995+0000] {dag.py:3954} INFO - Setting next_dagrun for example_xcom_args_with_operators to None, run_after=None
[2024-07-15T04:37:33.017+0000] {processor.py:183} INFO - Processing /home/airflow/.local/lib/python3.12/site-packages/airflow/example_dags/example_xcomargs.py took 0.087 seconds
[2024-07-15T04:38:03.310+0000] {processor.py:161} INFO - Started process (PID=1576) to work on /home/airflow/.local/lib/python3.12/site-packages/airflow/example_dags/example_xcomargs.py
[2024-07-15T04:38:03.319+0000] {processor.py:830} INFO - Processing file /home/airflow/.local/lib/python3.12/site-packages/airflow/example_dags/example_xcomargs.py for tasks to queue
[2024-07-15T04:38:03.325+0000] {logging_mixin.py:188} INFO - [2024-07-15T04:38:03.325+0000] {dagbag.py:545} INFO - Filling up the DagBag from /home/airflow/.local/lib/python3.12/site-packages/airflow/example_dags/example_xcomargs.py
[2024-07-15T04:38:03.346+0000] {processor.py:840} INFO - DAG(s) 'example_xcom_args', 'example_xcom_args_with_operators' retrieved from /home/airflow/.local/lib/python3.12/site-packages/airflow/example_dags/example_xcomargs.py
[2024-07-15T04:38:03.390+0000] {logging_mixin.py:188} INFO - [2024-07-15T04:38:03.390+0000] {dag.py:3096} INFO - Sync 2 DAGs
[2024-07-15T04:38:03.434+0000] {logging_mixin.py:188} INFO - [2024-07-15T04:38:03.433+0000] {dag.py:3954} INFO - Setting next_dagrun for example_xcom_args to None, run_after=None
[2024-07-15T04:38:03.451+0000] {logging_mixin.py:188} INFO - [2024-07-15T04:38:03.451+0000] {dag.py:3954} INFO - Setting next_dagrun for example_xcom_args_with_operators to None, run_after=None
[2024-07-15T04:38:03.501+0000] {processor.py:183} INFO - Processing /home/airflow/.local/lib/python3.12/site-packages/airflow/example_dags/example_xcomargs.py took 0.206 seconds
[2024-07-15T04:38:34.532+0000] {processor.py:161} INFO - Started process (PID=1637) to work on /home/airflow/.local/lib/python3.12/site-packages/airflow/example_dags/example_xcomargs.py
[2024-07-15T04:38:34.540+0000] {processor.py:830} INFO - Processing file /home/airflow/.local/lib/python3.12/site-packages/airflow/example_dags/example_xcomargs.py for tasks to queue
[2024-07-15T04:38:34.542+0000] {logging_mixin.py:188} INFO - [2024-07-15T04:38:34.542+0000] {dagbag.py:545} INFO - Filling up the DagBag from /home/airflow/.local/lib/python3.12/site-packages/airflow/example_dags/example_xcomargs.py
[2024-07-15T04:38:34.551+0000] {processor.py:840} INFO - DAG(s) 'example_xcom_args', 'example_xcom_args_with_operators' retrieved from /home/airflow/.local/lib/python3.12/site-packages/airflow/example_dags/example_xcomargs.py
[2024-07-15T04:38:34.596+0000] {logging_mixin.py:188} INFO - [2024-07-15T04:38:34.596+0000] {dag.py:3096} INFO - Sync 2 DAGs
[2024-07-15T04:38:34.613+0000] {logging_mixin.py:188} INFO - [2024-07-15T04:38:34.613+0000] {dag.py:3954} INFO - Setting next_dagrun for example_xcom_args to None, run_after=None
[2024-07-15T04:38:34.617+0000] {logging_mixin.py:188} INFO - [2024-07-15T04:38:34.617+0000] {dag.py:3954} INFO - Setting next_dagrun for example_xcom_args_with_operators to None, run_after=None
[2024-07-15T04:38:34.641+0000] {processor.py:183} INFO - Processing /home/airflow/.local/lib/python3.12/site-packages/airflow/example_dags/example_xcomargs.py took 0.131 seconds
[2024-07-15T04:39:05.596+0000] {processor.py:161} INFO - Started process (PID=1698) to work on /home/airflow/.local/lib/python3.12/site-packages/airflow/example_dags/example_xcomargs.py
[2024-07-15T04:39:05.597+0000] {processor.py:830} INFO - Processing file /home/airflow/.local/lib/python3.12/site-packages/airflow/example_dags/example_xcomargs.py for tasks to queue
[2024-07-15T04:39:05.604+0000] {logging_mixin.py:188} INFO - [2024-07-15T04:39:05.604+0000] {dagbag.py:545} INFO - Filling up the DagBag from /home/airflow/.local/lib/python3.12/site-packages/airflow/example_dags/example_xcomargs.py
[2024-07-15T04:39:05.614+0000] {processor.py:840} INFO - DAG(s) 'example_xcom_args_with_operators', 'example_xcom_args' retrieved from /home/airflow/.local/lib/python3.12/site-packages/airflow/example_dags/example_xcomargs.py
[2024-07-15T04:39:05.669+0000] {logging_mixin.py:188} INFO - [2024-07-15T04:39:05.668+0000] {dag.py:3096} INFO - Sync 2 DAGs
[2024-07-15T04:39:05.701+0000] {logging_mixin.py:188} INFO - [2024-07-15T04:39:05.701+0000] {dag.py:3954} INFO - Setting next_dagrun for example_xcom_args to None, run_after=None
[2024-07-15T04:39:05.724+0000] {logging_mixin.py:188} INFO - [2024-07-15T04:39:05.723+0000] {dag.py:3954} INFO - Setting next_dagrun for example_xcom_args_with_operators to None, run_after=None
[2024-07-15T04:39:05.797+0000] {processor.py:183} INFO - Processing /home/airflow/.local/lib/python3.12/site-packages/airflow/example_dags/example_xcomargs.py took 0.222 seconds
[2024-07-15T04:39:35.970+0000] {processor.py:161} INFO - Started process (PID=1757) to work on /home/airflow/.local/lib/python3.12/site-packages/airflow/example_dags/example_xcomargs.py
[2024-07-15T04:39:35.979+0000] {processor.py:830} INFO - Processing file /home/airflow/.local/lib/python3.12/site-packages/airflow/example_dags/example_xcomargs.py for tasks to queue
[2024-07-15T04:39:35.992+0000] {logging_mixin.py:188} INFO - [2024-07-15T04:39:35.992+0000] {dagbag.py:545} INFO - Filling up the DagBag from /home/airflow/.local/lib/python3.12/site-packages/airflow/example_dags/example_xcomargs.py
[2024-07-15T04:39:36.020+0000] {processor.py:840} INFO - DAG(s) 'example_xcom_args', 'example_xcom_args_with_operators' retrieved from /home/airflow/.local/lib/python3.12/site-packages/airflow/example_dags/example_xcomargs.py
[2024-07-15T04:39:36.096+0000] {logging_mixin.py:188} INFO - [2024-07-15T04:39:36.096+0000] {dag.py:3096} INFO - Sync 2 DAGs
[2024-07-15T04:39:36.112+0000] {logging_mixin.py:188} INFO - [2024-07-15T04:39:36.112+0000] {dag.py:3954} INFO - Setting next_dagrun for example_xcom_args to None, run_after=None
[2024-07-15T04:39:36.116+0000] {logging_mixin.py:188} INFO - [2024-07-15T04:39:36.116+0000] {dag.py:3954} INFO - Setting next_dagrun for example_xcom_args_with_operators to None, run_after=None
[2024-07-15T04:39:36.141+0000] {processor.py:183} INFO - Processing /home/airflow/.local/lib/python3.12/site-packages/airflow/example_dags/example_xcomargs.py took 0.196 seconds
[2024-07-15T04:40:06.289+0000] {processor.py:161} INFO - Started process (PID=1818) to work on /home/airflow/.local/lib/python3.12/site-packages/airflow/example_dags/example_xcomargs.py
[2024-07-15T04:40:06.297+0000] {processor.py:830} INFO - Processing file /home/airflow/.local/lib/python3.12/site-packages/airflow/example_dags/example_xcomargs.py for tasks to queue
[2024-07-15T04:40:06.299+0000] {logging_mixin.py:188} INFO - [2024-07-15T04:40:06.298+0000] {dagbag.py:545} INFO - Filling up the DagBag from /home/airflow/.local/lib/python3.12/site-packages/airflow/example_dags/example_xcomargs.py
[2024-07-15T04:40:06.316+0000] {processor.py:840} INFO - DAG(s) 'example_xcom_args', 'example_xcom_args_with_operators' retrieved from /home/airflow/.local/lib/python3.12/site-packages/airflow/example_dags/example_xcomargs.py
[2024-07-15T04:40:06.421+0000] {logging_mixin.py:188} INFO - [2024-07-15T04:40:06.421+0000] {dag.py:3096} INFO - Sync 2 DAGs
[2024-07-15T04:40:06.457+0000] {logging_mixin.py:188} INFO - [2024-07-15T04:40:06.457+0000] {dag.py:3954} INFO - Setting next_dagrun for example_xcom_args to None, run_after=None
[2024-07-15T04:40:06.462+0000] {logging_mixin.py:188} INFO - [2024-07-15T04:40:06.462+0000] {dag.py:3954} INFO - Setting next_dagrun for example_xcom_args_with_operators to None, run_after=None
[2024-07-15T04:40:06.512+0000] {processor.py:183} INFO - Processing /home/airflow/.local/lib/python3.12/site-packages/airflow/example_dags/example_xcomargs.py took 0.261 seconds
[2024-07-15T04:40:37.427+0000] {processor.py:161} INFO - Started process (PID=1879) to work on /home/airflow/.local/lib/python3.12/site-packages/airflow/example_dags/example_xcomargs.py
[2024-07-15T04:40:37.436+0000] {processor.py:830} INFO - Processing file /home/airflow/.local/lib/python3.12/site-packages/airflow/example_dags/example_xcomargs.py for tasks to queue
[2024-07-15T04:40:37.438+0000] {logging_mixin.py:188} INFO - [2024-07-15T04:40:37.437+0000] {dagbag.py:545} INFO - Filling up the DagBag from /home/airflow/.local/lib/python3.12/site-packages/airflow/example_dags/example_xcomargs.py
[2024-07-15T04:40:37.446+0000] {processor.py:840} INFO - DAG(s) 'example_xcom_args_with_operators', 'example_xcom_args' retrieved from /home/airflow/.local/lib/python3.12/site-packages/airflow/example_dags/example_xcomargs.py
[2024-07-15T04:40:37.509+0000] {logging_mixin.py:188} INFO - [2024-07-15T04:40:37.509+0000] {dag.py:3096} INFO - Sync 2 DAGs
[2024-07-15T04:40:37.535+0000] {logging_mixin.py:188} INFO - [2024-07-15T04:40:37.534+0000] {dag.py:3954} INFO - Setting next_dagrun for example_xcom_args to None, run_after=None
[2024-07-15T04:40:37.539+0000] {logging_mixin.py:188} INFO - [2024-07-15T04:40:37.538+0000] {dag.py:3954} INFO - Setting next_dagrun for example_xcom_args_with_operators to None, run_after=None
[2024-07-15T04:40:37.598+0000] {processor.py:183} INFO - Processing /home/airflow/.local/lib/python3.12/site-packages/airflow/example_dags/example_xcomargs.py took 0.179 seconds
[2024-07-15T04:41:07.698+0000] {processor.py:161} INFO - Started process (PID=1940) to work on /home/airflow/.local/lib/python3.12/site-packages/airflow/example_dags/example_xcomargs.py
[2024-07-15T04:41:07.699+0000] {processor.py:830} INFO - Processing file /home/airflow/.local/lib/python3.12/site-packages/airflow/example_dags/example_xcomargs.py for tasks to queue
[2024-07-15T04:41:07.701+0000] {logging_mixin.py:188} INFO - [2024-07-15T04:41:07.701+0000] {dagbag.py:545} INFO - Filling up the DagBag from /home/airflow/.local/lib/python3.12/site-packages/airflow/example_dags/example_xcomargs.py
[2024-07-15T04:41:07.711+0000] {processor.py:840} INFO - DAG(s) 'example_xcom_args_with_operators', 'example_xcom_args' retrieved from /home/airflow/.local/lib/python3.12/site-packages/airflow/example_dags/example_xcomargs.py
[2024-07-15T04:41:07.738+0000] {logging_mixin.py:188} INFO - [2024-07-15T04:41:07.738+0000] {dag.py:3096} INFO - Sync 2 DAGs
[2024-07-15T04:41:07.754+0000] {logging_mixin.py:188} INFO - [2024-07-15T04:41:07.753+0000] {dag.py:3954} INFO - Setting next_dagrun for example_xcom_args to None, run_after=None
[2024-07-15T04:41:07.757+0000] {logging_mixin.py:188} INFO - [2024-07-15T04:41:07.757+0000] {dag.py:3954} INFO - Setting next_dagrun for example_xcom_args_with_operators to None, run_after=None
[2024-07-15T04:41:07.779+0000] {processor.py:183} INFO - Processing /home/airflow/.local/lib/python3.12/site-packages/airflow/example_dags/example_xcomargs.py took 0.087 seconds
[2024-07-15T04:41:37.997+0000] {processor.py:161} INFO - Started process (PID=2004) to work on /home/airflow/.local/lib/python3.12/site-packages/airflow/example_dags/example_xcomargs.py
[2024-07-15T04:41:37.998+0000] {processor.py:830} INFO - Processing file /home/airflow/.local/lib/python3.12/site-packages/airflow/example_dags/example_xcomargs.py for tasks to queue
[2024-07-15T04:41:38.001+0000] {logging_mixin.py:188} INFO - [2024-07-15T04:41:38.000+0000] {dagbag.py:545} INFO - Filling up the DagBag from /home/airflow/.local/lib/python3.12/site-packages/airflow/example_dags/example_xcomargs.py
[2024-07-15T04:41:38.010+0000] {processor.py:840} INFO - DAG(s) 'example_xcom_args', 'example_xcom_args_with_operators' retrieved from /home/airflow/.local/lib/python3.12/site-packages/airflow/example_dags/example_xcomargs.py
[2024-07-15T04:41:38.037+0000] {logging_mixin.py:188} INFO - [2024-07-15T04:41:38.036+0000] {dag.py:3096} INFO - Sync 2 DAGs
[2024-07-15T04:41:38.053+0000] {logging_mixin.py:188} INFO - [2024-07-15T04:41:38.053+0000] {dag.py:3954} INFO - Setting next_dagrun for example_xcom_args to None, run_after=None
[2024-07-15T04:41:38.056+0000] {logging_mixin.py:188} INFO - [2024-07-15T04:41:38.056+0000] {dag.py:3954} INFO - Setting next_dagrun for example_xcom_args_with_operators to None, run_after=None
[2024-07-15T04:41:38.078+0000] {processor.py:183} INFO - Processing /home/airflow/.local/lib/python3.12/site-packages/airflow/example_dags/example_xcomargs.py took 0.087 seconds
[2024-07-15T04:42:08.526+0000] {processor.py:161} INFO - Started process (PID=2067) to work on /home/airflow/.local/lib/python3.12/site-packages/airflow/example_dags/example_xcomargs.py
[2024-07-15T04:42:08.527+0000] {processor.py:830} INFO - Processing file /home/airflow/.local/lib/python3.12/site-packages/airflow/example_dags/example_xcomargs.py for tasks to queue
[2024-07-15T04:42:08.530+0000] {logging_mixin.py:188} INFO - [2024-07-15T04:42:08.530+0000] {dagbag.py:545} INFO - Filling up the DagBag from /home/airflow/.local/lib/python3.12/site-packages/airflow/example_dags/example_xcomargs.py
[2024-07-15T04:42:08.539+0000] {processor.py:840} INFO - DAG(s) 'example_xcom_args_with_operators', 'example_xcom_args' retrieved from /home/airflow/.local/lib/python3.12/site-packages/airflow/example_dags/example_xcomargs.py
[2024-07-15T04:42:08.566+0000] {logging_mixin.py:188} INFO - [2024-07-15T04:42:08.566+0000] {dag.py:3096} INFO - Sync 2 DAGs
[2024-07-15T04:42:08.582+0000] {logging_mixin.py:188} INFO - [2024-07-15T04:42:08.582+0000] {dag.py:3954} INFO - Setting next_dagrun for example_xcom_args to None, run_after=None
[2024-07-15T04:42:08.586+0000] {logging_mixin.py:188} INFO - [2024-07-15T04:42:08.586+0000] {dag.py:3954} INFO - Setting next_dagrun for example_xcom_args_with_operators to None, run_after=None
[2024-07-15T04:42:08.615+0000] {processor.py:183} INFO - Processing /home/airflow/.local/lib/python3.12/site-packages/airflow/example_dags/example_xcomargs.py took 0.096 seconds
[2024-07-15T04:42:39.134+0000] {processor.py:161} INFO - Started process (PID=2127) to work on /home/airflow/.local/lib/python3.12/site-packages/airflow/example_dags/example_xcomargs.py
[2024-07-15T04:42:39.140+0000] {processor.py:830} INFO - Processing file /home/airflow/.local/lib/python3.12/site-packages/airflow/example_dags/example_xcomargs.py for tasks to queue
[2024-07-15T04:42:39.142+0000] {logging_mixin.py:188} INFO - [2024-07-15T04:42:39.141+0000] {dagbag.py:545} INFO - Filling up the DagBag from /home/airflow/.local/lib/python3.12/site-packages/airflow/example_dags/example_xcomargs.py
[2024-07-15T04:42:39.151+0000] {processor.py:840} INFO - DAG(s) 'example_xcom_args', 'example_xcom_args_with_operators' retrieved from /home/airflow/.local/lib/python3.12/site-packages/airflow/example_dags/example_xcomargs.py
[2024-07-15T04:42:39.186+0000] {logging_mixin.py:188} INFO - [2024-07-15T04:42:39.186+0000] {dag.py:3096} INFO - Sync 2 DAGs
[2024-07-15T04:42:39.205+0000] {logging_mixin.py:188} INFO - [2024-07-15T04:42:39.205+0000] {dag.py:3954} INFO - Setting next_dagrun for example_xcom_args to None, run_after=None
[2024-07-15T04:42:39.210+0000] {logging_mixin.py:188} INFO - [2024-07-15T04:42:39.209+0000] {dag.py:3954} INFO - Setting next_dagrun for example_xcom_args_with_operators to None, run_after=None
[2024-07-15T04:42:39.249+0000] {processor.py:183} INFO - Processing /home/airflow/.local/lib/python3.12/site-packages/airflow/example_dags/example_xcomargs.py took 0.131 seconds
[2024-07-15T04:43:09.800+0000] {processor.py:161} INFO - Started process (PID=2187) to work on /home/airflow/.local/lib/python3.12/site-packages/airflow/example_dags/example_xcomargs.py
[2024-07-15T04:43:09.812+0000] {processor.py:830} INFO - Processing file /home/airflow/.local/lib/python3.12/site-packages/airflow/example_dags/example_xcomargs.py for tasks to queue
[2024-07-15T04:43:09.819+0000] {logging_mixin.py:188} INFO - [2024-07-15T04:43:09.814+0000] {dagbag.py:545} INFO - Filling up the DagBag from /home/airflow/.local/lib/python3.12/site-packages/airflow/example_dags/example_xcomargs.py
[2024-07-15T04:43:09.844+0000] {processor.py:840} INFO - DAG(s) 'example_xcom_args', 'example_xcom_args_with_operators' retrieved from /home/airflow/.local/lib/python3.12/site-packages/airflow/example_dags/example_xcomargs.py
[2024-07-15T04:43:09.904+0000] {logging_mixin.py:188} INFO - [2024-07-15T04:43:09.904+0000] {dag.py:3096} INFO - Sync 2 DAGs
[2024-07-15T04:43:09.932+0000] {logging_mixin.py:188} INFO - [2024-07-15T04:43:09.932+0000] {dag.py:3954} INFO - Setting next_dagrun for example_xcom_args to None, run_after=None
[2024-07-15T04:43:09.944+0000] {logging_mixin.py:188} INFO - [2024-07-15T04:43:09.944+0000] {dag.py:3954} INFO - Setting next_dagrun for example_xcom_args_with_operators to None, run_after=None
[2024-07-15T04:43:10.006+0000] {processor.py:183} INFO - Processing /home/airflow/.local/lib/python3.12/site-packages/airflow/example_dags/example_xcomargs.py took 0.220 seconds
[2024-07-15T04:43:40.382+0000] {processor.py:161} INFO - Started process (PID=2248) to work on /home/airflow/.local/lib/python3.12/site-packages/airflow/example_dags/example_xcomargs.py
[2024-07-15T04:43:40.393+0000] {processor.py:830} INFO - Processing file /home/airflow/.local/lib/python3.12/site-packages/airflow/example_dags/example_xcomargs.py for tasks to queue
[2024-07-15T04:43:40.394+0000] {logging_mixin.py:188} INFO - [2024-07-15T04:43:40.394+0000] {dagbag.py:545} INFO - Filling up the DagBag from /home/airflow/.local/lib/python3.12/site-packages/airflow/example_dags/example_xcomargs.py
[2024-07-15T04:43:40.415+0000] {processor.py:840} INFO - DAG(s) 'example_xcom_args', 'example_xcom_args_with_operators' retrieved from /home/airflow/.local/lib/python3.12/site-packages/airflow/example_dags/example_xcomargs.py
[2024-07-15T04:43:40.511+0000] {logging_mixin.py:188} INFO - [2024-07-15T04:43:40.511+0000] {dag.py:3096} INFO - Sync 2 DAGs
[2024-07-15T04:43:40.574+0000] {logging_mixin.py:188} INFO - [2024-07-15T04:43:40.574+0000] {dag.py:3954} INFO - Setting next_dagrun for example_xcom_args to None, run_after=None
[2024-07-15T04:43:40.605+0000] {logging_mixin.py:188} INFO - [2024-07-15T04:43:40.605+0000] {dag.py:3954} INFO - Setting next_dagrun for example_xcom_args_with_operators to None, run_after=None
[2024-07-15T04:43:40.739+0000] {processor.py:183} INFO - Processing /home/airflow/.local/lib/python3.12/site-packages/airflow/example_dags/example_xcomargs.py took 0.363 seconds
[2024-07-15T04:44:10.987+0000] {processor.py:161} INFO - Started process (PID=2311) to work on /home/airflow/.local/lib/python3.12/site-packages/airflow/example_dags/example_xcomargs.py
[2024-07-15T04:44:10.998+0000] {processor.py:830} INFO - Processing file /home/airflow/.local/lib/python3.12/site-packages/airflow/example_dags/example_xcomargs.py for tasks to queue
[2024-07-15T04:44:11.000+0000] {logging_mixin.py:188} INFO - [2024-07-15T04:44:11.000+0000] {dagbag.py:545} INFO - Filling up the DagBag from /home/airflow/.local/lib/python3.12/site-packages/airflow/example_dags/example_xcomargs.py
[2024-07-15T04:44:11.012+0000] {processor.py:840} INFO - DAG(s) 'example_xcom_args_with_operators', 'example_xcom_args' retrieved from /home/airflow/.local/lib/python3.12/site-packages/airflow/example_dags/example_xcomargs.py
[2024-07-15T04:44:11.082+0000] {logging_mixin.py:188} INFO - [2024-07-15T04:44:11.082+0000] {dag.py:3096} INFO - Sync 2 DAGs
[2024-07-15T04:44:11.105+0000] {logging_mixin.py:188} INFO - [2024-07-15T04:44:11.104+0000] {dag.py:3954} INFO - Setting next_dagrun for example_xcom_args to None, run_after=None
[2024-07-15T04:44:11.120+0000] {logging_mixin.py:188} INFO - [2024-07-15T04:44:11.120+0000] {dag.py:3954} INFO - Setting next_dagrun for example_xcom_args_with_operators to None, run_after=None
[2024-07-15T04:44:11.150+0000] {processor.py:183} INFO - Processing /home/airflow/.local/lib/python3.12/site-packages/airflow/example_dags/example_xcomargs.py took 0.169 seconds
[2024-07-15T04:44:41.962+0000] {processor.py:161} INFO - Started process (PID=2373) to work on /home/airflow/.local/lib/python3.12/site-packages/airflow/example_dags/example_xcomargs.py
[2024-07-15T04:44:41.963+0000] {processor.py:830} INFO - Processing file /home/airflow/.local/lib/python3.12/site-packages/airflow/example_dags/example_xcomargs.py for tasks to queue
[2024-07-15T04:44:41.965+0000] {logging_mixin.py:188} INFO - [2024-07-15T04:44:41.965+0000] {dagbag.py:545} INFO - Filling up the DagBag from /home/airflow/.local/lib/python3.12/site-packages/airflow/example_dags/example_xcomargs.py
[2024-07-15T04:44:41.975+0000] {processor.py:840} INFO - DAG(s) 'example_xcom_args', 'example_xcom_args_with_operators' retrieved from /home/airflow/.local/lib/python3.12/site-packages/airflow/example_dags/example_xcomargs.py
[2024-07-15T04:44:42.005+0000] {logging_mixin.py:188} INFO - [2024-07-15T04:44:42.005+0000] {dag.py:3096} INFO - Sync 2 DAGs
[2024-07-15T04:44:42.021+0000] {logging_mixin.py:188} INFO - [2024-07-15T04:44:42.020+0000] {dag.py:3954} INFO - Setting next_dagrun for example_xcom_args to None, run_after=None
[2024-07-15T04:44:42.024+0000] {logging_mixin.py:188} INFO - [2024-07-15T04:44:42.024+0000] {dag.py:3954} INFO - Setting next_dagrun for example_xcom_args_with_operators to None, run_after=None
[2024-07-15T04:44:42.051+0000] {processor.py:183} INFO - Processing /home/airflow/.local/lib/python3.12/site-packages/airflow/example_dags/example_xcomargs.py took 0.095 seconds
[2024-07-15T04:45:12.194+0000] {processor.py:161} INFO - Started process (PID=2434) to work on /home/airflow/.local/lib/python3.12/site-packages/airflow/example_dags/example_xcomargs.py
[2024-07-15T04:45:12.195+0000] {processor.py:830} INFO - Processing file /home/airflow/.local/lib/python3.12/site-packages/airflow/example_dags/example_xcomargs.py for tasks to queue
[2024-07-15T04:45:12.197+0000] {logging_mixin.py:188} INFO - [2024-07-15T04:45:12.196+0000] {dagbag.py:545} INFO - Filling up the DagBag from /home/airflow/.local/lib/python3.12/site-packages/airflow/example_dags/example_xcomargs.py
[2024-07-15T04:45:12.206+0000] {processor.py:840} INFO - DAG(s) 'example_xcom_args_with_operators', 'example_xcom_args' retrieved from /home/airflow/.local/lib/python3.12/site-packages/airflow/example_dags/example_xcomargs.py
[2024-07-15T04:45:12.233+0000] {logging_mixin.py:188} INFO - [2024-07-15T04:45:12.233+0000] {dag.py:3096} INFO - Sync 2 DAGs
[2024-07-15T04:45:12.271+0000] {logging_mixin.py:188} INFO - [2024-07-15T04:45:12.271+0000] {dag.py:3954} INFO - Setting next_dagrun for example_xcom_args to None, run_after=None
[2024-07-15T04:45:12.284+0000] {logging_mixin.py:188} INFO - [2024-07-15T04:45:12.284+0000] {dag.py:3954} INFO - Setting next_dagrun for example_xcom_args_with_operators to None, run_after=None
[2024-07-15T04:45:12.304+0000] {processor.py:183} INFO - Processing /home/airflow/.local/lib/python3.12/site-packages/airflow/example_dags/example_xcomargs.py took 0.117 seconds
[2024-07-15T04:45:42.390+0000] {processor.py:161} INFO - Started process (PID=2495) to work on /home/airflow/.local/lib/python3.12/site-packages/airflow/example_dags/example_xcomargs.py
[2024-07-15T04:45:42.393+0000] {processor.py:830} INFO - Processing file /home/airflow/.local/lib/python3.12/site-packages/airflow/example_dags/example_xcomargs.py for tasks to queue
[2024-07-15T04:45:42.395+0000] {logging_mixin.py:188} INFO - [2024-07-15T04:45:42.395+0000] {dagbag.py:545} INFO - Filling up the DagBag from /home/airflow/.local/lib/python3.12/site-packages/airflow/example_dags/example_xcomargs.py
[2024-07-15T04:45:42.406+0000] {processor.py:840} INFO - DAG(s) 'example_xcom_args_with_operators', 'example_xcom_args' retrieved from /home/airflow/.local/lib/python3.12/site-packages/airflow/example_dags/example_xcomargs.py
[2024-07-15T04:45:42.448+0000] {logging_mixin.py:188} INFO - [2024-07-15T04:45:42.448+0000] {dag.py:3096} INFO - Sync 2 DAGs
[2024-07-15T04:45:42.465+0000] {logging_mixin.py:188} INFO - [2024-07-15T04:45:42.465+0000] {dag.py:3954} INFO - Setting next_dagrun for example_xcom_args to None, run_after=None
[2024-07-15T04:45:42.468+0000] {logging_mixin.py:188} INFO - [2024-07-15T04:45:42.468+0000] {dag.py:3954} INFO - Setting next_dagrun for example_xcom_args_with_operators to None, run_after=None
[2024-07-15T04:45:42.488+0000] {processor.py:183} INFO - Processing /home/airflow/.local/lib/python3.12/site-packages/airflow/example_dags/example_xcomargs.py took 0.108 seconds
[2024-07-15T04:46:12.767+0000] {processor.py:161} INFO - Started process (PID=2556) to work on /home/airflow/.local/lib/python3.12/site-packages/airflow/example_dags/example_xcomargs.py
[2024-07-15T04:46:12.767+0000] {processor.py:830} INFO - Processing file /home/airflow/.local/lib/python3.12/site-packages/airflow/example_dags/example_xcomargs.py for tasks to queue
[2024-07-15T04:46:12.769+0000] {logging_mixin.py:188} INFO - [2024-07-15T04:46:12.769+0000] {dagbag.py:545} INFO - Filling up the DagBag from /home/airflow/.local/lib/python3.12/site-packages/airflow/example_dags/example_xcomargs.py
[2024-07-15T04:46:12.778+0000] {processor.py:840} INFO - DAG(s) 'example_xcom_args_with_operators', 'example_xcom_args' retrieved from /home/airflow/.local/lib/python3.12/site-packages/airflow/example_dags/example_xcomargs.py
[2024-07-15T04:46:12.805+0000] {logging_mixin.py:188} INFO - [2024-07-15T04:46:12.805+0000] {dag.py:3096} INFO - Sync 2 DAGs
[2024-07-15T04:46:12.821+0000] {logging_mixin.py:188} INFO - [2024-07-15T04:46:12.821+0000] {dag.py:3954} INFO - Setting next_dagrun for example_xcom_args to None, run_after=None
[2024-07-15T04:46:12.825+0000] {logging_mixin.py:188} INFO - [2024-07-15T04:46:12.825+0000] {dag.py:3954} INFO - Setting next_dagrun for example_xcom_args_with_operators to None, run_after=None
[2024-07-15T04:46:12.853+0000] {processor.py:183} INFO - Processing /home/airflow/.local/lib/python3.12/site-packages/airflow/example_dags/example_xcomargs.py took 0.092 seconds
[2024-07-15T04:46:43.017+0000] {processor.py:161} INFO - Started process (PID=2618) to work on /home/airflow/.local/lib/python3.12/site-packages/airflow/example_dags/example_xcomargs.py
[2024-07-15T04:46:43.018+0000] {processor.py:830} INFO - Processing file /home/airflow/.local/lib/python3.12/site-packages/airflow/example_dags/example_xcomargs.py for tasks to queue
[2024-07-15T04:46:43.019+0000] {logging_mixin.py:188} INFO - [2024-07-15T04:46:43.019+0000] {dagbag.py:545} INFO - Filling up the DagBag from /home/airflow/.local/lib/python3.12/site-packages/airflow/example_dags/example_xcomargs.py
[2024-07-15T04:46:43.029+0000] {processor.py:840} INFO - DAG(s) 'example_xcom_args', 'example_xcom_args_with_operators' retrieved from /home/airflow/.local/lib/python3.12/site-packages/airflow/example_dags/example_xcomargs.py
[2024-07-15T04:46:43.057+0000] {logging_mixin.py:188} INFO - [2024-07-15T04:46:43.057+0000] {dag.py:3096} INFO - Sync 2 DAGs
[2024-07-15T04:46:43.075+0000] {logging_mixin.py:188} INFO - [2024-07-15T04:46:43.075+0000] {dag.py:3954} INFO - Setting next_dagrun for example_xcom_args to None, run_after=None
[2024-07-15T04:46:43.078+0000] {logging_mixin.py:188} INFO - [2024-07-15T04:46:43.078+0000] {dag.py:3954} INFO - Setting next_dagrun for example_xcom_args_with_operators to None, run_after=None
[2024-07-15T04:46:43.098+0000] {processor.py:183} INFO - Processing /home/airflow/.local/lib/python3.12/site-packages/airflow/example_dags/example_xcomargs.py took 0.087 seconds
[2024-07-15T04:47:13.541+0000] {processor.py:161} INFO - Started process (PID=2679) to work on /home/airflow/.local/lib/python3.12/site-packages/airflow/example_dags/example_xcomargs.py
[2024-07-15T04:47:13.542+0000] {processor.py:830} INFO - Processing file /home/airflow/.local/lib/python3.12/site-packages/airflow/example_dags/example_xcomargs.py for tasks to queue
[2024-07-15T04:47:13.543+0000] {logging_mixin.py:188} INFO - [2024-07-15T04:47:13.543+0000] {dagbag.py:545} INFO - Filling up the DagBag from /home/airflow/.local/lib/python3.12/site-packages/airflow/example_dags/example_xcomargs.py
[2024-07-15T04:47:13.553+0000] {processor.py:840} INFO - DAG(s) 'example_xcom_args_with_operators', 'example_xcom_args' retrieved from /home/airflow/.local/lib/python3.12/site-packages/airflow/example_dags/example_xcomargs.py
[2024-07-15T04:47:13.580+0000] {logging_mixin.py:188} INFO - [2024-07-15T04:47:13.580+0000] {dag.py:3096} INFO - Sync 2 DAGs
[2024-07-15T04:47:13.597+0000] {logging_mixin.py:188} INFO - [2024-07-15T04:47:13.596+0000] {dag.py:3954} INFO - Setting next_dagrun for example_xcom_args to None, run_after=None
[2024-07-15T04:47:13.601+0000] {logging_mixin.py:188} INFO - [2024-07-15T04:47:13.600+0000] {dag.py:3954} INFO - Setting next_dagrun for example_xcom_args_with_operators to None, run_after=None
[2024-07-15T04:47:13.621+0000] {processor.py:183} INFO - Processing /home/airflow/.local/lib/python3.12/site-packages/airflow/example_dags/example_xcomargs.py took 0.087 seconds
[2024-07-15T04:47:44.104+0000] {processor.py:161} INFO - Started process (PID=2741) to work on /home/airflow/.local/lib/python3.12/site-packages/airflow/example_dags/example_xcomargs.py
[2024-07-15T04:47:44.105+0000] {processor.py:830} INFO - Processing file /home/airflow/.local/lib/python3.12/site-packages/airflow/example_dags/example_xcomargs.py for tasks to queue
[2024-07-15T04:47:44.107+0000] {logging_mixin.py:188} INFO - [2024-07-15T04:47:44.107+0000] {dagbag.py:545} INFO - Filling up the DagBag from /home/airflow/.local/lib/python3.12/site-packages/airflow/example_dags/example_xcomargs.py
[2024-07-15T04:47:44.128+0000] {processor.py:840} INFO - DAG(s) 'example_xcom_args_with_operators', 'example_xcom_args' retrieved from /home/airflow/.local/lib/python3.12/site-packages/airflow/example_dags/example_xcomargs.py
[2024-07-15T04:47:44.177+0000] {logging_mixin.py:188} INFO - [2024-07-15T04:47:44.176+0000] {dag.py:3096} INFO - Sync 2 DAGs
[2024-07-15T04:47:44.211+0000] {logging_mixin.py:188} INFO - [2024-07-15T04:47:44.211+0000] {dag.py:3954} INFO - Setting next_dagrun for example_xcom_args to None, run_after=None
[2024-07-15T04:47:44.221+0000] {logging_mixin.py:188} INFO - [2024-07-15T04:47:44.221+0000] {dag.py:3954} INFO - Setting next_dagrun for example_xcom_args_with_operators to None, run_after=None
[2024-07-15T04:47:44.268+0000] {processor.py:183} INFO - Processing /home/airflow/.local/lib/python3.12/site-packages/airflow/example_dags/example_xcomargs.py took 0.181 seconds
[2024-07-15T04:48:14.570+0000] {processor.py:161} INFO - Started process (PID=2802) to work on /home/airflow/.local/lib/python3.12/site-packages/airflow/example_dags/example_xcomargs.py
[2024-07-15T04:48:14.571+0000] {processor.py:830} INFO - Processing file /home/airflow/.local/lib/python3.12/site-packages/airflow/example_dags/example_xcomargs.py for tasks to queue
[2024-07-15T04:48:14.573+0000] {logging_mixin.py:188} INFO - [2024-07-15T04:48:14.573+0000] {dagbag.py:545} INFO - Filling up the DagBag from /home/airflow/.local/lib/python3.12/site-packages/airflow/example_dags/example_xcomargs.py
[2024-07-15T04:48:14.582+0000] {processor.py:840} INFO - DAG(s) 'example_xcom_args_with_operators', 'example_xcom_args' retrieved from /home/airflow/.local/lib/python3.12/site-packages/airflow/example_dags/example_xcomargs.py
[2024-07-15T04:48:14.612+0000] {logging_mixin.py:188} INFO - [2024-07-15T04:48:14.612+0000] {dag.py:3096} INFO - Sync 2 DAGs
[2024-07-15T04:48:14.628+0000] {logging_mixin.py:188} INFO - [2024-07-15T04:48:14.628+0000] {dag.py:3954} INFO - Setting next_dagrun for example_xcom_args to None, run_after=None
[2024-07-15T04:48:14.633+0000] {logging_mixin.py:188} INFO - [2024-07-15T04:48:14.633+0000] {dag.py:3954} INFO - Setting next_dagrun for example_xcom_args_with_operators to None, run_after=None
[2024-07-15T04:48:14.655+0000] {processor.py:183} INFO - Processing /home/airflow/.local/lib/python3.12/site-packages/airflow/example_dags/example_xcomargs.py took 0.091 seconds
[2024-07-15T04:48:45.444+0000] {processor.py:161} INFO - Started process (PID=2864) to work on /home/airflow/.local/lib/python3.12/site-packages/airflow/example_dags/example_xcomargs.py
[2024-07-15T04:48:45.445+0000] {processor.py:830} INFO - Processing file /home/airflow/.local/lib/python3.12/site-packages/airflow/example_dags/example_xcomargs.py for tasks to queue
[2024-07-15T04:48:45.447+0000] {logging_mixin.py:188} INFO - [2024-07-15T04:48:45.447+0000] {dagbag.py:545} INFO - Filling up the DagBag from /home/airflow/.local/lib/python3.12/site-packages/airflow/example_dags/example_xcomargs.py
[2024-07-15T04:48:45.456+0000] {processor.py:840} INFO - DAG(s) 'example_xcom_args_with_operators', 'example_xcom_args' retrieved from /home/airflow/.local/lib/python3.12/site-packages/airflow/example_dags/example_xcomargs.py
[2024-07-15T04:48:45.486+0000] {logging_mixin.py:188} INFO - [2024-07-15T04:48:45.486+0000] {dag.py:3096} INFO - Sync 2 DAGs
[2024-07-15T04:48:45.501+0000] {logging_mixin.py:188} INFO - [2024-07-15T04:48:45.501+0000] {dag.py:3954} INFO - Setting next_dagrun for example_xcom_args to None, run_after=None
[2024-07-15T04:48:45.504+0000] {logging_mixin.py:188} INFO - [2024-07-15T04:48:45.504+0000] {dag.py:3954} INFO - Setting next_dagrun for example_xcom_args_with_operators to None, run_after=None
[2024-07-15T04:48:45.527+0000] {processor.py:183} INFO - Processing /home/airflow/.local/lib/python3.12/site-packages/airflow/example_dags/example_xcomargs.py took 0.089 seconds
[2024-07-15T04:49:15.969+0000] {processor.py:161} INFO - Started process (PID=2925) to work on /home/airflow/.local/lib/python3.12/site-packages/airflow/example_dags/example_xcomargs.py
[2024-07-15T04:49:15.970+0000] {processor.py:830} INFO - Processing file /home/airflow/.local/lib/python3.12/site-packages/airflow/example_dags/example_xcomargs.py for tasks to queue
[2024-07-15T04:49:15.974+0000] {logging_mixin.py:188} INFO - [2024-07-15T04:49:15.971+0000] {dagbag.py:545} INFO - Filling up the DagBag from /home/airflow/.local/lib/python3.12/site-packages/airflow/example_dags/example_xcomargs.py
[2024-07-15T04:49:15.983+0000] {processor.py:840} INFO - DAG(s) 'example_xcom_args', 'example_xcom_args_with_operators' retrieved from /home/airflow/.local/lib/python3.12/site-packages/airflow/example_dags/example_xcomargs.py
[2024-07-15T04:49:16.026+0000] {logging_mixin.py:188} INFO - [2024-07-15T04:49:16.025+0000] {dag.py:3096} INFO - Sync 2 DAGs
[2024-07-15T04:49:16.048+0000] {logging_mixin.py:188} INFO - [2024-07-15T04:49:16.048+0000] {dag.py:3954} INFO - Setting next_dagrun for example_xcom_args to None, run_after=None
[2024-07-15T04:49:16.052+0000] {logging_mixin.py:188} INFO - [2024-07-15T04:49:16.052+0000] {dag.py:3954} INFO - Setting next_dagrun for example_xcom_args_with_operators to None, run_after=None
[2024-07-15T04:49:16.085+0000] {processor.py:183} INFO - Processing /home/airflow/.local/lib/python3.12/site-packages/airflow/example_dags/example_xcomargs.py took 0.131 seconds
[2024-07-15T04:49:46.693+0000] {processor.py:161} INFO - Started process (PID=2986) to work on /home/airflow/.local/lib/python3.12/site-packages/airflow/example_dags/example_xcomargs.py
[2024-07-15T04:49:46.700+0000] {processor.py:830} INFO - Processing file /home/airflow/.local/lib/python3.12/site-packages/airflow/example_dags/example_xcomargs.py for tasks to queue
[2024-07-15T04:49:46.702+0000] {logging_mixin.py:188} INFO - [2024-07-15T04:49:46.702+0000] {dagbag.py:545} INFO - Filling up the DagBag from /home/airflow/.local/lib/python3.12/site-packages/airflow/example_dags/example_xcomargs.py
[2024-07-15T04:49:46.717+0000] {processor.py:840} INFO - DAG(s) 'example_xcom_args', 'example_xcom_args_with_operators' retrieved from /home/airflow/.local/lib/python3.12/site-packages/airflow/example_dags/example_xcomargs.py
[2024-07-15T04:49:46.789+0000] {logging_mixin.py:188} INFO - [2024-07-15T04:49:46.788+0000] {dag.py:3096} INFO - Sync 2 DAGs
[2024-07-15T04:49:46.824+0000] {logging_mixin.py:188} INFO - [2024-07-15T04:49:46.824+0000] {dag.py:3954} INFO - Setting next_dagrun for example_xcom_args to None, run_after=None
[2024-07-15T04:49:46.829+0000] {logging_mixin.py:188} INFO - [2024-07-15T04:49:46.828+0000] {dag.py:3954} INFO - Setting next_dagrun for example_xcom_args_with_operators to None, run_after=None
[2024-07-15T04:49:46.851+0000] {processor.py:183} INFO - Processing /home/airflow/.local/lib/python3.12/site-packages/airflow/example_dags/example_xcomargs.py took 0.168 seconds
[2024-07-15T04:50:17.744+0000] {processor.py:161} INFO - Started process (PID=3048) to work on /home/airflow/.local/lib/python3.12/site-packages/airflow/example_dags/example_xcomargs.py
[2024-07-15T04:50:17.745+0000] {processor.py:830} INFO - Processing file /home/airflow/.local/lib/python3.12/site-packages/airflow/example_dags/example_xcomargs.py for tasks to queue
[2024-07-15T04:50:17.747+0000] {logging_mixin.py:188} INFO - [2024-07-15T04:50:17.747+0000] {dagbag.py:545} INFO - Filling up the DagBag from /home/airflow/.local/lib/python3.12/site-packages/airflow/example_dags/example_xcomargs.py
[2024-07-15T04:50:17.756+0000] {processor.py:840} INFO - DAG(s) 'example_xcom_args', 'example_xcom_args_with_operators' retrieved from /home/airflow/.local/lib/python3.12/site-packages/airflow/example_dags/example_xcomargs.py
[2024-07-15T04:50:17.793+0000] {logging_mixin.py:188} INFO - [2024-07-15T04:50:17.793+0000] {dag.py:3096} INFO - Sync 2 DAGs
[2024-07-15T04:50:17.806+0000] {logging_mixin.py:188} INFO - [2024-07-15T04:50:17.806+0000] {dag.py:3954} INFO - Setting next_dagrun for example_xcom_args to None, run_after=None
[2024-07-15T04:50:17.810+0000] {logging_mixin.py:188} INFO - [2024-07-15T04:50:17.810+0000] {dag.py:3954} INFO - Setting next_dagrun for example_xcom_args_with_operators to None, run_after=None
[2024-07-15T04:50:17.831+0000] {processor.py:183} INFO - Processing /home/airflow/.local/lib/python3.12/site-packages/airflow/example_dags/example_xcomargs.py took 0.094 seconds
[2024-07-15T04:50:48.238+0000] {processor.py:161} INFO - Started process (PID=3111) to work on /home/airflow/.local/lib/python3.12/site-packages/airflow/example_dags/example_xcomargs.py
[2024-07-15T04:50:48.239+0000] {processor.py:830} INFO - Processing file /home/airflow/.local/lib/python3.12/site-packages/airflow/example_dags/example_xcomargs.py for tasks to queue
[2024-07-15T04:50:48.241+0000] {logging_mixin.py:188} INFO - [2024-07-15T04:50:48.240+0000] {dagbag.py:545} INFO - Filling up the DagBag from /home/airflow/.local/lib/python3.12/site-packages/airflow/example_dags/example_xcomargs.py
[2024-07-15T04:50:48.250+0000] {processor.py:840} INFO - DAG(s) 'example_xcom_args_with_operators', 'example_xcom_args' retrieved from /home/airflow/.local/lib/python3.12/site-packages/airflow/example_dags/example_xcomargs.py
[2024-07-15T04:50:48.277+0000] {logging_mixin.py:188} INFO - [2024-07-15T04:50:48.277+0000] {dag.py:3096} INFO - Sync 2 DAGs
[2024-07-15T04:50:48.296+0000] {logging_mixin.py:188} INFO - [2024-07-15T04:50:48.296+0000] {dag.py:3954} INFO - Setting next_dagrun for example_xcom_args to None, run_after=None
[2024-07-15T04:50:48.300+0000] {logging_mixin.py:188} INFO - [2024-07-15T04:50:48.300+0000] {dag.py:3954} INFO - Setting next_dagrun for example_xcom_args_with_operators to None, run_after=None
[2024-07-15T04:50:48.322+0000] {processor.py:183} INFO - Processing /home/airflow/.local/lib/python3.12/site-packages/airflow/example_dags/example_xcomargs.py took 0.091 seconds
[2024-07-15T04:51:18.683+0000] {processor.py:161} INFO - Started process (PID=3173) to work on /home/airflow/.local/lib/python3.12/site-packages/airflow/example_dags/example_xcomargs.py
[2024-07-15T04:51:18.684+0000] {processor.py:830} INFO - Processing file /home/airflow/.local/lib/python3.12/site-packages/airflow/example_dags/example_xcomargs.py for tasks to queue
[2024-07-15T04:51:18.686+0000] {logging_mixin.py:188} INFO - [2024-07-15T04:51:18.686+0000] {dagbag.py:545} INFO - Filling up the DagBag from /home/airflow/.local/lib/python3.12/site-packages/airflow/example_dags/example_xcomargs.py
[2024-07-15T04:51:18.695+0000] {processor.py:840} INFO - DAG(s) 'example_xcom_args', 'example_xcom_args_with_operators' retrieved from /home/airflow/.local/lib/python3.12/site-packages/airflow/example_dags/example_xcomargs.py
[2024-07-15T04:51:18.722+0000] {logging_mixin.py:188} INFO - [2024-07-15T04:51:18.721+0000] {dag.py:3096} INFO - Sync 2 DAGs
[2024-07-15T04:51:18.738+0000] {logging_mixin.py:188} INFO - [2024-07-15T04:51:18.738+0000] {dag.py:3954} INFO - Setting next_dagrun for example_xcom_args to None, run_after=None
[2024-07-15T04:51:18.742+0000] {logging_mixin.py:188} INFO - [2024-07-15T04:51:18.742+0000] {dag.py:3954} INFO - Setting next_dagrun for example_xcom_args_with_operators to None, run_after=None
[2024-07-15T04:51:18.778+0000] {processor.py:183} INFO - Processing /home/airflow/.local/lib/python3.12/site-packages/airflow/example_dags/example_xcomargs.py took 0.102 seconds
[2024-07-15T04:52:59.181+0000] {processor.py:161} INFO - Started process (PID=36) to work on /home/airflow/.local/lib/python3.12/site-packages/airflow/example_dags/example_xcomargs.py
[2024-07-15T04:52:59.184+0000] {processor.py:830} INFO - Processing file /home/airflow/.local/lib/python3.12/site-packages/airflow/example_dags/example_xcomargs.py for tasks to queue
[2024-07-15T04:52:59.188+0000] {logging_mixin.py:188} INFO - [2024-07-15T04:52:59.188+0000] {dagbag.py:545} INFO - Filling up the DagBag from /home/airflow/.local/lib/python3.12/site-packages/airflow/example_dags/example_xcomargs.py
[2024-07-15T04:52:59.223+0000] {processor.py:840} INFO - DAG(s) 'example_xcom_args', 'example_xcom_args_with_operators' retrieved from /home/airflow/.local/lib/python3.12/site-packages/airflow/example_dags/example_xcomargs.py
[2024-07-15T04:53:00.101+0000] {logging_mixin.py:188} INFO - [2024-07-15T04:53:00.101+0000] {dag.py:3096} INFO - Sync 2 DAGs
[2024-07-15T04:53:00.264+0000] {logging_mixin.py:188} INFO - [2024-07-15T04:53:00.264+0000] {dag.py:3954} INFO - Setting next_dagrun for example_xcom_args to None, run_after=None
[2024-07-15T04:53:00.276+0000] {logging_mixin.py:188} INFO - [2024-07-15T04:53:00.275+0000] {dag.py:3954} INFO - Setting next_dagrun for example_xcom_args_with_operators to None, run_after=None
[2024-07-15T04:53:00.365+0000] {processor.py:183} INFO - Processing /home/airflow/.local/lib/python3.12/site-packages/airflow/example_dags/example_xcomargs.py took 1.201 seconds
[2024-07-15T04:53:30.509+0000] {processor.py:161} INFO - Started process (PID=97) to work on /home/airflow/.local/lib/python3.12/site-packages/airflow/example_dags/example_xcomargs.py
[2024-07-15T04:53:30.510+0000] {processor.py:830} INFO - Processing file /home/airflow/.local/lib/python3.12/site-packages/airflow/example_dags/example_xcomargs.py for tasks to queue
[2024-07-15T04:53:30.512+0000] {logging_mixin.py:188} INFO - [2024-07-15T04:53:30.511+0000] {dagbag.py:545} INFO - Filling up the DagBag from /home/airflow/.local/lib/python3.12/site-packages/airflow/example_dags/example_xcomargs.py
[2024-07-15T04:53:30.590+0000] {processor.py:840} INFO - DAG(s) 'example_xcom_args_with_operators', 'example_xcom_args' retrieved from /home/airflow/.local/lib/python3.12/site-packages/airflow/example_dags/example_xcomargs.py
[2024-07-15T04:53:30.643+0000] {logging_mixin.py:188} INFO - [2024-07-15T04:53:30.643+0000] {dag.py:3096} INFO - Sync 2 DAGs
[2024-07-15T04:53:30.667+0000] {logging_mixin.py:188} INFO - [2024-07-15T04:53:30.667+0000] {dag.py:3954} INFO - Setting next_dagrun for example_xcom_args to None, run_after=None
[2024-07-15T04:53:30.671+0000] {logging_mixin.py:188} INFO - [2024-07-15T04:53:30.671+0000] {dag.py:3954} INFO - Setting next_dagrun for example_xcom_args_with_operators to None, run_after=None
[2024-07-15T04:53:30.707+0000] {processor.py:183} INFO - Processing /home/airflow/.local/lib/python3.12/site-packages/airflow/example_dags/example_xcomargs.py took 0.222 seconds
[2024-07-15T04:54:01.572+0000] {processor.py:161} INFO - Started process (PID=160) to work on /home/airflow/.local/lib/python3.12/site-packages/airflow/example_dags/example_xcomargs.py
[2024-07-15T04:54:01.573+0000] {processor.py:830} INFO - Processing file /home/airflow/.local/lib/python3.12/site-packages/airflow/example_dags/example_xcomargs.py for tasks to queue
[2024-07-15T04:54:01.575+0000] {logging_mixin.py:188} INFO - [2024-07-15T04:54:01.574+0000] {dagbag.py:545} INFO - Filling up the DagBag from /home/airflow/.local/lib/python3.12/site-packages/airflow/example_dags/example_xcomargs.py
[2024-07-15T04:54:01.584+0000] {processor.py:840} INFO - DAG(s) 'example_xcom_args_with_operators', 'example_xcom_args' retrieved from /home/airflow/.local/lib/python3.12/site-packages/airflow/example_dags/example_xcomargs.py
[2024-07-15T04:54:01.610+0000] {logging_mixin.py:188} INFO - [2024-07-15T04:54:01.610+0000] {dag.py:3096} INFO - Sync 2 DAGs
[2024-07-15T04:54:01.625+0000] {logging_mixin.py:188} INFO - [2024-07-15T04:54:01.625+0000] {dag.py:3954} INFO - Setting next_dagrun for example_xcom_args to None, run_after=None
[2024-07-15T04:54:01.628+0000] {logging_mixin.py:188} INFO - [2024-07-15T04:54:01.628+0000] {dag.py:3954} INFO - Setting next_dagrun for example_xcom_args_with_operators to None, run_after=None
[2024-07-15T04:54:01.650+0000] {processor.py:183} INFO - Processing /home/airflow/.local/lib/python3.12/site-packages/airflow/example_dags/example_xcomargs.py took 0.084 seconds
[2024-07-15T04:54:32.394+0000] {processor.py:161} INFO - Started process (PID=221) to work on /home/airflow/.local/lib/python3.12/site-packages/airflow/example_dags/example_xcomargs.py
[2024-07-15T04:54:32.396+0000] {processor.py:830} INFO - Processing file /home/airflow/.local/lib/python3.12/site-packages/airflow/example_dags/example_xcomargs.py for tasks to queue
[2024-07-15T04:54:32.400+0000] {logging_mixin.py:188} INFO - [2024-07-15T04:54:32.400+0000] {dagbag.py:545} INFO - Filling up the DagBag from /home/airflow/.local/lib/python3.12/site-packages/airflow/example_dags/example_xcomargs.py
[2024-07-15T04:54:32.421+0000] {processor.py:840} INFO - DAG(s) 'example_xcom_args', 'example_xcom_args_with_operators' retrieved from /home/airflow/.local/lib/python3.12/site-packages/airflow/example_dags/example_xcomargs.py
[2024-07-15T04:54:32.474+0000] {logging_mixin.py:188} INFO - [2024-07-15T04:54:32.474+0000] {dag.py:3096} INFO - Sync 2 DAGs
[2024-07-15T04:54:32.504+0000] {logging_mixin.py:188} INFO - [2024-07-15T04:54:32.504+0000] {dag.py:3954} INFO - Setting next_dagrun for example_xcom_args to None, run_after=None
[2024-07-15T04:54:32.511+0000] {logging_mixin.py:188} INFO - [2024-07-15T04:54:32.511+0000] {dag.py:3954} INFO - Setting next_dagrun for example_xcom_args_with_operators to None, run_after=None
[2024-07-15T04:54:32.557+0000] {processor.py:183} INFO - Processing /home/airflow/.local/lib/python3.12/site-packages/airflow/example_dags/example_xcomargs.py took 0.177 seconds
[2024-07-15T04:55:02.792+0000] {processor.py:161} INFO - Started process (PID=281) to work on /home/airflow/.local/lib/python3.12/site-packages/airflow/example_dags/example_xcomargs.py
[2024-07-15T04:55:02.801+0000] {processor.py:830} INFO - Processing file /home/airflow/.local/lib/python3.12/site-packages/airflow/example_dags/example_xcomargs.py for tasks to queue
[2024-07-15T04:55:02.803+0000] {logging_mixin.py:188} INFO - [2024-07-15T04:55:02.803+0000] {dagbag.py:545} INFO - Filling up the DagBag from /home/airflow/.local/lib/python3.12/site-packages/airflow/example_dags/example_xcomargs.py
[2024-07-15T04:55:02.843+0000] {processor.py:840} INFO - DAG(s) 'example_xcom_args_with_operators', 'example_xcom_args' retrieved from /home/airflow/.local/lib/python3.12/site-packages/airflow/example_dags/example_xcomargs.py
[2024-07-15T04:55:02.921+0000] {logging_mixin.py:188} INFO - [2024-07-15T04:55:02.920+0000] {dag.py:3096} INFO - Sync 2 DAGs
[2024-07-15T04:55:02.953+0000] {logging_mixin.py:188} INFO - [2024-07-15T04:55:02.953+0000] {dag.py:3954} INFO - Setting next_dagrun for example_xcom_args to None, run_after=None
[2024-07-15T04:55:02.964+0000] {logging_mixin.py:188} INFO - [2024-07-15T04:55:02.963+0000] {dag.py:3954} INFO - Setting next_dagrun for example_xcom_args_with_operators to None, run_after=None
[2024-07-15T04:55:03.006+0000] {processor.py:183} INFO - Processing /home/airflow/.local/lib/python3.12/site-packages/airflow/example_dags/example_xcomargs.py took 0.222 seconds
[2024-07-15T04:55:33.560+0000] {processor.py:161} INFO - Started process (PID=342) to work on /home/airflow/.local/lib/python3.12/site-packages/airflow/example_dags/example_xcomargs.py
[2024-07-15T04:55:33.573+0000] {processor.py:830} INFO - Processing file /home/airflow/.local/lib/python3.12/site-packages/airflow/example_dags/example_xcomargs.py for tasks to queue
[2024-07-15T04:55:33.575+0000] {logging_mixin.py:188} INFO - [2024-07-15T04:55:33.575+0000] {dagbag.py:545} INFO - Filling up the DagBag from /home/airflow/.local/lib/python3.12/site-packages/airflow/example_dags/example_xcomargs.py
[2024-07-15T04:55:33.653+0000] {processor.py:840} INFO - DAG(s) 'example_xcom_args_with_operators', 'example_xcom_args' retrieved from /home/airflow/.local/lib/python3.12/site-packages/airflow/example_dags/example_xcomargs.py
[2024-07-15T04:55:33.733+0000] {logging_mixin.py:188} INFO - [2024-07-15T04:55:33.733+0000] {dag.py:3096} INFO - Sync 2 DAGs
[2024-07-15T04:55:33.806+0000] {logging_mixin.py:188} INFO - [2024-07-15T04:55:33.806+0000] {dag.py:3954} INFO - Setting next_dagrun for example_xcom_args to None, run_after=None
[2024-07-15T04:55:33.811+0000] {logging_mixin.py:188} INFO - [2024-07-15T04:55:33.811+0000] {dag.py:3954} INFO - Setting next_dagrun for example_xcom_args_with_operators to None, run_after=None
[2024-07-15T04:55:33.851+0000] {processor.py:183} INFO - Processing /home/airflow/.local/lib/python3.12/site-packages/airflow/example_dags/example_xcomargs.py took 0.323 seconds
[2024-07-15T04:56:04.081+0000] {processor.py:161} INFO - Started process (PID=403) to work on /home/airflow/.local/lib/python3.12/site-packages/airflow/example_dags/example_xcomargs.py
[2024-07-15T04:56:04.084+0000] {processor.py:830} INFO - Processing file /home/airflow/.local/lib/python3.12/site-packages/airflow/example_dags/example_xcomargs.py for tasks to queue
[2024-07-15T04:56:04.093+0000] {logging_mixin.py:188} INFO - [2024-07-15T04:56:04.092+0000] {dagbag.py:545} INFO - Filling up the DagBag from /home/airflow/.local/lib/python3.12/site-packages/airflow/example_dags/example_xcomargs.py
[2024-07-15T04:56:04.121+0000] {processor.py:840} INFO - DAG(s) 'example_xcom_args_with_operators', 'example_xcom_args' retrieved from /home/airflow/.local/lib/python3.12/site-packages/airflow/example_dags/example_xcomargs.py
[2024-07-15T04:56:04.159+0000] {logging_mixin.py:188} INFO - [2024-07-15T04:56:04.155+0000] {dag.py:3096} INFO - Sync 2 DAGs
[2024-07-15T04:56:04.188+0000] {logging_mixin.py:188} INFO - [2024-07-15T04:56:04.188+0000] {dag.py:3954} INFO - Setting next_dagrun for example_xcom_args to None, run_after=None
[2024-07-15T04:56:04.193+0000] {logging_mixin.py:188} INFO - [2024-07-15T04:56:04.192+0000] {dag.py:3954} INFO - Setting next_dagrun for example_xcom_args_with_operators to None, run_after=None
[2024-07-15T04:56:04.238+0000] {processor.py:183} INFO - Processing /home/airflow/.local/lib/python3.12/site-packages/airflow/example_dags/example_xcomargs.py took 0.183 seconds
[2024-07-15T04:56:34.468+0000] {processor.py:161} INFO - Started process (PID=464) to work on /home/airflow/.local/lib/python3.12/site-packages/airflow/example_dags/example_xcomargs.py
[2024-07-15T04:56:34.484+0000] {processor.py:830} INFO - Processing file /home/airflow/.local/lib/python3.12/site-packages/airflow/example_dags/example_xcomargs.py for tasks to queue
[2024-07-15T04:56:34.502+0000] {logging_mixin.py:188} INFO - [2024-07-15T04:56:34.502+0000] {dagbag.py:545} INFO - Filling up the DagBag from /home/airflow/.local/lib/python3.12/site-packages/airflow/example_dags/example_xcomargs.py
[2024-07-15T04:56:34.546+0000] {processor.py:840} INFO - DAG(s) 'example_xcom_args', 'example_xcom_args_with_operators' retrieved from /home/airflow/.local/lib/python3.12/site-packages/airflow/example_dags/example_xcomargs.py
[2024-07-15T04:56:34.613+0000] {logging_mixin.py:188} INFO - [2024-07-15T04:56:34.612+0000] {dag.py:3096} INFO - Sync 2 DAGs
[2024-07-15T04:56:34.657+0000] {logging_mixin.py:188} INFO - [2024-07-15T04:56:34.657+0000] {dag.py:3954} INFO - Setting next_dagrun for example_xcom_args to None, run_after=None
[2024-07-15T04:56:34.668+0000] {logging_mixin.py:188} INFO - [2024-07-15T04:56:34.668+0000] {dag.py:3954} INFO - Setting next_dagrun for example_xcom_args_with_operators to None, run_after=None
[2024-07-15T04:56:34.697+0000] {processor.py:183} INFO - Processing /home/airflow/.local/lib/python3.12/site-packages/airflow/example_dags/example_xcomargs.py took 0.247 seconds
[2024-07-15T04:57:04.915+0000] {processor.py:161} INFO - Started process (PID=526) to work on /home/airflow/.local/lib/python3.12/site-packages/airflow/example_dags/example_xcomargs.py
[2024-07-15T04:57:04.916+0000] {processor.py:830} INFO - Processing file /home/airflow/.local/lib/python3.12/site-packages/airflow/example_dags/example_xcomargs.py for tasks to queue
[2024-07-15T04:57:04.918+0000] {logging_mixin.py:188} INFO - [2024-07-15T04:57:04.918+0000] {dagbag.py:545} INFO - Filling up the DagBag from /home/airflow/.local/lib/python3.12/site-packages/airflow/example_dags/example_xcomargs.py
[2024-07-15T04:57:04.941+0000] {processor.py:840} INFO - DAG(s) 'example_xcom_args', 'example_xcom_args_with_operators' retrieved from /home/airflow/.local/lib/python3.12/site-packages/airflow/example_dags/example_xcomargs.py
[2024-07-15T04:57:04.971+0000] {logging_mixin.py:188} INFO - [2024-07-15T04:57:04.971+0000] {dag.py:3096} INFO - Sync 2 DAGs
[2024-07-15T04:57:04.987+0000] {logging_mixin.py:188} INFO - [2024-07-15T04:57:04.987+0000] {dag.py:3954} INFO - Setting next_dagrun for example_xcom_args to None, run_after=None
[2024-07-15T04:57:04.991+0000] {logging_mixin.py:188} INFO - [2024-07-15T04:57:04.991+0000] {dag.py:3954} INFO - Setting next_dagrun for example_xcom_args_with_operators to None, run_after=None
[2024-07-15T04:57:05.012+0000] {processor.py:183} INFO - Processing /home/airflow/.local/lib/python3.12/site-packages/airflow/example_dags/example_xcomargs.py took 0.104 seconds
[2024-07-15T04:57:35.615+0000] {processor.py:161} INFO - Started process (PID=587) to work on /home/airflow/.local/lib/python3.12/site-packages/airflow/example_dags/example_xcomargs.py
[2024-07-15T04:57:35.616+0000] {processor.py:830} INFO - Processing file /home/airflow/.local/lib/python3.12/site-packages/airflow/example_dags/example_xcomargs.py for tasks to queue
[2024-07-15T04:57:35.625+0000] {logging_mixin.py:188} INFO - [2024-07-15T04:57:35.624+0000] {dagbag.py:545} INFO - Filling up the DagBag from /home/airflow/.local/lib/python3.12/site-packages/airflow/example_dags/example_xcomargs.py
[2024-07-15T04:57:35.638+0000] {processor.py:840} INFO - DAG(s) 'example_xcom_args_with_operators', 'example_xcom_args' retrieved from /home/airflow/.local/lib/python3.12/site-packages/airflow/example_dags/example_xcomargs.py
[2024-07-15T04:57:35.669+0000] {logging_mixin.py:188} INFO - [2024-07-15T04:57:35.669+0000] {dag.py:3096} INFO - Sync 2 DAGs
[2024-07-15T04:57:35.686+0000] {logging_mixin.py:188} INFO - [2024-07-15T04:57:35.685+0000] {dag.py:3954} INFO - Setting next_dagrun for example_xcom_args to None, run_after=None
[2024-07-15T04:57:35.690+0000] {logging_mixin.py:188} INFO - [2024-07-15T04:57:35.690+0000] {dag.py:3954} INFO - Setting next_dagrun for example_xcom_args_with_operators to None, run_after=None
[2024-07-15T04:57:35.713+0000] {processor.py:183} INFO - Processing /home/airflow/.local/lib/python3.12/site-packages/airflow/example_dags/example_xcomargs.py took 0.105 seconds
