[2024-07-14T10:17:32.942+0000] {local_task_job_runner.py:120} INFO - ::group::Pre task execution logs
[2024-07-14T10:17:33.216+0000] {taskinstance.py:2076} INFO - Dependencies all met for dep_context=non-requeueable deps ti=<TaskInstance: hello_airflow.task_hello scheduled__2024-05-24T00:00:00+00:00 [queued]>
[2024-07-14T10:17:33.293+0000] {taskinstance.py:2076} INFO - Dependencies all met for dep_context=requeueable deps ti=<TaskInstance: hello_airflow.task_hello scheduled__2024-05-24T00:00:00+00:00 [queued]>
[2024-07-14T10:17:33.300+0000] {taskinstance.py:2306} INFO - Starting attempt 1 of 2
[2024-07-14T10:17:33.472+0000] {taskinstance.py:2330} INFO - Executing <Task(PythonOperator): task_hello> on 2024-05-24 00:00:00+00:00
[2024-07-14T10:17:33.617+0000] {warnings.py:112} WARNING - /home/***/.local/lib/python3.12/site-packages/***/task/task_runner/standard_task_runner.py:61: DeprecationWarning: This process (pid=571) is multi-threaded, use of fork() may lead to deadlocks in the child.
  pid = os.fork()

[2024-07-14T10:17:33.641+0000] {standard_task_runner.py:63} INFO - Started process 609 to run task
[2024-07-14T10:17:33.616+0000] {standard_task_runner.py:90} INFO - Running: ['***', 'tasks', 'run', 'hello_***', 'task_hello', 'scheduled__2024-05-24T00:00:00+00:00', '--job-id', '155', '--raw', '--subdir', 'DAGS_FOLDER/test.py', '--cfg-path', '/tmp/tmpuwr8y3yx']
[2024-07-14T10:17:33.646+0000] {standard_task_runner.py:91} INFO - Job 155: Subtask task_hello
[2024-07-14T10:17:34.111+0000] {task_command.py:426} INFO - Running <TaskInstance: hello_airflow.task_hello scheduled__2024-05-24T00:00:00+00:00 [running]> on host 37d6808b0cee
[2024-07-14T10:17:35.407+0000] {taskinstance.py:2648} INFO - Exporting env vars: AIRFLOW_CTX_DAG_OWNER='***' AIRFLOW_CTX_DAG_ID='hello_***' AIRFLOW_CTX_TASK_ID='task_hello' AIRFLOW_CTX_EXECUTION_DATE='2024-05-24T00:00:00+00:00' AIRFLOW_CTX_TRY_NUMBER='1' AIRFLOW_CTX_DAG_RUN_ID='scheduled__2024-05-24T00:00:00+00:00'
[2024-07-14T10:17:35.409+0000] {taskinstance.py:430} INFO - ::endgroup::
[2024-07-14T10:17:35.409+0000] {logging_mixin.py:188} INFO - Hello, Airflow!
[2024-07-14T10:17:35.424+0000] {python.py:237} INFO - Done. Returned value was: None
[2024-07-14T10:17:35.426+0000] {taskinstance.py:441} INFO - ::group::Post task execution logs
[2024-07-14T10:17:35.489+0000] {taskinstance.py:1206} INFO - Marking task as SUCCESS. dag_id=hello_***, task_id=task_hello, run_id=scheduled__2024-05-24T00:00:00+00:00, execution_date=20240524T000000, start_date=20240714T101733, end_date=20240714T101735
[2024-07-14T10:17:35.719+0000] {local_task_job_runner.py:240} INFO - Task exited with return code 0
[2024-07-14T10:17:35.795+0000] {taskinstance.py:3503} INFO - 0 downstream tasks scheduled from follow-on schedule check
[2024-07-14T10:17:35.809+0000] {local_task_job_runner.py:222} INFO - ::endgroup::
