[2024-07-25T11:46:55.422+0000] {local_task_job_runner.py:120} INFO - ::group::Pre task execution logs
[2024-07-25T11:46:55.870+0000] {taskinstance.py:2076} INFO - Dependencies all met for dep_context=non-requeueable deps ti=<TaskInstance: etl_pipeline.ingest_xlsx scheduled__2024-07-22T00:00:00+00:00 [queued]>
[2024-07-25T11:46:56.017+0000] {taskinstance.py:2076} INFO - Dependencies all met for dep_context=requeueable deps ti=<TaskInstance: etl_pipeline.ingest_xlsx scheduled__2024-07-22T00:00:00+00:00 [queued]>
[2024-07-25T11:46:56.017+0000] {taskinstance.py:2306} INFO - Starting attempt 1 of 2
[2024-07-25T11:46:56.262+0000] {taskinstance.py:2330} INFO - Executing <Task(PythonOperator): ingest_xlsx> on 2024-07-22 00:00:00+00:00
[2024-07-25T11:46:56.324+0000] {standard_task_runner.py:90} INFO - Running: ['***', 'tasks', 'run', 'etl_pipeline', 'ingest_xlsx', 'scheduled__2024-07-22T00:00:00+00:00', '--job-id', '110', '--raw', '--subdir', 'DAGS_FOLDER/demo.py', '--cfg-path', '/tmp/tmpo6gu5mz1']
[2024-07-25T11:46:56.300+0000] {warnings.py:112} WARNING - /home/***/.local/lib/python3.12/site-packages/***/task/task_runner/standard_task_runner.py:62: DeprecationWarning: This process (pid=943) is multi-threaded, use of fork() may lead to deadlocks in the child.
  pid = os.fork()

[2024-07-25T11:46:56.329+0000] {standard_task_runner.py:64} INFO - Started process 1493 to run task
[2024-07-25T11:46:56.326+0000] {standard_task_runner.py:91} INFO - Job 110: Subtask ingest_xlsx
[2024-07-25T11:46:56.793+0000] {task_command.py:426} INFO - Running <TaskInstance: etl_pipeline.ingest_xlsx scheduled__2024-07-22T00:00:00+00:00 [running]> on host 1671a0defda5
[2024-07-25T11:46:58.115+0000] {taskinstance.py:2648} INFO - Exporting env vars: AIRFLOW_CTX_DAG_EMAIL='your_email@example.com' AIRFLOW_CTX_DAG_OWNER='***' AIRFLOW_CTX_DAG_ID='etl_pipeline' AIRFLOW_CTX_TASK_ID='ingest_xlsx' AIRFLOW_CTX_EXECUTION_DATE='2024-07-22T00:00:00+00:00' AIRFLOW_CTX_TRY_NUMBER='1' AIRFLOW_CTX_DAG_RUN_ID='scheduled__2024-07-22T00:00:00+00:00'
[2024-07-25T11:46:58.117+0000] {taskinstance.py:430} INFO - ::endgroup::
[2024-07-25T11:46:58.779+0000] {demo.py:23} INFO - XLSX Data Ingested
[2024-07-25T11:46:58.780+0000] {python.py:237} INFO - Done. Returned value was: None
[2024-07-25T11:46:58.781+0000] {taskinstance.py:441} INFO - ::group::Post task execution logs
[2024-07-25T11:46:58.870+0000] {taskinstance.py:1206} INFO - Marking task as SUCCESS. dag_id=etl_pipeline, task_id=ingest_xlsx, run_id=scheduled__2024-07-22T00:00:00+00:00, execution_date=20240722T000000, start_date=20240725T114655, end_date=20240725T114658
[2024-07-25T11:46:58.974+0000] {local_task_job_runner.py:243} INFO - Task exited with return code 0
[2024-07-25T11:46:59.184+0000] {taskinstance.py:3503} INFO - 0 downstream tasks scheduled from follow-on schedule check
[2024-07-25T11:46:59.211+0000] {local_task_job_runner.py:222} INFO - ::endgroup::
