[2024-07-14T10:14:44.744+0000] {local_task_job_runner.py:120} INFO - ::group::Pre task execution logs
[2024-07-14T10:14:44.921+0000] {taskinstance.py:2076} INFO - Dependencies all met for dep_context=non-requeueable deps ti=<TaskInstance: hello_airflow.task_hello scheduled__2024-03-16T00:00:00+00:00 [queued]>
[2024-07-14T10:14:45.053+0000] {taskinstance.py:2076} INFO - Dependencies all met for dep_context=requeueable deps ti=<TaskInstance: hello_airflow.task_hello scheduled__2024-03-16T00:00:00+00:00 [queued]>
[2024-07-14T10:14:45.077+0000] {taskinstance.py:2306} INFO - Starting attempt 1 of 2
[2024-07-14T10:14:45.214+0000] {taskinstance.py:2330} INFO - Executing <Task(PythonOperator): task_hello> on 2024-03-16 00:00:00+00:00
[2024-07-14T10:14:45.285+0000] {warnings.py:112} WARNING - /home/***/.local/lib/python3.12/site-packages/***/task/task_runner/standard_task_runner.py:61: DeprecationWarning: This process (pid=313) is multi-threaded, use of fork() may lead to deadlocks in the child.
  pid = os.fork()

[2024-07-14T10:14:45.288+0000] {standard_task_runner.py:63} INFO - Started process 352 to run task
[2024-07-14T10:14:45.279+0000] {standard_task_runner.py:90} INFO - Running: ['***', 'tasks', 'run', 'hello_***', 'task_hello', 'scheduled__2024-03-16T00:00:00+00:00', '--job-id', '86', '--raw', '--subdir', 'DAGS_FOLDER/test.py', '--cfg-path', '/tmp/tmpwqoh8bpx']
[2024-07-14T10:14:45.309+0000] {standard_task_runner.py:91} INFO - Job 86: Subtask task_hello
[2024-07-14T10:14:45.491+0000] {task_command.py:426} INFO - Running <TaskInstance: hello_airflow.task_hello scheduled__2024-03-16T00:00:00+00:00 [running]> on host 37d6808b0cee
[2024-07-14T10:14:46.361+0000] {taskinstance.py:2648} INFO - Exporting env vars: AIRFLOW_CTX_DAG_OWNER='***' AIRFLOW_CTX_DAG_ID='hello_***' AIRFLOW_CTX_TASK_ID='task_hello' AIRFLOW_CTX_EXECUTION_DATE='2024-03-16T00:00:00+00:00' AIRFLOW_CTX_TRY_NUMBER='1' AIRFLOW_CTX_DAG_RUN_ID='scheduled__2024-03-16T00:00:00+00:00'
[2024-07-14T10:14:46.364+0000] {taskinstance.py:430} INFO - ::endgroup::
[2024-07-14T10:14:46.365+0000] {logging_mixin.py:188} INFO - Hello, Airflow!
[2024-07-14T10:14:46.366+0000] {python.py:237} INFO - Done. Returned value was: None
[2024-07-14T10:14:46.377+0000] {taskinstance.py:441} INFO - ::group::Post task execution logs
[2024-07-14T10:14:46.435+0000] {taskinstance.py:1206} INFO - Marking task as SUCCESS. dag_id=hello_***, task_id=task_hello, run_id=scheduled__2024-03-16T00:00:00+00:00, execution_date=20240316T000000, start_date=20240714T101444, end_date=20240714T101446
[2024-07-14T10:14:46.539+0000] {local_task_job_runner.py:240} INFO - Task exited with return code 0
[2024-07-14T10:14:46.593+0000] {taskinstance.py:3503} INFO - 0 downstream tasks scheduled from follow-on schedule check
[2024-07-14T10:14:46.604+0000] {local_task_job_runner.py:222} INFO - ::endgroup::
