[2024-07-22T16:42:41.405+0000] {local_task_job_runner.py:120} INFO - ::group::Pre task execution logs
[2024-07-22T16:42:41.716+0000] {taskinstance.py:2076} INFO - Dependencies all met for dep_context=non-requeueable deps ti=<TaskInstance: example_complex.update_tag manual__2024-07-22T16:41:58.966161+00:00 [queued]>
[2024-07-22T16:42:41.865+0000] {taskinstance.py:2076} INFO - Dependencies all met for dep_context=requeueable deps ti=<TaskInstance: example_complex.update_tag manual__2024-07-22T16:41:58.966161+00:00 [queued]>
[2024-07-22T16:42:41.867+0000] {taskinstance.py:2306} INFO - Starting attempt 1 of 1
[2024-07-22T16:42:42.047+0000] {taskinstance.py:2330} INFO - Executing <Task(BashOperator): update_tag> on 2024-07-22 16:41:58.966161+00:00
[2024-07-22T16:42:42.098+0000] {warnings.py:112} WARNING - /home/***/.local/lib/python3.12/site-packages/***/task/task_runner/standard_task_runner.py:61: DeprecationWarning: This process (pid=193) is multi-threaded, use of fork() may lead to deadlocks in the child.
  pid = os.fork()

[2024-07-22T16:42:42.109+0000] {standard_task_runner.py:63} INFO - Started process 210 to run task
[2024-07-22T16:42:42.151+0000] {standard_task_runner.py:90} INFO - Running: ['***', 'tasks', 'run', 'example_complex', 'update_tag', 'manual__2024-07-22T16:41:58.966161+00:00', '--job-id', '32', '--raw', '--subdir', '/home/***/.local/lib/python3.12/site-packages/***/example_dags/example_complex.py', '--cfg-path', '/tmp/tmpi6k1wyou']
[2024-07-22T16:42:42.167+0000] {standard_task_runner.py:91} INFO - Job 32: Subtask update_tag
[2024-07-22T16:42:42.414+0000] {task_command.py:426} INFO - Running <TaskInstance: example_complex.update_tag manual__2024-07-22T16:41:58.966161+00:00 [running]> on host 1398923a395d
[2024-07-22T16:42:43.038+0000] {taskinstance.py:2648} INFO - Exporting env vars: AIRFLOW_CTX_DAG_OWNER='***' AIRFLOW_CTX_DAG_ID='example_complex' AIRFLOW_CTX_TASK_ID='update_tag' AIRFLOW_CTX_EXECUTION_DATE='2024-07-22T16:41:58.966161+00:00' AIRFLOW_CTX_TRY_NUMBER='1' AIRFLOW_CTX_DAG_RUN_ID='manual__2024-07-22T16:41:58.966161+00:00'
[2024-07-22T16:42:43.060+0000] {taskinstance.py:430} INFO - ::endgroup::
[2024-07-22T16:42:43.065+0000] {subprocess.py:63} INFO - Tmp dir root location: /tmp
[2024-07-22T16:42:43.068+0000] {subprocess.py:75} INFO - Running command: ['/usr/bin/bash', '-c', 'echo update_tag']
[2024-07-22T16:42:43.109+0000] {subprocess.py:86} INFO - Output:
[2024-07-22T16:42:43.116+0000] {subprocess.py:93} INFO - update_tag
[2024-07-22T16:42:43.118+0000] {subprocess.py:97} INFO - Command exited with return code 0
[2024-07-22T16:42:43.120+0000] {taskinstance.py:441} INFO - ::group::Post task execution logs
[2024-07-22T16:42:43.223+0000] {taskinstance.py:1206} INFO - Marking task as SUCCESS. dag_id=example_complex, task_id=update_tag, run_id=manual__2024-07-22T16:41:58.966161+00:00, execution_date=20240722T164158, start_date=20240722T164241, end_date=20240722T164243
[2024-07-22T16:42:43.330+0000] {local_task_job_runner.py:240} INFO - Task exited with return code 0
[2024-07-22T16:42:43.437+0000] {taskinstance.py:3503} INFO - 1 downstream tasks scheduled from follow-on schedule check
[2024-07-22T16:42:43.441+0000] {local_task_job_runner.py:222} INFO - ::endgroup::
