[2024-07-25T12:29:00.779+0000] {local_task_job_runner.py:120} INFO - ::group::Pre task execution logs
[2024-07-25T12:29:00.877+0000] {taskinstance.py:2076} INFO - Dependencies all met for dep_context=non-requeueable deps ti=<TaskInstance: etl_pipeline.write_to_disk scheduled__2024-07-22T00:00:00+00:00 [queued]>
[2024-07-25T12:29:00.932+0000] {taskinstance.py:2076} INFO - Dependencies all met for dep_context=requeueable deps ti=<TaskInstance: etl_pipeline.write_to_disk scheduled__2024-07-22T00:00:00+00:00 [queued]>
[2024-07-25T12:29:00.933+0000] {taskinstance.py:2306} INFO - Starting attempt 2 of 2
[2024-07-25T12:29:01.013+0000] {taskinstance.py:2330} INFO - Executing <Task(PythonOperator): write_to_disk> on 2024-07-22 00:00:00+00:00
[2024-07-25T12:29:01.033+0000] {warnings.py:112} WARNING - /home/***/.local/lib/python3.12/site-packages/***/task/task_runner/standard_task_runner.py:62: DeprecationWarning: This process (pid=1013) is multi-threaded, use of fork() may lead to deadlocks in the child.
  pid = os.fork()

[2024-07-25T12:29:01.044+0000] {standard_task_runner.py:64} INFO - Started process 1025 to run task
[2024-07-25T12:29:01.053+0000] {standard_task_runner.py:90} INFO - Running: ['***', 'tasks', 'run', 'etl_pipeline', 'write_to_disk', 'scheduled__2024-07-22T00:00:00+00:00', '--job-id', '127', '--raw', '--subdir', 'DAGS_FOLDER/demo.py', '--cfg-path', '/tmp/tmpnylb8ttf']
[2024-07-25T12:29:01.056+0000] {standard_task_runner.py:91} INFO - Job 127: Subtask write_to_disk
[2024-07-25T12:29:01.189+0000] {task_command.py:426} INFO - Running <TaskInstance: etl_pipeline.write_to_disk scheduled__2024-07-22T00:00:00+00:00 [running]> on host 1671a0defda5
[2024-07-25T12:29:01.597+0000] {taskinstance.py:2648} INFO - Exporting env vars: AIRFLOW_CTX_DAG_EMAIL='your_email@example.com' AIRFLOW_CTX_DAG_OWNER='***' AIRFLOW_CTX_DAG_ID='etl_pipeline' AIRFLOW_CTX_TASK_ID='write_to_disk' AIRFLOW_CTX_EXECUTION_DATE='2024-07-22T00:00:00+00:00' AIRFLOW_CTX_TRY_NUMBER='2' AIRFLOW_CTX_DAG_RUN_ID='scheduled__2024-07-22T00:00:00+00:00'
[2024-07-25T12:29:01.599+0000] {taskinstance.py:430} INFO - ::endgroup::
[2024-07-25T12:30:15.835+0000] {demo.py:65} INFO - Merged Data Written to Disk
[2024-07-25T12:30:16.539+0000] {python.py:237} INFO - Done. Returned value was: None
[2024-07-25T12:30:16.539+0000] {taskinstance.py:441} INFO - ::group::Post task execution logs
[2024-07-25T12:30:16.559+0000] {taskinstance.py:1206} INFO - Marking task as SUCCESS. dag_id=etl_pipeline, task_id=write_to_disk, run_id=scheduled__2024-07-22T00:00:00+00:00, execution_date=20240722T000000, start_date=20240725T122900, end_date=20240725T123016
[2024-07-25T12:30:16.631+0000] {local_task_job_runner.py:243} INFO - Task exited with return code 0
[2024-07-25T12:30:16.659+0000] {taskinstance.py:3503} INFO - 0 downstream tasks scheduled from follow-on schedule check
[2024-07-25T12:30:16.665+0000] {local_task_job_runner.py:222} INFO - ::endgroup::
