[2024-07-14T10:15:19.927+0000] {local_task_job_runner.py:120} INFO - ::group::Pre task execution logs
[2024-07-14T10:15:20.257+0000] {taskinstance.py:2076} INFO - Dependencies all met for dep_context=non-requeueable deps ti=<TaskInstance: hello_airflow.task_hello scheduled__2024-04-01T00:00:00+00:00 [queued]>
[2024-07-14T10:15:20.497+0000] {taskinstance.py:2076} INFO - Dependencies all met for dep_context=requeueable deps ti=<TaskInstance: hello_airflow.task_hello scheduled__2024-04-01T00:00:00+00:00 [queued]>
[2024-07-14T10:15:20.514+0000] {taskinstance.py:2306} INFO - Starting attempt 1 of 2
[2024-07-14T10:15:20.599+0000] {taskinstance.py:2330} INFO - Executing <Task(PythonOperator): task_hello> on 2024-04-01 00:00:00+00:00
[2024-07-14T10:15:20.818+0000] {warnings.py:112} WARNING - /home/***/.local/lib/python3.12/site-packages/***/task/task_runner/standard_task_runner.py:61: DeprecationWarning: This process (pid=368) is multi-threaded, use of fork() may lead to deadlocks in the child.
  pid = os.fork()

[2024-07-14T10:15:20.846+0000] {standard_task_runner.py:63} INFO - Started process 406 to run task
[2024-07-14T10:15:20.879+0000] {standard_task_runner.py:90} INFO - Running: ['***', 'tasks', 'run', 'hello_***', 'task_hello', 'scheduled__2024-04-01T00:00:00+00:00', '--job-id', '103', '--raw', '--subdir', 'DAGS_FOLDER/test.py', '--cfg-path', '/tmp/tmpu7d8uyp8']
[2024-07-14T10:15:20.901+0000] {standard_task_runner.py:91} INFO - Job 103: Subtask task_hello
[2024-07-14T10:15:21.212+0000] {task_command.py:426} INFO - Running <TaskInstance: hello_airflow.task_hello scheduled__2024-04-01T00:00:00+00:00 [running]> on host 37d6808b0cee
[2024-07-14T10:15:22.007+0000] {taskinstance.py:2648} INFO - Exporting env vars: AIRFLOW_CTX_DAG_OWNER='***' AIRFLOW_CTX_DAG_ID='hello_***' AIRFLOW_CTX_TASK_ID='task_hello' AIRFLOW_CTX_EXECUTION_DATE='2024-04-01T00:00:00+00:00' AIRFLOW_CTX_TRY_NUMBER='1' AIRFLOW_CTX_DAG_RUN_ID='scheduled__2024-04-01T00:00:00+00:00'
[2024-07-14T10:15:22.016+0000] {taskinstance.py:430} INFO - ::endgroup::
[2024-07-14T10:15:22.029+0000] {logging_mixin.py:188} INFO - Hello, Airflow!
[2024-07-14T10:15:22.029+0000] {python.py:237} INFO - Done. Returned value was: None
[2024-07-14T10:15:22.030+0000] {taskinstance.py:441} INFO - ::group::Post task execution logs
[2024-07-14T10:15:22.088+0000] {taskinstance.py:1206} INFO - Marking task as SUCCESS. dag_id=hello_***, task_id=task_hello, run_id=scheduled__2024-04-01T00:00:00+00:00, execution_date=20240401T000000, start_date=20240714T101520, end_date=20240714T101522
[2024-07-14T10:15:22.228+0000] {local_task_job_runner.py:240} INFO - Task exited with return code 0
[2024-07-14T10:15:22.270+0000] {taskinstance.py:3503} INFO - 0 downstream tasks scheduled from follow-on schedule check
[2024-07-14T10:15:22.278+0000] {local_task_job_runner.py:222} INFO - ::endgroup::
