[2024-07-25T11:47:12.668+0000] {local_task_job_runner.py:120} INFO - ::group::Pre task execution logs
[2024-07-25T11:47:12.754+0000] {taskinstance.py:2076} INFO - Dependencies all met for dep_context=non-requeueable deps ti=<TaskInstance: etl_pipeline.clean_data scheduled__2024-07-24T00:00:00+00:00 [queued]>
[2024-07-25T11:47:12.779+0000] {taskinstance.py:2076} INFO - Dependencies all met for dep_context=requeueable deps ti=<TaskInstance: etl_pipeline.clean_data scheduled__2024-07-24T00:00:00+00:00 [queued]>
[2024-07-25T11:47:12.780+0000] {taskinstance.py:2306} INFO - Starting attempt 1 of 2
[2024-07-25T11:47:12.823+0000] {taskinstance.py:2330} INFO - Executing <Task(PythonOperator): clean_data> on 2024-07-24 00:00:00+00:00
[2024-07-25T11:47:12.847+0000] {warnings.py:112} WARNING - /home/***/.local/lib/python3.12/site-packages/***/task/task_runner/standard_task_runner.py:62: DeprecationWarning: This process (pid=1505) is multi-threaded, use of fork() may lead to deadlocks in the child.
  pid = os.fork()

[2024-07-25T11:47:12.850+0000] {standard_task_runner.py:64} INFO - Started process 1558 to run task
[2024-07-25T11:47:12.863+0000] {standard_task_runner.py:90} INFO - Running: ['***', 'tasks', 'run', 'etl_pipeline', 'clean_data', 'scheduled__2024-07-24T00:00:00+00:00', '--job-id', '112', '--raw', '--subdir', 'DAGS_FOLDER/demo.py', '--cfg-path', '/tmp/tmp9rfx7ddb']
[2024-07-25T11:47:12.865+0000] {standard_task_runner.py:91} INFO - Job 112: Subtask clean_data
[2024-07-25T11:47:13.012+0000] {task_command.py:426} INFO - Running <TaskInstance: etl_pipeline.clean_data scheduled__2024-07-24T00:00:00+00:00 [running]> on host 1671a0defda5
[2024-07-25T11:47:13.720+0000] {taskinstance.py:2648} INFO - Exporting env vars: AIRFLOW_CTX_DAG_EMAIL='your_email@example.com' AIRFLOW_CTX_DAG_OWNER='***' AIRFLOW_CTX_DAG_ID='etl_pipeline' AIRFLOW_CTX_TASK_ID='clean_data' AIRFLOW_CTX_EXECUTION_DATE='2024-07-24T00:00:00+00:00' AIRFLOW_CTX_TRY_NUMBER='1' AIRFLOW_CTX_DAG_RUN_ID='scheduled__2024-07-24T00:00:00+00:00'
[2024-07-25T11:47:13.722+0000] {taskinstance.py:430} INFO - ::endgroup::
[2024-07-25T11:48:11.925+0000] {demo.py:52} INFO - Data Cleaned and Preprocessed
[2024-07-25T11:48:11.927+0000] {python.py:237} INFO - Done. Returned value was: None
[2024-07-25T11:48:11.927+0000] {taskinstance.py:441} INFO - ::group::Post task execution logs
[2024-07-25T11:48:11.940+0000] {taskinstance.py:1206} INFO - Marking task as SUCCESS. dag_id=etl_pipeline, task_id=clean_data, run_id=scheduled__2024-07-24T00:00:00+00:00, execution_date=20240724T000000, start_date=20240725T114712, end_date=20240725T114811
[2024-07-25T11:48:11.986+0000] {local_task_job_runner.py:243} INFO - Task exited with return code 0
[2024-07-25T11:48:12.021+0000] {taskinstance.py:3503} INFO - 1 downstream tasks scheduled from follow-on schedule check
[2024-07-25T11:48:12.023+0000] {local_task_job_runner.py:222} INFO - ::endgroup::
