[2024-07-15T04:37:51.716+0000] {local_task_job_runner.py:120} INFO - ::group::Pre task execution logs
[2024-07-15T04:37:51.762+0000] {taskinstance.py:2076} INFO - Dependencies all met for dep_context=non-requeueable deps ti=<TaskInstance: etl_pipeline.ingest_xlsx manual__2024-07-15T04:37:49.621349+00:00 [queued]>
[2024-07-15T04:37:51.770+0000] {taskinstance.py:2076} INFO - Dependencies all met for dep_context=requeueable deps ti=<TaskInstance: etl_pipeline.ingest_xlsx manual__2024-07-15T04:37:49.621349+00:00 [queued]>
[2024-07-15T04:37:51.770+0000] {taskinstance.py:2306} INFO - Starting attempt 1 of 2
[2024-07-15T04:37:51.795+0000] {taskinstance.py:2330} INFO - Executing <Task(PythonOperator): ingest_xlsx> on 2024-07-15 04:37:49.621349+00:00
[2024-07-15T04:37:51.816+0000] {warnings.py:112} WARNING - /home/***/.local/lib/python3.12/site-packages/***/task/task_runner/standard_task_runner.py:61: DeprecationWarning: This process (pid=223) is multi-threaded, use of fork() may lead to deadlocks in the child.
  pid = os.fork()

[2024-07-15T04:37:51.818+0000] {standard_task_runner.py:63} INFO - Started process 226 to run task
[2024-07-15T04:37:51.815+0000] {standard_task_runner.py:90} INFO - Running: ['***', 'tasks', 'run', 'etl_pipeline', 'ingest_xlsx', 'manual__2024-07-15T04:37:49.621349+00:00', '--job-id', '221', '--raw', '--subdir', 'DAGS_FOLDER/demo.py', '--cfg-path', '/tmp/tmpqlkukohn']
[2024-07-15T04:37:51.825+0000] {standard_task_runner.py:91} INFO - Job 221: Subtask ingest_xlsx
[2024-07-15T04:37:51.912+0000] {task_command.py:426} INFO - Running <TaskInstance: etl_pipeline.ingest_xlsx manual__2024-07-15T04:37:49.621349+00:00 [running]> on host 37d6808b0cee
[2024-07-15T04:37:52.029+0000] {taskinstance.py:2648} INFO - Exporting env vars: AIRFLOW_CTX_DAG_EMAIL='your_email@example.com' AIRFLOW_CTX_DAG_OWNER='***' AIRFLOW_CTX_DAG_ID='etl_pipeline' AIRFLOW_CTX_TASK_ID='ingest_xlsx' AIRFLOW_CTX_EXECUTION_DATE='2024-07-15T04:37:49.621349+00:00' AIRFLOW_CTX_TRY_NUMBER='1' AIRFLOW_CTX_DAG_RUN_ID='manual__2024-07-15T04:37:49.621349+00:00'
[2024-07-15T04:37:52.030+0000] {taskinstance.py:430} INFO - ::endgroup::
[2024-07-15T04:37:52.074+0000] {demo.py:23} INFO - XLSX Data Ingested
[2024-07-15T04:37:52.075+0000] {python.py:237} INFO - Done. Returned value was: None
[2024-07-15T04:37:52.075+0000] {taskinstance.py:441} INFO - ::group::Post task execution logs
[2024-07-15T04:37:52.085+0000] {taskinstance.py:1206} INFO - Marking task as SUCCESS. dag_id=etl_pipeline, task_id=ingest_xlsx, run_id=manual__2024-07-15T04:37:49.621349+00:00, execution_date=20240715T043749, start_date=20240715T043751, end_date=20240715T043752
[2024-07-15T04:37:52.161+0000] {local_task_job_runner.py:240} INFO - Task exited with return code 0
[2024-07-15T04:37:52.202+0000] {taskinstance.py:3503} INFO - 0 downstream tasks scheduled from follow-on schedule check
[2024-07-15T04:37:52.222+0000] {local_task_job_runner.py:222} INFO - ::endgroup::
