[2024-07-15T04:25:30.627+0000] {local_task_job_runner.py:120} INFO - ::group::Pre task execution logs
[2024-07-15T04:25:30.670+0000] {taskinstance.py:2076} INFO - Dependencies all met for dep_context=non-requeueable deps ti=<TaskInstance: etl_pipeline.ingest_csv scheduled__2024-07-14T00:00:00+00:00 [queued]>
[2024-07-15T04:25:30.682+0000] {taskinstance.py:2076} INFO - Dependencies all met for dep_context=requeueable deps ti=<TaskInstance: etl_pipeline.ingest_csv scheduled__2024-07-14T00:00:00+00:00 [queued]>
[2024-07-15T04:25:30.683+0000] {taskinstance.py:2306} INFO - Starting attempt 1 of 2
[2024-07-15T04:25:30.717+0000] {taskinstance.py:2330} INFO - Executing <Task(PythonOperator): ingest_csv> on 2024-07-14 00:00:00+00:00
[2024-07-15T04:25:30.736+0000] {warnings.py:112} WARNING - /home/***/.local/lib/python3.12/site-packages/***/task/task_runner/standard_task_runner.py:61: DeprecationWarning: This process (pid=50) is multi-threaded, use of fork() may lead to deadlocks in the child.
  pid = os.fork()

[2024-07-15T04:25:30.740+0000] {standard_task_runner.py:63} INFO - Started process 57 to run task
[2024-07-15T04:25:30.743+0000] {standard_task_runner.py:90} INFO - Running: ['***', 'tasks', 'run', 'etl_pipeline', 'ingest_csv', 'scheduled__2024-07-14T00:00:00+00:00', '--job-id', '216', '--raw', '--subdir', 'DAGS_FOLDER/demo.py', '--cfg-path', '/tmp/tmp06fegy3x']
[2024-07-15T04:25:30.744+0000] {standard_task_runner.py:91} INFO - Job 216: Subtask ingest_csv
[2024-07-15T04:25:30.835+0000] {task_command.py:426} INFO - Running <TaskInstance: etl_pipeline.ingest_csv scheduled__2024-07-14T00:00:00+00:00 [running]> on host 37d6808b0cee
[2024-07-15T04:25:31.017+0000] {taskinstance.py:2648} INFO - Exporting env vars: AIRFLOW_CTX_DAG_EMAIL='your_email@example.com' AIRFLOW_CTX_DAG_OWNER='***' AIRFLOW_CTX_DAG_ID='etl_pipeline' AIRFLOW_CTX_TASK_ID='ingest_csv' AIRFLOW_CTX_EXECUTION_DATE='2024-07-14T00:00:00+00:00' AIRFLOW_CTX_TRY_NUMBER='1' AIRFLOW_CTX_DAG_RUN_ID='scheduled__2024-07-14T00:00:00+00:00'
[2024-07-15T04:25:31.018+0000] {taskinstance.py:430} INFO - ::endgroup::
[2024-07-15T04:25:31.181+0000] {demo.py:15} INFO - CSV Data Ingested
[2024-07-15T04:25:31.183+0000] {python.py:237} INFO - Done. Returned value was: None
[2024-07-15T04:25:31.183+0000] {taskinstance.py:441} INFO - ::group::Post task execution logs
[2024-07-15T04:25:31.192+0000] {taskinstance.py:1206} INFO - Marking task as SUCCESS. dag_id=etl_pipeline, task_id=ingest_csv, run_id=scheduled__2024-07-14T00:00:00+00:00, execution_date=20240714T000000, start_date=20240715T042530, end_date=20240715T042531
[2024-07-15T04:25:31.244+0000] {local_task_job_runner.py:240} INFO - Task exited with return code 0
[2024-07-15T04:25:31.276+0000] {taskinstance.py:3503} INFO - 1 downstream tasks scheduled from follow-on schedule check
[2024-07-15T04:25:31.283+0000] {local_task_job_runner.py:222} INFO - ::endgroup::
[2024-07-22T16:54:11.389+0000] {local_task_job_runner.py:120} INFO - ::group::Pre task execution logs
[2024-07-22T16:54:11.808+0000] {taskinstance.py:2076} INFO - Dependencies all met for dep_context=non-requeueable deps ti=<TaskInstance: etl_pipeline.ingest_csv scheduled__2024-07-14T00:00:00+00:00 [queued]>
[2024-07-22T16:54:11.997+0000] {taskinstance.py:2076} INFO - Dependencies all met for dep_context=requeueable deps ti=<TaskInstance: etl_pipeline.ingest_csv scheduled__2024-07-14T00:00:00+00:00 [queued]>
[2024-07-22T16:54:11.997+0000] {taskinstance.py:2306} INFO - Starting attempt 1 of 2
[2024-07-22T16:54:12.272+0000] {taskinstance.py:2330} INFO - Executing <Task(PythonOperator): ingest_csv> on 2024-07-14 00:00:00+00:00
[2024-07-22T16:54:12.416+0000] {warnings.py:112} WARNING - /home/***/.local/lib/python3.12/site-packages/***/task/task_runner/standard_task_runner.py:61: DeprecationWarning: This process (pid=77) is multi-threaded, use of fork() may lead to deadlocks in the child.
  pid = os.fork()

[2024-07-22T16:54:12.440+0000] {standard_task_runner.py:63} INFO - Started process 120 to run task
[2024-07-22T16:54:12.441+0000] {standard_task_runner.py:90} INFO - Running: ['***', 'tasks', 'run', 'etl_pipeline', 'ingest_csv', 'scheduled__2024-07-14T00:00:00+00:00', '--job-id', '51', '--raw', '--subdir', 'DAGS_FOLDER/demo.py', '--cfg-path', '/tmp/tmpcm4f4pex']
[2024-07-22T16:54:12.465+0000] {standard_task_runner.py:91} INFO - Job 51: Subtask ingest_csv
[2024-07-22T16:54:12.938+0000] {task_command.py:426} INFO - Running <TaskInstance: etl_pipeline.ingest_csv scheduled__2024-07-14T00:00:00+00:00 [running]> on host ada6cb1e64b1
[2024-07-22T16:54:13.801+0000] {taskinstance.py:2648} INFO - Exporting env vars: AIRFLOW_CTX_DAG_EMAIL='your_email@example.com' AIRFLOW_CTX_DAG_OWNER='***' AIRFLOW_CTX_DAG_ID='etl_pipeline' AIRFLOW_CTX_TASK_ID='ingest_csv' AIRFLOW_CTX_EXECUTION_DATE='2024-07-14T00:00:00+00:00' AIRFLOW_CTX_TRY_NUMBER='1' AIRFLOW_CTX_DAG_RUN_ID='scheduled__2024-07-14T00:00:00+00:00'
[2024-07-22T16:54:13.812+0000] {taskinstance.py:430} INFO - ::endgroup::
[2024-07-22T16:54:15.170+0000] {demo.py:16} INFO - CSV Data Ingested
[2024-07-22T16:54:15.172+0000] {python.py:237} INFO - Done. Returned value was: None
[2024-07-22T16:54:15.172+0000] {taskinstance.py:441} INFO - ::group::Post task execution logs
[2024-07-22T16:54:15.272+0000] {taskinstance.py:1206} INFO - Marking task as SUCCESS. dag_id=etl_pipeline, task_id=ingest_csv, run_id=scheduled__2024-07-14T00:00:00+00:00, execution_date=20240714T000000, start_date=20240722T165411, end_date=20240722T165415
[2024-07-22T16:54:15.563+0000] {local_task_job_runner.py:240} INFO - Task exited with return code 0
[2024-07-22T16:54:15.683+0000] {taskinstance.py:3503} INFO - 1 downstream tasks scheduled from follow-on schedule check
[2024-07-22T16:54:15.689+0000] {local_task_job_runner.py:222} INFO - ::endgroup::
