[2024-07-22T16:54:11.373+0000] {local_task_job_runner.py:120} INFO - ::group::Pre task execution logs
[2024-07-22T16:54:11.661+0000] {taskinstance.py:2076} INFO - Dependencies all met for dep_context=non-requeueable deps ti=<TaskInstance: etl_pipeline.ingest_csv scheduled__2024-07-15T00:00:00+00:00 [queued]>
[2024-07-22T16:54:11.792+0000] {taskinstance.py:2076} INFO - Dependencies all met for dep_context=requeueable deps ti=<TaskInstance: etl_pipeline.ingest_csv scheduled__2024-07-15T00:00:00+00:00 [queued]>
[2024-07-22T16:54:11.792+0000] {taskinstance.py:2306} INFO - Starting attempt 1 of 2
[2024-07-22T16:54:12.061+0000] {taskinstance.py:2330} INFO - Executing <Task(PythonOperator): ingest_csv> on 2024-07-15 00:00:00+00:00
[2024-07-22T16:54:12.175+0000] {warnings.py:112} WARNING - /home/***/.local/lib/python3.12/site-packages/***/task/task_runner/standard_task_runner.py:61: DeprecationWarning: This process (pid=82) is multi-threaded, use of fork() may lead to deadlocks in the child.
  pid = os.fork()

[2024-07-22T16:54:12.210+0000] {standard_task_runner.py:63} INFO - Started process 119 to run task
[2024-07-22T16:54:12.261+0000] {standard_task_runner.py:90} INFO - Running: ['***', 'tasks', 'run', 'etl_pipeline', 'ingest_csv', 'scheduled__2024-07-15T00:00:00+00:00', '--job-id', '49', '--raw', '--subdir', 'DAGS_FOLDER/demo.py', '--cfg-path', '/tmp/tmpolqlxort']
[2024-07-22T16:54:12.287+0000] {standard_task_runner.py:91} INFO - Job 49: Subtask ingest_csv
[2024-07-22T16:54:12.773+0000] {task_command.py:426} INFO - Running <TaskInstance: etl_pipeline.ingest_csv scheduled__2024-07-15T00:00:00+00:00 [running]> on host ada6cb1e64b1
[2024-07-22T16:54:13.628+0000] {taskinstance.py:2648} INFO - Exporting env vars: AIRFLOW_CTX_DAG_EMAIL='your_email@example.com' AIRFLOW_CTX_DAG_OWNER='***' AIRFLOW_CTX_DAG_ID='etl_pipeline' AIRFLOW_CTX_TASK_ID='ingest_csv' AIRFLOW_CTX_EXECUTION_DATE='2024-07-15T00:00:00+00:00' AIRFLOW_CTX_TRY_NUMBER='1' AIRFLOW_CTX_DAG_RUN_ID='scheduled__2024-07-15T00:00:00+00:00'
[2024-07-22T16:54:13.631+0000] {taskinstance.py:430} INFO - ::endgroup::
[2024-07-22T16:54:14.567+0000] {demo.py:16} INFO - CSV Data Ingested
[2024-07-22T16:54:14.586+0000] {python.py:237} INFO - Done. Returned value was: None
[2024-07-22T16:54:14.587+0000] {taskinstance.py:441} INFO - ::group::Post task execution logs
[2024-07-22T16:54:14.634+0000] {taskinstance.py:1206} INFO - Marking task as SUCCESS. dag_id=etl_pipeline, task_id=ingest_csv, run_id=scheduled__2024-07-15T00:00:00+00:00, execution_date=20240715T000000, start_date=20240722T165411, end_date=20240722T165414
[2024-07-22T16:54:14.849+0000] {local_task_job_runner.py:240} INFO - Task exited with return code 0
[2024-07-22T16:54:15.268+0000] {taskinstance.py:3503} INFO - 1 downstream tasks scheduled from follow-on schedule check
[2024-07-22T16:54:15.275+0000] {local_task_job_runner.py:222} INFO - ::endgroup::
