[2024-07-14T10:14:39.364+0000] {local_task_job_runner.py:120} INFO - ::group::Pre task execution logs
[2024-07-14T10:14:39.881+0000] {taskinstance.py:2076} INFO - Dependencies all met for dep_context=non-requeueable deps ti=<TaskInstance: hello_airflow.task_hello scheduled__2024-03-11T00:00:00+00:00 [queued]>
[2024-07-14T10:14:40.295+0000] {taskinstance.py:2076} INFO - Dependencies all met for dep_context=requeueable deps ti=<TaskInstance: hello_airflow.task_hello scheduled__2024-03-11T00:00:00+00:00 [queued]>
[2024-07-14T10:14:40.312+0000] {taskinstance.py:2306} INFO - Starting attempt 1 of 2
[2024-07-14T10:14:40.802+0000] {taskinstance.py:2330} INFO - Executing <Task(PythonOperator): task_hello> on 2024-03-11 00:00:00+00:00
[2024-07-14T10:14:41.004+0000] {warnings.py:112} WARNING - /home/***/.local/lib/python3.12/site-packages/***/task/task_runner/standard_task_runner.py:61: DeprecationWarning: This process (pid=308) is multi-threaded, use of fork() may lead to deadlocks in the child.
  pid = os.fork()

[2024-07-14T10:14:41.006+0000] {standard_task_runner.py:63} INFO - Started process 346 to run task
[2024-07-14T10:14:41.014+0000] {standard_task_runner.py:90} INFO - Running: ['***', 'tasks', 'run', 'hello_***', 'task_hello', 'scheduled__2024-03-11T00:00:00+00:00', '--job-id', '81', '--raw', '--subdir', 'DAGS_FOLDER/test.py', '--cfg-path', '/tmp/tmp3oshm069']
[2024-07-14T10:14:41.128+0000] {standard_task_runner.py:91} INFO - Job 81: Subtask task_hello
[2024-07-14T10:14:42.123+0000] {task_command.py:426} INFO - Running <TaskInstance: hello_airflow.task_hello scheduled__2024-03-11T00:00:00+00:00 [running]> on host 37d6808b0cee
[2024-07-14T10:14:44.531+0000] {taskinstance.py:2648} INFO - Exporting env vars: AIRFLOW_CTX_DAG_OWNER='***' AIRFLOW_CTX_DAG_ID='hello_***' AIRFLOW_CTX_TASK_ID='task_hello' AIRFLOW_CTX_EXECUTION_DATE='2024-03-11T00:00:00+00:00' AIRFLOW_CTX_TRY_NUMBER='1' AIRFLOW_CTX_DAG_RUN_ID='scheduled__2024-03-11T00:00:00+00:00'
[2024-07-14T10:14:44.533+0000] {taskinstance.py:430} INFO - ::endgroup::
[2024-07-14T10:14:44.557+0000] {logging_mixin.py:188} INFO - Hello, Airflow!
[2024-07-14T10:14:44.557+0000] {python.py:237} INFO - Done. Returned value was: None
[2024-07-14T10:14:44.562+0000] {taskinstance.py:441} INFO - ::group::Post task execution logs
[2024-07-14T10:14:44.666+0000] {taskinstance.py:1206} INFO - Marking task as SUCCESS. dag_id=hello_***, task_id=task_hello, run_id=scheduled__2024-03-11T00:00:00+00:00, execution_date=20240311T000000, start_date=20240714T101439, end_date=20240714T101444
[2024-07-14T10:14:44.892+0000] {local_task_job_runner.py:240} INFO - Task exited with return code 0
[2024-07-14T10:14:44.994+0000] {taskinstance.py:3503} INFO - 0 downstream tasks scheduled from follow-on schedule check
[2024-07-14T10:14:45.030+0000] {local_task_job_runner.py:222} INFO - ::endgroup::
