[2024-07-22T16:39:40.479+0000] {processor.py:161} INFO - Started process (PID=62) to work on /opt/airflow/dags/Global-Nuclear-Power-Tracker-October-2023.xlsx
[2024-07-22T16:39:40.482+0000] {processor.py:830} INFO - Processing file /opt/airflow/dags/Global-Nuclear-Power-Tracker-October-2023.xlsx for tasks to queue
[2024-07-22T16:39:40.486+0000] {logging_mixin.py:188} INFO - [2024-07-22T16:39:40.486+0000] {dagbag.py:545} INFO - Filling up the DagBag from /opt/airflow/dags/Global-Nuclear-Power-Tracker-October-2023.xlsx
[2024-07-22T16:39:40.490+0000] {processor.py:842} WARNING - No viable dags retrieved from /opt/airflow/dags/Global-Nuclear-Power-Tracker-October-2023.xlsx
[2024-07-22T16:39:40.536+0000] {processor.py:183} INFO - Processing /opt/airflow/dags/Global-Nuclear-Power-Tracker-October-2023.xlsx took 0.068 seconds
[2024-07-22T16:40:10.870+0000] {processor.py:161} INFO - Started process (PID=123) to work on /opt/airflow/dags/Global-Nuclear-Power-Tracker-October-2023.xlsx
[2024-07-22T16:40:10.871+0000] {processor.py:830} INFO - Processing file /opt/airflow/dags/Global-Nuclear-Power-Tracker-October-2023.xlsx for tasks to queue
[2024-07-22T16:40:10.874+0000] {logging_mixin.py:188} INFO - [2024-07-22T16:40:10.873+0000] {dagbag.py:545} INFO - Filling up the DagBag from /opt/airflow/dags/Global-Nuclear-Power-Tracker-October-2023.xlsx
[2024-07-22T16:40:10.876+0000] {processor.py:842} WARNING - No viable dags retrieved from /opt/airflow/dags/Global-Nuclear-Power-Tracker-October-2023.xlsx
[2024-07-22T16:40:10.896+0000] {processor.py:183} INFO - Processing /opt/airflow/dags/Global-Nuclear-Power-Tracker-October-2023.xlsx took 0.034 seconds
[2024-07-22T16:40:41.039+0000] {processor.py:161} INFO - Started process (PID=184) to work on /opt/airflow/dags/Global-Nuclear-Power-Tracker-October-2023.xlsx
[2024-07-22T16:40:41.046+0000] {processor.py:830} INFO - Processing file /opt/airflow/dags/Global-Nuclear-Power-Tracker-October-2023.xlsx for tasks to queue
[2024-07-22T16:40:41.049+0000] {logging_mixin.py:188} INFO - [2024-07-22T16:40:41.049+0000] {dagbag.py:545} INFO - Filling up the DagBag from /opt/airflow/dags/Global-Nuclear-Power-Tracker-October-2023.xlsx
[2024-07-22T16:40:41.051+0000] {processor.py:842} WARNING - No viable dags retrieved from /opt/airflow/dags/Global-Nuclear-Power-Tracker-October-2023.xlsx
[2024-07-22T16:40:41.071+0000] {processor.py:183} INFO - Processing /opt/airflow/dags/Global-Nuclear-Power-Tracker-October-2023.xlsx took 0.042 seconds
[2024-07-22T16:41:11.423+0000] {processor.py:161} INFO - Started process (PID=245) to work on /opt/airflow/dags/Global-Nuclear-Power-Tracker-October-2023.xlsx
[2024-07-22T16:41:11.426+0000] {processor.py:830} INFO - Processing file /opt/airflow/dags/Global-Nuclear-Power-Tracker-October-2023.xlsx for tasks to queue
[2024-07-22T16:41:11.429+0000] {logging_mixin.py:188} INFO - [2024-07-22T16:41:11.429+0000] {dagbag.py:545} INFO - Filling up the DagBag from /opt/airflow/dags/Global-Nuclear-Power-Tracker-October-2023.xlsx
[2024-07-22T16:41:11.433+0000] {processor.py:842} WARNING - No viable dags retrieved from /opt/airflow/dags/Global-Nuclear-Power-Tracker-October-2023.xlsx
[2024-07-22T16:41:11.458+0000] {processor.py:183} INFO - Processing /opt/airflow/dags/Global-Nuclear-Power-Tracker-October-2023.xlsx took 0.047 seconds
[2024-07-22T16:41:41.559+0000] {processor.py:161} INFO - Started process (PID=306) to work on /opt/airflow/dags/Global-Nuclear-Power-Tracker-October-2023.xlsx
[2024-07-22T16:41:41.561+0000] {processor.py:830} INFO - Processing file /opt/airflow/dags/Global-Nuclear-Power-Tracker-October-2023.xlsx for tasks to queue
[2024-07-22T16:41:41.564+0000] {logging_mixin.py:188} INFO - [2024-07-22T16:41:41.563+0000] {dagbag.py:545} INFO - Filling up the DagBag from /opt/airflow/dags/Global-Nuclear-Power-Tracker-October-2023.xlsx
[2024-07-22T16:41:41.566+0000] {processor.py:842} WARNING - No viable dags retrieved from /opt/airflow/dags/Global-Nuclear-Power-Tracker-October-2023.xlsx
[2024-07-22T16:41:41.584+0000] {processor.py:183} INFO - Processing /opt/airflow/dags/Global-Nuclear-Power-Tracker-October-2023.xlsx took 0.034 seconds
[2024-07-22T16:42:12.208+0000] {processor.py:161} INFO - Started process (PID=378) to work on /opt/airflow/dags/Global-Nuclear-Power-Tracker-October-2023.xlsx
[2024-07-22T16:42:12.216+0000] {processor.py:830} INFO - Processing file /opt/airflow/dags/Global-Nuclear-Power-Tracker-October-2023.xlsx for tasks to queue
[2024-07-22T16:42:12.220+0000] {logging_mixin.py:188} INFO - [2024-07-22T16:42:12.219+0000] {dagbag.py:545} INFO - Filling up the DagBag from /opt/airflow/dags/Global-Nuclear-Power-Tracker-October-2023.xlsx
[2024-07-22T16:42:12.223+0000] {processor.py:842} WARNING - No viable dags retrieved from /opt/airflow/dags/Global-Nuclear-Power-Tracker-October-2023.xlsx
[2024-07-22T16:42:12.253+0000] {processor.py:183} INFO - Processing /opt/airflow/dags/Global-Nuclear-Power-Tracker-October-2023.xlsx took 0.062 seconds
[2024-07-22T16:42:42.532+0000] {processor.py:161} INFO - Started process (PID=454) to work on /opt/airflow/dags/Global-Nuclear-Power-Tracker-October-2023.xlsx
[2024-07-22T16:42:42.534+0000] {processor.py:830} INFO - Processing file /opt/airflow/dags/Global-Nuclear-Power-Tracker-October-2023.xlsx for tasks to queue
[2024-07-22T16:42:42.541+0000] {logging_mixin.py:188} INFO - [2024-07-22T16:42:42.540+0000] {dagbag.py:545} INFO - Filling up the DagBag from /opt/airflow/dags/Global-Nuclear-Power-Tracker-October-2023.xlsx
[2024-07-22T16:42:42.552+0000] {processor.py:842} WARNING - No viable dags retrieved from /opt/airflow/dags/Global-Nuclear-Power-Tracker-October-2023.xlsx
[2024-07-22T16:42:42.646+0000] {processor.py:183} INFO - Processing /opt/airflow/dags/Global-Nuclear-Power-Tracker-October-2023.xlsx took 0.194 seconds
[2024-07-22T16:43:13.374+0000] {processor.py:161} INFO - Started process (PID=519) to work on /opt/airflow/dags/Global-Nuclear-Power-Tracker-October-2023.xlsx
[2024-07-22T16:43:13.376+0000] {processor.py:830} INFO - Processing file /opt/airflow/dags/Global-Nuclear-Power-Tracker-October-2023.xlsx for tasks to queue
[2024-07-22T16:43:13.380+0000] {logging_mixin.py:188} INFO - [2024-07-22T16:43:13.380+0000] {dagbag.py:545} INFO - Filling up the DagBag from /opt/airflow/dags/Global-Nuclear-Power-Tracker-October-2023.xlsx
[2024-07-22T16:43:13.382+0000] {processor.py:842} WARNING - No viable dags retrieved from /opt/airflow/dags/Global-Nuclear-Power-Tracker-October-2023.xlsx
[2024-07-22T16:43:13.402+0000] {processor.py:183} INFO - Processing /opt/airflow/dags/Global-Nuclear-Power-Tracker-October-2023.xlsx took 0.037 seconds
[2024-07-22T16:43:43.961+0000] {processor.py:161} INFO - Started process (PID=580) to work on /opt/airflow/dags/Global-Nuclear-Power-Tracker-October-2023.xlsx
[2024-07-22T16:43:43.962+0000] {processor.py:830} INFO - Processing file /opt/airflow/dags/Global-Nuclear-Power-Tracker-October-2023.xlsx for tasks to queue
[2024-07-22T16:43:43.967+0000] {logging_mixin.py:188} INFO - [2024-07-22T16:43:43.966+0000] {dagbag.py:545} INFO - Filling up the DagBag from /opt/airflow/dags/Global-Nuclear-Power-Tracker-October-2023.xlsx
[2024-07-22T16:43:43.969+0000] {processor.py:842} WARNING - No viable dags retrieved from /opt/airflow/dags/Global-Nuclear-Power-Tracker-October-2023.xlsx
[2024-07-22T16:43:43.988+0000] {processor.py:183} INFO - Processing /opt/airflow/dags/Global-Nuclear-Power-Tracker-October-2023.xlsx took 0.038 seconds
[2024-07-22T16:45:45.437+0000] {processor.py:161} INFO - Started process (PID=56) to work on /opt/airflow/dags/Global-Nuclear-Power-Tracker-October-2023.xlsx
[2024-07-22T16:45:45.444+0000] {processor.py:830} INFO - Processing file /opt/airflow/dags/Global-Nuclear-Power-Tracker-October-2023.xlsx for tasks to queue
[2024-07-22T16:45:45.456+0000] {logging_mixin.py:188} INFO - [2024-07-22T16:45:45.447+0000] {dagbag.py:545} INFO - Filling up the DagBag from /opt/airflow/dags/Global-Nuclear-Power-Tracker-October-2023.xlsx
[2024-07-22T16:45:45.459+0000] {processor.py:842} WARNING - No viable dags retrieved from /opt/airflow/dags/Global-Nuclear-Power-Tracker-October-2023.xlsx
[2024-07-22T16:45:45.580+0000] {processor.py:183} INFO - Processing /opt/airflow/dags/Global-Nuclear-Power-Tracker-October-2023.xlsx took 0.173 seconds
[2024-07-22T16:46:15.837+0000] {processor.py:161} INFO - Started process (PID=117) to work on /opt/airflow/dags/Global-Nuclear-Power-Tracker-October-2023.xlsx
[2024-07-22T16:46:15.840+0000] {processor.py:830} INFO - Processing file /opt/airflow/dags/Global-Nuclear-Power-Tracker-October-2023.xlsx for tasks to queue
[2024-07-22T16:46:15.845+0000] {logging_mixin.py:188} INFO - [2024-07-22T16:46:15.844+0000] {dagbag.py:545} INFO - Filling up the DagBag from /opt/airflow/dags/Global-Nuclear-Power-Tracker-October-2023.xlsx
[2024-07-22T16:46:15.848+0000] {processor.py:842} WARNING - No viable dags retrieved from /opt/airflow/dags/Global-Nuclear-Power-Tracker-October-2023.xlsx
[2024-07-22T16:46:15.873+0000] {processor.py:183} INFO - Processing /opt/airflow/dags/Global-Nuclear-Power-Tracker-October-2023.xlsx took 0.049 seconds
[2024-07-22T16:46:46.312+0000] {processor.py:161} INFO - Started process (PID=178) to work on /opt/airflow/dags/Global-Nuclear-Power-Tracker-October-2023.xlsx
[2024-07-22T16:46:46.315+0000] {processor.py:830} INFO - Processing file /opt/airflow/dags/Global-Nuclear-Power-Tracker-October-2023.xlsx for tasks to queue
[2024-07-22T16:46:46.318+0000] {logging_mixin.py:188} INFO - [2024-07-22T16:46:46.317+0000] {dagbag.py:545} INFO - Filling up the DagBag from /opt/airflow/dags/Global-Nuclear-Power-Tracker-October-2023.xlsx
[2024-07-22T16:46:46.320+0000] {processor.py:842} WARNING - No viable dags retrieved from /opt/airflow/dags/Global-Nuclear-Power-Tracker-October-2023.xlsx
[2024-07-22T16:46:46.343+0000] {processor.py:183} INFO - Processing /opt/airflow/dags/Global-Nuclear-Power-Tracker-October-2023.xlsx took 0.040 seconds
[2024-07-22T16:47:16.870+0000] {processor.py:161} INFO - Started process (PID=239) to work on /opt/airflow/dags/Global-Nuclear-Power-Tracker-October-2023.xlsx
[2024-07-22T16:47:16.871+0000] {processor.py:830} INFO - Processing file /opt/airflow/dags/Global-Nuclear-Power-Tracker-October-2023.xlsx for tasks to queue
[2024-07-22T16:47:16.874+0000] {logging_mixin.py:188} INFO - [2024-07-22T16:47:16.873+0000] {dagbag.py:545} INFO - Filling up the DagBag from /opt/airflow/dags/Global-Nuclear-Power-Tracker-October-2023.xlsx
[2024-07-22T16:47:16.876+0000] {processor.py:842} WARNING - No viable dags retrieved from /opt/airflow/dags/Global-Nuclear-Power-Tracker-October-2023.xlsx
[2024-07-22T16:47:16.897+0000] {processor.py:183} INFO - Processing /opt/airflow/dags/Global-Nuclear-Power-Tracker-October-2023.xlsx took 0.037 seconds
[2024-07-22T16:47:46.989+0000] {processor.py:161} INFO - Started process (PID=300) to work on /opt/airflow/dags/Global-Nuclear-Power-Tracker-October-2023.xlsx
[2024-07-22T16:47:46.992+0000] {processor.py:830} INFO - Processing file /opt/airflow/dags/Global-Nuclear-Power-Tracker-October-2023.xlsx for tasks to queue
[2024-07-22T16:47:46.997+0000] {logging_mixin.py:188} INFO - [2024-07-22T16:47:46.996+0000] {dagbag.py:545} INFO - Filling up the DagBag from /opt/airflow/dags/Global-Nuclear-Power-Tracker-October-2023.xlsx
[2024-07-22T16:47:46.999+0000] {processor.py:842} WARNING - No viable dags retrieved from /opt/airflow/dags/Global-Nuclear-Power-Tracker-October-2023.xlsx
[2024-07-22T16:47:47.017+0000] {processor.py:183} INFO - Processing /opt/airflow/dags/Global-Nuclear-Power-Tracker-October-2023.xlsx took 0.040 seconds
[2024-07-22T16:48:17.610+0000] {processor.py:161} INFO - Started process (PID=361) to work on /opt/airflow/dags/Global-Nuclear-Power-Tracker-October-2023.xlsx
[2024-07-22T16:48:17.612+0000] {processor.py:830} INFO - Processing file /opt/airflow/dags/Global-Nuclear-Power-Tracker-October-2023.xlsx for tasks to queue
[2024-07-22T16:48:17.616+0000] {logging_mixin.py:188} INFO - [2024-07-22T16:48:17.615+0000] {dagbag.py:545} INFO - Filling up the DagBag from /opt/airflow/dags/Global-Nuclear-Power-Tracker-October-2023.xlsx
[2024-07-22T16:48:17.619+0000] {processor.py:842} WARNING - No viable dags retrieved from /opt/airflow/dags/Global-Nuclear-Power-Tracker-October-2023.xlsx
[2024-07-22T16:48:17.642+0000] {processor.py:183} INFO - Processing /opt/airflow/dags/Global-Nuclear-Power-Tracker-October-2023.xlsx took 0.044 seconds
[2024-07-22T16:48:47.945+0000] {processor.py:161} INFO - Started process (PID=428) to work on /opt/airflow/dags/Global-Nuclear-Power-Tracker-October-2023.xlsx
[2024-07-22T16:48:47.947+0000] {processor.py:830} INFO - Processing file /opt/airflow/dags/Global-Nuclear-Power-Tracker-October-2023.xlsx for tasks to queue
[2024-07-22T16:48:47.950+0000] {logging_mixin.py:188} INFO - [2024-07-22T16:48:47.950+0000] {dagbag.py:545} INFO - Filling up the DagBag from /opt/airflow/dags/Global-Nuclear-Power-Tracker-October-2023.xlsx
[2024-07-22T16:48:47.952+0000] {processor.py:842} WARNING - No viable dags retrieved from /opt/airflow/dags/Global-Nuclear-Power-Tracker-October-2023.xlsx
[2024-07-22T16:48:47.972+0000] {processor.py:183} INFO - Processing /opt/airflow/dags/Global-Nuclear-Power-Tracker-October-2023.xlsx took 0.036 seconds
[2024-07-22T16:49:18.047+0000] {processor.py:161} INFO - Started process (PID=489) to work on /opt/airflow/dags/Global-Nuclear-Power-Tracker-October-2023.xlsx
[2024-07-22T16:49:18.049+0000] {processor.py:830} INFO - Processing file /opt/airflow/dags/Global-Nuclear-Power-Tracker-October-2023.xlsx for tasks to queue
[2024-07-22T16:49:18.053+0000] {logging_mixin.py:188} INFO - [2024-07-22T16:49:18.052+0000] {dagbag.py:545} INFO - Filling up the DagBag from /opt/airflow/dags/Global-Nuclear-Power-Tracker-October-2023.xlsx
[2024-07-22T16:49:18.055+0000] {processor.py:842} WARNING - No viable dags retrieved from /opt/airflow/dags/Global-Nuclear-Power-Tracker-October-2023.xlsx
[2024-07-22T16:49:18.075+0000] {processor.py:183} INFO - Processing /opt/airflow/dags/Global-Nuclear-Power-Tracker-October-2023.xlsx took 0.037 seconds
[2024-07-22T16:52:18.955+0000] {processor.py:161} INFO - Started process (PID=58) to work on /opt/airflow/dags/Global-Nuclear-Power-Tracker-October-2023.xlsx
[2024-07-22T16:52:18.959+0000] {processor.py:830} INFO - Processing file /opt/airflow/dags/Global-Nuclear-Power-Tracker-October-2023.xlsx for tasks to queue
[2024-07-22T16:52:18.963+0000] {logging_mixin.py:188} INFO - [2024-07-22T16:52:18.962+0000] {dagbag.py:545} INFO - Filling up the DagBag from /opt/airflow/dags/Global-Nuclear-Power-Tracker-October-2023.xlsx
[2024-07-22T16:52:18.965+0000] {processor.py:842} WARNING - No viable dags retrieved from /opt/airflow/dags/Global-Nuclear-Power-Tracker-October-2023.xlsx
[2024-07-22T16:52:19.021+0000] {processor.py:183} INFO - Processing /opt/airflow/dags/Global-Nuclear-Power-Tracker-October-2023.xlsx took 0.078 seconds
[2024-07-22T16:52:49.186+0000] {processor.py:161} INFO - Started process (PID=119) to work on /opt/airflow/dags/Global-Nuclear-Power-Tracker-October-2023.xlsx
[2024-07-22T16:52:49.187+0000] {processor.py:830} INFO - Processing file /opt/airflow/dags/Global-Nuclear-Power-Tracker-October-2023.xlsx for tasks to queue
[2024-07-22T16:52:49.190+0000] {logging_mixin.py:188} INFO - [2024-07-22T16:52:49.189+0000] {dagbag.py:545} INFO - Filling up the DagBag from /opt/airflow/dags/Global-Nuclear-Power-Tracker-October-2023.xlsx
[2024-07-22T16:52:49.192+0000] {processor.py:842} WARNING - No viable dags retrieved from /opt/airflow/dags/Global-Nuclear-Power-Tracker-October-2023.xlsx
[2024-07-22T16:52:49.212+0000] {processor.py:183} INFO - Processing /opt/airflow/dags/Global-Nuclear-Power-Tracker-October-2023.xlsx took 0.035 seconds
[2024-07-22T16:53:19.795+0000] {processor.py:161} INFO - Started process (PID=180) to work on /opt/airflow/dags/Global-Nuclear-Power-Tracker-October-2023.xlsx
[2024-07-22T16:53:19.813+0000] {processor.py:830} INFO - Processing file /opt/airflow/dags/Global-Nuclear-Power-Tracker-October-2023.xlsx for tasks to queue
[2024-07-22T16:53:19.844+0000] {logging_mixin.py:188} INFO - [2024-07-22T16:53:19.843+0000] {dagbag.py:545} INFO - Filling up the DagBag from /opt/airflow/dags/Global-Nuclear-Power-Tracker-October-2023.xlsx
[2024-07-22T16:53:19.873+0000] {processor.py:842} WARNING - No viable dags retrieved from /opt/airflow/dags/Global-Nuclear-Power-Tracker-October-2023.xlsx
[2024-07-22T16:53:19.929+0000] {processor.py:183} INFO - Processing /opt/airflow/dags/Global-Nuclear-Power-Tracker-October-2023.xlsx took 0.355 seconds
[2024-07-22T16:53:50.109+0000] {processor.py:161} INFO - Started process (PID=250) to work on /opt/airflow/dags/Global-Nuclear-Power-Tracker-October-2023.xlsx
[2024-07-22T16:53:50.120+0000] {processor.py:830} INFO - Processing file /opt/airflow/dags/Global-Nuclear-Power-Tracker-October-2023.xlsx for tasks to queue
[2024-07-22T16:53:50.133+0000] {logging_mixin.py:188} INFO - [2024-07-22T16:53:50.132+0000] {dagbag.py:545} INFO - Filling up the DagBag from /opt/airflow/dags/Global-Nuclear-Power-Tracker-October-2023.xlsx
[2024-07-22T16:53:50.137+0000] {processor.py:842} WARNING - No viable dags retrieved from /opt/airflow/dags/Global-Nuclear-Power-Tracker-October-2023.xlsx
[2024-07-22T16:53:50.260+0000] {processor.py:183} INFO - Processing /opt/airflow/dags/Global-Nuclear-Power-Tracker-October-2023.xlsx took 0.186 seconds
[2024-07-22T16:54:20.481+0000] {processor.py:161} INFO - Started process (PID=343) to work on /opt/airflow/dags/Global-Nuclear-Power-Tracker-October-2023.xlsx
[2024-07-22T16:54:20.482+0000] {processor.py:830} INFO - Processing file /opt/airflow/dags/Global-Nuclear-Power-Tracker-October-2023.xlsx for tasks to queue
[2024-07-22T16:54:20.491+0000] {logging_mixin.py:188} INFO - [2024-07-22T16:54:20.490+0000] {dagbag.py:545} INFO - Filling up the DagBag from /opt/airflow/dags/Global-Nuclear-Power-Tracker-October-2023.xlsx
[2024-07-22T16:54:20.494+0000] {processor.py:842} WARNING - No viable dags retrieved from /opt/airflow/dags/Global-Nuclear-Power-Tracker-October-2023.xlsx
[2024-07-22T16:54:20.527+0000] {processor.py:183} INFO - Processing /opt/airflow/dags/Global-Nuclear-Power-Tracker-October-2023.xlsx took 0.063 seconds
[2024-07-22T16:54:51.414+0000] {processor.py:161} INFO - Started process (PID=404) to work on /opt/airflow/dags/Global-Nuclear-Power-Tracker-October-2023.xlsx
[2024-07-22T16:54:51.417+0000] {processor.py:830} INFO - Processing file /opt/airflow/dags/Global-Nuclear-Power-Tracker-October-2023.xlsx for tasks to queue
[2024-07-22T16:54:51.421+0000] {logging_mixin.py:188} INFO - [2024-07-22T16:54:51.421+0000] {dagbag.py:545} INFO - Filling up the DagBag from /opt/airflow/dags/Global-Nuclear-Power-Tracker-October-2023.xlsx
[2024-07-22T16:54:51.431+0000] {processor.py:842} WARNING - No viable dags retrieved from /opt/airflow/dags/Global-Nuclear-Power-Tracker-October-2023.xlsx
[2024-07-22T16:54:51.469+0000] {processor.py:183} INFO - Processing /opt/airflow/dags/Global-Nuclear-Power-Tracker-October-2023.xlsx took 0.075 seconds
[2024-07-22T16:55:22.424+0000] {processor.py:161} INFO - Started process (PID=465) to work on /opt/airflow/dags/Global-Nuclear-Power-Tracker-October-2023.xlsx
[2024-07-22T16:55:22.425+0000] {processor.py:830} INFO - Processing file /opt/airflow/dags/Global-Nuclear-Power-Tracker-October-2023.xlsx for tasks to queue
[2024-07-22T16:55:22.441+0000] {logging_mixin.py:188} INFO - [2024-07-22T16:55:22.440+0000] {dagbag.py:545} INFO - Filling up the DagBag from /opt/airflow/dags/Global-Nuclear-Power-Tracker-October-2023.xlsx
[2024-07-22T16:55:22.443+0000] {processor.py:842} WARNING - No viable dags retrieved from /opt/airflow/dags/Global-Nuclear-Power-Tracker-October-2023.xlsx
[2024-07-22T16:55:22.475+0000] {processor.py:183} INFO - Processing /opt/airflow/dags/Global-Nuclear-Power-Tracker-October-2023.xlsx took 0.089 seconds
[2024-07-22T16:55:52.874+0000] {processor.py:161} INFO - Started process (PID=526) to work on /opt/airflow/dags/Global-Nuclear-Power-Tracker-October-2023.xlsx
[2024-07-22T16:55:52.880+0000] {processor.py:830} INFO - Processing file /opt/airflow/dags/Global-Nuclear-Power-Tracker-October-2023.xlsx for tasks to queue
[2024-07-22T16:55:52.884+0000] {logging_mixin.py:188} INFO - [2024-07-22T16:55:52.883+0000] {dagbag.py:545} INFO - Filling up the DagBag from /opt/airflow/dags/Global-Nuclear-Power-Tracker-October-2023.xlsx
[2024-07-22T16:55:52.887+0000] {processor.py:842} WARNING - No viable dags retrieved from /opt/airflow/dags/Global-Nuclear-Power-Tracker-October-2023.xlsx
[2024-07-22T16:55:52.925+0000] {processor.py:183} INFO - Processing /opt/airflow/dags/Global-Nuclear-Power-Tracker-October-2023.xlsx took 0.064 seconds
[2024-07-22T16:56:23.729+0000] {processor.py:161} INFO - Started process (PID=587) to work on /opt/airflow/dags/Global-Nuclear-Power-Tracker-October-2023.xlsx
[2024-07-22T16:56:23.730+0000] {processor.py:830} INFO - Processing file /opt/airflow/dags/Global-Nuclear-Power-Tracker-October-2023.xlsx for tasks to queue
[2024-07-22T16:56:23.734+0000] {logging_mixin.py:188} INFO - [2024-07-22T16:56:23.733+0000] {dagbag.py:545} INFO - Filling up the DagBag from /opt/airflow/dags/Global-Nuclear-Power-Tracker-October-2023.xlsx
[2024-07-22T16:56:23.737+0000] {processor.py:842} WARNING - No viable dags retrieved from /opt/airflow/dags/Global-Nuclear-Power-Tracker-October-2023.xlsx
[2024-07-22T16:56:23.781+0000] {processor.py:183} INFO - Processing /opt/airflow/dags/Global-Nuclear-Power-Tracker-October-2023.xlsx took 0.072 seconds
[2024-07-22T16:56:54.393+0000] {processor.py:161} INFO - Started process (PID=647) to work on /opt/airflow/dags/Global-Nuclear-Power-Tracker-October-2023.xlsx
[2024-07-22T16:56:54.396+0000] {processor.py:830} INFO - Processing file /opt/airflow/dags/Global-Nuclear-Power-Tracker-October-2023.xlsx for tasks to queue
[2024-07-22T16:56:54.401+0000] {logging_mixin.py:188} INFO - [2024-07-22T16:56:54.400+0000] {dagbag.py:545} INFO - Filling up the DagBag from /opt/airflow/dags/Global-Nuclear-Power-Tracker-October-2023.xlsx
[2024-07-22T16:56:54.410+0000] {processor.py:842} WARNING - No viable dags retrieved from /opt/airflow/dags/Global-Nuclear-Power-Tracker-October-2023.xlsx
[2024-07-22T16:56:54.441+0000] {processor.py:183} INFO - Processing /opt/airflow/dags/Global-Nuclear-Power-Tracker-October-2023.xlsx took 0.061 seconds
[2024-07-22T16:57:25.385+0000] {processor.py:161} INFO - Started process (PID=712) to work on /opt/airflow/dags/Global-Nuclear-Power-Tracker-October-2023.xlsx
[2024-07-22T16:57:25.396+0000] {processor.py:830} INFO - Processing file /opt/airflow/dags/Global-Nuclear-Power-Tracker-October-2023.xlsx for tasks to queue
[2024-07-22T16:57:25.408+0000] {logging_mixin.py:188} INFO - [2024-07-22T16:57:25.407+0000] {dagbag.py:545} INFO - Filling up the DagBag from /opt/airflow/dags/Global-Nuclear-Power-Tracker-October-2023.xlsx
[2024-07-22T16:57:25.415+0000] {processor.py:842} WARNING - No viable dags retrieved from /opt/airflow/dags/Global-Nuclear-Power-Tracker-October-2023.xlsx
[2024-07-22T16:57:25.502+0000] {processor.py:183} INFO - Processing /opt/airflow/dags/Global-Nuclear-Power-Tracker-October-2023.xlsx took 0.148 seconds
[2024-07-22T16:57:55.668+0000] {processor.py:161} INFO - Started process (PID=777) to work on /opt/airflow/dags/Global-Nuclear-Power-Tracker-October-2023.xlsx
[2024-07-22T16:57:55.676+0000] {processor.py:830} INFO - Processing file /opt/airflow/dags/Global-Nuclear-Power-Tracker-October-2023.xlsx for tasks to queue
[2024-07-22T16:57:55.680+0000] {logging_mixin.py:188} INFO - [2024-07-22T16:57:55.679+0000] {dagbag.py:545} INFO - Filling up the DagBag from /opt/airflow/dags/Global-Nuclear-Power-Tracker-October-2023.xlsx
[2024-07-22T16:57:55.683+0000] {processor.py:842} WARNING - No viable dags retrieved from /opt/airflow/dags/Global-Nuclear-Power-Tracker-October-2023.xlsx
[2024-07-22T16:57:55.754+0000] {processor.py:183} INFO - Processing /opt/airflow/dags/Global-Nuclear-Power-Tracker-October-2023.xlsx took 0.105 seconds
[2024-07-22T16:58:25.973+0000] {processor.py:161} INFO - Started process (PID=835) to work on /opt/airflow/dags/Global-Nuclear-Power-Tracker-October-2023.xlsx
[2024-07-22T16:58:25.980+0000] {processor.py:830} INFO - Processing file /opt/airflow/dags/Global-Nuclear-Power-Tracker-October-2023.xlsx for tasks to queue
[2024-07-22T16:58:26.003+0000] {logging_mixin.py:188} INFO - [2024-07-22T16:58:26.001+0000] {dagbag.py:545} INFO - Filling up the DagBag from /opt/airflow/dags/Global-Nuclear-Power-Tracker-October-2023.xlsx
[2024-07-22T16:58:26.007+0000] {processor.py:842} WARNING - No viable dags retrieved from /opt/airflow/dags/Global-Nuclear-Power-Tracker-October-2023.xlsx
[2024-07-22T16:58:26.069+0000] {processor.py:183} INFO - Processing /opt/airflow/dags/Global-Nuclear-Power-Tracker-October-2023.xlsx took 0.143 seconds
[2024-07-22T16:58:56.362+0000] {processor.py:161} INFO - Started process (PID=896) to work on /opt/airflow/dags/Global-Nuclear-Power-Tracker-October-2023.xlsx
[2024-07-22T16:58:56.372+0000] {processor.py:830} INFO - Processing file /opt/airflow/dags/Global-Nuclear-Power-Tracker-October-2023.xlsx for tasks to queue
[2024-07-22T16:58:56.377+0000] {logging_mixin.py:188} INFO - [2024-07-22T16:58:56.376+0000] {dagbag.py:545} INFO - Filling up the DagBag from /opt/airflow/dags/Global-Nuclear-Power-Tracker-October-2023.xlsx
[2024-07-22T16:58:56.384+0000] {processor.py:842} WARNING - No viable dags retrieved from /opt/airflow/dags/Global-Nuclear-Power-Tracker-October-2023.xlsx
[2024-07-22T16:58:56.449+0000] {processor.py:183} INFO - Processing /opt/airflow/dags/Global-Nuclear-Power-Tracker-October-2023.xlsx took 0.108 seconds
[2024-07-22T16:59:27.140+0000] {processor.py:161} INFO - Started process (PID=957) to work on /opt/airflow/dags/Global-Nuclear-Power-Tracker-October-2023.xlsx
[2024-07-22T16:59:27.150+0000] {processor.py:830} INFO - Processing file /opt/airflow/dags/Global-Nuclear-Power-Tracker-October-2023.xlsx for tasks to queue
[2024-07-22T16:59:27.171+0000] {logging_mixin.py:188} INFO - [2024-07-22T16:59:27.170+0000] {dagbag.py:545} INFO - Filling up the DagBag from /opt/airflow/dags/Global-Nuclear-Power-Tracker-October-2023.xlsx
[2024-07-22T16:59:27.178+0000] {processor.py:842} WARNING - No viable dags retrieved from /opt/airflow/dags/Global-Nuclear-Power-Tracker-October-2023.xlsx
[2024-07-22T16:59:27.287+0000] {processor.py:183} INFO - Processing /opt/airflow/dags/Global-Nuclear-Power-Tracker-October-2023.xlsx took 0.266 seconds
[2024-07-22T16:59:58.291+0000] {processor.py:161} INFO - Started process (PID=1018) to work on /opt/airflow/dags/Global-Nuclear-Power-Tracker-October-2023.xlsx
[2024-07-22T16:59:58.300+0000] {processor.py:830} INFO - Processing file /opt/airflow/dags/Global-Nuclear-Power-Tracker-October-2023.xlsx for tasks to queue
[2024-07-22T16:59:58.305+0000] {logging_mixin.py:188} INFO - [2024-07-22T16:59:58.304+0000] {dagbag.py:545} INFO - Filling up the DagBag from /opt/airflow/dags/Global-Nuclear-Power-Tracker-October-2023.xlsx
[2024-07-22T16:59:58.314+0000] {processor.py:842} WARNING - No viable dags retrieved from /opt/airflow/dags/Global-Nuclear-Power-Tracker-October-2023.xlsx
[2024-07-22T16:59:58.353+0000] {processor.py:183} INFO - Processing /opt/airflow/dags/Global-Nuclear-Power-Tracker-October-2023.xlsx took 0.083 seconds
[2024-07-22T17:00:28.946+0000] {processor.py:161} INFO - Started process (PID=1079) to work on /opt/airflow/dags/Global-Nuclear-Power-Tracker-October-2023.xlsx
[2024-07-22T17:00:28.953+0000] {processor.py:830} INFO - Processing file /opt/airflow/dags/Global-Nuclear-Power-Tracker-October-2023.xlsx for tasks to queue
[2024-07-22T17:00:28.958+0000] {logging_mixin.py:188} INFO - [2024-07-22T17:00:28.957+0000] {dagbag.py:545} INFO - Filling up the DagBag from /opt/airflow/dags/Global-Nuclear-Power-Tracker-October-2023.xlsx
[2024-07-22T17:00:28.960+0000] {processor.py:842} WARNING - No viable dags retrieved from /opt/airflow/dags/Global-Nuclear-Power-Tracker-October-2023.xlsx
[2024-07-22T17:00:28.997+0000] {processor.py:183} INFO - Processing /opt/airflow/dags/Global-Nuclear-Power-Tracker-October-2023.xlsx took 0.071 seconds
[2024-07-22T17:00:59.428+0000] {processor.py:161} INFO - Started process (PID=1140) to work on /opt/airflow/dags/Global-Nuclear-Power-Tracker-October-2023.xlsx
[2024-07-22T17:00:59.429+0000] {processor.py:830} INFO - Processing file /opt/airflow/dags/Global-Nuclear-Power-Tracker-October-2023.xlsx for tasks to queue
[2024-07-22T17:00:59.432+0000] {logging_mixin.py:188} INFO - [2024-07-22T17:00:59.432+0000] {dagbag.py:545} INFO - Filling up the DagBag from /opt/airflow/dags/Global-Nuclear-Power-Tracker-October-2023.xlsx
[2024-07-22T17:00:59.435+0000] {processor.py:842} WARNING - No viable dags retrieved from /opt/airflow/dags/Global-Nuclear-Power-Tracker-October-2023.xlsx
[2024-07-22T17:00:59.457+0000] {processor.py:183} INFO - Processing /opt/airflow/dags/Global-Nuclear-Power-Tracker-October-2023.xlsx took 0.039 seconds
[2024-07-22T17:01:29.848+0000] {processor.py:161} INFO - Started process (PID=1201) to work on /opt/airflow/dags/Global-Nuclear-Power-Tracker-October-2023.xlsx
[2024-07-22T17:01:29.850+0000] {processor.py:830} INFO - Processing file /opt/airflow/dags/Global-Nuclear-Power-Tracker-October-2023.xlsx for tasks to queue
[2024-07-22T17:01:29.854+0000] {logging_mixin.py:188} INFO - [2024-07-22T17:01:29.853+0000] {dagbag.py:545} INFO - Filling up the DagBag from /opt/airflow/dags/Global-Nuclear-Power-Tracker-October-2023.xlsx
[2024-07-22T17:01:29.856+0000] {processor.py:842} WARNING - No viable dags retrieved from /opt/airflow/dags/Global-Nuclear-Power-Tracker-October-2023.xlsx
[2024-07-22T17:01:29.875+0000] {processor.py:183} INFO - Processing /opt/airflow/dags/Global-Nuclear-Power-Tracker-October-2023.xlsx took 0.037 seconds
[2024-07-22T17:02:00.178+0000] {processor.py:161} INFO - Started process (PID=1262) to work on /opt/airflow/dags/Global-Nuclear-Power-Tracker-October-2023.xlsx
[2024-07-22T17:02:00.179+0000] {processor.py:830} INFO - Processing file /opt/airflow/dags/Global-Nuclear-Power-Tracker-October-2023.xlsx for tasks to queue
[2024-07-22T17:02:00.182+0000] {logging_mixin.py:188} INFO - [2024-07-22T17:02:00.182+0000] {dagbag.py:545} INFO - Filling up the DagBag from /opt/airflow/dags/Global-Nuclear-Power-Tracker-October-2023.xlsx
[2024-07-22T17:02:00.185+0000] {processor.py:842} WARNING - No viable dags retrieved from /opt/airflow/dags/Global-Nuclear-Power-Tracker-October-2023.xlsx
[2024-07-22T17:02:00.207+0000] {processor.py:183} INFO - Processing /opt/airflow/dags/Global-Nuclear-Power-Tracker-October-2023.xlsx took 0.039 seconds
[2024-07-22T17:05:43.452+0000] {processor.py:161} INFO - Started process (PID=62) to work on /opt/airflow/dags/Global-Nuclear-Power-Tracker-October-2023.xlsx
[2024-07-22T17:05:43.454+0000] {processor.py:830} INFO - Processing file /opt/airflow/dags/Global-Nuclear-Power-Tracker-October-2023.xlsx for tasks to queue
[2024-07-22T17:05:43.460+0000] {logging_mixin.py:188} INFO - [2024-07-22T17:05:43.458+0000] {dagbag.py:545} INFO - Filling up the DagBag from /opt/airflow/dags/Global-Nuclear-Power-Tracker-October-2023.xlsx
[2024-07-22T17:05:43.463+0000] {processor.py:842} WARNING - No viable dags retrieved from /opt/airflow/dags/Global-Nuclear-Power-Tracker-October-2023.xlsx
[2024-07-22T17:05:43.491+0000] {processor.py:183} INFO - Processing /opt/airflow/dags/Global-Nuclear-Power-Tracker-October-2023.xlsx took 0.052 seconds
[2024-07-22T17:06:13.899+0000] {processor.py:161} INFO - Started process (PID=124) to work on /opt/airflow/dags/Global-Nuclear-Power-Tracker-October-2023.xlsx
[2024-07-22T17:06:13.900+0000] {processor.py:830} INFO - Processing file /opt/airflow/dags/Global-Nuclear-Power-Tracker-October-2023.xlsx for tasks to queue
[2024-07-22T17:06:13.906+0000] {logging_mixin.py:188} INFO - [2024-07-22T17:06:13.905+0000] {dagbag.py:545} INFO - Filling up the DagBag from /opt/airflow/dags/Global-Nuclear-Power-Tracker-October-2023.xlsx
[2024-07-22T17:06:13.917+0000] {processor.py:842} WARNING - No viable dags retrieved from /opt/airflow/dags/Global-Nuclear-Power-Tracker-October-2023.xlsx
[2024-07-22T17:06:13.956+0000] {processor.py:183} INFO - Processing /opt/airflow/dags/Global-Nuclear-Power-Tracker-October-2023.xlsx took 0.104 seconds
[2024-07-22T17:06:44.818+0000] {processor.py:161} INFO - Started process (PID=186) to work on /opt/airflow/dags/Global-Nuclear-Power-Tracker-October-2023.xlsx
[2024-07-22T17:06:44.821+0000] {processor.py:830} INFO - Processing file /opt/airflow/dags/Global-Nuclear-Power-Tracker-October-2023.xlsx for tasks to queue
[2024-07-22T17:06:44.825+0000] {logging_mixin.py:188} INFO - [2024-07-22T17:06:44.824+0000] {dagbag.py:545} INFO - Filling up the DagBag from /opt/airflow/dags/Global-Nuclear-Power-Tracker-October-2023.xlsx
[2024-07-22T17:06:44.828+0000] {processor.py:842} WARNING - No viable dags retrieved from /opt/airflow/dags/Global-Nuclear-Power-Tracker-October-2023.xlsx
[2024-07-22T17:06:44.851+0000] {processor.py:183} INFO - Processing /opt/airflow/dags/Global-Nuclear-Power-Tracker-October-2023.xlsx took 0.045 seconds
[2024-07-22T17:07:14.992+0000] {processor.py:161} INFO - Started process (PID=248) to work on /opt/airflow/dags/Global-Nuclear-Power-Tracker-October-2023.xlsx
[2024-07-22T17:07:14.993+0000] {processor.py:830} INFO - Processing file /opt/airflow/dags/Global-Nuclear-Power-Tracker-October-2023.xlsx for tasks to queue
[2024-07-22T17:07:14.996+0000] {logging_mixin.py:188} INFO - [2024-07-22T17:07:14.995+0000] {dagbag.py:545} INFO - Filling up the DagBag from /opt/airflow/dags/Global-Nuclear-Power-Tracker-October-2023.xlsx
[2024-07-22T17:07:14.998+0000] {processor.py:842} WARNING - No viable dags retrieved from /opt/airflow/dags/Global-Nuclear-Power-Tracker-October-2023.xlsx
[2024-07-22T17:07:15.020+0000] {processor.py:183} INFO - Processing /opt/airflow/dags/Global-Nuclear-Power-Tracker-October-2023.xlsx took 0.038 seconds
[2024-07-22T17:07:45.397+0000] {processor.py:161} INFO - Started process (PID=310) to work on /opt/airflow/dags/Global-Nuclear-Power-Tracker-October-2023.xlsx
[2024-07-22T17:07:45.399+0000] {processor.py:830} INFO - Processing file /opt/airflow/dags/Global-Nuclear-Power-Tracker-October-2023.xlsx for tasks to queue
[2024-07-22T17:07:45.403+0000] {logging_mixin.py:188} INFO - [2024-07-22T17:07:45.402+0000] {dagbag.py:545} INFO - Filling up the DagBag from /opt/airflow/dags/Global-Nuclear-Power-Tracker-October-2023.xlsx
[2024-07-22T17:07:45.405+0000] {processor.py:842} WARNING - No viable dags retrieved from /opt/airflow/dags/Global-Nuclear-Power-Tracker-October-2023.xlsx
[2024-07-22T17:07:45.427+0000] {processor.py:183} INFO - Processing /opt/airflow/dags/Global-Nuclear-Power-Tracker-October-2023.xlsx took 0.040 seconds
[2024-07-22T17:08:15.557+0000] {processor.py:161} INFO - Started process (PID=372) to work on /opt/airflow/dags/Global-Nuclear-Power-Tracker-October-2023.xlsx
[2024-07-22T17:08:15.558+0000] {processor.py:830} INFO - Processing file /opt/airflow/dags/Global-Nuclear-Power-Tracker-October-2023.xlsx for tasks to queue
[2024-07-22T17:08:15.561+0000] {logging_mixin.py:188} INFO - [2024-07-22T17:08:15.561+0000] {dagbag.py:545} INFO - Filling up the DagBag from /opt/airflow/dags/Global-Nuclear-Power-Tracker-October-2023.xlsx
[2024-07-22T17:08:15.563+0000] {processor.py:842} WARNING - No viable dags retrieved from /opt/airflow/dags/Global-Nuclear-Power-Tracker-October-2023.xlsx
[2024-07-22T17:08:15.586+0000] {processor.py:183} INFO - Processing /opt/airflow/dags/Global-Nuclear-Power-Tracker-October-2023.xlsx took 0.038 seconds
[2024-07-22T17:08:45.987+0000] {processor.py:161} INFO - Started process (PID=434) to work on /opt/airflow/dags/Global-Nuclear-Power-Tracker-October-2023.xlsx
[2024-07-22T17:08:45.989+0000] {processor.py:830} INFO - Processing file /opt/airflow/dags/Global-Nuclear-Power-Tracker-October-2023.xlsx for tasks to queue
[2024-07-22T17:08:45.993+0000] {logging_mixin.py:188} INFO - [2024-07-22T17:08:45.992+0000] {dagbag.py:545} INFO - Filling up the DagBag from /opt/airflow/dags/Global-Nuclear-Power-Tracker-October-2023.xlsx
[2024-07-22T17:08:45.995+0000] {processor.py:842} WARNING - No viable dags retrieved from /opt/airflow/dags/Global-Nuclear-Power-Tracker-October-2023.xlsx
[2024-07-22T17:08:46.021+0000] {processor.py:183} INFO - Processing /opt/airflow/dags/Global-Nuclear-Power-Tracker-October-2023.xlsx took 0.047 seconds
[2024-07-22T17:09:16.379+0000] {processor.py:161} INFO - Started process (PID=496) to work on /opt/airflow/dags/Global-Nuclear-Power-Tracker-October-2023.xlsx
[2024-07-22T17:09:16.381+0000] {processor.py:830} INFO - Processing file /opt/airflow/dags/Global-Nuclear-Power-Tracker-October-2023.xlsx for tasks to queue
[2024-07-22T17:09:16.384+0000] {logging_mixin.py:188} INFO - [2024-07-22T17:09:16.384+0000] {dagbag.py:545} INFO - Filling up the DagBag from /opt/airflow/dags/Global-Nuclear-Power-Tracker-October-2023.xlsx
[2024-07-22T17:09:16.386+0000] {processor.py:842} WARNING - No viable dags retrieved from /opt/airflow/dags/Global-Nuclear-Power-Tracker-October-2023.xlsx
[2024-07-22T17:09:16.408+0000] {processor.py:183} INFO - Processing /opt/airflow/dags/Global-Nuclear-Power-Tracker-October-2023.xlsx took 0.038 seconds
[2024-07-22T17:09:47.124+0000] {processor.py:161} INFO - Started process (PID=558) to work on /opt/airflow/dags/Global-Nuclear-Power-Tracker-October-2023.xlsx
[2024-07-22T17:09:47.126+0000] {processor.py:830} INFO - Processing file /opt/airflow/dags/Global-Nuclear-Power-Tracker-October-2023.xlsx for tasks to queue
[2024-07-22T17:09:47.130+0000] {logging_mixin.py:188} INFO - [2024-07-22T17:09:47.129+0000] {dagbag.py:545} INFO - Filling up the DagBag from /opt/airflow/dags/Global-Nuclear-Power-Tracker-October-2023.xlsx
[2024-07-22T17:09:47.133+0000] {processor.py:842} WARNING - No viable dags retrieved from /opt/airflow/dags/Global-Nuclear-Power-Tracker-October-2023.xlsx
[2024-07-22T17:09:47.157+0000] {processor.py:183} INFO - Processing /opt/airflow/dags/Global-Nuclear-Power-Tracker-October-2023.xlsx took 0.046 seconds
[2024-07-22T17:10:17.245+0000] {processor.py:161} INFO - Started process (PID=620) to work on /opt/airflow/dags/Global-Nuclear-Power-Tracker-October-2023.xlsx
[2024-07-22T17:10:17.248+0000] {processor.py:830} INFO - Processing file /opt/airflow/dags/Global-Nuclear-Power-Tracker-October-2023.xlsx for tasks to queue
[2024-07-22T17:10:17.252+0000] {logging_mixin.py:188} INFO - [2024-07-22T17:10:17.251+0000] {dagbag.py:545} INFO - Filling up the DagBag from /opt/airflow/dags/Global-Nuclear-Power-Tracker-October-2023.xlsx
[2024-07-22T17:10:17.254+0000] {processor.py:842} WARNING - No viable dags retrieved from /opt/airflow/dags/Global-Nuclear-Power-Tracker-October-2023.xlsx
[2024-07-22T17:10:17.281+0000] {processor.py:183} INFO - Processing /opt/airflow/dags/Global-Nuclear-Power-Tracker-October-2023.xlsx took 0.048 seconds
[2024-07-22T17:10:47.636+0000] {processor.py:161} INFO - Started process (PID=682) to work on /opt/airflow/dags/Global-Nuclear-Power-Tracker-October-2023.xlsx
[2024-07-22T17:10:47.638+0000] {processor.py:830} INFO - Processing file /opt/airflow/dags/Global-Nuclear-Power-Tracker-October-2023.xlsx for tasks to queue
[2024-07-22T17:10:47.641+0000] {logging_mixin.py:188} INFO - [2024-07-22T17:10:47.641+0000] {dagbag.py:545} INFO - Filling up the DagBag from /opt/airflow/dags/Global-Nuclear-Power-Tracker-October-2023.xlsx
[2024-07-22T17:10:47.643+0000] {processor.py:842} WARNING - No viable dags retrieved from /opt/airflow/dags/Global-Nuclear-Power-Tracker-October-2023.xlsx
[2024-07-22T17:10:47.667+0000] {processor.py:183} INFO - Processing /opt/airflow/dags/Global-Nuclear-Power-Tracker-October-2023.xlsx took 0.041 seconds
[2024-07-22T17:11:18.077+0000] {processor.py:161} INFO - Started process (PID=745) to work on /opt/airflow/dags/Global-Nuclear-Power-Tracker-October-2023.xlsx
[2024-07-22T17:11:18.081+0000] {processor.py:830} INFO - Processing file /opt/airflow/dags/Global-Nuclear-Power-Tracker-October-2023.xlsx for tasks to queue
[2024-07-22T17:11:18.092+0000] {logging_mixin.py:188} INFO - [2024-07-22T17:11:18.091+0000] {dagbag.py:545} INFO - Filling up the DagBag from /opt/airflow/dags/Global-Nuclear-Power-Tracker-October-2023.xlsx
[2024-07-22T17:11:18.101+0000] {processor.py:842} WARNING - No viable dags retrieved from /opt/airflow/dags/Global-Nuclear-Power-Tracker-October-2023.xlsx
[2024-07-22T17:11:18.187+0000] {processor.py:183} INFO - Processing /opt/airflow/dags/Global-Nuclear-Power-Tracker-October-2023.xlsx took 0.147 seconds
[2024-07-22T17:13:14.983+0000] {processor.py:161} INFO - Started process (PID=56) to work on /opt/airflow/dags/Global-Nuclear-Power-Tracker-October-2023.xlsx
[2024-07-22T17:13:14.988+0000] {processor.py:830} INFO - Processing file /opt/airflow/dags/Global-Nuclear-Power-Tracker-October-2023.xlsx for tasks to queue
[2024-07-22T17:13:14.996+0000] {logging_mixin.py:188} INFO - [2024-07-22T17:13:14.990+0000] {dagbag.py:545} INFO - Filling up the DagBag from /opt/airflow/dags/Global-Nuclear-Power-Tracker-October-2023.xlsx
[2024-07-22T17:13:14.999+0000] {processor.py:842} WARNING - No viable dags retrieved from /opt/airflow/dags/Global-Nuclear-Power-Tracker-October-2023.xlsx
[2024-07-22T17:13:15.026+0000] {processor.py:183} INFO - Processing /opt/airflow/dags/Global-Nuclear-Power-Tracker-October-2023.xlsx took 0.085 seconds
[2024-07-22T17:13:45.318+0000] {processor.py:161} INFO - Started process (PID=118) to work on /opt/airflow/dags/Global-Nuclear-Power-Tracker-October-2023.xlsx
[2024-07-22T17:13:45.319+0000] {processor.py:830} INFO - Processing file /opt/airflow/dags/Global-Nuclear-Power-Tracker-October-2023.xlsx for tasks to queue
[2024-07-22T17:13:45.323+0000] {logging_mixin.py:188} INFO - [2024-07-22T17:13:45.323+0000] {dagbag.py:545} INFO - Filling up the DagBag from /opt/airflow/dags/Global-Nuclear-Power-Tracker-October-2023.xlsx
[2024-07-22T17:13:45.327+0000] {processor.py:842} WARNING - No viable dags retrieved from /opt/airflow/dags/Global-Nuclear-Power-Tracker-October-2023.xlsx
[2024-07-22T17:13:45.351+0000] {processor.py:183} INFO - Processing /opt/airflow/dags/Global-Nuclear-Power-Tracker-October-2023.xlsx took 0.046 seconds
[2024-07-22T17:14:15.845+0000] {processor.py:161} INFO - Started process (PID=180) to work on /opt/airflow/dags/Global-Nuclear-Power-Tracker-October-2023.xlsx
[2024-07-22T17:14:15.847+0000] {processor.py:830} INFO - Processing file /opt/airflow/dags/Global-Nuclear-Power-Tracker-October-2023.xlsx for tasks to queue
[2024-07-22T17:14:15.850+0000] {logging_mixin.py:188} INFO - [2024-07-22T17:14:15.850+0000] {dagbag.py:545} INFO - Filling up the DagBag from /opt/airflow/dags/Global-Nuclear-Power-Tracker-October-2023.xlsx
[2024-07-22T17:14:15.853+0000] {processor.py:842} WARNING - No viable dags retrieved from /opt/airflow/dags/Global-Nuclear-Power-Tracker-October-2023.xlsx
[2024-07-22T17:14:15.876+0000] {processor.py:183} INFO - Processing /opt/airflow/dags/Global-Nuclear-Power-Tracker-October-2023.xlsx took 0.042 seconds
[2024-07-22T17:14:46.261+0000] {processor.py:161} INFO - Started process (PID=242) to work on /opt/airflow/dags/Global-Nuclear-Power-Tracker-October-2023.xlsx
[2024-07-22T17:14:46.262+0000] {processor.py:830} INFO - Processing file /opt/airflow/dags/Global-Nuclear-Power-Tracker-October-2023.xlsx for tasks to queue
[2024-07-22T17:14:46.265+0000] {logging_mixin.py:188} INFO - [2024-07-22T17:14:46.265+0000] {dagbag.py:545} INFO - Filling up the DagBag from /opt/airflow/dags/Global-Nuclear-Power-Tracker-October-2023.xlsx
[2024-07-22T17:14:46.268+0000] {processor.py:842} WARNING - No viable dags retrieved from /opt/airflow/dags/Global-Nuclear-Power-Tracker-October-2023.xlsx
[2024-07-22T17:14:46.290+0000] {processor.py:183} INFO - Processing /opt/airflow/dags/Global-Nuclear-Power-Tracker-October-2023.xlsx took 0.039 seconds
[2024-07-22T17:15:16.877+0000] {processor.py:161} INFO - Started process (PID=304) to work on /opt/airflow/dags/Global-Nuclear-Power-Tracker-October-2023.xlsx
[2024-07-22T17:15:16.880+0000] {processor.py:830} INFO - Processing file /opt/airflow/dags/Global-Nuclear-Power-Tracker-October-2023.xlsx for tasks to queue
[2024-07-22T17:15:16.884+0000] {logging_mixin.py:188} INFO - [2024-07-22T17:15:16.884+0000] {dagbag.py:545} INFO - Filling up the DagBag from /opt/airflow/dags/Global-Nuclear-Power-Tracker-October-2023.xlsx
[2024-07-22T17:15:16.888+0000] {processor.py:842} WARNING - No viable dags retrieved from /opt/airflow/dags/Global-Nuclear-Power-Tracker-October-2023.xlsx
[2024-07-22T17:15:16.914+0000] {processor.py:183} INFO - Processing /opt/airflow/dags/Global-Nuclear-Power-Tracker-October-2023.xlsx took 0.049 seconds
[2024-07-22T17:15:47.565+0000] {processor.py:161} INFO - Started process (PID=372) to work on /opt/airflow/dags/Global-Nuclear-Power-Tracker-October-2023.xlsx
[2024-07-22T17:15:47.566+0000] {processor.py:830} INFO - Processing file /opt/airflow/dags/Global-Nuclear-Power-Tracker-October-2023.xlsx for tasks to queue
[2024-07-22T17:15:47.570+0000] {logging_mixin.py:188} INFO - [2024-07-22T17:15:47.569+0000] {dagbag.py:545} INFO - Filling up the DagBag from /opt/airflow/dags/Global-Nuclear-Power-Tracker-October-2023.xlsx
[2024-07-22T17:15:47.572+0000] {processor.py:842} WARNING - No viable dags retrieved from /opt/airflow/dags/Global-Nuclear-Power-Tracker-October-2023.xlsx
[2024-07-22T17:15:47.593+0000] {processor.py:183} INFO - Processing /opt/airflow/dags/Global-Nuclear-Power-Tracker-October-2023.xlsx took 0.040 seconds
[2024-07-22T17:16:17.891+0000] {processor.py:161} INFO - Started process (PID=434) to work on /opt/airflow/dags/Global-Nuclear-Power-Tracker-October-2023.xlsx
[2024-07-22T17:16:17.893+0000] {processor.py:830} INFO - Processing file /opt/airflow/dags/Global-Nuclear-Power-Tracker-October-2023.xlsx for tasks to queue
[2024-07-22T17:16:17.896+0000] {logging_mixin.py:188} INFO - [2024-07-22T17:16:17.895+0000] {dagbag.py:545} INFO - Filling up the DagBag from /opt/airflow/dags/Global-Nuclear-Power-Tracker-October-2023.xlsx
[2024-07-22T17:16:17.898+0000] {processor.py:842} WARNING - No viable dags retrieved from /opt/airflow/dags/Global-Nuclear-Power-Tracker-October-2023.xlsx
[2024-07-22T17:16:17.919+0000] {processor.py:183} INFO - Processing /opt/airflow/dags/Global-Nuclear-Power-Tracker-October-2023.xlsx took 0.039 seconds
[2024-07-22T17:16:48.063+0000] {processor.py:161} INFO - Started process (PID=496) to work on /opt/airflow/dags/Global-Nuclear-Power-Tracker-October-2023.xlsx
[2024-07-22T17:16:48.066+0000] {processor.py:830} INFO - Processing file /opt/airflow/dags/Global-Nuclear-Power-Tracker-October-2023.xlsx for tasks to queue
[2024-07-22T17:16:48.070+0000] {logging_mixin.py:188} INFO - [2024-07-22T17:16:48.069+0000] {dagbag.py:545} INFO - Filling up the DagBag from /opt/airflow/dags/Global-Nuclear-Power-Tracker-October-2023.xlsx
[2024-07-22T17:16:48.072+0000] {processor.py:842} WARNING - No viable dags retrieved from /opt/airflow/dags/Global-Nuclear-Power-Tracker-October-2023.xlsx
[2024-07-22T17:16:48.095+0000] {processor.py:183} INFO - Processing /opt/airflow/dags/Global-Nuclear-Power-Tracker-October-2023.xlsx took 0.043 seconds
[2024-07-22T17:17:18.269+0000] {processor.py:161} INFO - Started process (PID=558) to work on /opt/airflow/dags/Global-Nuclear-Power-Tracker-October-2023.xlsx
[2024-07-22T17:17:18.271+0000] {processor.py:830} INFO - Processing file /opt/airflow/dags/Global-Nuclear-Power-Tracker-October-2023.xlsx for tasks to queue
[2024-07-22T17:17:18.275+0000] {logging_mixin.py:188} INFO - [2024-07-22T17:17:18.274+0000] {dagbag.py:545} INFO - Filling up the DagBag from /opt/airflow/dags/Global-Nuclear-Power-Tracker-October-2023.xlsx
[2024-07-22T17:17:18.277+0000] {processor.py:842} WARNING - No viable dags retrieved from /opt/airflow/dags/Global-Nuclear-Power-Tracker-October-2023.xlsx
[2024-07-22T17:17:18.301+0000] {processor.py:183} INFO - Processing /opt/airflow/dags/Global-Nuclear-Power-Tracker-October-2023.xlsx took 0.046 seconds
[2024-07-22T17:17:48.896+0000] {processor.py:161} INFO - Started process (PID=621) to work on /opt/airflow/dags/Global-Nuclear-Power-Tracker-October-2023.xlsx
[2024-07-22T17:17:48.898+0000] {processor.py:830} INFO - Processing file /opt/airflow/dags/Global-Nuclear-Power-Tracker-October-2023.xlsx for tasks to queue
[2024-07-22T17:17:48.902+0000] {logging_mixin.py:188} INFO - [2024-07-22T17:17:48.902+0000] {dagbag.py:545} INFO - Filling up the DagBag from /opt/airflow/dags/Global-Nuclear-Power-Tracker-October-2023.xlsx
[2024-07-22T17:17:48.905+0000] {processor.py:842} WARNING - No viable dags retrieved from /opt/airflow/dags/Global-Nuclear-Power-Tracker-October-2023.xlsx
[2024-07-22T17:17:48.940+0000] {processor.py:183} INFO - Processing /opt/airflow/dags/Global-Nuclear-Power-Tracker-October-2023.xlsx took 0.057 seconds
[2024-07-22T17:18:19.418+0000] {processor.py:161} INFO - Started process (PID=683) to work on /opt/airflow/dags/Global-Nuclear-Power-Tracker-October-2023.xlsx
[2024-07-22T17:18:19.420+0000] {processor.py:830} INFO - Processing file /opt/airflow/dags/Global-Nuclear-Power-Tracker-October-2023.xlsx for tasks to queue
[2024-07-22T17:18:19.424+0000] {logging_mixin.py:188} INFO - [2024-07-22T17:18:19.424+0000] {dagbag.py:545} INFO - Filling up the DagBag from /opt/airflow/dags/Global-Nuclear-Power-Tracker-October-2023.xlsx
[2024-07-22T17:18:19.426+0000] {processor.py:842} WARNING - No viable dags retrieved from /opt/airflow/dags/Global-Nuclear-Power-Tracker-October-2023.xlsx
[2024-07-22T17:18:19.446+0000] {processor.py:183} INFO - Processing /opt/airflow/dags/Global-Nuclear-Power-Tracker-October-2023.xlsx took 0.040 seconds
[2024-07-22T17:18:49.962+0000] {processor.py:161} INFO - Started process (PID=745) to work on /opt/airflow/dags/Global-Nuclear-Power-Tracker-October-2023.xlsx
[2024-07-22T17:18:49.963+0000] {processor.py:830} INFO - Processing file /opt/airflow/dags/Global-Nuclear-Power-Tracker-October-2023.xlsx for tasks to queue
[2024-07-22T17:18:49.966+0000] {logging_mixin.py:188} INFO - [2024-07-22T17:18:49.965+0000] {dagbag.py:545} INFO - Filling up the DagBag from /opt/airflow/dags/Global-Nuclear-Power-Tracker-October-2023.xlsx
[2024-07-22T17:18:49.969+0000] {processor.py:842} WARNING - No viable dags retrieved from /opt/airflow/dags/Global-Nuclear-Power-Tracker-October-2023.xlsx
[2024-07-22T17:18:49.992+0000] {processor.py:183} INFO - Processing /opt/airflow/dags/Global-Nuclear-Power-Tracker-October-2023.xlsx took 0.041 seconds
[2024-07-22T17:19:20.281+0000] {processor.py:161} INFO - Started process (PID=808) to work on /opt/airflow/dags/Global-Nuclear-Power-Tracker-October-2023.xlsx
[2024-07-22T17:19:20.283+0000] {processor.py:830} INFO - Processing file /opt/airflow/dags/Global-Nuclear-Power-Tracker-October-2023.xlsx for tasks to queue
[2024-07-22T17:19:20.286+0000] {logging_mixin.py:188} INFO - [2024-07-22T17:19:20.285+0000] {dagbag.py:545} INFO - Filling up the DagBag from /opt/airflow/dags/Global-Nuclear-Power-Tracker-October-2023.xlsx
[2024-07-22T17:19:20.288+0000] {processor.py:842} WARNING - No viable dags retrieved from /opt/airflow/dags/Global-Nuclear-Power-Tracker-October-2023.xlsx
[2024-07-22T17:19:20.312+0000] {processor.py:183} INFO - Processing /opt/airflow/dags/Global-Nuclear-Power-Tracker-October-2023.xlsx took 0.042 seconds
[2024-07-22T17:19:50.802+0000] {processor.py:161} INFO - Started process (PID=870) to work on /opt/airflow/dags/Global-Nuclear-Power-Tracker-October-2023.xlsx
[2024-07-22T17:19:50.804+0000] {processor.py:830} INFO - Processing file /opt/airflow/dags/Global-Nuclear-Power-Tracker-October-2023.xlsx for tasks to queue
[2024-07-22T17:19:50.808+0000] {logging_mixin.py:188} INFO - [2024-07-22T17:19:50.808+0000] {dagbag.py:545} INFO - Filling up the DagBag from /opt/airflow/dags/Global-Nuclear-Power-Tracker-October-2023.xlsx
[2024-07-22T17:19:50.811+0000] {processor.py:842} WARNING - No viable dags retrieved from /opt/airflow/dags/Global-Nuclear-Power-Tracker-October-2023.xlsx
[2024-07-22T17:19:50.836+0000] {processor.py:183} INFO - Processing /opt/airflow/dags/Global-Nuclear-Power-Tracker-October-2023.xlsx took 0.046 seconds
[2024-07-22T17:20:21.043+0000] {processor.py:161} INFO - Started process (PID=933) to work on /opt/airflow/dags/Global-Nuclear-Power-Tracker-October-2023.xlsx
[2024-07-22T17:20:21.045+0000] {processor.py:830} INFO - Processing file /opt/airflow/dags/Global-Nuclear-Power-Tracker-October-2023.xlsx for tasks to queue
[2024-07-22T17:20:21.048+0000] {logging_mixin.py:188} INFO - [2024-07-22T17:20:21.048+0000] {dagbag.py:545} INFO - Filling up the DagBag from /opt/airflow/dags/Global-Nuclear-Power-Tracker-October-2023.xlsx
[2024-07-22T17:20:21.050+0000] {processor.py:842} WARNING - No viable dags retrieved from /opt/airflow/dags/Global-Nuclear-Power-Tracker-October-2023.xlsx
[2024-07-22T17:20:21.072+0000] {processor.py:183} INFO - Processing /opt/airflow/dags/Global-Nuclear-Power-Tracker-October-2023.xlsx took 0.039 seconds
[2024-07-22T17:20:51.339+0000] {processor.py:161} INFO - Started process (PID=996) to work on /opt/airflow/dags/Global-Nuclear-Power-Tracker-October-2023.xlsx
[2024-07-22T17:20:51.342+0000] {processor.py:830} INFO - Processing file /opt/airflow/dags/Global-Nuclear-Power-Tracker-October-2023.xlsx for tasks to queue
[2024-07-22T17:20:51.346+0000] {logging_mixin.py:188} INFO - [2024-07-22T17:20:51.345+0000] {dagbag.py:545} INFO - Filling up the DagBag from /opt/airflow/dags/Global-Nuclear-Power-Tracker-October-2023.xlsx
[2024-07-22T17:20:51.348+0000] {processor.py:842} WARNING - No viable dags retrieved from /opt/airflow/dags/Global-Nuclear-Power-Tracker-October-2023.xlsx
[2024-07-22T17:20:51.370+0000] {processor.py:183} INFO - Processing /opt/airflow/dags/Global-Nuclear-Power-Tracker-October-2023.xlsx took 0.042 seconds
[2024-07-22T17:21:22.245+0000] {processor.py:161} INFO - Started process (PID=1058) to work on /opt/airflow/dags/Global-Nuclear-Power-Tracker-October-2023.xlsx
[2024-07-22T17:21:22.247+0000] {processor.py:830} INFO - Processing file /opt/airflow/dags/Global-Nuclear-Power-Tracker-October-2023.xlsx for tasks to queue
[2024-07-22T17:21:22.250+0000] {logging_mixin.py:188} INFO - [2024-07-22T17:21:22.250+0000] {dagbag.py:545} INFO - Filling up the DagBag from /opt/airflow/dags/Global-Nuclear-Power-Tracker-October-2023.xlsx
[2024-07-22T17:21:22.252+0000] {processor.py:842} WARNING - No viable dags retrieved from /opt/airflow/dags/Global-Nuclear-Power-Tracker-October-2023.xlsx
[2024-07-22T17:21:22.273+0000] {processor.py:183} INFO - Processing /opt/airflow/dags/Global-Nuclear-Power-Tracker-October-2023.xlsx took 0.039 seconds
[2024-07-22T17:21:52.832+0000] {processor.py:161} INFO - Started process (PID=1120) to work on /opt/airflow/dags/Global-Nuclear-Power-Tracker-October-2023.xlsx
[2024-07-22T17:21:52.833+0000] {processor.py:830} INFO - Processing file /opt/airflow/dags/Global-Nuclear-Power-Tracker-October-2023.xlsx for tasks to queue
[2024-07-22T17:21:52.837+0000] {logging_mixin.py:188} INFO - [2024-07-22T17:21:52.836+0000] {dagbag.py:545} INFO - Filling up the DagBag from /opt/airflow/dags/Global-Nuclear-Power-Tracker-October-2023.xlsx
[2024-07-22T17:21:52.839+0000] {processor.py:842} WARNING - No viable dags retrieved from /opt/airflow/dags/Global-Nuclear-Power-Tracker-October-2023.xlsx
[2024-07-22T17:21:52.859+0000] {processor.py:183} INFO - Processing /opt/airflow/dags/Global-Nuclear-Power-Tracker-October-2023.xlsx took 0.041 seconds
[2024-07-22T17:22:23.243+0000] {processor.py:161} INFO - Started process (PID=1182) to work on /opt/airflow/dags/Global-Nuclear-Power-Tracker-October-2023.xlsx
[2024-07-22T17:22:23.246+0000] {processor.py:830} INFO - Processing file /opt/airflow/dags/Global-Nuclear-Power-Tracker-October-2023.xlsx for tasks to queue
[2024-07-22T17:22:23.249+0000] {logging_mixin.py:188} INFO - [2024-07-22T17:22:23.249+0000] {dagbag.py:545} INFO - Filling up the DagBag from /opt/airflow/dags/Global-Nuclear-Power-Tracker-October-2023.xlsx
[2024-07-22T17:22:23.252+0000] {processor.py:842} WARNING - No viable dags retrieved from /opt/airflow/dags/Global-Nuclear-Power-Tracker-October-2023.xlsx
[2024-07-22T17:22:23.292+0000] {processor.py:183} INFO - Processing /opt/airflow/dags/Global-Nuclear-Power-Tracker-October-2023.xlsx took 0.061 seconds
[2024-07-22T17:22:53.450+0000] {processor.py:161} INFO - Started process (PID=1244) to work on /opt/airflow/dags/Global-Nuclear-Power-Tracker-October-2023.xlsx
[2024-07-22T17:22:53.452+0000] {processor.py:830} INFO - Processing file /opt/airflow/dags/Global-Nuclear-Power-Tracker-October-2023.xlsx for tasks to queue
[2024-07-22T17:22:53.455+0000] {logging_mixin.py:188} INFO - [2024-07-22T17:22:53.454+0000] {dagbag.py:545} INFO - Filling up the DagBag from /opt/airflow/dags/Global-Nuclear-Power-Tracker-October-2023.xlsx
[2024-07-22T17:22:53.457+0000] {processor.py:842} WARNING - No viable dags retrieved from /opt/airflow/dags/Global-Nuclear-Power-Tracker-October-2023.xlsx
[2024-07-22T17:22:53.481+0000] {processor.py:183} INFO - Processing /opt/airflow/dags/Global-Nuclear-Power-Tracker-October-2023.xlsx took 0.042 seconds
[2024-07-22T17:23:23.657+0000] {processor.py:161} INFO - Started process (PID=1306) to work on /opt/airflow/dags/Global-Nuclear-Power-Tracker-October-2023.xlsx
[2024-07-22T17:23:23.660+0000] {processor.py:830} INFO - Processing file /opt/airflow/dags/Global-Nuclear-Power-Tracker-October-2023.xlsx for tasks to queue
[2024-07-22T17:23:23.664+0000] {logging_mixin.py:188} INFO - [2024-07-22T17:23:23.663+0000] {dagbag.py:545} INFO - Filling up the DagBag from /opt/airflow/dags/Global-Nuclear-Power-Tracker-October-2023.xlsx
[2024-07-22T17:23:23.666+0000] {processor.py:842} WARNING - No viable dags retrieved from /opt/airflow/dags/Global-Nuclear-Power-Tracker-October-2023.xlsx
[2024-07-22T17:23:23.687+0000] {processor.py:183} INFO - Processing /opt/airflow/dags/Global-Nuclear-Power-Tracker-October-2023.xlsx took 0.043 seconds
[2024-07-22T17:23:54.042+0000] {processor.py:161} INFO - Started process (PID=1368) to work on /opt/airflow/dags/Global-Nuclear-Power-Tracker-October-2023.xlsx
[2024-07-22T17:23:54.043+0000] {processor.py:830} INFO - Processing file /opt/airflow/dags/Global-Nuclear-Power-Tracker-October-2023.xlsx for tasks to queue
[2024-07-22T17:23:54.046+0000] {logging_mixin.py:188} INFO - [2024-07-22T17:23:54.046+0000] {dagbag.py:545} INFO - Filling up the DagBag from /opt/airflow/dags/Global-Nuclear-Power-Tracker-October-2023.xlsx
[2024-07-22T17:23:54.048+0000] {processor.py:842} WARNING - No viable dags retrieved from /opt/airflow/dags/Global-Nuclear-Power-Tracker-October-2023.xlsx
[2024-07-22T17:23:54.068+0000] {processor.py:183} INFO - Processing /opt/airflow/dags/Global-Nuclear-Power-Tracker-October-2023.xlsx took 0.036 seconds
[2024-07-22T17:24:24.186+0000] {processor.py:161} INFO - Started process (PID=1430) to work on /opt/airflow/dags/Global-Nuclear-Power-Tracker-October-2023.xlsx
[2024-07-22T17:24:24.189+0000] {processor.py:830} INFO - Processing file /opt/airflow/dags/Global-Nuclear-Power-Tracker-October-2023.xlsx for tasks to queue
[2024-07-22T17:24:24.192+0000] {logging_mixin.py:188} INFO - [2024-07-22T17:24:24.191+0000] {dagbag.py:545} INFO - Filling up the DagBag from /opt/airflow/dags/Global-Nuclear-Power-Tracker-October-2023.xlsx
[2024-07-22T17:24:24.194+0000] {processor.py:842} WARNING - No viable dags retrieved from /opt/airflow/dags/Global-Nuclear-Power-Tracker-October-2023.xlsx
[2024-07-22T17:24:24.213+0000] {processor.py:183} INFO - Processing /opt/airflow/dags/Global-Nuclear-Power-Tracker-October-2023.xlsx took 0.037 seconds
[2024-07-22T17:41:26.890+0000] {processor.py:161} INFO - Started process (PID=58) to work on /opt/airflow/dags/Global-Nuclear-Power-Tracker-October-2023.xlsx
[2024-07-22T17:41:26.900+0000] {processor.py:830} INFO - Processing file /opt/airflow/dags/Global-Nuclear-Power-Tracker-October-2023.xlsx for tasks to queue
[2024-07-22T17:41:26.911+0000] {logging_mixin.py:188} INFO - [2024-07-22T17:41:26.910+0000] {dagbag.py:545} INFO - Filling up the DagBag from /opt/airflow/dags/Global-Nuclear-Power-Tracker-October-2023.xlsx
[2024-07-22T17:41:26.914+0000] {processor.py:842} WARNING - No viable dags retrieved from /opt/airflow/dags/Global-Nuclear-Power-Tracker-October-2023.xlsx
[2024-07-22T17:41:26.947+0000] {processor.py:183} INFO - Processing /opt/airflow/dags/Global-Nuclear-Power-Tracker-October-2023.xlsx took 0.076 seconds
[2024-07-22T17:41:57.190+0000] {processor.py:161} INFO - Started process (PID=120) to work on /opt/airflow/dags/Global-Nuclear-Power-Tracker-October-2023.xlsx
[2024-07-22T17:41:57.191+0000] {processor.py:830} INFO - Processing file /opt/airflow/dags/Global-Nuclear-Power-Tracker-October-2023.xlsx for tasks to queue
[2024-07-22T17:41:57.196+0000] {logging_mixin.py:188} INFO - [2024-07-22T17:41:57.195+0000] {dagbag.py:545} INFO - Filling up the DagBag from /opt/airflow/dags/Global-Nuclear-Power-Tracker-October-2023.xlsx
[2024-07-22T17:41:57.199+0000] {processor.py:842} WARNING - No viable dags retrieved from /opt/airflow/dags/Global-Nuclear-Power-Tracker-October-2023.xlsx
[2024-07-22T17:41:57.227+0000] {processor.py:183} INFO - Processing /opt/airflow/dags/Global-Nuclear-Power-Tracker-October-2023.xlsx took 0.055 seconds
[2024-07-22T17:53:00.057+0000] {processor.py:161} INFO - Started process (PID=63) to work on /opt/airflow/dags/Global-Nuclear-Power-Tracker-October-2023.xlsx
[2024-07-22T17:53:00.072+0000] {processor.py:830} INFO - Processing file /opt/airflow/dags/Global-Nuclear-Power-Tracker-October-2023.xlsx for tasks to queue
[2024-07-22T17:53:00.075+0000] {logging_mixin.py:188} INFO - [2024-07-22T17:53:00.074+0000] {dagbag.py:545} INFO - Filling up the DagBag from /opt/airflow/dags/Global-Nuclear-Power-Tracker-October-2023.xlsx
[2024-07-22T17:53:00.078+0000] {processor.py:842} WARNING - No viable dags retrieved from /opt/airflow/dags/Global-Nuclear-Power-Tracker-October-2023.xlsx
[2024-07-22T17:53:00.122+0000] {processor.py:183} INFO - Processing /opt/airflow/dags/Global-Nuclear-Power-Tracker-October-2023.xlsx took 0.087 seconds
[2024-07-22T17:53:30.465+0000] {processor.py:161} INFO - Started process (PID=126) to work on /opt/airflow/dags/Global-Nuclear-Power-Tracker-October-2023.xlsx
[2024-07-22T17:53:30.467+0000] {processor.py:830} INFO - Processing file /opt/airflow/dags/Global-Nuclear-Power-Tracker-October-2023.xlsx for tasks to queue
[2024-07-22T17:53:30.470+0000] {logging_mixin.py:188} INFO - [2024-07-22T17:53:30.470+0000] {dagbag.py:545} INFO - Filling up the DagBag from /opt/airflow/dags/Global-Nuclear-Power-Tracker-October-2023.xlsx
[2024-07-22T17:53:30.472+0000] {processor.py:842} WARNING - No viable dags retrieved from /opt/airflow/dags/Global-Nuclear-Power-Tracker-October-2023.xlsx
[2024-07-22T17:53:30.493+0000] {processor.py:183} INFO - Processing /opt/airflow/dags/Global-Nuclear-Power-Tracker-October-2023.xlsx took 0.040 seconds
[2024-07-22T17:54:00.961+0000] {processor.py:161} INFO - Started process (PID=188) to work on /opt/airflow/dags/Global-Nuclear-Power-Tracker-October-2023.xlsx
[2024-07-22T17:54:00.966+0000] {processor.py:830} INFO - Processing file /opt/airflow/dags/Global-Nuclear-Power-Tracker-October-2023.xlsx for tasks to queue
[2024-07-22T17:54:00.969+0000] {logging_mixin.py:188} INFO - [2024-07-22T17:54:00.968+0000] {dagbag.py:545} INFO - Filling up the DagBag from /opt/airflow/dags/Global-Nuclear-Power-Tracker-October-2023.xlsx
[2024-07-22T17:54:00.971+0000] {processor.py:842} WARNING - No viable dags retrieved from /opt/airflow/dags/Global-Nuclear-Power-Tracker-October-2023.xlsx
[2024-07-22T17:54:00.992+0000] {processor.py:183} INFO - Processing /opt/airflow/dags/Global-Nuclear-Power-Tracker-October-2023.xlsx took 0.043 seconds
[2024-07-22T17:54:31.358+0000] {processor.py:161} INFO - Started process (PID=250) to work on /opt/airflow/dags/Global-Nuclear-Power-Tracker-October-2023.xlsx
[2024-07-22T17:54:31.360+0000] {processor.py:830} INFO - Processing file /opt/airflow/dags/Global-Nuclear-Power-Tracker-October-2023.xlsx for tasks to queue
[2024-07-22T17:54:31.365+0000] {logging_mixin.py:188} INFO - [2024-07-22T17:54:31.365+0000] {dagbag.py:545} INFO - Filling up the DagBag from /opt/airflow/dags/Global-Nuclear-Power-Tracker-October-2023.xlsx
[2024-07-22T17:54:31.370+0000] {processor.py:842} WARNING - No viable dags retrieved from /opt/airflow/dags/Global-Nuclear-Power-Tracker-October-2023.xlsx
[2024-07-22T17:54:31.405+0000] {processor.py:183} INFO - Processing /opt/airflow/dags/Global-Nuclear-Power-Tracker-October-2023.xlsx took 0.084 seconds
[2024-07-22T17:55:01.833+0000] {processor.py:161} INFO - Started process (PID=312) to work on /opt/airflow/dags/Global-Nuclear-Power-Tracker-October-2023.xlsx
[2024-07-22T17:55:01.839+0000] {processor.py:830} INFO - Processing file /opt/airflow/dags/Global-Nuclear-Power-Tracker-October-2023.xlsx for tasks to queue
[2024-07-22T17:55:01.842+0000] {logging_mixin.py:188} INFO - [2024-07-22T17:55:01.841+0000] {dagbag.py:545} INFO - Filling up the DagBag from /opt/airflow/dags/Global-Nuclear-Power-Tracker-October-2023.xlsx
[2024-07-22T17:55:01.844+0000] {processor.py:842} WARNING - No viable dags retrieved from /opt/airflow/dags/Global-Nuclear-Power-Tracker-October-2023.xlsx
[2024-07-22T17:55:01.866+0000] {processor.py:183} INFO - Processing /opt/airflow/dags/Global-Nuclear-Power-Tracker-October-2023.xlsx took 0.044 seconds
[2024-07-22T17:55:32.181+0000] {processor.py:161} INFO - Started process (PID=374) to work on /opt/airflow/dags/Global-Nuclear-Power-Tracker-October-2023.xlsx
[2024-07-22T17:55:32.185+0000] {processor.py:830} INFO - Processing file /opt/airflow/dags/Global-Nuclear-Power-Tracker-October-2023.xlsx for tasks to queue
[2024-07-22T17:55:32.188+0000] {logging_mixin.py:188} INFO - [2024-07-22T17:55:32.187+0000] {dagbag.py:545} INFO - Filling up the DagBag from /opt/airflow/dags/Global-Nuclear-Power-Tracker-October-2023.xlsx
[2024-07-22T17:55:32.190+0000] {processor.py:842} WARNING - No viable dags retrieved from /opt/airflow/dags/Global-Nuclear-Power-Tracker-October-2023.xlsx
[2024-07-22T17:55:32.212+0000] {processor.py:183} INFO - Processing /opt/airflow/dags/Global-Nuclear-Power-Tracker-October-2023.xlsx took 0.043 seconds
[2024-07-22T17:57:09.099+0000] {processor.py:161} INFO - Started process (PID=56) to work on /opt/airflow/dags/Global-Nuclear-Power-Tracker-October-2023.xlsx
[2024-07-22T17:57:09.112+0000] {processor.py:830} INFO - Processing file /opt/airflow/dags/Global-Nuclear-Power-Tracker-October-2023.xlsx for tasks to queue
[2024-07-22T17:57:09.115+0000] {logging_mixin.py:188} INFO - [2024-07-22T17:57:09.115+0000] {dagbag.py:545} INFO - Filling up the DagBag from /opt/airflow/dags/Global-Nuclear-Power-Tracker-October-2023.xlsx
[2024-07-22T17:57:09.118+0000] {processor.py:842} WARNING - No viable dags retrieved from /opt/airflow/dags/Global-Nuclear-Power-Tracker-October-2023.xlsx
[2024-07-22T17:57:09.188+0000] {processor.py:183} INFO - Processing /opt/airflow/dags/Global-Nuclear-Power-Tracker-October-2023.xlsx took 0.112 seconds
[2024-07-22T17:57:39.639+0000] {processor.py:161} INFO - Started process (PID=118) to work on /opt/airflow/dags/Global-Nuclear-Power-Tracker-October-2023.xlsx
[2024-07-22T17:57:39.641+0000] {processor.py:830} INFO - Processing file /opt/airflow/dags/Global-Nuclear-Power-Tracker-October-2023.xlsx for tasks to queue
[2024-07-22T17:57:39.646+0000] {logging_mixin.py:188} INFO - [2024-07-22T17:57:39.646+0000] {dagbag.py:545} INFO - Filling up the DagBag from /opt/airflow/dags/Global-Nuclear-Power-Tracker-October-2023.xlsx
[2024-07-22T17:57:39.650+0000] {processor.py:842} WARNING - No viable dags retrieved from /opt/airflow/dags/Global-Nuclear-Power-Tracker-October-2023.xlsx
[2024-07-22T17:57:39.685+0000] {processor.py:183} INFO - Processing /opt/airflow/dags/Global-Nuclear-Power-Tracker-October-2023.xlsx took 0.080 seconds
[2024-07-22T17:58:09.894+0000] {processor.py:161} INFO - Started process (PID=180) to work on /opt/airflow/dags/Global-Nuclear-Power-Tracker-October-2023.xlsx
[2024-07-22T17:58:09.896+0000] {processor.py:830} INFO - Processing file /opt/airflow/dags/Global-Nuclear-Power-Tracker-October-2023.xlsx for tasks to queue
[2024-07-22T17:58:09.899+0000] {logging_mixin.py:188} INFO - [2024-07-22T17:58:09.898+0000] {dagbag.py:545} INFO - Filling up the DagBag from /opt/airflow/dags/Global-Nuclear-Power-Tracker-October-2023.xlsx
[2024-07-22T17:58:09.901+0000] {processor.py:842} WARNING - No viable dags retrieved from /opt/airflow/dags/Global-Nuclear-Power-Tracker-October-2023.xlsx
[2024-07-22T17:58:09.922+0000] {processor.py:183} INFO - Processing /opt/airflow/dags/Global-Nuclear-Power-Tracker-October-2023.xlsx took 0.038 seconds
[2024-07-22T17:58:40.216+0000] {processor.py:161} INFO - Started process (PID=242) to work on /opt/airflow/dags/Global-Nuclear-Power-Tracker-October-2023.xlsx
[2024-07-22T17:58:40.220+0000] {processor.py:830} INFO - Processing file /opt/airflow/dags/Global-Nuclear-Power-Tracker-October-2023.xlsx for tasks to queue
[2024-07-22T17:58:40.223+0000] {logging_mixin.py:188} INFO - [2024-07-22T17:58:40.223+0000] {dagbag.py:545} INFO - Filling up the DagBag from /opt/airflow/dags/Global-Nuclear-Power-Tracker-October-2023.xlsx
[2024-07-22T17:58:40.226+0000] {processor.py:842} WARNING - No viable dags retrieved from /opt/airflow/dags/Global-Nuclear-Power-Tracker-October-2023.xlsx
[2024-07-22T17:58:40.252+0000] {processor.py:183} INFO - Processing /opt/airflow/dags/Global-Nuclear-Power-Tracker-October-2023.xlsx took 0.050 seconds
[2024-07-22T17:59:10.606+0000] {processor.py:161} INFO - Started process (PID=304) to work on /opt/airflow/dags/Global-Nuclear-Power-Tracker-October-2023.xlsx
[2024-07-22T17:59:10.607+0000] {processor.py:830} INFO - Processing file /opt/airflow/dags/Global-Nuclear-Power-Tracker-October-2023.xlsx for tasks to queue
[2024-07-22T17:59:10.611+0000] {logging_mixin.py:188} INFO - [2024-07-22T17:59:10.610+0000] {dagbag.py:545} INFO - Filling up the DagBag from /opt/airflow/dags/Global-Nuclear-Power-Tracker-October-2023.xlsx
[2024-07-22T17:59:10.613+0000] {processor.py:842} WARNING - No viable dags retrieved from /opt/airflow/dags/Global-Nuclear-Power-Tracker-October-2023.xlsx
[2024-07-22T17:59:10.634+0000] {processor.py:183} INFO - Processing /opt/airflow/dags/Global-Nuclear-Power-Tracker-October-2023.xlsx took 0.040 seconds
[2024-07-22T17:59:40.948+0000] {processor.py:161} INFO - Started process (PID=366) to work on /opt/airflow/dags/Global-Nuclear-Power-Tracker-October-2023.xlsx
[2024-07-22T17:59:40.950+0000] {processor.py:830} INFO - Processing file /opt/airflow/dags/Global-Nuclear-Power-Tracker-October-2023.xlsx for tasks to queue
[2024-07-22T17:59:40.954+0000] {logging_mixin.py:188} INFO - [2024-07-22T17:59:40.954+0000] {dagbag.py:545} INFO - Filling up the DagBag from /opt/airflow/dags/Global-Nuclear-Power-Tracker-October-2023.xlsx
[2024-07-22T17:59:40.957+0000] {processor.py:842} WARNING - No viable dags retrieved from /opt/airflow/dags/Global-Nuclear-Power-Tracker-October-2023.xlsx
[2024-07-22T17:59:40.983+0000] {processor.py:183} INFO - Processing /opt/airflow/dags/Global-Nuclear-Power-Tracker-October-2023.xlsx took 0.047 seconds
[2024-07-22T18:00:11.630+0000] {processor.py:161} INFO - Started process (PID=433) to work on /opt/airflow/dags/Global-Nuclear-Power-Tracker-October-2023.xlsx
[2024-07-22T18:00:11.632+0000] {processor.py:830} INFO - Processing file /opt/airflow/dags/Global-Nuclear-Power-Tracker-October-2023.xlsx for tasks to queue
[2024-07-22T18:00:11.636+0000] {logging_mixin.py:188} INFO - [2024-07-22T18:00:11.635+0000] {dagbag.py:545} INFO - Filling up the DagBag from /opt/airflow/dags/Global-Nuclear-Power-Tracker-October-2023.xlsx
[2024-07-22T18:00:11.638+0000] {processor.py:842} WARNING - No viable dags retrieved from /opt/airflow/dags/Global-Nuclear-Power-Tracker-October-2023.xlsx
[2024-07-22T18:00:11.660+0000] {processor.py:183} INFO - Processing /opt/airflow/dags/Global-Nuclear-Power-Tracker-October-2023.xlsx took 0.041 seconds
[2024-07-22T18:00:42.029+0000] {processor.py:161} INFO - Started process (PID=496) to work on /opt/airflow/dags/Global-Nuclear-Power-Tracker-October-2023.xlsx
[2024-07-22T18:00:42.032+0000] {processor.py:830} INFO - Processing file /opt/airflow/dags/Global-Nuclear-Power-Tracker-October-2023.xlsx for tasks to queue
[2024-07-22T18:00:42.035+0000] {logging_mixin.py:188} INFO - [2024-07-22T18:00:42.035+0000] {dagbag.py:545} INFO - Filling up the DagBag from /opt/airflow/dags/Global-Nuclear-Power-Tracker-October-2023.xlsx
[2024-07-22T18:00:42.037+0000] {processor.py:842} WARNING - No viable dags retrieved from /opt/airflow/dags/Global-Nuclear-Power-Tracker-October-2023.xlsx
[2024-07-22T18:00:42.059+0000] {processor.py:183} INFO - Processing /opt/airflow/dags/Global-Nuclear-Power-Tracker-October-2023.xlsx took 0.041 seconds
[2024-07-22T18:01:12.581+0000] {processor.py:161} INFO - Started process (PID=558) to work on /opt/airflow/dags/Global-Nuclear-Power-Tracker-October-2023.xlsx
[2024-07-22T18:01:12.583+0000] {processor.py:830} INFO - Processing file /opt/airflow/dags/Global-Nuclear-Power-Tracker-October-2023.xlsx for tasks to queue
[2024-07-22T18:01:12.586+0000] {logging_mixin.py:188} INFO - [2024-07-22T18:01:12.586+0000] {dagbag.py:545} INFO - Filling up the DagBag from /opt/airflow/dags/Global-Nuclear-Power-Tracker-October-2023.xlsx
[2024-07-22T18:01:12.588+0000] {processor.py:842} WARNING - No viable dags retrieved from /opt/airflow/dags/Global-Nuclear-Power-Tracker-October-2023.xlsx
[2024-07-22T18:01:12.610+0000] {processor.py:183} INFO - Processing /opt/airflow/dags/Global-Nuclear-Power-Tracker-October-2023.xlsx took 0.042 seconds
[2024-07-22T18:02:44.919+0000] {processor.py:161} INFO - Started process (PID=57) to work on /opt/airflow/dags/Global-Nuclear-Power-Tracker-October-2023.xlsx
[2024-07-22T18:02:44.926+0000] {processor.py:830} INFO - Processing file /opt/airflow/dags/Global-Nuclear-Power-Tracker-October-2023.xlsx for tasks to queue
[2024-07-22T18:02:44.929+0000] {logging_mixin.py:188} INFO - [2024-07-22T18:02:44.929+0000] {dagbag.py:545} INFO - Filling up the DagBag from /opt/airflow/dags/Global-Nuclear-Power-Tracker-October-2023.xlsx
[2024-07-22T18:02:44.944+0000] {processor.py:842} WARNING - No viable dags retrieved from /opt/airflow/dags/Global-Nuclear-Power-Tracker-October-2023.xlsx
[2024-07-22T18:02:45.008+0000] {processor.py:183} INFO - Processing /opt/airflow/dags/Global-Nuclear-Power-Tracker-October-2023.xlsx took 0.125 seconds
[2024-07-22T18:03:15.121+0000] {processor.py:161} INFO - Started process (PID=118) to work on /opt/airflow/dags/Global-Nuclear-Power-Tracker-October-2023.xlsx
[2024-07-22T18:03:15.123+0000] {processor.py:830} INFO - Processing file /opt/airflow/dags/Global-Nuclear-Power-Tracker-October-2023.xlsx for tasks to queue
[2024-07-22T18:03:15.127+0000] {logging_mixin.py:188} INFO - [2024-07-22T18:03:15.126+0000] {dagbag.py:545} INFO - Filling up the DagBag from /opt/airflow/dags/Global-Nuclear-Power-Tracker-October-2023.xlsx
[2024-07-22T18:03:15.129+0000] {processor.py:842} WARNING - No viable dags retrieved from /opt/airflow/dags/Global-Nuclear-Power-Tracker-October-2023.xlsx
[2024-07-22T18:03:15.148+0000] {processor.py:183} INFO - Processing /opt/airflow/dags/Global-Nuclear-Power-Tracker-October-2023.xlsx took 0.040 seconds
[2024-07-22T18:03:45.732+0000] {processor.py:161} INFO - Started process (PID=179) to work on /opt/airflow/dags/Global-Nuclear-Power-Tracker-October-2023.xlsx
[2024-07-22T18:03:45.734+0000] {processor.py:830} INFO - Processing file /opt/airflow/dags/Global-Nuclear-Power-Tracker-October-2023.xlsx for tasks to queue
[2024-07-22T18:03:45.738+0000] {logging_mixin.py:188} INFO - [2024-07-22T18:03:45.737+0000] {dagbag.py:545} INFO - Filling up the DagBag from /opt/airflow/dags/Global-Nuclear-Power-Tracker-October-2023.xlsx
[2024-07-22T18:03:45.740+0000] {processor.py:842} WARNING - No viable dags retrieved from /opt/airflow/dags/Global-Nuclear-Power-Tracker-October-2023.xlsx
[2024-07-22T18:03:45.759+0000] {processor.py:183} INFO - Processing /opt/airflow/dags/Global-Nuclear-Power-Tracker-October-2023.xlsx took 0.037 seconds
[2024-07-22T18:04:15.948+0000] {processor.py:161} INFO - Started process (PID=241) to work on /opt/airflow/dags/Global-Nuclear-Power-Tracker-October-2023.xlsx
[2024-07-22T18:04:15.949+0000] {processor.py:830} INFO - Processing file /opt/airflow/dags/Global-Nuclear-Power-Tracker-October-2023.xlsx for tasks to queue
[2024-07-22T18:04:15.952+0000] {logging_mixin.py:188} INFO - [2024-07-22T18:04:15.952+0000] {dagbag.py:545} INFO - Filling up the DagBag from /opt/airflow/dags/Global-Nuclear-Power-Tracker-October-2023.xlsx
[2024-07-22T18:04:15.955+0000] {processor.py:842} WARNING - No viable dags retrieved from /opt/airflow/dags/Global-Nuclear-Power-Tracker-October-2023.xlsx
[2024-07-22T18:04:15.974+0000] {processor.py:183} INFO - Processing /opt/airflow/dags/Global-Nuclear-Power-Tracker-October-2023.xlsx took 0.036 seconds
[2024-07-22T18:04:46.470+0000] {processor.py:161} INFO - Started process (PID=303) to work on /opt/airflow/dags/Global-Nuclear-Power-Tracker-October-2023.xlsx
[2024-07-22T18:04:46.473+0000] {processor.py:830} INFO - Processing file /opt/airflow/dags/Global-Nuclear-Power-Tracker-October-2023.xlsx for tasks to queue
[2024-07-22T18:04:46.476+0000] {logging_mixin.py:188} INFO - [2024-07-22T18:04:46.475+0000] {dagbag.py:545} INFO - Filling up the DagBag from /opt/airflow/dags/Global-Nuclear-Power-Tracker-October-2023.xlsx
[2024-07-22T18:04:46.478+0000] {processor.py:842} WARNING - No viable dags retrieved from /opt/airflow/dags/Global-Nuclear-Power-Tracker-October-2023.xlsx
[2024-07-22T18:04:46.501+0000] {processor.py:183} INFO - Processing /opt/airflow/dags/Global-Nuclear-Power-Tracker-October-2023.xlsx took 0.041 seconds
[2024-07-22T18:10:21.213+0000] {processor.py:161} INFO - Started process (PID=63) to work on /opt/airflow/dags/Global-Nuclear-Power-Tracker-October-2023.xlsx
[2024-07-22T18:10:21.224+0000] {processor.py:830} INFO - Processing file /opt/airflow/dags/Global-Nuclear-Power-Tracker-October-2023.xlsx for tasks to queue
[2024-07-22T18:10:21.228+0000] {logging_mixin.py:188} INFO - [2024-07-22T18:10:21.227+0000] {dagbag.py:545} INFO - Filling up the DagBag from /opt/airflow/dags/Global-Nuclear-Power-Tracker-October-2023.xlsx
[2024-07-22T18:10:21.230+0000] {processor.py:842} WARNING - No viable dags retrieved from /opt/airflow/dags/Global-Nuclear-Power-Tracker-October-2023.xlsx
[2024-07-22T18:10:21.286+0000] {processor.py:183} INFO - Processing /opt/airflow/dags/Global-Nuclear-Power-Tracker-October-2023.xlsx took 0.091 seconds
[2024-07-22T18:10:51.383+0000] {processor.py:161} INFO - Started process (PID=250) to work on /opt/airflow/dags/Global-Nuclear-Power-Tracker-October-2023.xlsx
[2024-07-22T18:10:51.384+0000] {processor.py:830} INFO - Processing file /opt/airflow/dags/Global-Nuclear-Power-Tracker-October-2023.xlsx for tasks to queue
[2024-07-22T18:10:51.387+0000] {logging_mixin.py:188} INFO - [2024-07-22T18:10:51.387+0000] {dagbag.py:545} INFO - Filling up the DagBag from /opt/airflow/dags/Global-Nuclear-Power-Tracker-October-2023.xlsx
[2024-07-22T18:10:51.389+0000] {processor.py:842} WARNING - No viable dags retrieved from /opt/airflow/dags/Global-Nuclear-Power-Tracker-October-2023.xlsx
[2024-07-22T18:10:51.410+0000] {processor.py:183} INFO - Processing /opt/airflow/dags/Global-Nuclear-Power-Tracker-October-2023.xlsx took 0.037 seconds
[2024-07-22T18:11:22.017+0000] {processor.py:161} INFO - Started process (PID=436) to work on /opt/airflow/dags/Global-Nuclear-Power-Tracker-October-2023.xlsx
[2024-07-22T18:11:22.023+0000] {processor.py:830} INFO - Processing file /opt/airflow/dags/Global-Nuclear-Power-Tracker-October-2023.xlsx for tasks to queue
[2024-07-22T18:11:22.027+0000] {logging_mixin.py:188} INFO - [2024-07-22T18:11:22.026+0000] {dagbag.py:545} INFO - Filling up the DagBag from /opt/airflow/dags/Global-Nuclear-Power-Tracker-October-2023.xlsx
[2024-07-22T18:11:22.030+0000] {processor.py:842} WARNING - No viable dags retrieved from /opt/airflow/dags/Global-Nuclear-Power-Tracker-October-2023.xlsx
[2024-07-22T18:11:22.055+0000] {processor.py:183} INFO - Processing /opt/airflow/dags/Global-Nuclear-Power-Tracker-October-2023.xlsx took 0.051 seconds
[2024-07-22T18:11:55.065+0000] {processor.py:161} INFO - Started process (PID=606) to work on /opt/airflow/dags/Global-Nuclear-Power-Tracker-October-2023.xlsx
[2024-07-22T18:11:55.084+0000] {processor.py:830} INFO - Processing file /opt/airflow/dags/Global-Nuclear-Power-Tracker-October-2023.xlsx for tasks to queue
[2024-07-22T18:11:55.088+0000] {logging_mixin.py:188} INFO - [2024-07-22T18:11:55.088+0000] {dagbag.py:545} INFO - Filling up the DagBag from /opt/airflow/dags/Global-Nuclear-Power-Tracker-October-2023.xlsx
[2024-07-22T18:11:55.092+0000] {processor.py:842} WARNING - No viable dags retrieved from /opt/airflow/dags/Global-Nuclear-Power-Tracker-October-2023.xlsx
[2024-07-22T18:11:55.159+0000] {processor.py:183} INFO - Processing /opt/airflow/dags/Global-Nuclear-Power-Tracker-October-2023.xlsx took 0.140 seconds
[2024-07-22T18:12:25.279+0000] {processor.py:161} INFO - Started process (PID=716) to work on /opt/airflow/dags/Global-Nuclear-Power-Tracker-October-2023.xlsx
[2024-07-22T18:12:25.280+0000] {processor.py:830} INFO - Processing file /opt/airflow/dags/Global-Nuclear-Power-Tracker-October-2023.xlsx for tasks to queue
[2024-07-22T18:12:25.284+0000] {logging_mixin.py:188} INFO - [2024-07-22T18:12:25.283+0000] {dagbag.py:545} INFO - Filling up the DagBag from /opt/airflow/dags/Global-Nuclear-Power-Tracker-October-2023.xlsx
[2024-07-22T18:12:25.287+0000] {processor.py:842} WARNING - No viable dags retrieved from /opt/airflow/dags/Global-Nuclear-Power-Tracker-October-2023.xlsx
[2024-07-22T18:12:25.322+0000] {processor.py:183} INFO - Processing /opt/airflow/dags/Global-Nuclear-Power-Tracker-October-2023.xlsx took 0.060 seconds
[2024-07-22T18:12:55.457+0000] {processor.py:161} INFO - Started process (PID=909) to work on /opt/airflow/dags/Global-Nuclear-Power-Tracker-October-2023.xlsx
[2024-07-22T18:12:55.461+0000] {processor.py:830} INFO - Processing file /opt/airflow/dags/Global-Nuclear-Power-Tracker-October-2023.xlsx for tasks to queue
[2024-07-22T18:12:55.465+0000] {logging_mixin.py:188} INFO - [2024-07-22T18:12:55.464+0000] {dagbag.py:545} INFO - Filling up the DagBag from /opt/airflow/dags/Global-Nuclear-Power-Tracker-October-2023.xlsx
[2024-07-22T18:12:55.467+0000] {processor.py:842} WARNING - No viable dags retrieved from /opt/airflow/dags/Global-Nuclear-Power-Tracker-October-2023.xlsx
[2024-07-22T18:12:55.487+0000] {processor.py:183} INFO - Processing /opt/airflow/dags/Global-Nuclear-Power-Tracker-October-2023.xlsx took 0.041 seconds
[2024-07-22T18:13:26.341+0000] {processor.py:161} INFO - Started process (PID=1093) to work on /opt/airflow/dags/Global-Nuclear-Power-Tracker-October-2023.xlsx
[2024-07-22T18:13:26.343+0000] {processor.py:830} INFO - Processing file /opt/airflow/dags/Global-Nuclear-Power-Tracker-October-2023.xlsx for tasks to queue
[2024-07-22T18:13:26.347+0000] {logging_mixin.py:188} INFO - [2024-07-22T18:13:26.346+0000] {dagbag.py:545} INFO - Filling up the DagBag from /opt/airflow/dags/Global-Nuclear-Power-Tracker-October-2023.xlsx
[2024-07-22T18:13:26.350+0000] {processor.py:842} WARNING - No viable dags retrieved from /opt/airflow/dags/Global-Nuclear-Power-Tracker-October-2023.xlsx
[2024-07-22T18:13:26.375+0000] {processor.py:183} INFO - Processing /opt/airflow/dags/Global-Nuclear-Power-Tracker-October-2023.xlsx took 0.044 seconds
[2024-07-22T18:13:56.589+0000] {processor.py:161} INFO - Started process (PID=1211) to work on /opt/airflow/dags/Global-Nuclear-Power-Tracker-October-2023.xlsx
[2024-07-22T18:13:56.593+0000] {processor.py:830} INFO - Processing file /opt/airflow/dags/Global-Nuclear-Power-Tracker-October-2023.xlsx for tasks to queue
[2024-07-22T18:13:56.597+0000] {logging_mixin.py:188} INFO - [2024-07-22T18:13:56.596+0000] {dagbag.py:545} INFO - Filling up the DagBag from /opt/airflow/dags/Global-Nuclear-Power-Tracker-October-2023.xlsx
[2024-07-22T18:13:56.600+0000] {processor.py:842} WARNING - No viable dags retrieved from /opt/airflow/dags/Global-Nuclear-Power-Tracker-October-2023.xlsx
[2024-07-22T18:13:56.624+0000] {processor.py:183} INFO - Processing /opt/airflow/dags/Global-Nuclear-Power-Tracker-October-2023.xlsx took 0.048 seconds
[2024-07-22T18:14:27.173+0000] {processor.py:161} INFO - Started process (PID=1338) to work on /opt/airflow/dags/Global-Nuclear-Power-Tracker-October-2023.xlsx
[2024-07-22T18:14:27.175+0000] {processor.py:830} INFO - Processing file /opt/airflow/dags/Global-Nuclear-Power-Tracker-October-2023.xlsx for tasks to queue
[2024-07-22T18:14:27.181+0000] {logging_mixin.py:188} INFO - [2024-07-22T18:14:27.180+0000] {dagbag.py:545} INFO - Filling up the DagBag from /opt/airflow/dags/Global-Nuclear-Power-Tracker-October-2023.xlsx
[2024-07-22T18:14:27.183+0000] {processor.py:842} WARNING - No viable dags retrieved from /opt/airflow/dags/Global-Nuclear-Power-Tracker-October-2023.xlsx
[2024-07-22T18:14:27.208+0000] {processor.py:183} INFO - Processing /opt/airflow/dags/Global-Nuclear-Power-Tracker-October-2023.xlsx took 0.050 seconds
