[2024-07-22T17:05:43.412+0000] {processor.py:161} INFO - Started process (PID=61) to work on /opt/airflow/dags/spark_demo.py
[2024-07-22T17:05:43.414+0000] {processor.py:830} INFO - Processing file /opt/airflow/dags/spark_demo.py for tasks to queue
[2024-07-22T17:05:43.418+0000] {logging_mixin.py:188} INFO - [2024-07-22T17:05:43.417+0000] {dagbag.py:545} INFO - Filling up the DagBag from /opt/airflow/dags/spark_demo.py
[2024-07-22T17:05:43.441+0000] {logging_mixin.py:188} INFO - [2024-07-22T17:05:43.438+0000] {dagbag.py:355} ERROR - Failed to import: /opt/airflow/dags/spark_demo.py
Traceback (most recent call last):
  File "/home/airflow/.local/lib/python3.12/site-packages/airflow/models/dagbag.py", line 351, in parse
    loader.exec_module(new_module)
  File "<frozen importlib._bootstrap_external>", line 995, in exec_module
  File "<frozen importlib._bootstrap>", line 488, in _call_with_frames_removed
  File "/opt/airflow/dags/spark_demo.py", line 4, in <module>
    from pyspark.sql import SparkSession
ModuleNotFoundError: No module named 'pyspark'
[2024-07-22T17:05:43.442+0000] {processor.py:842} WARNING - No viable dags retrieved from /opt/airflow/dags/spark_demo.py
[2024-07-22T17:05:43.495+0000] {processor.py:183} INFO - Processing /opt/airflow/dags/spark_demo.py took 0.097 seconds
[2024-07-22T17:06:13.823+0000] {processor.py:161} INFO - Started process (PID=123) to work on /opt/airflow/dags/spark_demo.py
[2024-07-22T17:06:13.825+0000] {processor.py:830} INFO - Processing file /opt/airflow/dags/spark_demo.py for tasks to queue
[2024-07-22T17:06:13.837+0000] {logging_mixin.py:188} INFO - [2024-07-22T17:06:13.836+0000] {dagbag.py:545} INFO - Filling up the DagBag from /opt/airflow/dags/spark_demo.py
[2024-07-22T17:06:13.859+0000] {logging_mixin.py:188} INFO - [2024-07-22T17:06:13.856+0000] {dagbag.py:355} ERROR - Failed to import: /opt/airflow/dags/spark_demo.py
Traceback (most recent call last):
  File "/home/airflow/.local/lib/python3.12/site-packages/airflow/models/dagbag.py", line 351, in parse
    loader.exec_module(new_module)
  File "<frozen importlib._bootstrap_external>", line 995, in exec_module
  File "<frozen importlib._bootstrap>", line 488, in _call_with_frames_removed
  File "/opt/airflow/dags/spark_demo.py", line 4, in <module>
    from pyspark.sql import SparkSession
ModuleNotFoundError: No module named 'pyspark'
[2024-07-22T17:06:13.876+0000] {processor.py:842} WARNING - No viable dags retrieved from /opt/airflow/dags/spark_demo.py
[2024-07-22T17:06:14.004+0000] {processor.py:183} INFO - Processing /opt/airflow/dags/spark_demo.py took 0.214 seconds
[2024-07-22T17:06:41.777+0000] {processor.py:161} INFO - Started process (PID=185) to work on /opt/airflow/dags/spark_demo.py
[2024-07-22T17:06:41.780+0000] {processor.py:830} INFO - Processing file /opt/airflow/dags/spark_demo.py for tasks to queue
[2024-07-22T17:06:41.784+0000] {logging_mixin.py:188} INFO - [2024-07-22T17:06:41.783+0000] {dagbag.py:545} INFO - Filling up the DagBag from /opt/airflow/dags/spark_demo.py
[2024-07-22T17:06:41.792+0000] {logging_mixin.py:188} INFO - [2024-07-22T17:06:41.790+0000] {dagbag.py:355} ERROR - Failed to import: /opt/airflow/dags/spark_demo.py
Traceback (most recent call last):
  File "/home/airflow/.local/lib/python3.12/site-packages/airflow/models/dagbag.py", line 351, in parse
    loader.exec_module(new_module)
  File "<frozen importlib._bootstrap_external>", line 995, in exec_module
  File "<frozen importlib._bootstrap>", line 488, in _call_with_frames_removed
  File "/opt/airflow/dags/spark_demo.py", line 4, in <module>
    from pyspark.sql import SparkSession
ModuleNotFoundError: No module named 'pyspark'
[2024-07-22T17:06:41.793+0000] {processor.py:842} WARNING - No viable dags retrieved from /opt/airflow/dags/spark_demo.py
[2024-07-22T17:06:41.825+0000] {processor.py:183} INFO - Processing /opt/airflow/dags/spark_demo.py took 0.063 seconds
[2024-07-22T17:07:11.953+0000] {processor.py:161} INFO - Started process (PID=247) to work on /opt/airflow/dags/spark_demo.py
[2024-07-22T17:07:11.954+0000] {processor.py:830} INFO - Processing file /opt/airflow/dags/spark_demo.py for tasks to queue
[2024-07-22T17:07:11.958+0000] {logging_mixin.py:188} INFO - [2024-07-22T17:07:11.957+0000] {dagbag.py:545} INFO - Filling up the DagBag from /opt/airflow/dags/spark_demo.py
[2024-07-22T17:07:11.964+0000] {logging_mixin.py:188} INFO - [2024-07-22T17:07:11.962+0000] {dagbag.py:355} ERROR - Failed to import: /opt/airflow/dags/spark_demo.py
Traceback (most recent call last):
  File "/home/airflow/.local/lib/python3.12/site-packages/airflow/models/dagbag.py", line 351, in parse
    loader.exec_module(new_module)
  File "<frozen importlib._bootstrap_external>", line 995, in exec_module
  File "<frozen importlib._bootstrap>", line 488, in _call_with_frames_removed
  File "/opt/airflow/dags/spark_demo.py", line 4, in <module>
    from pyspark.sql import SparkSession
ModuleNotFoundError: No module named 'pyspark'
[2024-07-22T17:07:11.964+0000] {processor.py:842} WARNING - No viable dags retrieved from /opt/airflow/dags/spark_demo.py
[2024-07-22T17:07:11.993+0000] {processor.py:183} INFO - Processing /opt/airflow/dags/spark_demo.py took 0.050 seconds
[2024-07-22T17:07:42.355+0000] {processor.py:161} INFO - Started process (PID=309) to work on /opt/airflow/dags/spark_demo.py
[2024-07-22T17:07:42.359+0000] {processor.py:830} INFO - Processing file /opt/airflow/dags/spark_demo.py for tasks to queue
[2024-07-22T17:07:42.362+0000] {logging_mixin.py:188} INFO - [2024-07-22T17:07:42.362+0000] {dagbag.py:545} INFO - Filling up the DagBag from /opt/airflow/dags/spark_demo.py
[2024-07-22T17:07:42.368+0000] {logging_mixin.py:188} INFO - [2024-07-22T17:07:42.366+0000] {dagbag.py:355} ERROR - Failed to import: /opt/airflow/dags/spark_demo.py
Traceback (most recent call last):
  File "/home/airflow/.local/lib/python3.12/site-packages/airflow/models/dagbag.py", line 351, in parse
    loader.exec_module(new_module)
  File "<frozen importlib._bootstrap_external>", line 995, in exec_module
  File "<frozen importlib._bootstrap>", line 488, in _call_with_frames_removed
  File "/opt/airflow/dags/spark_demo.py", line 4, in <module>
    from pyspark.sql import SparkSession
ModuleNotFoundError: No module named 'pyspark'
[2024-07-22T17:07:42.369+0000] {processor.py:842} WARNING - No viable dags retrieved from /opt/airflow/dags/spark_demo.py
[2024-07-22T17:07:42.398+0000] {processor.py:183} INFO - Processing /opt/airflow/dags/spark_demo.py took 0.052 seconds
[2024-07-22T17:08:12.509+0000] {processor.py:161} INFO - Started process (PID=371) to work on /opt/airflow/dags/spark_demo.py
[2024-07-22T17:08:12.511+0000] {processor.py:830} INFO - Processing file /opt/airflow/dags/spark_demo.py for tasks to queue
[2024-07-22T17:08:12.514+0000] {logging_mixin.py:188} INFO - [2024-07-22T17:08:12.513+0000] {dagbag.py:545} INFO - Filling up the DagBag from /opt/airflow/dags/spark_demo.py
[2024-07-22T17:08:12.519+0000] {logging_mixin.py:188} INFO - [2024-07-22T17:08:12.518+0000] {dagbag.py:355} ERROR - Failed to import: /opt/airflow/dags/spark_demo.py
Traceback (most recent call last):
  File "/home/airflow/.local/lib/python3.12/site-packages/airflow/models/dagbag.py", line 351, in parse
    loader.exec_module(new_module)
  File "<frozen importlib._bootstrap_external>", line 995, in exec_module
  File "<frozen importlib._bootstrap>", line 488, in _call_with_frames_removed
  File "/opt/airflow/dags/spark_demo.py", line 4, in <module>
    from pyspark.sql import SparkSession
ModuleNotFoundError: No module named 'pyspark'
[2024-07-22T17:08:12.520+0000] {processor.py:842} WARNING - No viable dags retrieved from /opt/airflow/dags/spark_demo.py
[2024-07-22T17:08:12.548+0000] {processor.py:183} INFO - Processing /opt/airflow/dags/spark_demo.py took 0.048 seconds
[2024-07-22T17:08:42.938+0000] {processor.py:161} INFO - Started process (PID=433) to work on /opt/airflow/dags/spark_demo.py
[2024-07-22T17:08:42.940+0000] {processor.py:830} INFO - Processing file /opt/airflow/dags/spark_demo.py for tasks to queue
[2024-07-22T17:08:42.943+0000] {logging_mixin.py:188} INFO - [2024-07-22T17:08:42.943+0000] {dagbag.py:545} INFO - Filling up the DagBag from /opt/airflow/dags/spark_demo.py
[2024-07-22T17:08:42.949+0000] {logging_mixin.py:188} INFO - [2024-07-22T17:08:42.947+0000] {dagbag.py:355} ERROR - Failed to import: /opt/airflow/dags/spark_demo.py
Traceback (most recent call last):
  File "/home/airflow/.local/lib/python3.12/site-packages/airflow/models/dagbag.py", line 351, in parse
    loader.exec_module(new_module)
  File "<frozen importlib._bootstrap_external>", line 995, in exec_module
  File "<frozen importlib._bootstrap>", line 488, in _call_with_frames_removed
  File "/opt/airflow/dags/spark_demo.py", line 4, in <module>
    from pyspark.sql import SparkSession
ModuleNotFoundError: No module named 'pyspark'
[2024-07-22T17:08:42.950+0000] {processor.py:842} WARNING - No viable dags retrieved from /opt/airflow/dags/spark_demo.py
[2024-07-22T17:08:42.979+0000] {processor.py:183} INFO - Processing /opt/airflow/dags/spark_demo.py took 0.051 seconds
[2024-07-22T17:09:13.341+0000] {processor.py:161} INFO - Started process (PID=495) to work on /opt/airflow/dags/spark_demo.py
[2024-07-22T17:09:13.343+0000] {processor.py:830} INFO - Processing file /opt/airflow/dags/spark_demo.py for tasks to queue
[2024-07-22T17:09:13.346+0000] {logging_mixin.py:188} INFO - [2024-07-22T17:09:13.346+0000] {dagbag.py:545} INFO - Filling up the DagBag from /opt/airflow/dags/spark_demo.py
[2024-07-22T17:09:13.352+0000] {logging_mixin.py:188} INFO - [2024-07-22T17:09:13.350+0000] {dagbag.py:355} ERROR - Failed to import: /opt/airflow/dags/spark_demo.py
Traceback (most recent call last):
  File "/home/airflow/.local/lib/python3.12/site-packages/airflow/models/dagbag.py", line 351, in parse
    loader.exec_module(new_module)
  File "<frozen importlib._bootstrap_external>", line 995, in exec_module
  File "<frozen importlib._bootstrap>", line 488, in _call_with_frames_removed
  File "/opt/airflow/dags/spark_demo.py", line 4, in <module>
    from pyspark.sql import SparkSession
ModuleNotFoundError: No module named 'pyspark'
[2024-07-22T17:09:13.352+0000] {processor.py:842} WARNING - No viable dags retrieved from /opt/airflow/dags/spark_demo.py
[2024-07-22T17:09:13.381+0000] {processor.py:183} INFO - Processing /opt/airflow/dags/spark_demo.py took 0.050 seconds
[2024-07-22T17:09:44.077+0000] {processor.py:161} INFO - Started process (PID=557) to work on /opt/airflow/dags/spark_demo.py
[2024-07-22T17:09:44.079+0000] {processor.py:830} INFO - Processing file /opt/airflow/dags/spark_demo.py for tasks to queue
[2024-07-22T17:09:44.083+0000] {logging_mixin.py:188} INFO - [2024-07-22T17:09:44.082+0000] {dagbag.py:545} INFO - Filling up the DagBag from /opt/airflow/dags/spark_demo.py
[2024-07-22T17:09:44.090+0000] {logging_mixin.py:188} INFO - [2024-07-22T17:09:44.088+0000] {dagbag.py:355} ERROR - Failed to import: /opt/airflow/dags/spark_demo.py
Traceback (most recent call last):
  File "/home/airflow/.local/lib/python3.12/site-packages/airflow/models/dagbag.py", line 351, in parse
    loader.exec_module(new_module)
  File "<frozen importlib._bootstrap_external>", line 995, in exec_module
  File "<frozen importlib._bootstrap>", line 488, in _call_with_frames_removed
  File "/opt/airflow/dags/spark_demo.py", line 4, in <module>
    from pyspark.sql import SparkSession
ModuleNotFoundError: No module named 'pyspark'
[2024-07-22T17:09:44.091+0000] {processor.py:842} WARNING - No viable dags retrieved from /opt/airflow/dags/spark_demo.py
[2024-07-22T17:09:44.127+0000] {processor.py:183} INFO - Processing /opt/airflow/dags/spark_demo.py took 0.062 seconds
[2024-07-22T17:10:14.191+0000] {processor.py:161} INFO - Started process (PID=619) to work on /opt/airflow/dags/spark_demo.py
[2024-07-22T17:10:14.192+0000] {processor.py:830} INFO - Processing file /opt/airflow/dags/spark_demo.py for tasks to queue
[2024-07-22T17:10:14.195+0000] {logging_mixin.py:188} INFO - [2024-07-22T17:10:14.194+0000] {dagbag.py:545} INFO - Filling up the DagBag from /opt/airflow/dags/spark_demo.py
[2024-07-22T17:10:14.201+0000] {logging_mixin.py:188} INFO - [2024-07-22T17:10:14.199+0000] {dagbag.py:355} ERROR - Failed to import: /opt/airflow/dags/spark_demo.py
Traceback (most recent call last):
  File "/home/airflow/.local/lib/python3.12/site-packages/airflow/models/dagbag.py", line 351, in parse
    loader.exec_module(new_module)
  File "<frozen importlib._bootstrap_external>", line 995, in exec_module
  File "<frozen importlib._bootstrap>", line 488, in _call_with_frames_removed
  File "/opt/airflow/dags/spark_demo.py", line 4, in <module>
    from pyspark.sql import SparkSession
ModuleNotFoundError: No module named 'pyspark'
[2024-07-22T17:10:14.201+0000] {processor.py:842} WARNING - No viable dags retrieved from /opt/airflow/dags/spark_demo.py
[2024-07-22T17:10:14.229+0000] {processor.py:183} INFO - Processing /opt/airflow/dags/spark_demo.py took 0.048 seconds
[2024-07-22T17:10:44.595+0000] {processor.py:161} INFO - Started process (PID=681) to work on /opt/airflow/dags/spark_demo.py
[2024-07-22T17:10:44.597+0000] {processor.py:830} INFO - Processing file /opt/airflow/dags/spark_demo.py for tasks to queue
[2024-07-22T17:10:44.600+0000] {logging_mixin.py:188} INFO - [2024-07-22T17:10:44.600+0000] {dagbag.py:545} INFO - Filling up the DagBag from /opt/airflow/dags/spark_demo.py
[2024-07-22T17:10:44.606+0000] {logging_mixin.py:188} INFO - [2024-07-22T17:10:44.604+0000] {dagbag.py:355} ERROR - Failed to import: /opt/airflow/dags/spark_demo.py
Traceback (most recent call last):
  File "/home/airflow/.local/lib/python3.12/site-packages/airflow/models/dagbag.py", line 351, in parse
    loader.exec_module(new_module)
  File "<frozen importlib._bootstrap_external>", line 995, in exec_module
  File "<frozen importlib._bootstrap>", line 488, in _call_with_frames_removed
  File "/opt/airflow/dags/spark_demo.py", line 4, in <module>
    from pyspark.sql import SparkSession
ModuleNotFoundError: No module named 'pyspark'
[2024-07-22T17:10:44.607+0000] {processor.py:842} WARNING - No viable dags retrieved from /opt/airflow/dags/spark_demo.py
[2024-07-22T17:10:44.636+0000] {processor.py:183} INFO - Processing /opt/airflow/dags/spark_demo.py took 0.050 seconds
[2024-07-22T17:11:14.879+0000] {processor.py:161} INFO - Started process (PID=744) to work on /opt/airflow/dags/spark_demo.py
[2024-07-22T17:11:14.884+0000] {processor.py:830} INFO - Processing file /opt/airflow/dags/spark_demo.py for tasks to queue
[2024-07-22T17:11:14.893+0000] {logging_mixin.py:188} INFO - [2024-07-22T17:11:14.891+0000] {dagbag.py:545} INFO - Filling up the DagBag from /opt/airflow/dags/spark_demo.py
[2024-07-22T17:11:14.907+0000] {logging_mixin.py:188} INFO - [2024-07-22T17:11:14.902+0000] {dagbag.py:355} ERROR - Failed to import: /opt/airflow/dags/spark_demo.py
Traceback (most recent call last):
  File "/home/airflow/.local/lib/python3.12/site-packages/airflow/models/dagbag.py", line 351, in parse
    loader.exec_module(new_module)
  File "<frozen importlib._bootstrap_external>", line 995, in exec_module
  File "<frozen importlib._bootstrap>", line 488, in _call_with_frames_removed
  File "/opt/airflow/dags/spark_demo.py", line 4, in <module>
    from pyspark.sql import SparkSession
ModuleNotFoundError: No module named 'pyspark'
[2024-07-22T17:11:14.908+0000] {processor.py:842} WARNING - No viable dags retrieved from /opt/airflow/dags/spark_demo.py
[2024-07-22T17:11:14.979+0000] {processor.py:183} INFO - Processing /opt/airflow/dags/spark_demo.py took 0.126 seconds
[2024-07-22T17:13:14.908+0000] {processor.py:161} INFO - Started process (PID=55) to work on /opt/airflow/dags/spark_demo.py
[2024-07-22T17:13:14.910+0000] {processor.py:830} INFO - Processing file /opt/airflow/dags/spark_demo.py for tasks to queue
[2024-07-22T17:13:14.914+0000] {logging_mixin.py:188} INFO - [2024-07-22T17:13:14.913+0000] {dagbag.py:545} INFO - Filling up the DagBag from /opt/airflow/dags/spark_demo.py
[2024-07-22T17:13:14.930+0000] {logging_mixin.py:188} INFO - [2024-07-22T17:13:14.927+0000] {dagbag.py:355} ERROR - Failed to import: /opt/airflow/dags/spark_demo.py
Traceback (most recent call last):
  File "/home/airflow/.local/lib/python3.12/site-packages/airflow/models/dagbag.py", line 351, in parse
    loader.exec_module(new_module)
  File "<frozen importlib._bootstrap_external>", line 995, in exec_module
  File "<frozen importlib._bootstrap>", line 488, in _call_with_frames_removed
  File "/opt/airflow/dags/spark_demo.py", line 4, in <module>
    from pyspark.sql import SparkSession
ModuleNotFoundError: No module named 'pyspark'
[2024-07-22T17:13:14.931+0000] {processor.py:842} WARNING - No viable dags retrieved from /opt/airflow/dags/spark_demo.py
[2024-07-22T17:13:14.968+0000] {processor.py:183} INFO - Processing /opt/airflow/dags/spark_demo.py took 0.072 seconds
[2024-07-22T17:13:45.277+0000] {processor.py:161} INFO - Started process (PID=117) to work on /opt/airflow/dags/spark_demo.py
[2024-07-22T17:13:45.279+0000] {processor.py:830} INFO - Processing file /opt/airflow/dags/spark_demo.py for tasks to queue
[2024-07-22T17:13:45.282+0000] {logging_mixin.py:188} INFO - [2024-07-22T17:13:45.282+0000] {dagbag.py:545} INFO - Filling up the DagBag from /opt/airflow/dags/spark_demo.py
[2024-07-22T17:13:45.289+0000] {logging_mixin.py:188} INFO - [2024-07-22T17:13:45.287+0000] {dagbag.py:355} ERROR - Failed to import: /opt/airflow/dags/spark_demo.py
Traceback (most recent call last):
  File "/home/airflow/.local/lib/python3.12/site-packages/airflow/models/dagbag.py", line 351, in parse
    loader.exec_module(new_module)
  File "<frozen importlib._bootstrap_external>", line 995, in exec_module
  File "<frozen importlib._bootstrap>", line 488, in _call_with_frames_removed
  File "/opt/airflow/dags/spark_demo.py", line 4, in <module>
    from pyspark.sql import SparkSession
ModuleNotFoundError: No module named 'pyspark'
[2024-07-22T17:13:45.290+0000] {processor.py:842} WARNING - No viable dags retrieved from /opt/airflow/dags/spark_demo.py
[2024-07-22T17:13:45.330+0000] {processor.py:183} INFO - Processing /opt/airflow/dags/spark_demo.py took 0.066 seconds
[2024-07-22T17:14:15.814+0000] {processor.py:161} INFO - Started process (PID=179) to work on /opt/airflow/dags/spark_demo.py
[2024-07-22T17:14:15.816+0000] {processor.py:830} INFO - Processing file /opt/airflow/dags/spark_demo.py for tasks to queue
[2024-07-22T17:14:15.819+0000] {logging_mixin.py:188} INFO - [2024-07-22T17:14:15.818+0000] {dagbag.py:545} INFO - Filling up the DagBag from /opt/airflow/dags/spark_demo.py
[2024-07-22T17:14:15.825+0000] {logging_mixin.py:188} INFO - [2024-07-22T17:14:15.823+0000] {dagbag.py:355} ERROR - Failed to import: /opt/airflow/dags/spark_demo.py
Traceback (most recent call last):
  File "/home/airflow/.local/lib/python3.12/site-packages/airflow/models/dagbag.py", line 351, in parse
    loader.exec_module(new_module)
  File "<frozen importlib._bootstrap_external>", line 995, in exec_module
  File "<frozen importlib._bootstrap>", line 488, in _call_with_frames_removed
  File "/opt/airflow/dags/spark_demo.py", line 4, in <module>
    from pyspark.sql import SparkSession
ModuleNotFoundError: No module named 'pyspark'
[2024-07-22T17:14:15.826+0000] {processor.py:842} WARNING - No viable dags retrieved from /opt/airflow/dags/spark_demo.py
[2024-07-22T17:14:15.858+0000] {processor.py:183} INFO - Processing /opt/airflow/dags/spark_demo.py took 0.054 seconds
[2024-07-22T17:14:46.232+0000] {processor.py:161} INFO - Started process (PID=241) to work on /opt/airflow/dags/spark_demo.py
[2024-07-22T17:14:46.234+0000] {processor.py:830} INFO - Processing file /opt/airflow/dags/spark_demo.py for tasks to queue
[2024-07-22T17:14:46.237+0000] {logging_mixin.py:188} INFO - [2024-07-22T17:14:46.236+0000] {dagbag.py:545} INFO - Filling up the DagBag from /opt/airflow/dags/spark_demo.py
[2024-07-22T17:14:46.242+0000] {logging_mixin.py:188} INFO - [2024-07-22T17:14:46.240+0000] {dagbag.py:355} ERROR - Failed to import: /opt/airflow/dags/spark_demo.py
Traceback (most recent call last):
  File "/home/airflow/.local/lib/python3.12/site-packages/airflow/models/dagbag.py", line 351, in parse
    loader.exec_module(new_module)
  File "<frozen importlib._bootstrap_external>", line 995, in exec_module
  File "<frozen importlib._bootstrap>", line 488, in _call_with_frames_removed
  File "/opt/airflow/dags/spark_demo.py", line 4, in <module>
    from pyspark.sql import SparkSession
ModuleNotFoundError: No module named 'pyspark'
[2024-07-22T17:14:46.243+0000] {processor.py:842} WARNING - No viable dags retrieved from /opt/airflow/dags/spark_demo.py
[2024-07-22T17:14:46.273+0000] {processor.py:183} INFO - Processing /opt/airflow/dags/spark_demo.py took 0.051 seconds
[2024-07-22T17:15:16.841+0000] {processor.py:161} INFO - Started process (PID=303) to work on /opt/airflow/dags/spark_demo.py
[2024-07-22T17:15:16.843+0000] {processor.py:830} INFO - Processing file /opt/airflow/dags/spark_demo.py for tasks to queue
[2024-07-22T17:15:16.847+0000] {logging_mixin.py:188} INFO - [2024-07-22T17:15:16.846+0000] {dagbag.py:545} INFO - Filling up the DagBag from /opt/airflow/dags/spark_demo.py
[2024-07-22T17:15:16.854+0000] {logging_mixin.py:188} INFO - [2024-07-22T17:15:16.852+0000] {dagbag.py:355} ERROR - Failed to import: /opt/airflow/dags/spark_demo.py
Traceback (most recent call last):
  File "/home/airflow/.local/lib/python3.12/site-packages/airflow/models/dagbag.py", line 351, in parse
    loader.exec_module(new_module)
  File "<frozen importlib._bootstrap_external>", line 995, in exec_module
  File "<frozen importlib._bootstrap>", line 488, in _call_with_frames_removed
  File "/opt/airflow/dags/spark_demo.py", line 4, in <module>
    from pyspark.sql import SparkSession
ModuleNotFoundError: No module named 'pyspark'
[2024-07-22T17:15:16.856+0000] {processor.py:842} WARNING - No viable dags retrieved from /opt/airflow/dags/spark_demo.py
[2024-07-22T17:15:16.890+0000] {processor.py:183} INFO - Processing /opt/airflow/dags/spark_demo.py took 0.058 seconds
[2024-07-22T17:15:47.534+0000] {processor.py:161} INFO - Started process (PID=371) to work on /opt/airflow/dags/spark_demo.py
[2024-07-22T17:15:47.535+0000] {processor.py:830} INFO - Processing file /opt/airflow/dags/spark_demo.py for tasks to queue
[2024-07-22T17:15:47.538+0000] {logging_mixin.py:188} INFO - [2024-07-22T17:15:47.538+0000] {dagbag.py:545} INFO - Filling up the DagBag from /opt/airflow/dags/spark_demo.py
[2024-07-22T17:15:47.543+0000] {logging_mixin.py:188} INFO - [2024-07-22T17:15:47.542+0000] {dagbag.py:355} ERROR - Failed to import: /opt/airflow/dags/spark_demo.py
Traceback (most recent call last):
  File "/home/airflow/.local/lib/python3.12/site-packages/airflow/models/dagbag.py", line 351, in parse
    loader.exec_module(new_module)
  File "<frozen importlib._bootstrap_external>", line 995, in exec_module
  File "<frozen importlib._bootstrap>", line 488, in _call_with_frames_removed
  File "/opt/airflow/dags/spark_demo.py", line 4, in <module>
    from pyspark.sql import SparkSession
ModuleNotFoundError: No module named 'pyspark'
[2024-07-22T17:15:47.544+0000] {processor.py:842} WARNING - No viable dags retrieved from /opt/airflow/dags/spark_demo.py
[2024-07-22T17:15:47.578+0000] {processor.py:183} INFO - Processing /opt/airflow/dags/spark_demo.py took 0.054 seconds
[2024-07-22T17:16:17.861+0000] {processor.py:161} INFO - Started process (PID=433) to work on /opt/airflow/dags/spark_demo.py
[2024-07-22T17:16:17.863+0000] {processor.py:830} INFO - Processing file /opt/airflow/dags/spark_demo.py for tasks to queue
[2024-07-22T17:16:17.866+0000] {logging_mixin.py:188} INFO - [2024-07-22T17:16:17.866+0000] {dagbag.py:545} INFO - Filling up the DagBag from /opt/airflow/dags/spark_demo.py
[2024-07-22T17:16:17.872+0000] {logging_mixin.py:188} INFO - [2024-07-22T17:16:17.870+0000] {dagbag.py:355} ERROR - Failed to import: /opt/airflow/dags/spark_demo.py
Traceback (most recent call last):
  File "/home/airflow/.local/lib/python3.12/site-packages/airflow/models/dagbag.py", line 351, in parse
    loader.exec_module(new_module)
  File "<frozen importlib._bootstrap_external>", line 995, in exec_module
  File "<frozen importlib._bootstrap>", line 488, in _call_with_frames_removed
  File "/opt/airflow/dags/spark_demo.py", line 4, in <module>
    from pyspark.sql import SparkSession
ModuleNotFoundError: No module named 'pyspark'
[2024-07-22T17:16:17.873+0000] {processor.py:842} WARNING - No viable dags retrieved from /opt/airflow/dags/spark_demo.py
[2024-07-22T17:16:17.904+0000] {processor.py:183} INFO - Processing /opt/airflow/dags/spark_demo.py took 0.052 seconds
[2024-07-22T17:16:48.033+0000] {processor.py:161} INFO - Started process (PID=495) to work on /opt/airflow/dags/spark_demo.py
[2024-07-22T17:16:48.035+0000] {processor.py:830} INFO - Processing file /opt/airflow/dags/spark_demo.py for tasks to queue
[2024-07-22T17:16:48.038+0000] {logging_mixin.py:188} INFO - [2024-07-22T17:16:48.037+0000] {dagbag.py:545} INFO - Filling up the DagBag from /opt/airflow/dags/spark_demo.py
[2024-07-22T17:16:48.043+0000] {logging_mixin.py:188} INFO - [2024-07-22T17:16:48.041+0000] {dagbag.py:355} ERROR - Failed to import: /opt/airflow/dags/spark_demo.py
Traceback (most recent call last):
  File "/home/airflow/.local/lib/python3.12/site-packages/airflow/models/dagbag.py", line 351, in parse
    loader.exec_module(new_module)
  File "<frozen importlib._bootstrap_external>", line 995, in exec_module
  File "<frozen importlib._bootstrap>", line 488, in _call_with_frames_removed
  File "/opt/airflow/dags/spark_demo.py", line 4, in <module>
    from pyspark.sql import SparkSession
ModuleNotFoundError: No module named 'pyspark'
[2024-07-22T17:16:48.044+0000] {processor.py:842} WARNING - No viable dags retrieved from /opt/airflow/dags/spark_demo.py
[2024-07-22T17:16:48.078+0000] {processor.py:183} INFO - Processing /opt/airflow/dags/spark_demo.py took 0.054 seconds
[2024-07-22T17:17:18.234+0000] {processor.py:161} INFO - Started process (PID=557) to work on /opt/airflow/dags/spark_demo.py
[2024-07-22T17:17:18.237+0000] {processor.py:830} INFO - Processing file /opt/airflow/dags/spark_demo.py for tasks to queue
[2024-07-22T17:17:18.240+0000] {logging_mixin.py:188} INFO - [2024-07-22T17:17:18.240+0000] {dagbag.py:545} INFO - Filling up the DagBag from /opt/airflow/dags/spark_demo.py
[2024-07-22T17:17:18.247+0000] {logging_mixin.py:188} INFO - [2024-07-22T17:17:18.245+0000] {dagbag.py:355} ERROR - Failed to import: /opt/airflow/dags/spark_demo.py
Traceback (most recent call last):
  File "/home/airflow/.local/lib/python3.12/site-packages/airflow/models/dagbag.py", line 351, in parse
    loader.exec_module(new_module)
  File "<frozen importlib._bootstrap_external>", line 995, in exec_module
  File "<frozen importlib._bootstrap>", line 488, in _call_with_frames_removed
  File "/opt/airflow/dags/spark_demo.py", line 4, in <module>
    from pyspark.sql import SparkSession
ModuleNotFoundError: No module named 'pyspark'
[2024-07-22T17:17:18.248+0000] {processor.py:842} WARNING - No viable dags retrieved from /opt/airflow/dags/spark_demo.py
[2024-07-22T17:17:18.284+0000] {processor.py:183} INFO - Processing /opt/airflow/dags/spark_demo.py took 0.059 seconds
[2024-07-22T17:17:48.854+0000] {processor.py:161} INFO - Started process (PID=620) to work on /opt/airflow/dags/spark_demo.py
[2024-07-22T17:17:48.856+0000] {processor.py:830} INFO - Processing file /opt/airflow/dags/spark_demo.py for tasks to queue
[2024-07-22T17:17:48.860+0000] {logging_mixin.py:188} INFO - [2024-07-22T17:17:48.859+0000] {dagbag.py:545} INFO - Filling up the DagBag from /opt/airflow/dags/spark_demo.py
[2024-07-22T17:17:48.867+0000] {logging_mixin.py:188} INFO - [2024-07-22T17:17:48.864+0000] {dagbag.py:355} ERROR - Failed to import: /opt/airflow/dags/spark_demo.py
Traceback (most recent call last):
  File "/home/airflow/.local/lib/python3.12/site-packages/airflow/models/dagbag.py", line 351, in parse
    loader.exec_module(new_module)
  File "<frozen importlib._bootstrap_external>", line 995, in exec_module
  File "<frozen importlib._bootstrap>", line 488, in _call_with_frames_removed
  File "/opt/airflow/dags/spark_demo.py", line 4, in <module>
    from pyspark.sql import SparkSession
ModuleNotFoundError: No module named 'pyspark'
[2024-07-22T17:17:48.868+0000] {processor.py:842} WARNING - No viable dags retrieved from /opt/airflow/dags/spark_demo.py
[2024-07-22T17:17:48.908+0000] {processor.py:183} INFO - Processing /opt/airflow/dags/spark_demo.py took 0.067 seconds
[2024-07-22T17:18:19.387+0000] {processor.py:161} INFO - Started process (PID=682) to work on /opt/airflow/dags/spark_demo.py
[2024-07-22T17:18:19.390+0000] {processor.py:830} INFO - Processing file /opt/airflow/dags/spark_demo.py for tasks to queue
[2024-07-22T17:18:19.393+0000] {logging_mixin.py:188} INFO - [2024-07-22T17:18:19.392+0000] {dagbag.py:545} INFO - Filling up the DagBag from /opt/airflow/dags/spark_demo.py
[2024-07-22T17:18:19.398+0000] {logging_mixin.py:188} INFO - [2024-07-22T17:18:19.397+0000] {dagbag.py:355} ERROR - Failed to import: /opt/airflow/dags/spark_demo.py
Traceback (most recent call last):
  File "/home/airflow/.local/lib/python3.12/site-packages/airflow/models/dagbag.py", line 351, in parse
    loader.exec_module(new_module)
  File "<frozen importlib._bootstrap_external>", line 995, in exec_module
  File "<frozen importlib._bootstrap>", line 488, in _call_with_frames_removed
  File "/opt/airflow/dags/spark_demo.py", line 4, in <module>
    from pyspark.sql import SparkSession
ModuleNotFoundError: No module named 'pyspark'
[2024-07-22T17:18:19.399+0000] {processor.py:842} WARNING - No viable dags retrieved from /opt/airflow/dags/spark_demo.py
[2024-07-22T17:18:19.431+0000] {processor.py:183} INFO - Processing /opt/airflow/dags/spark_demo.py took 0.053 seconds
[2024-07-22T17:18:49.931+0000] {processor.py:161} INFO - Started process (PID=744) to work on /opt/airflow/dags/spark_demo.py
[2024-07-22T17:18:49.932+0000] {processor.py:830} INFO - Processing file /opt/airflow/dags/spark_demo.py for tasks to queue
[2024-07-22T17:18:49.935+0000] {logging_mixin.py:188} INFO - [2024-07-22T17:18:49.935+0000] {dagbag.py:545} INFO - Filling up the DagBag from /opt/airflow/dags/spark_demo.py
[2024-07-22T17:18:49.941+0000] {logging_mixin.py:188} INFO - [2024-07-22T17:18:49.939+0000] {dagbag.py:355} ERROR - Failed to import: /opt/airflow/dags/spark_demo.py
Traceback (most recent call last):
  File "/home/airflow/.local/lib/python3.12/site-packages/airflow/models/dagbag.py", line 351, in parse
    loader.exec_module(new_module)
  File "<frozen importlib._bootstrap_external>", line 995, in exec_module
  File "<frozen importlib._bootstrap>", line 488, in _call_with_frames_removed
  File "/opt/airflow/dags/spark_demo.py", line 4, in <module>
    from pyspark.sql import SparkSession
ModuleNotFoundError: No module named 'pyspark'
[2024-07-22T17:18:49.942+0000] {processor.py:842} WARNING - No viable dags retrieved from /opt/airflow/dags/spark_demo.py
[2024-07-22T17:18:49.975+0000] {processor.py:183} INFO - Processing /opt/airflow/dags/spark_demo.py took 0.054 seconds
[2024-07-22T17:19:20.251+0000] {processor.py:161} INFO - Started process (PID=807) to work on /opt/airflow/dags/spark_demo.py
[2024-07-22T17:19:20.253+0000] {processor.py:830} INFO - Processing file /opt/airflow/dags/spark_demo.py for tasks to queue
[2024-07-22T17:19:20.256+0000] {logging_mixin.py:188} INFO - [2024-07-22T17:19:20.256+0000] {dagbag.py:545} INFO - Filling up the DagBag from /opt/airflow/dags/spark_demo.py
[2024-07-22T17:19:20.261+0000] {logging_mixin.py:188} INFO - [2024-07-22T17:19:20.260+0000] {dagbag.py:355} ERROR - Failed to import: /opt/airflow/dags/spark_demo.py
Traceback (most recent call last):
  File "/home/airflow/.local/lib/python3.12/site-packages/airflow/models/dagbag.py", line 351, in parse
    loader.exec_module(new_module)
  File "<frozen importlib._bootstrap_external>", line 995, in exec_module
  File "<frozen importlib._bootstrap>", line 488, in _call_with_frames_removed
  File "/opt/airflow/dags/spark_demo.py", line 4, in <module>
    from pyspark.sql import SparkSession
ModuleNotFoundError: No module named 'pyspark'
[2024-07-22T17:19:20.262+0000] {processor.py:842} WARNING - No viable dags retrieved from /opt/airflow/dags/spark_demo.py
[2024-07-22T17:19:20.294+0000] {processor.py:183} INFO - Processing /opt/airflow/dags/spark_demo.py took 0.052 seconds
[2024-07-22T17:19:50.770+0000] {processor.py:161} INFO - Started process (PID=869) to work on /opt/airflow/dags/spark_demo.py
[2024-07-22T17:19:50.772+0000] {processor.py:830} INFO - Processing file /opt/airflow/dags/spark_demo.py for tasks to queue
[2024-07-22T17:19:50.775+0000] {logging_mixin.py:188} INFO - [2024-07-22T17:19:50.774+0000] {dagbag.py:545} INFO - Filling up the DagBag from /opt/airflow/dags/spark_demo.py
[2024-07-22T17:19:50.781+0000] {logging_mixin.py:188} INFO - [2024-07-22T17:19:50.779+0000] {dagbag.py:355} ERROR - Failed to import: /opt/airflow/dags/spark_demo.py
Traceback (most recent call last):
  File "/home/airflow/.local/lib/python3.12/site-packages/airflow/models/dagbag.py", line 351, in parse
    loader.exec_module(new_module)
  File "<frozen importlib._bootstrap_external>", line 995, in exec_module
  File "<frozen importlib._bootstrap>", line 488, in _call_with_frames_removed
  File "/opt/airflow/dags/spark_demo.py", line 4, in <module>
    from pyspark.sql import SparkSession
ModuleNotFoundError: No module named 'pyspark'
[2024-07-22T17:19:50.781+0000] {processor.py:842} WARNING - No viable dags retrieved from /opt/airflow/dags/spark_demo.py
[2024-07-22T17:19:50.813+0000] {processor.py:183} INFO - Processing /opt/airflow/dags/spark_demo.py took 0.053 seconds
[2024-07-22T17:20:21.014+0000] {processor.py:161} INFO - Started process (PID=932) to work on /opt/airflow/dags/spark_demo.py
[2024-07-22T17:20:21.016+0000] {processor.py:830} INFO - Processing file /opt/airflow/dags/spark_demo.py for tasks to queue
[2024-07-22T17:20:21.019+0000] {logging_mixin.py:188} INFO - [2024-07-22T17:20:21.018+0000] {dagbag.py:545} INFO - Filling up the DagBag from /opt/airflow/dags/spark_demo.py
[2024-07-22T17:20:21.024+0000] {logging_mixin.py:188} INFO - [2024-07-22T17:20:21.022+0000] {dagbag.py:355} ERROR - Failed to import: /opt/airflow/dags/spark_demo.py
Traceback (most recent call last):
  File "/home/airflow/.local/lib/python3.12/site-packages/airflow/models/dagbag.py", line 351, in parse
    loader.exec_module(new_module)
  File "<frozen importlib._bootstrap_external>", line 995, in exec_module
  File "<frozen importlib._bootstrap>", line 488, in _call_with_frames_removed
  File "/opt/airflow/dags/spark_demo.py", line 4, in <module>
    from pyspark.sql import SparkSession
ModuleNotFoundError: No module named 'pyspark'
[2024-07-22T17:20:21.025+0000] {processor.py:842} WARNING - No viable dags retrieved from /opt/airflow/dags/spark_demo.py
[2024-07-22T17:20:21.054+0000] {processor.py:183} INFO - Processing /opt/airflow/dags/spark_demo.py took 0.049 seconds
[2024-07-22T17:20:51.308+0000] {processor.py:161} INFO - Started process (PID=995) to work on /opt/airflow/dags/spark_demo.py
[2024-07-22T17:20:51.310+0000] {processor.py:830} INFO - Processing file /opt/airflow/dags/spark_demo.py for tasks to queue
[2024-07-22T17:20:51.313+0000] {logging_mixin.py:188} INFO - [2024-07-22T17:20:51.313+0000] {dagbag.py:545} INFO - Filling up the DagBag from /opt/airflow/dags/spark_demo.py
[2024-07-22T17:20:51.320+0000] {logging_mixin.py:188} INFO - [2024-07-22T17:20:51.318+0000] {dagbag.py:355} ERROR - Failed to import: /opt/airflow/dags/spark_demo.py
Traceback (most recent call last):
  File "/home/airflow/.local/lib/python3.12/site-packages/airflow/models/dagbag.py", line 351, in parse
    loader.exec_module(new_module)
  File "<frozen importlib._bootstrap_external>", line 995, in exec_module
  File "<frozen importlib._bootstrap>", line 488, in _call_with_frames_removed
  File "/opt/airflow/dags/spark_demo.py", line 4, in <module>
    from pyspark.sql import SparkSession
ModuleNotFoundError: No module named 'pyspark'
[2024-07-22T17:20:51.321+0000] {processor.py:842} WARNING - No viable dags retrieved from /opt/airflow/dags/spark_demo.py
[2024-07-22T17:20:51.355+0000] {processor.py:183} INFO - Processing /opt/airflow/dags/spark_demo.py took 0.057 seconds
[2024-07-22T17:21:22.214+0000] {processor.py:161} INFO - Started process (PID=1057) to work on /opt/airflow/dags/spark_demo.py
[2024-07-22T17:21:22.217+0000] {processor.py:830} INFO - Processing file /opt/airflow/dags/spark_demo.py for tasks to queue
[2024-07-22T17:21:22.220+0000] {logging_mixin.py:188} INFO - [2024-07-22T17:21:22.219+0000] {dagbag.py:545} INFO - Filling up the DagBag from /opt/airflow/dags/spark_demo.py
[2024-07-22T17:21:22.225+0000] {logging_mixin.py:188} INFO - [2024-07-22T17:21:22.223+0000] {dagbag.py:355} ERROR - Failed to import: /opt/airflow/dags/spark_demo.py
Traceback (most recent call last):
  File "/home/airflow/.local/lib/python3.12/site-packages/airflow/models/dagbag.py", line 351, in parse
    loader.exec_module(new_module)
  File "<frozen importlib._bootstrap_external>", line 995, in exec_module
  File "<frozen importlib._bootstrap>", line 488, in _call_with_frames_removed
  File "/opt/airflow/dags/spark_demo.py", line 4, in <module>
    from pyspark.sql import SparkSession
ModuleNotFoundError: No module named 'pyspark'
[2024-07-22T17:21:22.226+0000] {processor.py:842} WARNING - No viable dags retrieved from /opt/airflow/dags/spark_demo.py
[2024-07-22T17:21:22.261+0000] {processor.py:183} INFO - Processing /opt/airflow/dags/spark_demo.py took 0.056 seconds
[2024-07-22T17:21:52.798+0000] {processor.py:161} INFO - Started process (PID=1119) to work on /opt/airflow/dags/spark_demo.py
[2024-07-22T17:21:52.799+0000] {processor.py:830} INFO - Processing file /opt/airflow/dags/spark_demo.py for tasks to queue
[2024-07-22T17:21:52.802+0000] {logging_mixin.py:188} INFO - [2024-07-22T17:21:52.802+0000] {dagbag.py:545} INFO - Filling up the DagBag from /opt/airflow/dags/spark_demo.py
[2024-07-22T17:21:52.809+0000] {logging_mixin.py:188} INFO - [2024-07-22T17:21:52.807+0000] {dagbag.py:355} ERROR - Failed to import: /opt/airflow/dags/spark_demo.py
Traceback (most recent call last):
  File "/home/airflow/.local/lib/python3.12/site-packages/airflow/models/dagbag.py", line 351, in parse
    loader.exec_module(new_module)
  File "<frozen importlib._bootstrap_external>", line 995, in exec_module
  File "<frozen importlib._bootstrap>", line 488, in _call_with_frames_removed
  File "/opt/airflow/dags/spark_demo.py", line 4, in <module>
    from pyspark.sql import SparkSession
ModuleNotFoundError: No module named 'pyspark'
[2024-07-22T17:21:52.810+0000] {processor.py:842} WARNING - No viable dags retrieved from /opt/airflow/dags/spark_demo.py
[2024-07-22T17:21:52.844+0000] {processor.py:183} INFO - Processing /opt/airflow/dags/spark_demo.py took 0.056 seconds
[2024-07-22T17:22:23.201+0000] {processor.py:161} INFO - Started process (PID=1181) to work on /opt/airflow/dags/spark_demo.py
[2024-07-22T17:22:23.204+0000] {processor.py:830} INFO - Processing file /opt/airflow/dags/spark_demo.py for tasks to queue
[2024-07-22T17:22:23.209+0000] {logging_mixin.py:188} INFO - [2024-07-22T17:22:23.208+0000] {dagbag.py:545} INFO - Filling up the DagBag from /opt/airflow/dags/spark_demo.py
[2024-07-22T17:22:23.216+0000] {logging_mixin.py:188} INFO - [2024-07-22T17:22:23.213+0000] {dagbag.py:355} ERROR - Failed to import: /opt/airflow/dags/spark_demo.py
Traceback (most recent call last):
  File "/home/airflow/.local/lib/python3.12/site-packages/airflow/models/dagbag.py", line 351, in parse
    loader.exec_module(new_module)
  File "<frozen importlib._bootstrap_external>", line 995, in exec_module
  File "<frozen importlib._bootstrap>", line 488, in _call_with_frames_removed
  File "/opt/airflow/dags/spark_demo.py", line 4, in <module>
    from pyspark.sql import SparkSession
ModuleNotFoundError: No module named 'pyspark'
[2024-07-22T17:22:23.217+0000] {processor.py:842} WARNING - No viable dags retrieved from /opt/airflow/dags/spark_demo.py
[2024-07-22T17:22:23.253+0000] {processor.py:183} INFO - Processing /opt/airflow/dags/spark_demo.py took 0.065 seconds
[2024-07-22T17:22:53.415+0000] {processor.py:161} INFO - Started process (PID=1243) to work on /opt/airflow/dags/spark_demo.py
[2024-07-22T17:22:53.416+0000] {processor.py:830} INFO - Processing file /opt/airflow/dags/spark_demo.py for tasks to queue
[2024-07-22T17:22:53.420+0000] {logging_mixin.py:188} INFO - [2024-07-22T17:22:53.419+0000] {dagbag.py:545} INFO - Filling up the DagBag from /opt/airflow/dags/spark_demo.py
[2024-07-22T17:22:53.427+0000] {logging_mixin.py:188} INFO - [2024-07-22T17:22:53.424+0000] {dagbag.py:355} ERROR - Failed to import: /opt/airflow/dags/spark_demo.py
Traceback (most recent call last):
  File "/home/airflow/.local/lib/python3.12/site-packages/airflow/models/dagbag.py", line 351, in parse
    loader.exec_module(new_module)
  File "<frozen importlib._bootstrap_external>", line 995, in exec_module
  File "<frozen importlib._bootstrap>", line 488, in _call_with_frames_removed
  File "/opt/airflow/dags/spark_demo.py", line 4, in <module>
    from pyspark.sql import SparkSession
ModuleNotFoundError: No module named 'pyspark'
[2024-07-22T17:22:53.428+0000] {processor.py:842} WARNING - No viable dags retrieved from /opt/airflow/dags/spark_demo.py
[2024-07-22T17:22:53.463+0000] {processor.py:183} INFO - Processing /opt/airflow/dags/spark_demo.py took 0.061 seconds
[2024-07-22T17:23:23.625+0000] {processor.py:161} INFO - Started process (PID=1305) to work on /opt/airflow/dags/spark_demo.py
[2024-07-22T17:23:23.627+0000] {processor.py:830} INFO - Processing file /opt/airflow/dags/spark_demo.py for tasks to queue
[2024-07-22T17:23:23.629+0000] {logging_mixin.py:188} INFO - [2024-07-22T17:23:23.629+0000] {dagbag.py:545} INFO - Filling up the DagBag from /opt/airflow/dags/spark_demo.py
[2024-07-22T17:23:23.635+0000] {logging_mixin.py:188} INFO - [2024-07-22T17:23:23.633+0000] {dagbag.py:355} ERROR - Failed to import: /opt/airflow/dags/spark_demo.py
Traceback (most recent call last):
  File "/home/airflow/.local/lib/python3.12/site-packages/airflow/models/dagbag.py", line 351, in parse
    loader.exec_module(new_module)
  File "<frozen importlib._bootstrap_external>", line 995, in exec_module
  File "<frozen importlib._bootstrap>", line 488, in _call_with_frames_removed
  File "/opt/airflow/dags/spark_demo.py", line 4, in <module>
    from pyspark.sql import SparkSession
ModuleNotFoundError: No module named 'pyspark'
[2024-07-22T17:23:23.635+0000] {processor.py:842} WARNING - No viable dags retrieved from /opt/airflow/dags/spark_demo.py
[2024-07-22T17:23:23.669+0000] {processor.py:183} INFO - Processing /opt/airflow/dags/spark_demo.py took 0.053 seconds
[2024-07-22T17:23:54.014+0000] {processor.py:161} INFO - Started process (PID=1367) to work on /opt/airflow/dags/spark_demo.py
[2024-07-22T17:23:54.016+0000] {processor.py:830} INFO - Processing file /opt/airflow/dags/spark_demo.py for tasks to queue
[2024-07-22T17:23:54.019+0000] {logging_mixin.py:188} INFO - [2024-07-22T17:23:54.018+0000] {dagbag.py:545} INFO - Filling up the DagBag from /opt/airflow/dags/spark_demo.py
[2024-07-22T17:23:54.024+0000] {logging_mixin.py:188} INFO - [2024-07-22T17:23:54.022+0000] {dagbag.py:355} ERROR - Failed to import: /opt/airflow/dags/spark_demo.py
Traceback (most recent call last):
  File "/home/airflow/.local/lib/python3.12/site-packages/airflow/models/dagbag.py", line 351, in parse
    loader.exec_module(new_module)
  File "<frozen importlib._bootstrap_external>", line 995, in exec_module
  File "<frozen importlib._bootstrap>", line 488, in _call_with_frames_removed
  File "/opt/airflow/dags/spark_demo.py", line 4, in <module>
    from pyspark.sql import SparkSession
ModuleNotFoundError: No module named 'pyspark'
[2024-07-22T17:23:54.025+0000] {processor.py:842} WARNING - No viable dags retrieved from /opt/airflow/dags/spark_demo.py
[2024-07-22T17:23:54.054+0000] {processor.py:183} INFO - Processing /opt/airflow/dags/spark_demo.py took 0.049 seconds
[2024-07-22T17:24:24.094+0000] {processor.py:161} INFO - Started process (PID=1429) to work on /opt/airflow/dags/spark_demo.py
[2024-07-22T17:24:24.096+0000] {processor.py:830} INFO - Processing file /opt/airflow/dags/spark_demo.py for tasks to queue
[2024-07-22T17:24:24.099+0000] {logging_mixin.py:188} INFO - [2024-07-22T17:24:24.098+0000] {dagbag.py:545} INFO - Filling up the DagBag from /opt/airflow/dags/spark_demo.py
[2024-07-22T17:24:24.105+0000] {logging_mixin.py:188} INFO - [2024-07-22T17:24:24.103+0000] {dagbag.py:355} ERROR - Failed to import: /opt/airflow/dags/spark_demo.py
Traceback (most recent call last):
  File "/home/airflow/.local/lib/python3.12/site-packages/airflow/models/dagbag.py", line 351, in parse
    loader.exec_module(new_module)
  File "<frozen importlib._bootstrap_external>", line 995, in exec_module
  File "<frozen importlib._bootstrap>", line 488, in _call_with_frames_removed
  File "/opt/airflow/dags/spark_demo.py", line 4, in <module>
    from pyspark.sql import SparkSession
ModuleNotFoundError: No module named 'pyspark'
[2024-07-22T17:24:24.106+0000] {processor.py:842} WARNING - No viable dags retrieved from /opt/airflow/dags/spark_demo.py
[2024-07-22T17:24:24.135+0000] {processor.py:183} INFO - Processing /opt/airflow/dags/spark_demo.py took 0.050 seconds
[2024-07-22T17:41:26.847+0000] {processor.py:161} INFO - Started process (PID=57) to work on /opt/airflow/dags/spark_demo.py
[2024-07-22T17:41:26.849+0000] {processor.py:830} INFO - Processing file /opt/airflow/dags/spark_demo.py for tasks to queue
[2024-07-22T17:41:26.853+0000] {logging_mixin.py:188} INFO - [2024-07-22T17:41:26.853+0000] {dagbag.py:545} INFO - Filling up the DagBag from /opt/airflow/dags/spark_demo.py
[2024-07-22T17:41:26.878+0000] {logging_mixin.py:188} INFO - [2024-07-22T17:41:26.867+0000] {dagbag.py:355} ERROR - Failed to import: /opt/airflow/dags/spark_demo.py
Traceback (most recent call last):
  File "/home/airflow/.local/lib/python3.12/site-packages/airflow/models/dagbag.py", line 351, in parse
    loader.exec_module(new_module)
  File "<frozen importlib._bootstrap_external>", line 995, in exec_module
  File "<frozen importlib._bootstrap>", line 488, in _call_with_frames_removed
  File "/opt/airflow/dags/spark_demo.py", line 4, in <module>
    from pyspark.sql import SparkSession
ModuleNotFoundError: No module named 'pyspark'
[2024-07-22T17:41:26.880+0000] {processor.py:842} WARNING - No viable dags retrieved from /opt/airflow/dags/spark_demo.py
[2024-07-22T17:41:26.914+0000] {processor.py:183} INFO - Processing /opt/airflow/dags/spark_demo.py took 0.080 seconds
[2024-07-22T17:41:57.122+0000] {processor.py:161} INFO - Started process (PID=119) to work on /opt/airflow/dags/spark_demo.py
[2024-07-22T17:41:57.125+0000] {processor.py:830} INFO - Processing file /opt/airflow/dags/spark_demo.py for tasks to queue
[2024-07-22T17:41:57.130+0000] {logging_mixin.py:188} INFO - [2024-07-22T17:41:57.129+0000] {dagbag.py:545} INFO - Filling up the DagBag from /opt/airflow/dags/spark_demo.py
[2024-07-22T17:41:57.142+0000] {logging_mixin.py:188} INFO - [2024-07-22T17:41:57.139+0000] {dagbag.py:355} ERROR - Failed to import: /opt/airflow/dags/spark_demo.py
Traceback (most recent call last):
  File "/home/airflow/.local/lib/python3.12/site-packages/airflow/models/dagbag.py", line 351, in parse
    loader.exec_module(new_module)
  File "<frozen importlib._bootstrap_external>", line 995, in exec_module
  File "<frozen importlib._bootstrap>", line 488, in _call_with_frames_removed
  File "/opt/airflow/dags/spark_demo.py", line 4, in <module>
    from pyspark.sql import SparkSession
ModuleNotFoundError: No module named 'pyspark'
[2024-07-22T17:41:57.143+0000] {processor.py:842} WARNING - No viable dags retrieved from /opt/airflow/dags/spark_demo.py
[2024-07-22T17:41:57.201+0000] {processor.py:183} INFO - Processing /opt/airflow/dags/spark_demo.py took 0.096 seconds
[2024-07-22T17:52:59.998+0000] {processor.py:161} INFO - Started process (PID=62) to work on /opt/airflow/dags/spark_demo.py
[2024-07-22T17:53:00.000+0000] {processor.py:830} INFO - Processing file /opt/airflow/dags/spark_demo.py for tasks to queue
[2024-07-22T17:53:00.004+0000] {logging_mixin.py:188} INFO - [2024-07-22T17:53:00.003+0000] {dagbag.py:545} INFO - Filling up the DagBag from /opt/airflow/dags/spark_demo.py
[2024-07-22T17:53:00.200+0000] {logging_mixin.py:188} INFO - [2024-07-22T17:53:00.197+0000] {dagbag.py:355} ERROR - Failed to import: /opt/airflow/dags/spark_demo.py
Traceback (most recent call last):
  File "/home/airflow/.local/lib/python3.12/site-packages/airflow/models/dagbag.py", line 351, in parse
    loader.exec_module(new_module)
  File "<frozen importlib._bootstrap_external>", line 995, in exec_module
  File "<frozen importlib._bootstrap>", line 488, in _call_with_frames_removed
  File "/opt/airflow/dags/spark_demo.py", line 5, in <module>
    import fuzzymatcher
ModuleNotFoundError: No module named 'fuzzymatcher'
[2024-07-22T17:53:00.201+0000] {processor.py:842} WARNING - No viable dags retrieved from /opt/airflow/dags/spark_demo.py
[2024-07-22T17:53:00.230+0000] {processor.py:183} INFO - Processing /opt/airflow/dags/spark_demo.py took 0.245 seconds
[2024-07-22T17:53:30.434+0000] {processor.py:161} INFO - Started process (PID=125) to work on /opt/airflow/dags/spark_demo.py
[2024-07-22T17:53:30.435+0000] {processor.py:830} INFO - Processing file /opt/airflow/dags/spark_demo.py for tasks to queue
[2024-07-22T17:53:30.438+0000] {logging_mixin.py:188} INFO - [2024-07-22T17:53:30.438+0000] {dagbag.py:545} INFO - Filling up the DagBag from /opt/airflow/dags/spark_demo.py
[2024-07-22T17:53:30.550+0000] {logging_mixin.py:188} INFO - [2024-07-22T17:53:30.549+0000] {dagbag.py:355} ERROR - Failed to import: /opt/airflow/dags/spark_demo.py
Traceback (most recent call last):
  File "/home/airflow/.local/lib/python3.12/site-packages/airflow/models/dagbag.py", line 351, in parse
    loader.exec_module(new_module)
  File "<frozen importlib._bootstrap_external>", line 995, in exec_module
  File "<frozen importlib._bootstrap>", line 488, in _call_with_frames_removed
  File "/opt/airflow/dags/spark_demo.py", line 5, in <module>
    import fuzzymatcher
ModuleNotFoundError: No module named 'fuzzymatcher'
[2024-07-22T17:53:30.551+0000] {processor.py:842} WARNING - No viable dags retrieved from /opt/airflow/dags/spark_demo.py
[2024-07-22T17:53:30.576+0000] {processor.py:183} INFO - Processing /opt/airflow/dags/spark_demo.py took 0.151 seconds
[2024-07-22T17:54:00.928+0000] {processor.py:161} INFO - Started process (PID=187) to work on /opt/airflow/dags/spark_demo.py
[2024-07-22T17:54:00.931+0000] {processor.py:830} INFO - Processing file /opt/airflow/dags/spark_demo.py for tasks to queue
[2024-07-22T17:54:00.934+0000] {logging_mixin.py:188} INFO - [2024-07-22T17:54:00.934+0000] {dagbag.py:545} INFO - Filling up the DagBag from /opt/airflow/dags/spark_demo.py
[2024-07-22T17:54:01.045+0000] {logging_mixin.py:188} INFO - [2024-07-22T17:54:01.044+0000] {dagbag.py:355} ERROR - Failed to import: /opt/airflow/dags/spark_demo.py
Traceback (most recent call last):
  File "/home/airflow/.local/lib/python3.12/site-packages/airflow/models/dagbag.py", line 351, in parse
    loader.exec_module(new_module)
  File "<frozen importlib._bootstrap_external>", line 995, in exec_module
  File "<frozen importlib._bootstrap>", line 488, in _call_with_frames_removed
  File "/opt/airflow/dags/spark_demo.py", line 5, in <module>
    import fuzzymatcher
ModuleNotFoundError: No module named 'fuzzymatcher'
[2024-07-22T17:54:01.047+0000] {processor.py:842} WARNING - No viable dags retrieved from /opt/airflow/dags/spark_demo.py
[2024-07-22T17:54:01.077+0000] {processor.py:183} INFO - Processing /opt/airflow/dags/spark_demo.py took 0.159 seconds
[2024-07-22T17:54:31.272+0000] {processor.py:161} INFO - Started process (PID=249) to work on /opt/airflow/dags/spark_demo.py
[2024-07-22T17:54:31.274+0000] {processor.py:830} INFO - Processing file /opt/airflow/dags/spark_demo.py for tasks to queue
[2024-07-22T17:54:31.280+0000] {logging_mixin.py:188} INFO - [2024-07-22T17:54:31.279+0000] {dagbag.py:545} INFO - Filling up the DagBag from /opt/airflow/dags/spark_demo.py
[2024-07-22T17:54:31.459+0000] {logging_mixin.py:188} INFO - [2024-07-22T17:54:31.457+0000] {dagbag.py:355} ERROR - Failed to import: /opt/airflow/dags/spark_demo.py
Traceback (most recent call last):
  File "/home/airflow/.local/lib/python3.12/site-packages/airflow/models/dagbag.py", line 351, in parse
    loader.exec_module(new_module)
  File "<frozen importlib._bootstrap_external>", line 995, in exec_module
  File "<frozen importlib._bootstrap>", line 488, in _call_with_frames_removed
  File "/opt/airflow/dags/spark_demo.py", line 5, in <module>
    import fuzzymatcher
ModuleNotFoundError: No module named 'fuzzymatcher'
[2024-07-22T17:54:31.461+0000] {processor.py:842} WARNING - No viable dags retrieved from /opt/airflow/dags/spark_demo.py
[2024-07-22T17:54:31.495+0000] {processor.py:183} INFO - Processing /opt/airflow/dags/spark_demo.py took 0.242 seconds
[2024-07-22T17:55:01.800+0000] {processor.py:161} INFO - Started process (PID=311) to work on /opt/airflow/dags/spark_demo.py
[2024-07-22T17:55:01.802+0000] {processor.py:830} INFO - Processing file /opt/airflow/dags/spark_demo.py for tasks to queue
[2024-07-22T17:55:01.805+0000] {logging_mixin.py:188} INFO - [2024-07-22T17:55:01.805+0000] {dagbag.py:545} INFO - Filling up the DagBag from /opt/airflow/dags/spark_demo.py
[2024-07-22T17:55:01.922+0000] {logging_mixin.py:188} INFO - [2024-07-22T17:55:01.920+0000] {dagbag.py:355} ERROR - Failed to import: /opt/airflow/dags/spark_demo.py
Traceback (most recent call last):
  File "/home/airflow/.local/lib/python3.12/site-packages/airflow/models/dagbag.py", line 351, in parse
    loader.exec_module(new_module)
  File "<frozen importlib._bootstrap_external>", line 995, in exec_module
  File "<frozen importlib._bootstrap>", line 488, in _call_with_frames_removed
  File "/opt/airflow/dags/spark_demo.py", line 5, in <module>
    import fuzzymatcher
ModuleNotFoundError: No module named 'fuzzymatcher'
[2024-07-22T17:55:01.923+0000] {processor.py:842} WARNING - No viable dags retrieved from /opt/airflow/dags/spark_demo.py
[2024-07-22T17:55:01.947+0000] {processor.py:183} INFO - Processing /opt/airflow/dags/spark_demo.py took 0.156 seconds
[2024-07-22T17:55:32.149+0000] {processor.py:161} INFO - Started process (PID=373) to work on /opt/airflow/dags/spark_demo.py
[2024-07-22T17:55:32.151+0000] {processor.py:830} INFO - Processing file /opt/airflow/dags/spark_demo.py for tasks to queue
[2024-07-22T17:55:32.154+0000] {logging_mixin.py:188} INFO - [2024-07-22T17:55:32.153+0000] {dagbag.py:545} INFO - Filling up the DagBag from /opt/airflow/dags/spark_demo.py
[2024-07-22T17:55:32.270+0000] {logging_mixin.py:188} INFO - [2024-07-22T17:55:32.268+0000] {dagbag.py:355} ERROR - Failed to import: /opt/airflow/dags/spark_demo.py
Traceback (most recent call last):
  File "/home/airflow/.local/lib/python3.12/site-packages/airflow/models/dagbag.py", line 351, in parse
    loader.exec_module(new_module)
  File "<frozen importlib._bootstrap_external>", line 995, in exec_module
  File "<frozen importlib._bootstrap>", line 488, in _call_with_frames_removed
  File "/opt/airflow/dags/spark_demo.py", line 5, in <module>
    import fuzzymatcher
ModuleNotFoundError: No module named 'fuzzymatcher'
[2024-07-22T17:55:32.271+0000] {processor.py:842} WARNING - No viable dags retrieved from /opt/airflow/dags/spark_demo.py
[2024-07-22T17:55:32.297+0000] {processor.py:183} INFO - Processing /opt/airflow/dags/spark_demo.py took 0.157 seconds
[2024-07-22T17:57:09.058+0000] {processor.py:161} INFO - Started process (PID=55) to work on /opt/airflow/dags/spark_demo.py
[2024-07-22T17:57:09.072+0000] {processor.py:830} INFO - Processing file /opt/airflow/dags/spark_demo.py for tasks to queue
[2024-07-22T17:57:09.076+0000] {logging_mixin.py:188} INFO - [2024-07-22T17:57:09.076+0000] {dagbag.py:545} INFO - Filling up the DagBag from /opt/airflow/dags/spark_demo.py
[2024-07-22T17:57:09.399+0000] {logging_mixin.py:188} INFO - [2024-07-22T17:57:09.397+0000] {dagbag.py:355} ERROR - Failed to import: /opt/airflow/dags/spark_demo.py
Traceback (most recent call last):
  File "/home/airflow/.local/lib/python3.12/site-packages/airflow/models/dagbag.py", line 351, in parse
    loader.exec_module(new_module)
  File "<frozen importlib._bootstrap_external>", line 995, in exec_module
  File "<frozen importlib._bootstrap>", line 488, in _call_with_frames_removed
  File "/opt/airflow/dags/spark_demo.py", line 5, in <module>
    import fuzzymatcher
ModuleNotFoundError: No module named 'fuzzymatcher'
[2024-07-22T17:57:09.400+0000] {processor.py:842} WARNING - No viable dags retrieved from /opt/airflow/dags/spark_demo.py
[2024-07-22T17:57:09.456+0000] {processor.py:183} INFO - Processing /opt/airflow/dags/spark_demo.py took 0.422 seconds
[2024-07-22T17:57:39.562+0000] {processor.py:161} INFO - Started process (PID=117) to work on /opt/airflow/dags/spark_demo.py
[2024-07-22T17:57:39.565+0000] {processor.py:830} INFO - Processing file /opt/airflow/dags/spark_demo.py for tasks to queue
[2024-07-22T17:57:39.571+0000] {logging_mixin.py:188} INFO - [2024-07-22T17:57:39.570+0000] {dagbag.py:545} INFO - Filling up the DagBag from /opt/airflow/dags/spark_demo.py
[2024-07-22T17:57:39.757+0000] {logging_mixin.py:188} INFO - [2024-07-22T17:57:39.755+0000] {dagbag.py:355} ERROR - Failed to import: /opt/airflow/dags/spark_demo.py
Traceback (most recent call last):
  File "/home/airflow/.local/lib/python3.12/site-packages/airflow/models/dagbag.py", line 351, in parse
    loader.exec_module(new_module)
  File "<frozen importlib._bootstrap_external>", line 995, in exec_module
  File "<frozen importlib._bootstrap>", line 488, in _call_with_frames_removed
  File "/opt/airflow/dags/spark_demo.py", line 5, in <module>
    import fuzzymatcher
ModuleNotFoundError: No module named 'fuzzymatcher'
[2024-07-22T17:57:39.758+0000] {processor.py:842} WARNING - No viable dags retrieved from /opt/airflow/dags/spark_demo.py
[2024-07-22T17:57:39.798+0000] {processor.py:183} INFO - Processing /opt/airflow/dags/spark_demo.py took 0.249 seconds
[2024-07-22T17:58:09.864+0000] {processor.py:161} INFO - Started process (PID=179) to work on /opt/airflow/dags/spark_demo.py
[2024-07-22T17:58:09.866+0000] {processor.py:830} INFO - Processing file /opt/airflow/dags/spark_demo.py for tasks to queue
[2024-07-22T17:58:09.870+0000] {logging_mixin.py:188} INFO - [2024-07-22T17:58:09.869+0000] {dagbag.py:545} INFO - Filling up the DagBag from /opt/airflow/dags/spark_demo.py
[2024-07-22T17:58:09.990+0000] {logging_mixin.py:188} INFO - [2024-07-22T17:58:09.988+0000] {dagbag.py:355} ERROR - Failed to import: /opt/airflow/dags/spark_demo.py
Traceback (most recent call last):
  File "/home/airflow/.local/lib/python3.12/site-packages/airflow/models/dagbag.py", line 351, in parse
    loader.exec_module(new_module)
  File "<frozen importlib._bootstrap_external>", line 995, in exec_module
  File "<frozen importlib._bootstrap>", line 488, in _call_with_frames_removed
  File "/opt/airflow/dags/spark_demo.py", line 5, in <module>
    import fuzzymatcher
ModuleNotFoundError: No module named 'fuzzymatcher'
[2024-07-22T17:58:09.991+0000] {processor.py:842} WARNING - No viable dags retrieved from /opt/airflow/dags/spark_demo.py
[2024-07-22T17:58:10.016+0000] {processor.py:183} INFO - Processing /opt/airflow/dags/spark_demo.py took 0.162 seconds
[2024-07-22T17:58:40.181+0000] {processor.py:161} INFO - Started process (PID=241) to work on /opt/airflow/dags/spark_demo.py
[2024-07-22T17:58:40.184+0000] {processor.py:830} INFO - Processing file /opt/airflow/dags/spark_demo.py for tasks to queue
[2024-07-22T17:58:40.188+0000] {logging_mixin.py:188} INFO - [2024-07-22T17:58:40.187+0000] {dagbag.py:545} INFO - Filling up the DagBag from /opt/airflow/dags/spark_demo.py
[2024-07-22T17:58:40.313+0000] {logging_mixin.py:188} INFO - [2024-07-22T17:58:40.311+0000] {dagbag.py:355} ERROR - Failed to import: /opt/airflow/dags/spark_demo.py
Traceback (most recent call last):
  File "/home/airflow/.local/lib/python3.12/site-packages/airflow/models/dagbag.py", line 351, in parse
    loader.exec_module(new_module)
  File "<frozen importlib._bootstrap_external>", line 995, in exec_module
  File "<frozen importlib._bootstrap>", line 488, in _call_with_frames_removed
  File "/opt/airflow/dags/spark_demo.py", line 5, in <module>
    import fuzzymatcher
ModuleNotFoundError: No module named 'fuzzymatcher'
[2024-07-22T17:58:40.314+0000] {processor.py:842} WARNING - No viable dags retrieved from /opt/airflow/dags/spark_demo.py
[2024-07-22T17:58:40.339+0000] {processor.py:183} INFO - Processing /opt/airflow/dags/spark_demo.py took 0.169 seconds
[2024-07-22T17:59:10.576+0000] {processor.py:161} INFO - Started process (PID=303) to work on /opt/airflow/dags/spark_demo.py
[2024-07-22T17:59:10.577+0000] {processor.py:830} INFO - Processing file /opt/airflow/dags/spark_demo.py for tasks to queue
[2024-07-22T17:59:10.580+0000] {logging_mixin.py:188} INFO - [2024-07-22T17:59:10.579+0000] {dagbag.py:545} INFO - Filling up the DagBag from /opt/airflow/dags/spark_demo.py
[2024-07-22T17:59:10.690+0000] {logging_mixin.py:188} INFO - [2024-07-22T17:59:10.688+0000] {dagbag.py:355} ERROR - Failed to import: /opt/airflow/dags/spark_demo.py
Traceback (most recent call last):
  File "/home/airflow/.local/lib/python3.12/site-packages/airflow/models/dagbag.py", line 351, in parse
    loader.exec_module(new_module)
  File "<frozen importlib._bootstrap_external>", line 995, in exec_module
  File "<frozen importlib._bootstrap>", line 488, in _call_with_frames_removed
  File "/opt/airflow/dags/spark_demo.py", line 5, in <module>
    import fuzzymatcher
ModuleNotFoundError: No module named 'fuzzymatcher'
[2024-07-22T17:59:10.690+0000] {processor.py:842} WARNING - No viable dags retrieved from /opt/airflow/dags/spark_demo.py
[2024-07-22T17:59:10.719+0000] {processor.py:183} INFO - Processing /opt/airflow/dags/spark_demo.py took 0.153 seconds
[2024-07-22T17:59:40.915+0000] {processor.py:161} INFO - Started process (PID=365) to work on /opt/airflow/dags/spark_demo.py
[2024-07-22T17:59:40.917+0000] {processor.py:830} INFO - Processing file /opt/airflow/dags/spark_demo.py for tasks to queue
[2024-07-22T17:59:40.920+0000] {logging_mixin.py:188} INFO - [2024-07-22T17:59:40.919+0000] {dagbag.py:545} INFO - Filling up the DagBag from /opt/airflow/dags/spark_demo.py
[2024-07-22T17:59:41.069+0000] {logging_mixin.py:188} INFO - [2024-07-22T17:59:41.068+0000] {dagbag.py:355} ERROR - Failed to import: /opt/airflow/dags/spark_demo.py
Traceback (most recent call last):
  File "/home/airflow/.local/lib/python3.12/site-packages/airflow/models/dagbag.py", line 351, in parse
    loader.exec_module(new_module)
  File "<frozen importlib._bootstrap_external>", line 995, in exec_module
  File "<frozen importlib._bootstrap>", line 488, in _call_with_frames_removed
  File "/opt/airflow/dags/spark_demo.py", line 5, in <module>
    import fuzzymatcher
ModuleNotFoundError: No module named 'fuzzymatcher'
[2024-07-22T17:59:41.070+0000] {processor.py:842} WARNING - No viable dags retrieved from /opt/airflow/dags/spark_demo.py
[2024-07-22T17:59:41.097+0000] {processor.py:183} INFO - Processing /opt/airflow/dags/spark_demo.py took 0.192 seconds
[2024-07-22T18:00:11.600+0000] {processor.py:161} INFO - Started process (PID=432) to work on /opt/airflow/dags/spark_demo.py
[2024-07-22T18:00:11.601+0000] {processor.py:830} INFO - Processing file /opt/airflow/dags/spark_demo.py for tasks to queue
[2024-07-22T18:00:11.604+0000] {logging_mixin.py:188} INFO - [2024-07-22T18:00:11.603+0000] {dagbag.py:545} INFO - Filling up the DagBag from /opt/airflow/dags/spark_demo.py
[2024-07-22T18:00:11.721+0000] {logging_mixin.py:188} INFO - [2024-07-22T18:00:11.719+0000] {dagbag.py:355} ERROR - Failed to import: /opt/airflow/dags/spark_demo.py
Traceback (most recent call last):
  File "/home/airflow/.local/lib/python3.12/site-packages/airflow/models/dagbag.py", line 351, in parse
    loader.exec_module(new_module)
  File "<frozen importlib._bootstrap_external>", line 995, in exec_module
  File "<frozen importlib._bootstrap>", line 488, in _call_with_frames_removed
  File "/opt/airflow/dags/spark_demo.py", line 5, in <module>
    import fuzzymatcher
ModuleNotFoundError: No module named 'fuzzymatcher'
[2024-07-22T18:00:11.722+0000] {processor.py:842} WARNING - No viable dags retrieved from /opt/airflow/dags/spark_demo.py
[2024-07-22T18:00:11.748+0000] {processor.py:183} INFO - Processing /opt/airflow/dags/spark_demo.py took 0.158 seconds
[2024-07-22T18:00:41.999+0000] {processor.py:161} INFO - Started process (PID=495) to work on /opt/airflow/dags/spark_demo.py
[2024-07-22T18:00:42.001+0000] {processor.py:830} INFO - Processing file /opt/airflow/dags/spark_demo.py for tasks to queue
[2024-07-22T18:00:42.004+0000] {logging_mixin.py:188} INFO - [2024-07-22T18:00:42.004+0000] {dagbag.py:545} INFO - Filling up the DagBag from /opt/airflow/dags/spark_demo.py
[2024-07-22T18:00:42.114+0000] {logging_mixin.py:188} INFO - [2024-07-22T18:00:42.113+0000] {dagbag.py:355} ERROR - Failed to import: /opt/airflow/dags/spark_demo.py
Traceback (most recent call last):
  File "/home/airflow/.local/lib/python3.12/site-packages/airflow/models/dagbag.py", line 351, in parse
    loader.exec_module(new_module)
  File "<frozen importlib._bootstrap_external>", line 995, in exec_module
  File "<frozen importlib._bootstrap>", line 488, in _call_with_frames_removed
  File "/opt/airflow/dags/spark_demo.py", line 5, in <module>
    import fuzzymatcher
ModuleNotFoundError: No module named 'fuzzymatcher'
[2024-07-22T18:00:42.115+0000] {processor.py:842} WARNING - No viable dags retrieved from /opt/airflow/dags/spark_demo.py
[2024-07-22T18:00:42.141+0000] {processor.py:183} INFO - Processing /opt/airflow/dags/spark_demo.py took 0.151 seconds
[2024-07-22T18:01:12.550+0000] {processor.py:161} INFO - Started process (PID=557) to work on /opt/airflow/dags/spark_demo.py
[2024-07-22T18:01:12.552+0000] {processor.py:830} INFO - Processing file /opt/airflow/dags/spark_demo.py for tasks to queue
[2024-07-22T18:01:12.555+0000] {logging_mixin.py:188} INFO - [2024-07-22T18:01:12.554+0000] {dagbag.py:545} INFO - Filling up the DagBag from /opt/airflow/dags/spark_demo.py
[2024-07-22T18:01:12.669+0000] {logging_mixin.py:188} INFO - [2024-07-22T18:01:12.667+0000] {dagbag.py:355} ERROR - Failed to import: /opt/airflow/dags/spark_demo.py
Traceback (most recent call last):
  File "/home/airflow/.local/lib/python3.12/site-packages/airflow/models/dagbag.py", line 351, in parse
    loader.exec_module(new_module)
  File "<frozen importlib._bootstrap_external>", line 995, in exec_module
  File "<frozen importlib._bootstrap>", line 488, in _call_with_frames_removed
  File "/opt/airflow/dags/spark_demo.py", line 5, in <module>
    import fuzzymatcher
ModuleNotFoundError: No module named 'fuzzymatcher'
[2024-07-22T18:01:12.670+0000] {processor.py:842} WARNING - No viable dags retrieved from /opt/airflow/dags/spark_demo.py
[2024-07-22T18:01:12.696+0000] {processor.py:183} INFO - Processing /opt/airflow/dags/spark_demo.py took 0.156 seconds
[2024-07-22T18:02:44.879+0000] {processor.py:161} INFO - Started process (PID=56) to work on /opt/airflow/dags/spark_demo.py
[2024-07-22T18:02:44.882+0000] {processor.py:830} INFO - Processing file /opt/airflow/dags/spark_demo.py for tasks to queue
[2024-07-22T18:02:44.886+0000] {logging_mixin.py:188} INFO - [2024-07-22T18:02:44.885+0000] {dagbag.py:545} INFO - Filling up the DagBag from /opt/airflow/dags/spark_demo.py
[2024-07-22T18:02:45.154+0000] {logging_mixin.py:188} INFO - [2024-07-22T18:02:45.152+0000] {dagbag.py:355} ERROR - Failed to import: /opt/airflow/dags/spark_demo.py
Traceback (most recent call last):
  File "/home/airflow/.local/lib/python3.12/site-packages/airflow/models/dagbag.py", line 351, in parse
    loader.exec_module(new_module)
  File "<frozen importlib._bootstrap_external>", line 995, in exec_module
  File "<frozen importlib._bootstrap>", line 488, in _call_with_frames_removed
  File "/opt/airflow/dags/spark_demo.py", line 5, in <module>
    import fuzzymatcher
ModuleNotFoundError: No module named 'fuzzymatcher'
[2024-07-22T18:02:45.156+0000] {processor.py:842} WARNING - No viable dags retrieved from /opt/airflow/dags/spark_demo.py
[2024-07-22T18:02:45.199+0000] {processor.py:183} INFO - Processing /opt/airflow/dags/spark_demo.py took 0.362 seconds
[2024-07-22T18:03:16.157+0000] {processor.py:161} INFO - Started process (PID=119) to work on /opt/airflow/dags/spark_demo.py
[2024-07-22T18:03:16.158+0000] {processor.py:830} INFO - Processing file /opt/airflow/dags/spark_demo.py for tasks to queue
[2024-07-22T18:03:16.161+0000] {logging_mixin.py:188} INFO - [2024-07-22T18:03:16.161+0000] {dagbag.py:545} INFO - Filling up the DagBag from /opt/airflow/dags/spark_demo.py
[2024-07-22T18:03:16.291+0000] {logging_mixin.py:188} INFO - [2024-07-22T18:03:16.290+0000] {dagbag.py:355} ERROR - Failed to import: /opt/airflow/dags/spark_demo.py
Traceback (most recent call last):
  File "/home/airflow/.local/lib/python3.12/site-packages/airflow/models/dagbag.py", line 351, in parse
    loader.exec_module(new_module)
  File "<frozen importlib._bootstrap_external>", line 995, in exec_module
  File "<frozen importlib._bootstrap>", line 488, in _call_with_frames_removed
  File "/opt/airflow/dags/spark_demo.py", line 5, in <module>
    import fuzzymatcher
ModuleNotFoundError: No module named 'fuzzymatcher'
[2024-07-22T18:03:16.292+0000] {processor.py:842} WARNING - No viable dags retrieved from /opt/airflow/dags/spark_demo.py
[2024-07-22T18:03:16.325+0000] {processor.py:183} INFO - Processing /opt/airflow/dags/spark_demo.py took 0.179 seconds
[2024-07-22T18:03:46.761+0000] {processor.py:161} INFO - Started process (PID=180) to work on /opt/airflow/dags/spark_demo.py
[2024-07-22T18:03:46.763+0000] {processor.py:830} INFO - Processing file /opt/airflow/dags/spark_demo.py for tasks to queue
[2024-07-22T18:03:46.766+0000] {logging_mixin.py:188} INFO - [2024-07-22T18:03:46.766+0000] {dagbag.py:545} INFO - Filling up the DagBag from /opt/airflow/dags/spark_demo.py
[2024-07-22T18:03:46.905+0000] {logging_mixin.py:188} INFO - [2024-07-22T18:03:46.903+0000] {dagbag.py:355} ERROR - Failed to import: /opt/airflow/dags/spark_demo.py
Traceback (most recent call last):
  File "/home/airflow/.local/lib/python3.12/site-packages/airflow/models/dagbag.py", line 351, in parse
    loader.exec_module(new_module)
  File "<frozen importlib._bootstrap_external>", line 995, in exec_module
  File "<frozen importlib._bootstrap>", line 488, in _call_with_frames_removed
  File "/opt/airflow/dags/spark_demo.py", line 5, in <module>
    import fuzzymatcher
ModuleNotFoundError: No module named 'fuzzymatcher'
[2024-07-22T18:03:46.906+0000] {processor.py:842} WARNING - No viable dags retrieved from /opt/airflow/dags/spark_demo.py
[2024-07-22T18:03:46.932+0000] {processor.py:183} INFO - Processing /opt/airflow/dags/spark_demo.py took 0.180 seconds
[2024-07-22T18:04:16.977+0000] {processor.py:161} INFO - Started process (PID=242) to work on /opt/airflow/dags/spark_demo.py
[2024-07-22T18:04:16.979+0000] {processor.py:830} INFO - Processing file /opt/airflow/dags/spark_demo.py for tasks to queue
[2024-07-22T18:04:16.982+0000] {logging_mixin.py:188} INFO - [2024-07-22T18:04:16.981+0000] {dagbag.py:545} INFO - Filling up the DagBag from /opt/airflow/dags/spark_demo.py
[2024-07-22T18:04:17.091+0000] {logging_mixin.py:188} INFO - [2024-07-22T18:04:17.090+0000] {dagbag.py:355} ERROR - Failed to import: /opt/airflow/dags/spark_demo.py
Traceback (most recent call last):
  File "/home/airflow/.local/lib/python3.12/site-packages/airflow/models/dagbag.py", line 351, in parse
    loader.exec_module(new_module)
  File "<frozen importlib._bootstrap_external>", line 995, in exec_module
  File "<frozen importlib._bootstrap>", line 488, in _call_with_frames_removed
  File "/opt/airflow/dags/spark_demo.py", line 5, in <module>
    import fuzzymatcher
ModuleNotFoundError: No module named 'fuzzymatcher'
[2024-07-22T18:04:17.092+0000] {processor.py:842} WARNING - No viable dags retrieved from /opt/airflow/dags/spark_demo.py
[2024-07-22T18:04:17.118+0000] {processor.py:183} INFO - Processing /opt/airflow/dags/spark_demo.py took 0.151 seconds
[2024-07-22T18:04:47.509+0000] {processor.py:161} INFO - Started process (PID=304) to work on /opt/airflow/dags/spark_demo.py
[2024-07-22T18:04:47.511+0000] {processor.py:830} INFO - Processing file /opt/airflow/dags/spark_demo.py for tasks to queue
[2024-07-22T18:04:47.514+0000] {logging_mixin.py:188} INFO - [2024-07-22T18:04:47.514+0000] {dagbag.py:545} INFO - Filling up the DagBag from /opt/airflow/dags/spark_demo.py
[2024-07-22T18:04:47.623+0000] {logging_mixin.py:188} INFO - [2024-07-22T18:04:47.622+0000] {dagbag.py:355} ERROR - Failed to import: /opt/airflow/dags/spark_demo.py
Traceback (most recent call last):
  File "/home/airflow/.local/lib/python3.12/site-packages/airflow/models/dagbag.py", line 351, in parse
    loader.exec_module(new_module)
  File "<frozen importlib._bootstrap_external>", line 995, in exec_module
  File "<frozen importlib._bootstrap>", line 488, in _call_with_frames_removed
  File "/opt/airflow/dags/spark_demo.py", line 5, in <module>
    import fuzzymatcher
ModuleNotFoundError: No module named 'fuzzymatcher'
[2024-07-22T18:04:47.624+0000] {processor.py:842} WARNING - No viable dags retrieved from /opt/airflow/dags/spark_demo.py
[2024-07-22T18:04:47.654+0000] {processor.py:183} INFO - Processing /opt/airflow/dags/spark_demo.py took 0.155 seconds
[2024-07-22T18:10:21.145+0000] {processor.py:161} INFO - Started process (PID=62) to work on /opt/airflow/dags/spark_demo.py
[2024-07-22T18:10:21.148+0000] {processor.py:830} INFO - Processing file /opt/airflow/dags/spark_demo.py for tasks to queue
[2024-07-22T18:10:21.152+0000] {logging_mixin.py:188} INFO - [2024-07-22T18:10:21.151+0000] {dagbag.py:545} INFO - Filling up the DagBag from /opt/airflow/dags/spark_demo.py
[2024-07-22T18:10:36.148+0000] {processor.py:840} INFO - DAG(s) 'spark_etl_pipeline' retrieved from /opt/airflow/dags/spark_demo.py
[2024-07-22T18:10:36.450+0000] {logging_mixin.py:188} INFO - [2024-07-22T18:10:36.449+0000] {override.py:1858} INFO - Created Permission View: can delete on DAG:spark_etl_pipeline
[2024-07-22T18:10:36.468+0000] {logging_mixin.py:188} INFO - [2024-07-22T18:10:36.467+0000] {override.py:1858} INFO - Created Permission View: can read on DAG:spark_etl_pipeline
[2024-07-22T18:10:36.479+0000] {logging_mixin.py:188} INFO - [2024-07-22T18:10:36.479+0000] {override.py:1858} INFO - Created Permission View: can edit on DAG:spark_etl_pipeline
[2024-07-22T18:10:36.481+0000] {logging_mixin.py:188} INFO - [2024-07-22T18:10:36.480+0000] {dag.py:3089} INFO - Sync 1 DAGs
[2024-07-22T18:10:36.503+0000] {logging_mixin.py:188} INFO - [2024-07-22T18:10:36.502+0000] {dag.py:3111} INFO - Creating ORM DAG for spark_etl_pipeline
[2024-07-22T18:10:36.523+0000] {logging_mixin.py:188} INFO - [2024-07-22T18:10:36.523+0000] {dag.py:3947} INFO - Setting next_dagrun for spark_etl_pipeline to 2024-07-14 00:00:00+00:00, run_after=2024-07-15 00:00:00+00:00
[2024-07-22T18:10:36.557+0000] {processor.py:183} INFO - Processing /opt/airflow/dags/spark_demo.py took 15.425 seconds
[2024-07-22T18:11:06.688+0000] {processor.py:161} INFO - Started process (PID=267) to work on /opt/airflow/dags/spark_demo.py
[2024-07-22T18:11:06.698+0000] {processor.py:830} INFO - Processing file /opt/airflow/dags/spark_demo.py for tasks to queue
[2024-07-22T18:11:06.701+0000] {logging_mixin.py:188} INFO - [2024-07-22T18:11:06.700+0000] {dagbag.py:545} INFO - Filling up the DagBag from /opt/airflow/dags/spark_demo.py
[2024-07-22T18:11:12.725+0000] {processor.py:840} INFO - DAG(s) 'spark_etl_pipeline' retrieved from /opt/airflow/dags/spark_demo.py
[2024-07-22T18:11:12.753+0000] {logging_mixin.py:188} INFO - [2024-07-22T18:11:12.752+0000] {dag.py:3089} INFO - Sync 1 DAGs
[2024-07-22T18:11:12.781+0000] {logging_mixin.py:188} INFO - [2024-07-22T18:11:12.781+0000] {dag.py:3947} INFO - Setting next_dagrun for spark_etl_pipeline to 2024-07-14 00:00:00+00:00, run_after=2024-07-15 00:00:00+00:00
[2024-07-22T18:11:12.808+0000] {processor.py:183} INFO - Processing /opt/airflow/dags/spark_demo.py took 6.129 seconds
[2024-07-22T18:11:43.214+0000] {processor.py:161} INFO - Started process (PID=506) to work on /opt/airflow/dags/spark_demo.py
[2024-07-22T18:11:43.228+0000] {processor.py:830} INFO - Processing file /opt/airflow/dags/spark_demo.py for tasks to queue
[2024-07-22T18:11:43.233+0000] {logging_mixin.py:188} INFO - [2024-07-22T18:11:43.232+0000] {dagbag.py:545} INFO - Filling up the DagBag from /opt/airflow/dags/spark_demo.py
[2024-07-22T18:11:57.863+0000] {processor.py:840} INFO - DAG(s) 'spark_etl_pipeline' retrieved from /opt/airflow/dags/spark_demo.py
[2024-07-22T18:11:57.934+0000] {logging_mixin.py:188} INFO - [2024-07-22T18:11:57.933+0000] {dag.py:3089} INFO - Sync 1 DAGs
[2024-07-22T18:11:57.986+0000] {logging_mixin.py:188} INFO - [2024-07-22T18:11:57.985+0000] {dag.py:3947} INFO - Setting next_dagrun for spark_etl_pipeline to 2024-07-22 00:00:00+00:00, run_after=2024-07-23 00:00:00+00:00
[2024-07-22T18:11:58.049+0000] {processor.py:183} INFO - Processing /opt/airflow/dags/spark_demo.py took 14.862 seconds
[2024-07-22T18:12:28.511+0000] {processor.py:161} INFO - Started process (PID=720) to work on /opt/airflow/dags/spark_demo.py
[2024-07-22T18:12:28.516+0000] {processor.py:830} INFO - Processing file /opt/airflow/dags/spark_demo.py for tasks to queue
[2024-07-22T18:12:28.520+0000] {logging_mixin.py:188} INFO - [2024-07-22T18:12:28.519+0000] {dagbag.py:545} INFO - Filling up the DagBag from /opt/airflow/dags/spark_demo.py
[2024-07-22T18:12:44.475+0000] {processor.py:840} INFO - DAG(s) 'spark_etl_pipeline' retrieved from /opt/airflow/dags/spark_demo.py
[2024-07-22T18:12:44.543+0000] {logging_mixin.py:188} INFO - [2024-07-22T18:12:44.542+0000] {dag.py:3089} INFO - Sync 1 DAGs
[2024-07-22T18:12:44.607+0000] {logging_mixin.py:188} INFO - [2024-07-22T18:12:44.606+0000] {dag.py:3947} INFO - Setting next_dagrun for spark_etl_pipeline to 2024-07-22 00:00:00+00:00, run_after=2024-07-23 00:00:00+00:00
[2024-07-22T18:12:44.670+0000] {processor.py:183} INFO - Processing /opt/airflow/dags/spark_demo.py took 16.177 seconds
[2024-07-22T18:13:15.103+0000] {processor.py:161} INFO - Started process (PID=942) to work on /opt/airflow/dags/spark_demo.py
[2024-07-22T18:13:15.105+0000] {processor.py:830} INFO - Processing file /opt/airflow/dags/spark_demo.py for tasks to queue
[2024-07-22T18:13:15.108+0000] {logging_mixin.py:188} INFO - [2024-07-22T18:13:15.108+0000] {dagbag.py:545} INFO - Filling up the DagBag from /opt/airflow/dags/spark_demo.py
[2024-07-22T18:13:21.985+0000] {processor.py:840} INFO - DAG(s) 'spark_etl_pipeline' retrieved from /opt/airflow/dags/spark_demo.py
[2024-07-22T18:13:22.013+0000] {logging_mixin.py:188} INFO - [2024-07-22T18:13:22.012+0000] {dag.py:3089} INFO - Sync 1 DAGs
[2024-07-22T18:13:22.044+0000] {logging_mixin.py:188} INFO - [2024-07-22T18:13:22.043+0000] {dag.py:3947} INFO - Setting next_dagrun for spark_etl_pipeline to 2024-07-22 00:00:00+00:00, run_after=2024-07-23 00:00:00+00:00
[2024-07-22T18:13:22.071+0000] {processor.py:183} INFO - Processing /opt/airflow/dags/spark_demo.py took 6.980 seconds
[2024-07-22T18:13:52.276+0000] {processor.py:161} INFO - Started process (PID=1149) to work on /opt/airflow/dags/spark_demo.py
[2024-07-22T18:13:52.279+0000] {processor.py:830} INFO - Processing file /opt/airflow/dags/spark_demo.py for tasks to queue
[2024-07-22T18:13:52.283+0000] {logging_mixin.py:188} INFO - [2024-07-22T18:13:52.282+0000] {dagbag.py:545} INFO - Filling up the DagBag from /opt/airflow/dags/spark_demo.py
[2024-07-22T18:13:58.052+0000] {processor.py:840} INFO - DAG(s) 'spark_etl_pipeline' retrieved from /opt/airflow/dags/spark_demo.py
[2024-07-22T18:13:58.081+0000] {logging_mixin.py:188} INFO - [2024-07-22T18:13:58.080+0000] {dag.py:3089} INFO - Sync 1 DAGs
[2024-07-22T18:13:58.111+0000] {logging_mixin.py:188} INFO - [2024-07-22T18:13:58.110+0000] {dag.py:3947} INFO - Setting next_dagrun for spark_etl_pipeline to 2024-07-22 00:00:00+00:00, run_after=2024-07-23 00:00:00+00:00
[2024-07-22T18:13:58.136+0000] {processor.py:183} INFO - Processing /opt/airflow/dags/spark_demo.py took 5.872 seconds
[2024-07-22T18:14:28.256+0000] {processor.py:161} INFO - Started process (PID=1340) to work on /opt/airflow/dags/spark_demo.py
[2024-07-22T18:14:28.257+0000] {processor.py:830} INFO - Processing file /opt/airflow/dags/spark_demo.py for tasks to queue
[2024-07-22T18:14:28.260+0000] {logging_mixin.py:188} INFO - [2024-07-22T18:14:28.260+0000] {dagbag.py:545} INFO - Filling up the DagBag from /opt/airflow/dags/spark_demo.py
