[2024-07-15T04:37:54.750+0000] {local_task_job_runner.py:120} INFO - ::group::Pre task execution logs
[2024-07-15T04:37:54.768+0000] {taskinstance.py:2076} INFO - Dependencies all met for dep_context=non-requeueable deps ti=<TaskInstance: etl_pipeline.clean_data manual__2024-07-15T04:37:49.621349+00:00 [queued]>
[2024-07-15T04:37:54.774+0000] {taskinstance.py:2076} INFO - Dependencies all met for dep_context=requeueable deps ti=<TaskInstance: etl_pipeline.clean_data manual__2024-07-15T04:37:49.621349+00:00 [queued]>
[2024-07-15T04:37:54.774+0000] {taskinstance.py:2306} INFO - Starting attempt 1 of 2
[2024-07-15T04:37:54.791+0000] {taskinstance.py:2330} INFO - Executing <Task(PythonOperator): clean_data> on 2024-07-15 04:37:49.621349+00:00
[2024-07-15T04:37:54.799+0000] {warnings.py:112} WARNING - /home/***/.local/lib/python3.12/site-packages/***/task/task_runner/standard_task_runner.py:61: DeprecationWarning: This process (pid=228) is multi-threaded, use of fork() may lead to deadlocks in the child.
  pid = os.fork()

[2024-07-15T04:37:54.801+0000] {standard_task_runner.py:63} INFO - Started process 230 to run task
[2024-07-15T04:37:54.801+0000] {standard_task_runner.py:90} INFO - Running: ['***', 'tasks', 'run', 'etl_pipeline', 'clean_data', 'manual__2024-07-15T04:37:49.621349+00:00', '--job-id', '223', '--raw', '--subdir', 'DAGS_FOLDER/demo.py', '--cfg-path', '/tmp/tmp8ih1ay85']
[2024-07-15T04:37:54.802+0000] {standard_task_runner.py:91} INFO - Job 223: Subtask clean_data
[2024-07-15T04:37:54.843+0000] {task_command.py:426} INFO - Running <TaskInstance: etl_pipeline.clean_data manual__2024-07-15T04:37:49.621349+00:00 [running]> on host 37d6808b0cee
[2024-07-15T04:37:54.966+0000] {taskinstance.py:2648} INFO - Exporting env vars: AIRFLOW_CTX_DAG_EMAIL='your_email@example.com' AIRFLOW_CTX_DAG_OWNER='***' AIRFLOW_CTX_DAG_ID='etl_pipeline' AIRFLOW_CTX_TASK_ID='clean_data' AIRFLOW_CTX_EXECUTION_DATE='2024-07-15T04:37:49.621349+00:00' AIRFLOW_CTX_TRY_NUMBER='1' AIRFLOW_CTX_DAG_RUN_ID='manual__2024-07-15T04:37:49.621349+00:00'
[2024-07-15T04:37:54.967+0000] {taskinstance.py:430} INFO - ::endgroup::
[2024-07-15T04:40:03.173+0000] {demo.py:53} INFO - Data Cleaned and Preprocessed
[2024-07-15T04:40:03.175+0000] {python.py:237} INFO - Done. Returned value was: None
[2024-07-15T04:40:03.175+0000] {taskinstance.py:441} INFO - ::group::Post task execution logs
[2024-07-15T04:40:03.182+0000] {taskinstance.py:1206} INFO - Marking task as SUCCESS. dag_id=etl_pipeline, task_id=clean_data, run_id=manual__2024-07-15T04:37:49.621349+00:00, execution_date=20240715T043749, start_date=20240715T043754, end_date=20240715T044003
[2024-07-15T04:40:03.241+0000] {local_task_job_runner.py:240} INFO - Task exited with return code 0
[2024-07-15T04:40:03.267+0000] {taskinstance.py:3503} INFO - 1 downstream tasks scheduled from follow-on schedule check
[2024-07-15T04:40:03.275+0000] {local_task_job_runner.py:222} INFO - ::endgroup::
