[2024-07-25T11:48:15.454+0000] {local_task_job_runner.py:120} INFO - ::group::Pre task execution logs
[2024-07-25T11:48:15.509+0000] {taskinstance.py:2076} INFO - Dependencies all met for dep_context=non-requeueable deps ti=<TaskInstance: etl_pipeline.merge_data scheduled__2024-07-24T00:00:00+00:00 [queued]>
[2024-07-25T11:48:15.527+0000] {taskinstance.py:2076} INFO - Dependencies all met for dep_context=requeueable deps ti=<TaskInstance: etl_pipeline.merge_data scheduled__2024-07-24T00:00:00+00:00 [queued]>
[2024-07-25T11:48:15.528+0000] {taskinstance.py:2306} INFO - Starting attempt 1 of 2
[2024-07-25T11:48:15.556+0000] {taskinstance.py:2330} INFO - Executing <Task(PythonOperator): merge_data> on 2024-07-24 00:00:00+00:00
[2024-07-25T11:48:15.570+0000] {warnings.py:112} WARNING - /home/***/.local/lib/python3.12/site-packages/***/task/task_runner/standard_task_runner.py:62: DeprecationWarning: This process (pid=1577) is multi-threaded, use of fork() may lead to deadlocks in the child.
  pid = os.fork()

[2024-07-25T11:48:15.573+0000] {standard_task_runner.py:64} INFO - Started process 1583 to run task
[2024-07-25T11:48:15.581+0000] {standard_task_runner.py:90} INFO - Running: ['***', 'tasks', 'run', 'etl_pipeline', 'merge_data', 'scheduled__2024-07-24T00:00:00+00:00', '--job-id', '117', '--raw', '--subdir', 'DAGS_FOLDER/demo.py', '--cfg-path', '/tmp/tmp4nqe7yvc']
[2024-07-25T11:48:15.583+0000] {standard_task_runner.py:91} INFO - Job 117: Subtask merge_data
[2024-07-25T11:48:15.708+0000] {task_command.py:426} INFO - Running <TaskInstance: etl_pipeline.merge_data scheduled__2024-07-24T00:00:00+00:00 [running]> on host 1671a0defda5
[2024-07-25T11:48:15.893+0000] {taskinstance.py:2648} INFO - Exporting env vars: AIRFLOW_CTX_DAG_EMAIL='your_email@example.com' AIRFLOW_CTX_DAG_OWNER='***' AIRFLOW_CTX_DAG_ID='etl_pipeline' AIRFLOW_CTX_TASK_ID='merge_data' AIRFLOW_CTX_EXECUTION_DATE='2024-07-24T00:00:00+00:00' AIRFLOW_CTX_TRY_NUMBER='1' AIRFLOW_CTX_DAG_RUN_ID='scheduled__2024-07-24T00:00:00+00:00'
[2024-07-25T11:48:15.895+0000] {taskinstance.py:430} INFO - ::endgroup::
[2024-07-25T11:48:26.395+0000] {demo.py:60} INFO - Data Merged
[2024-07-25T11:48:26.744+0000] {python.py:237} INFO - Done. Returned value was: None
[2024-07-25T11:48:26.745+0000] {taskinstance.py:441} INFO - ::group::Post task execution logs
[2024-07-25T11:48:26.763+0000] {taskinstance.py:1206} INFO - Marking task as SUCCESS. dag_id=etl_pipeline, task_id=merge_data, run_id=scheduled__2024-07-24T00:00:00+00:00, execution_date=20240724T000000, start_date=20240725T114815, end_date=20240725T114826
[2024-07-25T11:48:26.874+0000] {local_task_job_runner.py:243} INFO - Task exited with return code 0
[2024-07-25T11:48:26.911+0000] {taskinstance.py:3503} INFO - 1 downstream tasks scheduled from follow-on schedule check
[2024-07-25T11:48:26.913+0000] {local_task_job_runner.py:222} INFO - ::endgroup::
