[2024-07-22T16:42:29.673+0000] {local_task_job_runner.py:120} INFO - ::group::Pre task execution logs
[2024-07-22T16:42:29.760+0000] {taskinstance.py:2076} INFO - Dependencies all met for dep_context=non-requeueable deps ti=<TaskInstance: example_complex.get_tag_template_result manual__2024-07-22T16:41:58.966161+00:00 [queued]>
[2024-07-22T16:42:29.799+0000] {taskinstance.py:2076} INFO - Dependencies all met for dep_context=requeueable deps ti=<TaskInstance: example_complex.get_tag_template_result manual__2024-07-22T16:41:58.966161+00:00 [queued]>
[2024-07-22T16:42:29.799+0000] {taskinstance.py:2306} INFO - Starting attempt 1 of 1
[2024-07-22T16:42:29.860+0000] {taskinstance.py:2330} INFO - Executing <Task(BashOperator): get_tag_template_result> on 2024-07-22 16:41:58.966161+00:00
[2024-07-22T16:42:29.874+0000] {warnings.py:112} WARNING - /home/***/.local/lib/python3.12/site-packages/***/task/task_runner/standard_task_runner.py:61: DeprecationWarning: This process (pid=175) is multi-threaded, use of fork() may lead to deadlocks in the child.
  pid = os.fork()

[2024-07-22T16:42:29.879+0000] {standard_task_runner.py:63} INFO - Started process 182 to run task
[2024-07-22T16:42:29.903+0000] {standard_task_runner.py:90} INFO - Running: ['***', 'tasks', 'run', 'example_complex', 'get_tag_template_result', 'manual__2024-07-22T16:41:58.966161+00:00', '--job-id', '23', '--raw', '--subdir', '/home/***/.local/lib/python3.12/site-packages/***/example_dags/example_complex.py', '--cfg-path', '/tmp/tmps73ky7v0']
[2024-07-22T16:42:29.907+0000] {standard_task_runner.py:91} INFO - Job 23: Subtask get_tag_template_result
[2024-07-22T16:42:30.104+0000] {task_command.py:426} INFO - Running <TaskInstance: example_complex.get_tag_template_result manual__2024-07-22T16:41:58.966161+00:00 [running]> on host 1398923a395d
[2024-07-22T16:42:30.342+0000] {taskinstance.py:2648} INFO - Exporting env vars: AIRFLOW_CTX_DAG_OWNER='***' AIRFLOW_CTX_DAG_ID='example_complex' AIRFLOW_CTX_TASK_ID='get_tag_template_result' AIRFLOW_CTX_EXECUTION_DATE='2024-07-22T16:41:58.966161+00:00' AIRFLOW_CTX_TRY_NUMBER='1' AIRFLOW_CTX_DAG_RUN_ID='manual__2024-07-22T16:41:58.966161+00:00'
[2024-07-22T16:42:30.345+0000] {taskinstance.py:430} INFO - ::endgroup::
[2024-07-22T16:42:30.346+0000] {subprocess.py:63} INFO - Tmp dir root location: /tmp
[2024-07-22T16:42:30.352+0000] {subprocess.py:75} INFO - Running command: ['/usr/bin/bash', '-c', 'echo get_tag_template_result']
[2024-07-22T16:42:30.389+0000] {subprocess.py:86} INFO - Output:
[2024-07-22T16:42:30.393+0000] {subprocess.py:93} INFO - get_tag_template_result
[2024-07-22T16:42:30.394+0000] {subprocess.py:97} INFO - Command exited with return code 0
[2024-07-22T16:42:30.395+0000] {taskinstance.py:441} INFO - ::group::Post task execution logs
[2024-07-22T16:42:30.477+0000] {taskinstance.py:1206} INFO - Marking task as SUCCESS. dag_id=example_complex, task_id=get_tag_template_result, run_id=manual__2024-07-22T16:41:58.966161+00:00, execution_date=20240722T164158, start_date=20240722T164229, end_date=20240722T164230
[2024-07-22T16:42:30.556+0000] {local_task_job_runner.py:240} INFO - Task exited with return code 0
[2024-07-22T16:42:30.592+0000] {taskinstance.py:3503} INFO - 0 downstream tasks scheduled from follow-on schedule check
[2024-07-22T16:42:30.603+0000] {local_task_job_runner.py:222} INFO - ::endgroup::
