[2024-07-22T17:06:07.438+0000] {local_task_job_runner.py:120} INFO - ::group::Pre task execution logs
[2024-07-22T17:06:07.472+0000] {taskinstance.py:2076} INFO - Dependencies all met for dep_context=non-requeueable deps ti=<TaskInstance: etl_pipeline.write_to_disk scheduled__2024-07-18T00:00:00+00:00 [queued]>
[2024-07-22T17:06:07.484+0000] {taskinstance.py:2076} INFO - Dependencies all met for dep_context=requeueable deps ti=<TaskInstance: etl_pipeline.write_to_disk scheduled__2024-07-18T00:00:00+00:00 [queued]>
[2024-07-22T17:06:07.484+0000] {taskinstance.py:2306} INFO - Starting attempt 1 of 2
[2024-07-22T17:06:07.503+0000] {taskinstance.py:2330} INFO - Executing <Task(PythonOperator): write_to_disk> on 2024-07-18 00:00:00+00:00
[2024-07-22T17:06:07.513+0000] {warnings.py:112} WARNING - /home/***/.local/lib/python3.12/site-packages/***/task/task_runner/standard_task_runner.py:61: DeprecationWarning: This process (pid=60) is multi-threaded, use of fork() may lead to deadlocks in the child.
  pid = os.fork()

[2024-07-22T17:06:07.516+0000] {standard_task_runner.py:63} INFO - Started process 62 to run task
[2024-07-22T17:06:07.516+0000] {standard_task_runner.py:90} INFO - Running: ['***', 'tasks', 'run', 'etl_pipeline', 'write_to_disk', 'scheduled__2024-07-18T00:00:00+00:00', '--job-id', '91', '--raw', '--subdir', 'DAGS_FOLDER/demo.py', '--cfg-path', '/tmp/tmp93xz2t7b']
[2024-07-22T17:06:07.518+0000] {standard_task_runner.py:91} INFO - Job 91: Subtask write_to_disk
[2024-07-22T17:06:07.582+0000] {task_command.py:426} INFO - Running <TaskInstance: etl_pipeline.write_to_disk scheduled__2024-07-18T00:00:00+00:00 [running]> on host ada6cb1e64b1
[2024-07-22T17:06:07.711+0000] {taskinstance.py:2648} INFO - Exporting env vars: AIRFLOW_CTX_DAG_EMAIL='your_email@example.com' AIRFLOW_CTX_DAG_OWNER='***' AIRFLOW_CTX_DAG_ID='etl_pipeline' AIRFLOW_CTX_TASK_ID='write_to_disk' AIRFLOW_CTX_EXECUTION_DATE='2024-07-18T00:00:00+00:00' AIRFLOW_CTX_TRY_NUMBER='1' AIRFLOW_CTX_DAG_RUN_ID='scheduled__2024-07-18T00:00:00+00:00'
[2024-07-22T17:06:07.713+0000] {taskinstance.py:430} INFO - ::endgroup::
[2024-07-22T17:06:52.007+0000] {demo.py:65} INFO - Merged Data Written to Disk
[2024-07-22T17:06:52.459+0000] {python.py:237} INFO - Done. Returned value was: None
[2024-07-22T17:06:52.460+0000] {taskinstance.py:441} INFO - ::group::Post task execution logs
[2024-07-22T17:06:52.474+0000] {taskinstance.py:1206} INFO - Marking task as SUCCESS. dag_id=etl_pipeline, task_id=write_to_disk, run_id=scheduled__2024-07-18T00:00:00+00:00, execution_date=20240718T000000, start_date=20240722T170607, end_date=20240722T170652
[2024-07-22T17:06:52.518+0000] {local_task_job_runner.py:240} INFO - Task exited with return code 0
[2024-07-22T17:06:52.543+0000] {taskinstance.py:3503} INFO - 0 downstream tasks scheduled from follow-on schedule check
[2024-07-22T17:06:52.552+0000] {local_task_job_runner.py:222} INFO - ::endgroup::
