[2024-07-22T16:42:49.524+0000] {local_task_job_runner.py:120} INFO - ::group::Pre task execution logs
[2024-07-22T16:42:49.625+0000] {taskinstance.py:2076} INFO - Dependencies all met for dep_context=non-requeueable deps ti=<TaskInstance: example_complex.search_catalog_result manual__2024-07-22T16:41:58.966161+00:00 [queued]>
[2024-07-22T16:42:49.656+0000] {taskinstance.py:2076} INFO - Dependencies all met for dep_context=requeueable deps ti=<TaskInstance: example_complex.search_catalog_result manual__2024-07-22T16:41:58.966161+00:00 [queued]>
[2024-07-22T16:42:49.656+0000] {taskinstance.py:2306} INFO - Starting attempt 1 of 1
[2024-07-22T16:42:49.717+0000] {taskinstance.py:2330} INFO - Executing <Task(BashOperator): search_catalog_result> on 2024-07-22 16:41:58.966161+00:00
[2024-07-22T16:42:49.736+0000] {warnings.py:112} WARNING - /home/***/.local/lib/python3.12/site-packages/***/task/task_runner/standard_task_runner.py:61: DeprecationWarning: This process (pid=216) is multi-threaded, use of fork() may lead to deadlocks in the child.
  pid = os.fork()

[2024-07-22T16:42:49.742+0000] {standard_task_runner.py:63} INFO - Started process 221 to run task
[2024-07-22T16:42:49.762+0000] {standard_task_runner.py:90} INFO - Running: ['***', 'tasks', 'run', 'example_complex', 'search_catalog_result', 'manual__2024-07-22T16:41:58.966161+00:00', '--job-id', '33', '--raw', '--subdir', '/home/***/.local/lib/python3.12/site-packages/***/example_dags/example_complex.py', '--cfg-path', '/tmp/tmpy3vjoeip']
[2024-07-22T16:42:49.771+0000] {standard_task_runner.py:91} INFO - Job 33: Subtask search_catalog_result
[2024-07-22T16:42:50.028+0000] {task_command.py:426} INFO - Running <TaskInstance: example_complex.search_catalog_result manual__2024-07-22T16:41:58.966161+00:00 [running]> on host 1398923a395d
[2024-07-22T16:42:50.454+0000] {taskinstance.py:2648} INFO - Exporting env vars: AIRFLOW_CTX_DAG_OWNER='***' AIRFLOW_CTX_DAG_ID='example_complex' AIRFLOW_CTX_TASK_ID='search_catalog_result' AIRFLOW_CTX_EXECUTION_DATE='2024-07-22T16:41:58.966161+00:00' AIRFLOW_CTX_TRY_NUMBER='1' AIRFLOW_CTX_DAG_RUN_ID='manual__2024-07-22T16:41:58.966161+00:00'
[2024-07-22T16:42:50.468+0000] {taskinstance.py:430} INFO - ::endgroup::
[2024-07-22T16:42:50.472+0000] {subprocess.py:63} INFO - Tmp dir root location: /tmp
[2024-07-22T16:42:50.475+0000] {subprocess.py:75} INFO - Running command: ['/usr/bin/bash', '-c', 'echo search_catalog_result']
[2024-07-22T16:42:50.544+0000] {subprocess.py:86} INFO - Output:
[2024-07-22T16:42:50.552+0000] {subprocess.py:93} INFO - search_catalog_result
[2024-07-22T16:42:50.553+0000] {subprocess.py:97} INFO - Command exited with return code 0
[2024-07-22T16:42:50.554+0000] {taskinstance.py:441} INFO - ::group::Post task execution logs
[2024-07-22T16:42:50.761+0000] {taskinstance.py:1206} INFO - Marking task as SUCCESS. dag_id=example_complex, task_id=search_catalog_result, run_id=manual__2024-07-22T16:41:58.966161+00:00, execution_date=20240722T164158, start_date=20240722T164249, end_date=20240722T164250
[2024-07-22T16:42:50.890+0000] {local_task_job_runner.py:240} INFO - Task exited with return code 0
[2024-07-22T16:42:51.021+0000] {taskinstance.py:3503} INFO - 0 downstream tasks scheduled from follow-on schedule check
[2024-07-22T16:42:51.025+0000] {local_task_job_runner.py:222} INFO - ::endgroup::
