[2024-07-14T09:54:05.577+0000] {local_task_job_runner.py:120} INFO - ::group::Pre task execution logs
[2024-07-14T09:54:05.595+0000] {taskinstance.py:2076} INFO - Dependencies all met for dep_context=non-requeueable deps ti=<TaskInstance: tutorial_dag.load manual__2024-07-14T09:53:57.722544+00:00 [queued]>
[2024-07-14T09:54:05.601+0000] {taskinstance.py:2076} INFO - Dependencies all met for dep_context=requeueable deps ti=<TaskInstance: tutorial_dag.load manual__2024-07-14T09:53:57.722544+00:00 [queued]>
[2024-07-14T09:54:05.601+0000] {taskinstance.py:2306} INFO - Starting attempt 1 of 3
[2024-07-14T09:54:05.616+0000] {taskinstance.py:2330} INFO - Executing <Task(PythonOperator): load> on 2024-07-14 09:53:57.722544+00:00
[2024-07-14T09:54:05.624+0000] {warnings.py:112} WARNING - /home/***/.local/lib/python3.12/site-packages/***/task/task_runner/standard_task_runner.py:61: DeprecationWarning: This process (pid=112) is multi-threaded, use of fork() may lead to deadlocks in the child.
  pid = os.fork()

[2024-07-14T09:54:05.626+0000] {standard_task_runner.py:63} INFO - Started process 114 to run task
[2024-07-14T09:54:05.626+0000] {standard_task_runner.py:90} INFO - Running: ['***', 'tasks', 'run', 'tutorial_dag', 'load', 'manual__2024-07-14T09:53:57.722544+00:00', '--job-id', '7', '--raw', '--subdir', '/home/***/.local/lib/python3.12/site-packages/***/example_dags/tutorial_dag.py', '--cfg-path', '/tmp/tmpuu_st4kr']
[2024-07-14T09:54:05.628+0000] {standard_task_runner.py:91} INFO - Job 7: Subtask load
[2024-07-14T09:54:05.671+0000] {task_command.py:426} INFO - Running <TaskInstance: tutorial_dag.load manual__2024-07-14T09:53:57.722544+00:00 [running]> on host 9732fef293c8
[2024-07-14T09:54:05.748+0000] {taskinstance.py:2648} INFO - Exporting env vars: AIRFLOW_CTX_DAG_OWNER='***' AIRFLOW_CTX_DAG_ID='tutorial_dag' AIRFLOW_CTX_TASK_ID='load' AIRFLOW_CTX_EXECUTION_DATE='2024-07-14T09:53:57.722544+00:00' AIRFLOW_CTX_TRY_NUMBER='1' AIRFLOW_CTX_DAG_RUN_ID='manual__2024-07-14T09:53:57.722544+00:00'
[2024-07-14T09:54:05.750+0000] {taskinstance.py:430} INFO - ::endgroup::
[2024-07-14T09:54:05.758+0000] {logging_mixin.py:188} INFO - {'total_order_value': 1236.7}
[2024-07-14T09:54:05.759+0000] {python.py:237} INFO - Done. Returned value was: None
[2024-07-14T09:54:05.759+0000] {taskinstance.py:441} INFO - ::group::Post task execution logs
[2024-07-14T09:54:05.766+0000] {taskinstance.py:1206} INFO - Marking task as SUCCESS. dag_id=tutorial_dag, task_id=load, run_id=manual__2024-07-14T09:53:57.722544+00:00, execution_date=20240714T095357, start_date=20240714T095405, end_date=20240714T095405
[2024-07-14T09:54:05.801+0000] {local_task_job_runner.py:240} INFO - Task exited with return code 0
[2024-07-14T09:54:05.814+0000] {taskinstance.py:3503} INFO - 0 downstream tasks scheduled from follow-on schedule check
[2024-07-14T09:54:05.820+0000] {local_task_job_runner.py:222} INFO - ::endgroup::
