[2024-07-22T16:42:22.122+0000] {local_task_job_runner.py:120} INFO - ::group::Pre task execution logs
[2024-07-22T16:42:22.217+0000] {taskinstance.py:2076} INFO - Dependencies all met for dep_context=non-requeueable deps ti=<TaskInstance: example_complex.create_tag_template_field manual__2024-07-22T16:41:58.966161+00:00 [queued]>
[2024-07-22T16:42:22.253+0000] {taskinstance.py:2076} INFO - Dependencies all met for dep_context=requeueable deps ti=<TaskInstance: example_complex.create_tag_template_field manual__2024-07-22T16:41:58.966161+00:00 [queued]>
[2024-07-22T16:42:22.256+0000] {taskinstance.py:2306} INFO - Starting attempt 1 of 1
[2024-07-22T16:42:22.395+0000] {taskinstance.py:2330} INFO - Executing <Task(BashOperator): create_tag_template_field> on 2024-07-22 16:41:58.966161+00:00
[2024-07-22T16:42:22.452+0000] {warnings.py:112} WARNING - /home/***/.local/lib/python3.12/site-packages/***/task/task_runner/standard_task_runner.py:61: DeprecationWarning: This process (pid=139) is multi-threaded, use of fork() may lead to deadlocks in the child.
  pid = os.fork()

[2024-07-22T16:42:22.457+0000] {standard_task_runner.py:63} INFO - Started process 158 to run task
[2024-07-22T16:42:22.466+0000] {standard_task_runner.py:90} INFO - Running: ['***', 'tasks', 'run', 'example_complex', 'create_tag_template_field', 'manual__2024-07-22T16:41:58.966161+00:00', '--job-id', '16', '--raw', '--subdir', '/home/***/.local/lib/python3.12/site-packages/***/example_dags/example_complex.py', '--cfg-path', '/tmp/tmpz0nckvwv']
[2024-07-22T16:42:22.496+0000] {standard_task_runner.py:91} INFO - Job 16: Subtask create_tag_template_field
[2024-07-22T16:42:22.773+0000] {task_command.py:426} INFO - Running <TaskInstance: example_complex.create_tag_template_field manual__2024-07-22T16:41:58.966161+00:00 [running]> on host 1398923a395d
[2024-07-22T16:42:23.395+0000] {taskinstance.py:2648} INFO - Exporting env vars: AIRFLOW_CTX_DAG_OWNER='***' AIRFLOW_CTX_DAG_ID='example_complex' AIRFLOW_CTX_TASK_ID='create_tag_template_field' AIRFLOW_CTX_EXECUTION_DATE='2024-07-22T16:41:58.966161+00:00' AIRFLOW_CTX_TRY_NUMBER='1' AIRFLOW_CTX_DAG_RUN_ID='manual__2024-07-22T16:41:58.966161+00:00'
[2024-07-22T16:42:23.398+0000] {taskinstance.py:430} INFO - ::endgroup::
[2024-07-22T16:42:23.404+0000] {subprocess.py:63} INFO - Tmp dir root location: /tmp
[2024-07-22T16:42:23.422+0000] {subprocess.py:75} INFO - Running command: ['/usr/bin/bash', '-c', 'echo create_tag_template_field']
[2024-07-22T16:42:23.617+0000] {subprocess.py:86} INFO - Output:
[2024-07-22T16:42:23.643+0000] {subprocess.py:93} INFO - create_tag_template_field
[2024-07-22T16:42:23.648+0000] {subprocess.py:97} INFO - Command exited with return code 0
[2024-07-22T16:42:23.649+0000] {taskinstance.py:441} INFO - ::group::Post task execution logs
[2024-07-22T16:42:23.747+0000] {taskinstance.py:1206} INFO - Marking task as SUCCESS. dag_id=example_complex, task_id=create_tag_template_field, run_id=manual__2024-07-22T16:41:58.966161+00:00, execution_date=20240722T164158, start_date=20240722T164222, end_date=20240722T164223
[2024-07-22T16:42:23.861+0000] {local_task_job_runner.py:240} INFO - Task exited with return code 0
[2024-07-22T16:42:24.168+0000] {taskinstance.py:3503} INFO - 4 downstream tasks scheduled from follow-on schedule check
[2024-07-22T16:42:24.174+0000] {local_task_job_runner.py:222} INFO - ::endgroup::
