[2024-07-14T10:13:47.356+0000] {local_task_job_runner.py:120} INFO - ::group::Pre task execution logs
[2024-07-14T10:13:47.646+0000] {taskinstance.py:2076} INFO - Dependencies all met for dep_context=non-requeueable deps ti=<TaskInstance: hello_airflow.task_hello scheduled__2024-02-22T00:00:00+00:00 [queued]>
[2024-07-14T10:13:47.737+0000] {taskinstance.py:2076} INFO - Dependencies all met for dep_context=requeueable deps ti=<TaskInstance: hello_airflow.task_hello scheduled__2024-02-22T00:00:00+00:00 [queued]>
[2024-07-14T10:13:47.737+0000] {taskinstance.py:2306} INFO - Starting attempt 1 of 2
[2024-07-14T10:13:47.972+0000] {taskinstance.py:2330} INFO - Executing <Task(PythonOperator): task_hello> on 2024-02-22 00:00:00+00:00
[2024-07-14T10:13:48.157+0000] {warnings.py:112} WARNING - /home/***/.local/lib/python3.12/site-packages/***/task/task_runner/standard_task_runner.py:61: DeprecationWarning: This process (pid=251) is multi-threaded, use of fork() may lead to deadlocks in the child.
  pid = os.fork()

[2024-07-14T10:13:48.159+0000] {standard_task_runner.py:63} INFO - Started process 290 to run task
[2024-07-14T10:13:48.238+0000] {standard_task_runner.py:90} INFO - Running: ['***', 'tasks', 'run', 'hello_***', 'task_hello', 'scheduled__2024-02-22T00:00:00+00:00', '--job-id', '70', '--raw', '--subdir', 'DAGS_FOLDER/test.py', '--cfg-path', '/tmp/tmpz69xkoks']
[2024-07-14T10:13:48.427+0000] {standard_task_runner.py:91} INFO - Job 70: Subtask task_hello
[2024-07-14T10:13:48.969+0000] {task_command.py:426} INFO - Running <TaskInstance: hello_airflow.task_hello scheduled__2024-02-22T00:00:00+00:00 [running]> on host 37d6808b0cee
[2024-07-14T10:13:50.796+0000] {taskinstance.py:2648} INFO - Exporting env vars: AIRFLOW_CTX_DAG_OWNER='***' AIRFLOW_CTX_DAG_ID='hello_***' AIRFLOW_CTX_TASK_ID='task_hello' AIRFLOW_CTX_EXECUTION_DATE='2024-02-22T00:00:00+00:00' AIRFLOW_CTX_TRY_NUMBER='1' AIRFLOW_CTX_DAG_RUN_ID='scheduled__2024-02-22T00:00:00+00:00'
[2024-07-14T10:13:50.809+0000] {taskinstance.py:430} INFO - ::endgroup::
[2024-07-14T10:13:50.810+0000] {logging_mixin.py:188} INFO - Hello, Airflow!
[2024-07-14T10:13:50.810+0000] {python.py:237} INFO - Done. Returned value was: None
[2024-07-14T10:13:50.831+0000] {taskinstance.py:441} INFO - ::group::Post task execution logs
[2024-07-14T10:13:50.872+0000] {taskinstance.py:1206} INFO - Marking task as SUCCESS. dag_id=hello_***, task_id=task_hello, run_id=scheduled__2024-02-22T00:00:00+00:00, execution_date=20240222T000000, start_date=20240714T101347, end_date=20240714T101350
[2024-07-14T10:13:51.101+0000] {local_task_job_runner.py:240} INFO - Task exited with return code 0
[2024-07-14T10:13:51.169+0000] {taskinstance.py:3503} INFO - 0 downstream tasks scheduled from follow-on schedule check
[2024-07-14T10:13:51.186+0000] {local_task_job_runner.py:222} INFO - ::endgroup::
