[2024-07-22T16:42:38.004+0000] {local_task_job_runner.py:120} INFO - ::group::Pre task execution logs
[2024-07-22T16:42:38.236+0000] {taskinstance.py:2076} INFO - Dependencies all met for dep_context=non-requeueable deps ti=<TaskInstance: example_complex.create_tag_result manual__2024-07-22T16:41:58.966161+00:00 [queued]>
[2024-07-22T16:42:38.339+0000] {taskinstance.py:2076} INFO - Dependencies all met for dep_context=requeueable deps ti=<TaskInstance: example_complex.create_tag_result manual__2024-07-22T16:41:58.966161+00:00 [queued]>
[2024-07-22T16:42:38.340+0000] {taskinstance.py:2306} INFO - Starting attempt 1 of 1
[2024-07-22T16:42:38.400+0000] {taskinstance.py:2330} INFO - Executing <Task(BashOperator): create_tag_result> on 2024-07-22 16:41:58.966161+00:00
[2024-07-22T16:42:38.430+0000] {warnings.py:112} WARNING - /home/***/.local/lib/python3.12/site-packages/***/task/task_runner/standard_task_runner.py:61: DeprecationWarning: This process (pid=195) is multi-threaded, use of fork() may lead to deadlocks in the child.
  pid = os.fork()

[2024-07-22T16:42:38.446+0000] {standard_task_runner.py:63} INFO - Started process 203 to run task
[2024-07-22T16:42:38.475+0000] {standard_task_runner.py:90} INFO - Running: ['***', 'tasks', 'run', 'example_complex', 'create_tag_result', 'manual__2024-07-22T16:41:58.966161+00:00', '--job-id', '27', '--raw', '--subdir', '/home/***/.local/lib/python3.12/site-packages/***/example_dags/example_complex.py', '--cfg-path', '/tmp/tmpqwxqy270']
[2024-07-22T16:42:38.488+0000] {standard_task_runner.py:91} INFO - Job 27: Subtask create_tag_result
[2024-07-22T16:42:38.858+0000] {task_command.py:426} INFO - Running <TaskInstance: example_complex.create_tag_result manual__2024-07-22T16:41:58.966161+00:00 [running]> on host 1398923a395d
[2024-07-22T16:42:40.332+0000] {taskinstance.py:2648} INFO - Exporting env vars: AIRFLOW_CTX_DAG_OWNER='***' AIRFLOW_CTX_DAG_ID='example_complex' AIRFLOW_CTX_TASK_ID='create_tag_result' AIRFLOW_CTX_EXECUTION_DATE='2024-07-22T16:41:58.966161+00:00' AIRFLOW_CTX_TRY_NUMBER='1' AIRFLOW_CTX_DAG_RUN_ID='manual__2024-07-22T16:41:58.966161+00:00'
[2024-07-22T16:42:40.413+0000] {taskinstance.py:430} INFO - ::endgroup::
[2024-07-22T16:42:40.433+0000] {subprocess.py:63} INFO - Tmp dir root location: /tmp
[2024-07-22T16:42:40.437+0000] {subprocess.py:75} INFO - Running command: ['/usr/bin/bash', '-c', 'echo create_tag_result']
[2024-07-22T16:42:40.686+0000] {subprocess.py:86} INFO - Output:
[2024-07-22T16:42:40.709+0000] {subprocess.py:93} INFO - create_tag_result
[2024-07-22T16:42:40.721+0000] {subprocess.py:97} INFO - Command exited with return code 0
[2024-07-22T16:42:40.746+0000] {taskinstance.py:441} INFO - ::group::Post task execution logs
[2024-07-22T16:42:41.188+0000] {taskinstance.py:1206} INFO - Marking task as SUCCESS. dag_id=example_complex, task_id=create_tag_result, run_id=manual__2024-07-22T16:41:58.966161+00:00, execution_date=20240722T164158, start_date=20240722T164238, end_date=20240722T164241
[2024-07-22T16:42:41.467+0000] {local_task_job_runner.py:240} INFO - Task exited with return code 0
[2024-07-22T16:42:41.647+0000] {taskinstance.py:3503} INFO - 0 downstream tasks scheduled from follow-on schedule check
[2024-07-22T16:42:41.655+0000] {local_task_job_runner.py:222} INFO - ::endgroup::
