[2024-07-26T04:51:11.996+0000] {local_task_job_runner.py:120} INFO - ::group::Pre task execution logs
[2024-07-26T04:51:12.077+0000] {taskinstance.py:2076} INFO - Dependencies all met for dep_context=non-requeueable deps ti=<TaskInstance: spark_etl_pipeline.ingest_csv scheduled__2024-07-25T00:00:00+00:00 [queued]>
[2024-07-26T04:51:12.113+0000] {taskinstance.py:2076} INFO - Dependencies all met for dep_context=requeueable deps ti=<TaskInstance: spark_etl_pipeline.ingest_csv scheduled__2024-07-25T00:00:00+00:00 [queued]>
[2024-07-26T04:51:12.114+0000] {taskinstance.py:2306} INFO - Starting attempt 1 of 2
[2024-07-26T04:51:12.152+0000] {taskinstance.py:2330} INFO - Executing <Task(PythonOperator): ingest_csv> on 2024-07-25 00:00:00+00:00
[2024-07-26T04:51:12.180+0000] {clientserver.py:543} INFO - Closing down clientserver connection
[2024-07-26T04:51:12.176+0000] {warnings.py:112} WARNING - /home/***/.local/lib/python3.12/site-packages/***/task/task_runner/standard_task_runner.py:62: DeprecationWarning: This process (pid=63) is multi-threaded, use of fork() may lead to deadlocks in the child.
  pid = os.fork()

[2024-07-26T04:51:12.184+0000] {standard_task_runner.py:64} INFO - Started process 288 to run task
[2024-07-26T04:51:12.201+0000] {standard_task_runner.py:90} INFO - Running: ['***', 'tasks', 'run', 'spark_etl_pipeline', 'ingest_csv', 'scheduled__2024-07-25T00:00:00+00:00', '--job-id', '140', '--raw', '--subdir', 'DAGS_FOLDER/spark_demo.py', '--cfg-path', '/tmp/tmpf11khbyj']
[2024-07-26T04:51:12.202+0000] {standard_task_runner.py:91} INFO - Job 140: Subtask ingest_csv
[2024-07-26T04:51:12.376+0000] {task_command.py:426} INFO - Running <TaskInstance: spark_etl_pipeline.ingest_csv scheduled__2024-07-25T00:00:00+00:00 [running]> on host 1671a0defda5
[2024-07-26T04:51:13.019+0000] {taskinstance.py:2648} INFO - Exporting env vars: AIRFLOW_CTX_DAG_EMAIL='your_email@example.com' AIRFLOW_CTX_DAG_OWNER='***' AIRFLOW_CTX_DAG_ID='spark_etl_pipeline' AIRFLOW_CTX_TASK_ID='ingest_csv' AIRFLOW_CTX_EXECUTION_DATE='2024-07-25T00:00:00+00:00' AIRFLOW_CTX_TRY_NUMBER='1' AIRFLOW_CTX_DAG_RUN_ID='scheduled__2024-07-25T00:00:00+00:00'
[2024-07-26T04:51:13.021+0000] {taskinstance.py:430} INFO - ::endgroup::
[2024-07-26T04:51:59.056+0000] {taskinstance.py:441} INFO - ::group::Post task execution logs
[2024-07-26T04:51:59.057+0000] {taskinstance.py:2905} ERROR - Task failed with exception
Traceback (most recent call last):
  File "/home/airflow/.local/lib/python3.12/site-packages/airflow/models/taskinstance.py", line 465, in _execute_task
    result = _execute_callable(context=context, **execute_callable_kwargs)
             ^^^^^^^^^^^^^^^^^^^^^^^^^^^^^^^^^^^^^^^^^^^^^^^^^^^^^^^^^^^^^
  File "/home/airflow/.local/lib/python3.12/site-packages/airflow/models/taskinstance.py", line 432, in _execute_callable
    return execute_callable(context=context, **execute_callable_kwargs)
           ^^^^^^^^^^^^^^^^^^^^^^^^^^^^^^^^^^^^^^^^^^^^^^^^^^^^^^^^^^^^
  File "/home/airflow/.local/lib/python3.12/site-packages/airflow/models/baseoperator.py", line 401, in wrapper
    return func(self, *args, **kwargs)
           ^^^^^^^^^^^^^^^^^^^^^^^^^^^
  File "/home/airflow/.local/lib/python3.12/site-packages/airflow/operators/python.py", line 235, in execute
    return_value = self.execute_callable()
                   ^^^^^^^^^^^^^^^^^^^^^^^
  File "/home/airflow/.local/lib/python3.12/site-packages/airflow/operators/python.py", line 252, in execute_callable
    return self.python_callable(*self.op_args, **self.op_kwargs)
           ^^^^^^^^^^^^^^^^^^^^^^^^^^^^^^^^^^^^^^^^^^^^^^^^^^^^^
  File "/opt/airflow/dags/spark_demo.py", line 18, in ingest_csv
    df_csv = df_csv.withColumn('source', 'csv')
             ^^^^^^^^^^^^^^^^^^^^^^^^^^^^^^^^^^
  File "/home/airflow/.local/lib/python3.12/site-packages/pyspark/sql/dataframe.py", line 4785, in withColumn
    raise PySparkTypeError(
pyspark.errors.exceptions.base.PySparkTypeError: [NOT_COLUMN] Argument `col` should be a Column, got str.
[2024-07-26T04:51:59.086+0000] {taskinstance.py:1206} INFO - Marking task as UP_FOR_RETRY. dag_id=spark_etl_pipeline, task_id=ingest_csv, run_id=scheduled__2024-07-25T00:00:00+00:00, execution_date=20240725T000000, start_date=20240726T045112, end_date=20240726T045159
[2024-07-26T04:51:59.181+0000] {standard_task_runner.py:110} ERROR - Failed to execute job 140 for task ingest_csv ([NOT_COLUMN] Argument `col` should be a Column, got str.; 288)
[2024-07-26T04:51:59.223+0000] {local_task_job_runner.py:243} INFO - Task exited with return code 1
[2024-07-26T04:51:59.286+0000] {taskinstance.py:3503} INFO - 0 downstream tasks scheduled from follow-on schedule check
[2024-07-26T04:51:59.295+0000] {local_task_job_runner.py:222} INFO - ::endgroup::
