[2024-07-25T11:46:54.876+0000] {local_task_job_runner.py:120} INFO - ::group::Pre task execution logs
[2024-07-25T11:46:55.261+0000] {taskinstance.py:2076} INFO - Dependencies all met for dep_context=non-requeueable deps ti=<TaskInstance: etl_pipeline.ingest_csv scheduled__2024-07-23T00:00:00+00:00 [queued]>
[2024-07-25T11:46:55.387+0000] {taskinstance.py:2076} INFO - Dependencies all met for dep_context=requeueable deps ti=<TaskInstance: etl_pipeline.ingest_csv scheduled__2024-07-23T00:00:00+00:00 [queued]>
[2024-07-25T11:46:55.388+0000] {taskinstance.py:2306} INFO - Starting attempt 1 of 2
[2024-07-25T11:46:55.644+0000] {taskinstance.py:2330} INFO - Executing <Task(PythonOperator): ingest_csv> on 2024-07-23 00:00:00+00:00
[2024-07-25T11:46:55.853+0000] {warnings.py:112} WARNING - /home/***/.local/lib/python3.12/site-packages/***/task/task_runner/standard_task_runner.py:62: DeprecationWarning: This process (pid=938) is multi-threaded, use of fork() may lead to deadlocks in the child.
  pid = os.fork()

[2024-07-25T11:46:55.909+0000] {standard_task_runner.py:64} INFO - Started process 1490 to run task
[2024-07-25T11:46:55.921+0000] {standard_task_runner.py:90} INFO - Running: ['***', 'tasks', 'run', 'etl_pipeline', 'ingest_csv', 'scheduled__2024-07-23T00:00:00+00:00', '--job-id', '107', '--raw', '--subdir', 'DAGS_FOLDER/demo.py', '--cfg-path', '/tmp/tmpsadwr3a_']
[2024-07-25T11:46:55.971+0000] {standard_task_runner.py:91} INFO - Job 107: Subtask ingest_csv
[2024-07-25T11:46:56.529+0000] {task_command.py:426} INFO - Running <TaskInstance: etl_pipeline.ingest_csv scheduled__2024-07-23T00:00:00+00:00 [running]> on host 1671a0defda5
[2024-07-25T11:46:58.053+0000] {taskinstance.py:2648} INFO - Exporting env vars: AIRFLOW_CTX_DAG_EMAIL='your_email@example.com' AIRFLOW_CTX_DAG_OWNER='***' AIRFLOW_CTX_DAG_ID='etl_pipeline' AIRFLOW_CTX_TASK_ID='ingest_csv' AIRFLOW_CTX_EXECUTION_DATE='2024-07-23T00:00:00+00:00' AIRFLOW_CTX_TRY_NUMBER='1' AIRFLOW_CTX_DAG_RUN_ID='scheduled__2024-07-23T00:00:00+00:00'
[2024-07-25T11:46:58.055+0000] {taskinstance.py:430} INFO - ::endgroup::
[2024-07-25T11:46:59.333+0000] {demo.py:16} INFO - CSV Data Ingested
[2024-07-25T11:46:59.358+0000] {python.py:237} INFO - Done. Returned value was: None
[2024-07-25T11:46:59.359+0000] {taskinstance.py:441} INFO - ::group::Post task execution logs
[2024-07-25T11:46:59.538+0000] {taskinstance.py:1206} INFO - Marking task as SUCCESS. dag_id=etl_pipeline, task_id=ingest_csv, run_id=scheduled__2024-07-23T00:00:00+00:00, execution_date=20240723T000000, start_date=20240725T114655, end_date=20240725T114659
[2024-07-25T11:46:59.836+0000] {local_task_job_runner.py:243} INFO - Task exited with return code 0
[2024-07-25T11:47:00.283+0000] {taskinstance.py:3503} INFO - 1 downstream tasks scheduled from follow-on schedule check
[2024-07-25T11:47:00.294+0000] {local_task_job_runner.py:222} INFO - ::endgroup::
