[2024-07-22T16:42:50.498+0000] {local_task_job_runner.py:120} INFO - ::group::Pre task execution logs
[2024-07-22T16:42:50.737+0000] {taskinstance.py:2076} INFO - Dependencies all met for dep_context=non-requeueable deps ti=<TaskInstance: example_complex.list_tags_result manual__2024-07-22T16:41:58.966161+00:00 [queued]>
[2024-07-22T16:42:50.865+0000] {taskinstance.py:2076} INFO - Dependencies all met for dep_context=requeueable deps ti=<TaskInstance: example_complex.list_tags_result manual__2024-07-22T16:41:58.966161+00:00 [queued]>
[2024-07-22T16:42:50.866+0000] {taskinstance.py:2306} INFO - Starting attempt 1 of 1
[2024-07-22T16:42:50.944+0000] {taskinstance.py:2330} INFO - Executing <Task(BashOperator): list_tags_result> on 2024-07-22 16:41:58.966161+00:00
[2024-07-22T16:42:50.973+0000] {warnings.py:112} WARNING - /home/***/.local/lib/python3.12/site-packages/***/task/task_runner/standard_task_runner.py:61: DeprecationWarning: This process (pid=215) is multi-threaded, use of fork() may lead to deadlocks in the child.
  pid = os.fork()

[2024-07-22T16:42:50.984+0000] {standard_task_runner.py:63} INFO - Started process 223 to run task
[2024-07-22T16:42:51.001+0000] {standard_task_runner.py:90} INFO - Running: ['***', 'tasks', 'run', 'example_complex', 'list_tags_result', 'manual__2024-07-22T16:41:58.966161+00:00', '--job-id', '34', '--raw', '--subdir', '/home/***/.local/lib/python3.12/site-packages/***/example_dags/example_complex.py', '--cfg-path', '/tmp/tmpfwfenp01']
[2024-07-22T16:42:51.029+0000] {standard_task_runner.py:91} INFO - Job 34: Subtask list_tags_result
[2024-07-22T16:42:51.438+0000] {task_command.py:426} INFO - Running <TaskInstance: example_complex.list_tags_result manual__2024-07-22T16:41:58.966161+00:00 [running]> on host 1398923a395d
[2024-07-22T16:42:51.794+0000] {taskinstance.py:2648} INFO - Exporting env vars: AIRFLOW_CTX_DAG_OWNER='***' AIRFLOW_CTX_DAG_ID='example_complex' AIRFLOW_CTX_TASK_ID='list_tags_result' AIRFLOW_CTX_EXECUTION_DATE='2024-07-22T16:41:58.966161+00:00' AIRFLOW_CTX_TRY_NUMBER='1' AIRFLOW_CTX_DAG_RUN_ID='manual__2024-07-22T16:41:58.966161+00:00'
[2024-07-22T16:42:51.801+0000] {taskinstance.py:430} INFO - ::endgroup::
[2024-07-22T16:42:51.812+0000] {subprocess.py:63} INFO - Tmp dir root location: /tmp
[2024-07-22T16:42:51.814+0000] {subprocess.py:75} INFO - Running command: ['/usr/bin/bash', '-c', 'echo list_tags_result']
[2024-07-22T16:42:51.852+0000] {subprocess.py:86} INFO - Output:
[2024-07-22T16:42:51.859+0000] {subprocess.py:93} INFO - list_tags_result
[2024-07-22T16:42:51.861+0000] {subprocess.py:97} INFO - Command exited with return code 0
[2024-07-22T16:42:51.862+0000] {taskinstance.py:441} INFO - ::group::Post task execution logs
[2024-07-22T16:42:51.994+0000] {taskinstance.py:1206} INFO - Marking task as SUCCESS. dag_id=example_complex, task_id=list_tags_result, run_id=manual__2024-07-22T16:41:58.966161+00:00, execution_date=20240722T164158, start_date=20240722T164250, end_date=20240722T164251
[2024-07-22T16:42:52.135+0000] {local_task_job_runner.py:240} INFO - Task exited with return code 0
[2024-07-22T16:42:52.244+0000] {taskinstance.py:3503} INFO - 0 downstream tasks scheduled from follow-on schedule check
[2024-07-22T16:42:52.247+0000] {local_task_job_runner.py:222} INFO - ::endgroup::
