[2024-07-22T16:42:41.013+0000] {local_task_job_runner.py:120} INFO - ::group::Pre task execution logs
[2024-07-22T16:42:41.548+0000] {taskinstance.py:2076} INFO - Dependencies all met for dep_context=non-requeueable deps ti=<TaskInstance: example_complex.rename_tag_template_field manual__2024-07-22T16:41:58.966161+00:00 [queued]>
[2024-07-22T16:42:41.678+0000] {taskinstance.py:2076} INFO - Dependencies all met for dep_context=requeueable deps ti=<TaskInstance: example_complex.rename_tag_template_field manual__2024-07-22T16:41:58.966161+00:00 [queued]>
[2024-07-22T16:42:41.679+0000] {taskinstance.py:2306} INFO - Starting attempt 1 of 1
[2024-07-22T16:42:41.854+0000] {taskinstance.py:2330} INFO - Executing <Task(BashOperator): rename_tag_template_field> on 2024-07-22 16:41:58.966161+00:00
[2024-07-22T16:42:41.943+0000] {standard_task_runner.py:90} INFO - Running: ['***', 'tasks', 'run', 'example_complex', 'rename_tag_template_field', 'manual__2024-07-22T16:41:58.966161+00:00', '--job-id', '31', '--raw', '--subdir', '/home/***/.local/lib/python3.12/site-packages/***/example_dags/example_complex.py', '--cfg-path', '/tmp/tmpqqhn2vvf']
[2024-07-22T16:42:41.947+0000] {warnings.py:112} WARNING - /home/***/.local/lib/python3.12/site-packages/***/task/task_runner/standard_task_runner.py:61: DeprecationWarning: This process (pid=194) is multi-threaded, use of fork() may lead to deadlocks in the child.
  pid = os.fork()

[2024-07-22T16:42:41.958+0000] {standard_task_runner.py:91} INFO - Job 31: Subtask rename_tag_template_field
[2024-07-22T16:42:41.959+0000] {standard_task_runner.py:63} INFO - Started process 208 to run task
[2024-07-22T16:42:42.313+0000] {task_command.py:426} INFO - Running <TaskInstance: example_complex.rename_tag_template_field manual__2024-07-22T16:41:58.966161+00:00 [running]> on host 1398923a395d
[2024-07-22T16:42:43.042+0000] {taskinstance.py:2648} INFO - Exporting env vars: AIRFLOW_CTX_DAG_OWNER='***' AIRFLOW_CTX_DAG_ID='example_complex' AIRFLOW_CTX_TASK_ID='rename_tag_template_field' AIRFLOW_CTX_EXECUTION_DATE='2024-07-22T16:41:58.966161+00:00' AIRFLOW_CTX_TRY_NUMBER='1' AIRFLOW_CTX_DAG_RUN_ID='manual__2024-07-22T16:41:58.966161+00:00'
[2024-07-22T16:42:43.056+0000] {taskinstance.py:430} INFO - ::endgroup::
[2024-07-22T16:42:43.060+0000] {subprocess.py:63} INFO - Tmp dir root location: /tmp
[2024-07-22T16:42:43.062+0000] {subprocess.py:75} INFO - Running command: ['/usr/bin/bash', '-c', 'echo rename_tag_template_field']
[2024-07-22T16:42:43.112+0000] {subprocess.py:86} INFO - Output:
[2024-07-22T16:42:43.117+0000] {subprocess.py:93} INFO - rename_tag_template_field
[2024-07-22T16:42:43.119+0000] {subprocess.py:97} INFO - Command exited with return code 0
[2024-07-22T16:42:43.121+0000] {taskinstance.py:441} INFO - ::group::Post task execution logs
[2024-07-22T16:42:43.223+0000] {taskinstance.py:1206} INFO - Marking task as SUCCESS. dag_id=example_complex, task_id=rename_tag_template_field, run_id=manual__2024-07-22T16:41:58.966161+00:00, execution_date=20240722T164158, start_date=20240722T164241, end_date=20240722T164243
[2024-07-22T16:42:43.339+0000] {local_task_job_runner.py:240} INFO - Task exited with return code 0
[2024-07-22T16:42:43.377+0000] {local_task_job_runner.py:222} INFO - ::endgroup::
