[2024-07-22T16:54:23.388+0000] {local_task_job_runner.py:120} INFO - ::group::Pre task execution logs
[2024-07-22T16:54:23.544+0000] {taskinstance.py:2076} INFO - Dependencies all met for dep_context=non-requeueable deps ti=<TaskInstance: etl_pipeline.ingest_xlsx scheduled__2024-07-21T00:00:00+00:00 [queued]>
[2024-07-22T16:54:23.614+0000] {taskinstance.py:2076} INFO - Dependencies all met for dep_context=requeueable deps ti=<TaskInstance: etl_pipeline.ingest_xlsx scheduled__2024-07-21T00:00:00+00:00 [queued]>
[2024-07-22T16:54:23.615+0000] {taskinstance.py:2306} INFO - Starting attempt 1 of 2
[2024-07-22T16:54:23.704+0000] {taskinstance.py:2330} INFO - Executing <Task(PythonOperator): ingest_xlsx> on 2024-07-21 00:00:00+00:00
[2024-07-22T16:54:23.800+0000] {warnings.py:112} WARNING - /home/***/.local/lib/python3.12/site-packages/***/task/task_runner/standard_task_runner.py:61: DeprecationWarning: This process (pid=129) is multi-threaded, use of fork() may lead to deadlocks in the child.
  pid = os.fork()

[2024-07-22T16:54:23.803+0000] {standard_task_runner.py:63} INFO - Started process 150 to run task
[2024-07-22T16:54:23.844+0000] {standard_task_runner.py:90} INFO - Running: ['***', 'tasks', 'run', 'etl_pipeline', 'ingest_xlsx', 'scheduled__2024-07-21T00:00:00+00:00', '--job-id', '60', '--raw', '--subdir', 'DAGS_FOLDER/demo.py', '--cfg-path', '/tmp/tmpt95gq78b']
[2024-07-22T16:54:23.846+0000] {standard_task_runner.py:91} INFO - Job 60: Subtask ingest_xlsx
[2024-07-22T16:54:24.253+0000] {task_command.py:426} INFO - Running <TaskInstance: etl_pipeline.ingest_xlsx scheduled__2024-07-21T00:00:00+00:00 [running]> on host ada6cb1e64b1
[2024-07-22T16:54:24.697+0000] {taskinstance.py:2648} INFO - Exporting env vars: AIRFLOW_CTX_DAG_EMAIL='your_email@example.com' AIRFLOW_CTX_DAG_OWNER='***' AIRFLOW_CTX_DAG_ID='etl_pipeline' AIRFLOW_CTX_TASK_ID='ingest_xlsx' AIRFLOW_CTX_EXECUTION_DATE='2024-07-21T00:00:00+00:00' AIRFLOW_CTX_TRY_NUMBER='1' AIRFLOW_CTX_DAG_RUN_ID='scheduled__2024-07-21T00:00:00+00:00'
[2024-07-22T16:54:24.700+0000] {taskinstance.py:430} INFO - ::endgroup::
[2024-07-22T16:54:24.825+0000] {demo.py:23} INFO - XLSX Data Ingested
[2024-07-22T16:54:24.844+0000] {python.py:237} INFO - Done. Returned value was: None
[2024-07-22T16:54:24.845+0000] {taskinstance.py:441} INFO - ::group::Post task execution logs
[2024-07-22T16:54:24.912+0000] {taskinstance.py:1206} INFO - Marking task as SUCCESS. dag_id=etl_pipeline, task_id=ingest_xlsx, run_id=scheduled__2024-07-21T00:00:00+00:00, execution_date=20240721T000000, start_date=20240722T165423, end_date=20240722T165424
[2024-07-22T16:54:25.111+0000] {local_task_job_runner.py:240} INFO - Task exited with return code 0
[2024-07-22T16:54:25.309+0000] {taskinstance.py:3503} INFO - 1 downstream tasks scheduled from follow-on schedule check
[2024-07-22T16:54:25.325+0000] {local_task_job_runner.py:222} INFO - ::endgroup::
