[2024-07-14T10:38:30.913+0000] {local_task_job_runner.py:120} INFO - ::group::Pre task execution logs
[2024-07-14T10:38:31.007+0000] {taskinstance.py:2076} INFO - Dependencies all met for dep_context=non-requeueable deps ti=<TaskInstance: etl_pipeline.ingest_csv manual__2024-07-14T10:38:25.775716+00:00 [queued]>
[2024-07-14T10:38:31.049+0000] {taskinstance.py:2076} INFO - Dependencies all met for dep_context=requeueable deps ti=<TaskInstance: etl_pipeline.ingest_csv manual__2024-07-14T10:38:25.775716+00:00 [queued]>
[2024-07-14T10:38:31.050+0000] {taskinstance.py:2306} INFO - Starting attempt 1 of 2
[2024-07-14T10:38:31.115+0000] {taskinstance.py:2330} INFO - Executing <Task(PythonOperator): ingest_csv> on 2024-07-14 10:38:25.775716+00:00
[2024-07-14T10:38:31.145+0000] {warnings.py:112} WARNING - /home/***/.local/lib/python3.12/site-packages/***/task/task_runner/standard_task_runner.py:61: DeprecationWarning: This process (pid=70) is multi-threaded, use of fork() may lead to deadlocks in the child.
  pid = os.fork()

[2024-07-14T10:38:31.160+0000] {standard_task_runner.py:63} INFO - Started process 77 to run task
[2024-07-14T10:38:31.154+0000] {standard_task_runner.py:90} INFO - Running: ['***', 'tasks', 'run', 'etl_pipeline', 'ingest_csv', 'manual__2024-07-14T10:38:25.775716+00:00', '--job-id', '163', '--raw', '--subdir', 'DAGS_FOLDER/demo.py', '--cfg-path', '/tmp/tmpc2tpjexu']
[2024-07-14T10:38:31.165+0000] {standard_task_runner.py:91} INFO - Job 163: Subtask ingest_csv
[2024-07-14T10:38:31.273+0000] {task_command.py:426} INFO - Running <TaskInstance: etl_pipeline.ingest_csv manual__2024-07-14T10:38:25.775716+00:00 [running]> on host 37d6808b0cee
[2024-07-14T10:38:31.631+0000] {taskinstance.py:2648} INFO - Exporting env vars: AIRFLOW_CTX_DAG_EMAIL='your_email@example.com' AIRFLOW_CTX_DAG_OWNER='***' AIRFLOW_CTX_DAG_ID='etl_pipeline' AIRFLOW_CTX_TASK_ID='ingest_csv' AIRFLOW_CTX_EXECUTION_DATE='2024-07-14T10:38:25.775716+00:00' AIRFLOW_CTX_TRY_NUMBER='1' AIRFLOW_CTX_DAG_RUN_ID='manual__2024-07-14T10:38:25.775716+00:00'
[2024-07-14T10:38:31.632+0000] {taskinstance.py:430} INFO - ::endgroup::
[2024-07-14T10:38:31.925+0000] {demo.py:15} INFO - CSV Data Ingested
[2024-07-14T10:38:31.926+0000] {python.py:237} INFO - Done. Returned value was: None
[2024-07-14T10:38:31.927+0000] {taskinstance.py:441} INFO - ::group::Post task execution logs
[2024-07-14T10:38:31.950+0000] {taskinstance.py:1206} INFO - Marking task as SUCCESS. dag_id=etl_pipeline, task_id=ingest_csv, run_id=manual__2024-07-14T10:38:25.775716+00:00, execution_date=20240714T103825, start_date=20240714T103831, end_date=20240714T103831
[2024-07-14T10:38:31.995+0000] {local_task_job_runner.py:240} INFO - Task exited with return code 0
[2024-07-14T10:38:32.037+0000] {taskinstance.py:3503} INFO - 0 downstream tasks scheduled from follow-on schedule check
[2024-07-14T10:38:32.057+0000] {local_task_job_runner.py:222} INFO - ::endgroup::
