[2024-07-22T16:57:09.931+0000] {local_task_job_runner.py:120} INFO - ::group::Pre task execution logs
[2024-07-22T16:57:10.102+0000] {taskinstance.py:2076} INFO - Dependencies all met for dep_context=non-requeueable deps ti=<TaskInstance: etl_pipeline.merge_data scheduled__2024-07-19T00:00:00+00:00 [queued]>
[2024-07-22T16:57:10.180+0000] {taskinstance.py:2076} INFO - Dependencies all met for dep_context=requeueable deps ti=<TaskInstance: etl_pipeline.merge_data scheduled__2024-07-19T00:00:00+00:00 [queued]>
[2024-07-22T16:57:10.183+0000] {taskinstance.py:2306} INFO - Starting attempt 1 of 2
[2024-07-22T16:57:10.324+0000] {taskinstance.py:2330} INFO - Executing <Task(PythonOperator): merge_data> on 2024-07-19 00:00:00+00:00
[2024-07-22T16:57:10.398+0000] {warnings.py:112} WARNING - /home/***/.local/lib/python3.12/site-packages/***/task/task_runner/standard_task_runner.py:61: DeprecationWarning: This process (pid=194) is multi-threaded, use of fork() may lead to deadlocks in the child.
  pid = os.fork()

[2024-07-22T16:57:10.441+0000] {standard_task_runner.py:63} INFO - Started process 209 to run task
[2024-07-22T16:57:10.452+0000] {standard_task_runner.py:90} INFO - Running: ['***', 'tasks', 'run', 'etl_pipeline', 'merge_data', 'scheduled__2024-07-19T00:00:00+00:00', '--job-id', '76', '--raw', '--subdir', 'DAGS_FOLDER/demo.py', '--cfg-path', '/tmp/tmpi0sri_rl']
[2024-07-22T16:57:10.457+0000] {standard_task_runner.py:91} INFO - Job 76: Subtask merge_data
[2024-07-22T16:57:10.739+0000] {task_command.py:426} INFO - Running <TaskInstance: etl_pipeline.merge_data scheduled__2024-07-19T00:00:00+00:00 [running]> on host ada6cb1e64b1
[2024-07-22T16:57:11.059+0000] {taskinstance.py:2648} INFO - Exporting env vars: AIRFLOW_CTX_DAG_EMAIL='your_email@example.com' AIRFLOW_CTX_DAG_OWNER='***' AIRFLOW_CTX_DAG_ID='etl_pipeline' AIRFLOW_CTX_TASK_ID='merge_data' AIRFLOW_CTX_EXECUTION_DATE='2024-07-19T00:00:00+00:00' AIRFLOW_CTX_TRY_NUMBER='1' AIRFLOW_CTX_DAG_RUN_ID='scheduled__2024-07-19T00:00:00+00:00'
[2024-07-22T16:57:11.062+0000] {taskinstance.py:430} INFO - ::endgroup::
[2024-07-22T16:57:48.856+0000] {demo.py:60} INFO - Data Merged
[2024-07-22T16:57:49.446+0000] {python.py:237} INFO - Done. Returned value was: None
[2024-07-22T16:57:49.447+0000] {taskinstance.py:441} INFO - ::group::Post task execution logs
[2024-07-22T16:57:49.500+0000] {taskinstance.py:1206} INFO - Marking task as SUCCESS. dag_id=etl_pipeline, task_id=merge_data, run_id=scheduled__2024-07-19T00:00:00+00:00, execution_date=20240719T000000, start_date=20240722T165710, end_date=20240722T165749
[2024-07-22T16:57:49.601+0000] {local_task_job_runner.py:240} INFO - Task exited with return code 0
[2024-07-22T16:57:49.691+0000] {taskinstance.py:3503} INFO - 1 downstream tasks scheduled from follow-on schedule check
[2024-07-22T16:57:49.706+0000] {local_task_job_runner.py:222} INFO - ::endgroup::
