[2024-07-22T16:42:58.890+0000] {local_task_job_runner.py:120} INFO - ::group::Pre task execution logs
[2024-07-22T16:42:59.033+0000] {taskinstance.py:2076} INFO - Dependencies all met for dep_context=non-requeueable deps ti=<TaskInstance: example_complex.delete_tag_template_field manual__2024-07-22T16:41:58.966161+00:00 [queued]>
[2024-07-22T16:42:59.088+0000] {taskinstance.py:2076} INFO - Dependencies all met for dep_context=requeueable deps ti=<TaskInstance: example_complex.delete_tag_template_field manual__2024-07-22T16:41:58.966161+00:00 [queued]>
[2024-07-22T16:42:59.088+0000] {taskinstance.py:2306} INFO - Starting attempt 1 of 1
[2024-07-22T16:42:59.203+0000] {taskinstance.py:2330} INFO - Executing <Task(BashOperator): delete_tag_template_field> on 2024-07-22 16:41:58.966161+00:00
[2024-07-22T16:42:59.286+0000] {warnings.py:112} WARNING - /home/***/.local/lib/python3.12/site-packages/***/task/task_runner/standard_task_runner.py:61: DeprecationWarning: This process (pid=227) is multi-threaded, use of fork() may lead to deadlocks in the child.
  pid = os.fork()

[2024-07-22T16:42:59.306+0000] {standard_task_runner.py:63} INFO - Started process 234 to run task
[2024-07-22T16:42:59.270+0000] {standard_task_runner.py:90} INFO - Running: ['***', 'tasks', 'run', 'example_complex', 'delete_tag_template_field', 'manual__2024-07-22T16:41:58.966161+00:00', '--job-id', '36', '--raw', '--subdir', '/home/***/.local/lib/python3.12/site-packages/***/example_dags/example_complex.py', '--cfg-path', '/tmp/tmpn6rv_re8']
[2024-07-22T16:42:59.313+0000] {standard_task_runner.py:91} INFO - Job 36: Subtask delete_tag_template_field
[2024-07-22T16:42:59.825+0000] {task_command.py:426} INFO - Running <TaskInstance: example_complex.delete_tag_template_field manual__2024-07-22T16:41:58.966161+00:00 [running]> on host 1398923a395d
[2024-07-22T16:43:00.619+0000] {taskinstance.py:2648} INFO - Exporting env vars: AIRFLOW_CTX_DAG_OWNER='***' AIRFLOW_CTX_DAG_ID='example_complex' AIRFLOW_CTX_TASK_ID='delete_tag_template_field' AIRFLOW_CTX_EXECUTION_DATE='2024-07-22T16:41:58.966161+00:00' AIRFLOW_CTX_TRY_NUMBER='1' AIRFLOW_CTX_DAG_RUN_ID='manual__2024-07-22T16:41:58.966161+00:00'
[2024-07-22T16:43:00.632+0000] {taskinstance.py:430} INFO - ::endgroup::
[2024-07-22T16:43:00.636+0000] {subprocess.py:63} INFO - Tmp dir root location: /tmp
[2024-07-22T16:43:00.638+0000] {subprocess.py:75} INFO - Running command: ['/usr/bin/bash', '-c', 'echo delete_tag_template_field']
[2024-07-22T16:43:00.706+0000] {subprocess.py:86} INFO - Output:
[2024-07-22T16:43:00.735+0000] {subprocess.py:93} INFO - delete_tag_template_field
[2024-07-22T16:43:00.741+0000] {subprocess.py:97} INFO - Command exited with return code 0
[2024-07-22T16:43:00.748+0000] {taskinstance.py:441} INFO - ::group::Post task execution logs
[2024-07-22T16:43:00.929+0000] {taskinstance.py:1206} INFO - Marking task as SUCCESS. dag_id=example_complex, task_id=delete_tag_template_field, run_id=manual__2024-07-22T16:41:58.966161+00:00, execution_date=20240722T164158, start_date=20240722T164259, end_date=20240722T164300
[2024-07-22T16:43:01.112+0000] {local_task_job_runner.py:240} INFO - Task exited with return code 0
[2024-07-22T16:43:01.372+0000] {taskinstance.py:3503} INFO - 1 downstream tasks scheduled from follow-on schedule check
[2024-07-22T16:43:01.385+0000] {local_task_job_runner.py:222} INFO - ::endgroup::
