[2024-07-14T10:16:20.609+0000] {local_task_job_runner.py:120} INFO - ::group::Pre task execution logs
[2024-07-14T10:16:20.980+0000] {taskinstance.py:2076} INFO - Dependencies all met for dep_context=non-requeueable deps ti=<TaskInstance: hello_airflow.task_hello scheduled__2024-04-29T00:00:00+00:00 [queued]>
[2024-07-14T10:16:21.202+0000] {taskinstance.py:2076} INFO - Dependencies all met for dep_context=requeueable deps ti=<TaskInstance: hello_airflow.task_hello scheduled__2024-04-29T00:00:00+00:00 [queued]>
[2024-07-14T10:16:21.215+0000] {taskinstance.py:2306} INFO - Starting attempt 1 of 2
[2024-07-14T10:16:21.831+0000] {taskinstance.py:2330} INFO - Executing <Task(PythonOperator): task_hello> on 2024-04-29 00:00:00+00:00
[2024-07-14T10:16:22.122+0000] {standard_task_runner.py:90} INFO - Running: ['***', 'tasks', 'run', 'hello_***', 'task_hello', 'scheduled__2024-04-29T00:00:00+00:00', '--job-id', '128', '--raw', '--subdir', 'DAGS_FOLDER/test.py', '--cfg-path', '/tmp/tmp1uil79ud']
[2024-07-14T10:16:22.509+0000] {standard_task_runner.py:91} INFO - Job 128: Subtask task_hello
[2024-07-14T10:16:22.270+0000] {warnings.py:112} WARNING - /home/***/.local/lib/python3.12/site-packages/***/task/task_runner/standard_task_runner.py:61: DeprecationWarning: This process (pid=473) is multi-threaded, use of fork() may lead to deadlocks in the child.
  pid = os.fork()

[2024-07-14T10:16:22.518+0000] {standard_task_runner.py:63} INFO - Started process 503 to run task
[2024-07-14T10:16:23.900+0000] {task_command.py:426} INFO - Running <TaskInstance: hello_airflow.task_hello scheduled__2024-04-29T00:00:00+00:00 [running]> on host 37d6808b0cee
[2024-07-14T10:16:26.958+0000] {taskinstance.py:2648} INFO - Exporting env vars: AIRFLOW_CTX_DAG_OWNER='***' AIRFLOW_CTX_DAG_ID='hello_***' AIRFLOW_CTX_TASK_ID='task_hello' AIRFLOW_CTX_EXECUTION_DATE='2024-04-29T00:00:00+00:00' AIRFLOW_CTX_TRY_NUMBER='1' AIRFLOW_CTX_DAG_RUN_ID='scheduled__2024-04-29T00:00:00+00:00'
[2024-07-14T10:16:27.042+0000] {taskinstance.py:430} INFO - ::endgroup::
[2024-07-14T10:16:27.054+0000] {logging_mixin.py:188} INFO - Hello, Airflow!
[2024-07-14T10:16:27.075+0000] {python.py:237} INFO - Done. Returned value was: None
[2024-07-14T10:16:27.099+0000] {taskinstance.py:441} INFO - ::group::Post task execution logs
[2024-07-14T10:16:27.189+0000] {taskinstance.py:1206} INFO - Marking task as SUCCESS. dag_id=hello_***, task_id=task_hello, run_id=scheduled__2024-04-29T00:00:00+00:00, execution_date=20240429T000000, start_date=20240714T101621, end_date=20240714T101627
[2024-07-14T10:16:27.925+0000] {local_task_job_runner.py:240} INFO - Task exited with return code 0
[2024-07-14T10:16:28.257+0000] {taskinstance.py:3503} INFO - 0 downstream tasks scheduled from follow-on schedule check
[2024-07-14T10:16:28.279+0000] {local_task_job_runner.py:222} INFO - ::endgroup::
