[2024-07-14T10:15:15.867+0000] {local_task_job_runner.py:120} INFO - ::group::Pre task execution logs
[2024-07-14T10:15:16.727+0000] {taskinstance.py:2076} INFO - Dependencies all met for dep_context=non-requeueable deps ti=<TaskInstance: hello_airflow.task_hello scheduled__2024-03-31T00:00:00+00:00 [queued]>
[2024-07-14T10:15:16.905+0000] {taskinstance.py:2076} INFO - Dependencies all met for dep_context=requeueable deps ti=<TaskInstance: hello_airflow.task_hello scheduled__2024-03-31T00:00:00+00:00 [queued]>
[2024-07-14T10:15:16.937+0000] {taskinstance.py:2306} INFO - Starting attempt 1 of 2
[2024-07-14T10:15:17.151+0000] {taskinstance.py:2330} INFO - Executing <Task(PythonOperator): task_hello> on 2024-03-31 00:00:00+00:00
[2024-07-14T10:15:17.293+0000] {warnings.py:112} WARNING - /home/***/.local/lib/python3.12/site-packages/***/task/task_runner/standard_task_runner.py:61: DeprecationWarning: This process (pid=367) is multi-threaded, use of fork() may lead to deadlocks in the child.
  pid = os.fork()

[2024-07-14T10:15:17.332+0000] {standard_task_runner.py:63} INFO - Started process 396 to run task
[2024-07-14T10:15:17.362+0000] {standard_task_runner.py:90} INFO - Running: ['***', 'tasks', 'run', 'hello_***', 'task_hello', 'scheduled__2024-03-31T00:00:00+00:00', '--job-id', '97', '--raw', '--subdir', 'DAGS_FOLDER/test.py', '--cfg-path', '/tmp/tmpbvhel4tm']
[2024-07-14T10:15:17.395+0000] {standard_task_runner.py:91} INFO - Job 97: Subtask task_hello
[2024-07-14T10:15:18.236+0000] {task_command.py:426} INFO - Running <TaskInstance: hello_airflow.task_hello scheduled__2024-03-31T00:00:00+00:00 [running]> on host 37d6808b0cee
[2024-07-14T10:15:19.669+0000] {taskinstance.py:2648} INFO - Exporting env vars: AIRFLOW_CTX_DAG_OWNER='***' AIRFLOW_CTX_DAG_ID='hello_***' AIRFLOW_CTX_TASK_ID='task_hello' AIRFLOW_CTX_EXECUTION_DATE='2024-03-31T00:00:00+00:00' AIRFLOW_CTX_TRY_NUMBER='1' AIRFLOW_CTX_DAG_RUN_ID='scheduled__2024-03-31T00:00:00+00:00'
[2024-07-14T10:15:19.674+0000] {taskinstance.py:430} INFO - ::endgroup::
[2024-07-14T10:15:19.679+0000] {logging_mixin.py:188} INFO - Hello, Airflow!
[2024-07-14T10:15:19.690+0000] {python.py:237} INFO - Done. Returned value was: None
[2024-07-14T10:15:19.711+0000] {taskinstance.py:441} INFO - ::group::Post task execution logs
[2024-07-14T10:15:19.806+0000] {taskinstance.py:1206} INFO - Marking task as SUCCESS. dag_id=hello_***, task_id=task_hello, run_id=scheduled__2024-03-31T00:00:00+00:00, execution_date=20240331T000000, start_date=20240714T101516, end_date=20240714T101519
[2024-07-14T10:15:20.098+0000] {local_task_job_runner.py:240} INFO - Task exited with return code 0
[2024-07-14T10:15:20.247+0000] {taskinstance.py:3503} INFO - 0 downstream tasks scheduled from follow-on schedule check
[2024-07-14T10:15:20.265+0000] {local_task_job_runner.py:222} INFO - ::endgroup::
