[2024-07-22T16:57:57.004+0000] {local_task_job_runner.py:120} INFO - ::group::Pre task execution logs
[2024-07-22T16:57:57.229+0000] {taskinstance.py:2076} INFO - Dependencies all met for dep_context=non-requeueable deps ti=<TaskInstance: etl_pipeline.write_to_disk scheduled__2024-07-14T00:00:00+00:00 [queued]>
[2024-07-22T16:57:57.304+0000] {taskinstance.py:2076} INFO - Dependencies all met for dep_context=requeueable deps ti=<TaskInstance: etl_pipeline.write_to_disk scheduled__2024-07-14T00:00:00+00:00 [queued]>
[2024-07-22T16:57:57.315+0000] {taskinstance.py:2306} INFO - Starting attempt 1 of 2
[2024-07-22T16:57:57.402+0000] {taskinstance.py:2330} INFO - Executing <Task(PythonOperator): write_to_disk> on 2024-07-14 00:00:00+00:00
[2024-07-22T16:57:57.440+0000] {standard_task_runner.py:90} INFO - Running: ['***', 'tasks', 'run', 'etl_pipeline', 'write_to_disk', 'scheduled__2024-07-14T00:00:00+00:00', '--job-id', '81', '--raw', '--subdir', 'DAGS_FOLDER/demo.py', '--cfg-path', '/tmp/tmpkz8x38mr']
[2024-07-22T16:57:57.442+0000] {warnings.py:112} WARNING - /home/***/.local/lib/python3.12/site-packages/***/task/task_runner/standard_task_runner.py:61: DeprecationWarning: This process (pid=222) is multi-threaded, use of fork() may lead to deadlocks in the child.
  pid = os.fork()

[2024-07-22T16:57:57.444+0000] {standard_task_runner.py:63} INFO - Started process 246 to run task
[2024-07-22T16:57:57.443+0000] {standard_task_runner.py:91} INFO - Job 81: Subtask write_to_disk
[2024-07-22T16:57:57.644+0000] {task_command.py:426} INFO - Running <TaskInstance: etl_pipeline.write_to_disk scheduled__2024-07-14T00:00:00+00:00 [running]> on host ada6cb1e64b1
[2024-07-22T16:57:58.416+0000] {taskinstance.py:2648} INFO - Exporting env vars: AIRFLOW_CTX_DAG_EMAIL='your_email@example.com' AIRFLOW_CTX_DAG_OWNER='***' AIRFLOW_CTX_DAG_ID='etl_pipeline' AIRFLOW_CTX_TASK_ID='write_to_disk' AIRFLOW_CTX_EXECUTION_DATE='2024-07-14T00:00:00+00:00' AIRFLOW_CTX_TRY_NUMBER='1' AIRFLOW_CTX_DAG_RUN_ID='scheduled__2024-07-14T00:00:00+00:00'
[2024-07-22T16:57:58.423+0000] {taskinstance.py:430} INFO - ::endgroup::
[2024-07-22T17:00:55.222+0000] {demo.py:65} INFO - Merged Data Written to Disk
[2024-07-22T17:00:57.251+0000] {python.py:237} INFO - Done. Returned value was: None
[2024-07-22T17:00:57.259+0000] {taskinstance.py:441} INFO - ::group::Post task execution logs
[2024-07-22T17:00:57.305+0000] {taskinstance.py:1206} INFO - Marking task as SUCCESS. dag_id=etl_pipeline, task_id=write_to_disk, run_id=scheduled__2024-07-14T00:00:00+00:00, execution_date=20240714T000000, start_date=20240722T165757, end_date=20240722T170057
[2024-07-22T17:00:57.381+0000] {local_task_job_runner.py:240} INFO - Task exited with return code 0
[2024-07-22T17:00:57.420+0000] {taskinstance.py:3503} INFO - 0 downstream tasks scheduled from follow-on schedule check
[2024-07-22T17:00:57.426+0000] {local_task_job_runner.py:222} INFO - ::endgroup::
