[2024-07-22T16:54:24.105+0000] {local_task_job_runner.py:120} INFO - ::group::Pre task execution logs
[2024-07-22T16:54:24.352+0000] {taskinstance.py:2076} INFO - Dependencies all met for dep_context=non-requeueable deps ti=<TaskInstance: etl_pipeline.clean_data scheduled__2024-07-16T00:00:00+00:00 [queued]>
[2024-07-22T16:54:24.460+0000] {taskinstance.py:2076} INFO - Dependencies all met for dep_context=requeueable deps ti=<TaskInstance: etl_pipeline.clean_data scheduled__2024-07-16T00:00:00+00:00 [queued]>
[2024-07-22T16:54:24.463+0000] {taskinstance.py:2306} INFO - Starting attempt 1 of 2
[2024-07-22T16:54:24.584+0000] {taskinstance.py:2330} INFO - Executing <Task(PythonOperator): clean_data> on 2024-07-16 00:00:00+00:00
[2024-07-22T16:54:24.744+0000] {standard_task_runner.py:90} INFO - Running: ['***', 'tasks', 'run', 'etl_pipeline', 'clean_data', 'scheduled__2024-07-16T00:00:00+00:00', '--job-id', '62', '--raw', '--subdir', 'DAGS_FOLDER/demo.py', '--cfg-path', '/tmp/tmpphc4bdub']
[2024-07-22T16:54:24.747+0000] {standard_task_runner.py:91} INFO - Job 62: Subtask clean_data
[2024-07-22T16:54:24.751+0000] {warnings.py:112} WARNING - /home/***/.local/lib/python3.12/site-packages/***/task/task_runner/standard_task_runner.py:61: DeprecationWarning: This process (pid=137) is multi-threaded, use of fork() may lead to deadlocks in the child.
  pid = os.fork()

[2024-07-22T16:54:24.760+0000] {standard_task_runner.py:63} INFO - Started process 153 to run task
[2024-07-22T16:54:24.947+0000] {task_command.py:426} INFO - Running <TaskInstance: etl_pipeline.clean_data scheduled__2024-07-16T00:00:00+00:00 [running]> on host ada6cb1e64b1
[2024-07-22T16:54:25.551+0000] {taskinstance.py:2648} INFO - Exporting env vars: AIRFLOW_CTX_DAG_EMAIL='your_email@example.com' AIRFLOW_CTX_DAG_OWNER='***' AIRFLOW_CTX_DAG_ID='etl_pipeline' AIRFLOW_CTX_TASK_ID='clean_data' AIRFLOW_CTX_EXECUTION_DATE='2024-07-16T00:00:00+00:00' AIRFLOW_CTX_TRY_NUMBER='1' AIRFLOW_CTX_DAG_RUN_ID='scheduled__2024-07-16T00:00:00+00:00'
[2024-07-22T16:54:25.556+0000] {taskinstance.py:430} INFO - ::endgroup::
[2024-07-22T16:56:55.292+0000] {demo.py:52} INFO - Data Cleaned and Preprocessed
[2024-07-22T16:56:55.298+0000] {python.py:237} INFO - Done. Returned value was: None
[2024-07-22T16:56:55.303+0000] {taskinstance.py:441} INFO - ::group::Post task execution logs
[2024-07-22T16:56:55.336+0000] {taskinstance.py:1206} INFO - Marking task as SUCCESS. dag_id=etl_pipeline, task_id=clean_data, run_id=scheduled__2024-07-16T00:00:00+00:00, execution_date=20240716T000000, start_date=20240722T165424, end_date=20240722T165655
[2024-07-22T16:56:55.457+0000] {local_task_job_runner.py:240} INFO - Task exited with return code 0
[2024-07-22T16:56:55.559+0000] {taskinstance.py:3503} INFO - 1 downstream tasks scheduled from follow-on schedule check
[2024-07-22T16:56:55.573+0000] {local_task_job_runner.py:222} INFO - ::endgroup::
