[2024-07-22T16:43:09.250+0000] {local_task_job_runner.py:120} INFO - ::group::Pre task execution logs
[2024-07-22T16:43:09.284+0000] {taskinstance.py:2076} INFO - Dependencies all met for dep_context=non-requeueable deps ti=<TaskInstance: example_complex.delete_entry_group manual__2024-07-22T16:41:58.966161+00:00 [queued]>
[2024-07-22T16:43:09.299+0000] {taskinstance.py:2076} INFO - Dependencies all met for dep_context=requeueable deps ti=<TaskInstance: example_complex.delete_entry_group manual__2024-07-22T16:41:58.966161+00:00 [queued]>
[2024-07-22T16:43:09.299+0000] {taskinstance.py:2306} INFO - Starting attempt 1 of 1
[2024-07-22T16:43:09.317+0000] {taskinstance.py:2330} INFO - Executing <Task(BashOperator): delete_entry_group> on 2024-07-22 16:41:58.966161+00:00
[2024-07-22T16:43:09.327+0000] {warnings.py:112} WARNING - /home/***/.local/lib/python3.12/site-packages/***/task/task_runner/standard_task_runner.py:61: DeprecationWarning: This process (pid=241) is multi-threaded, use of fork() may lead to deadlocks in the child.
  pid = os.fork()

[2024-07-22T16:43:09.329+0000] {standard_task_runner.py:63} INFO - Started process 243 to run task
[2024-07-22T16:43:09.330+0000] {standard_task_runner.py:90} INFO - Running: ['***', 'tasks', 'run', 'example_complex', 'delete_entry_group', 'manual__2024-07-22T16:41:58.966161+00:00', '--job-id', '38', '--raw', '--subdir', '/home/***/.local/lib/python3.12/site-packages/***/example_dags/example_complex.py', '--cfg-path', '/tmp/tmpqna40vuo']
[2024-07-22T16:43:09.334+0000] {standard_task_runner.py:91} INFO - Job 38: Subtask delete_entry_group
[2024-07-22T16:43:09.400+0000] {task_command.py:426} INFO - Running <TaskInstance: example_complex.delete_entry_group manual__2024-07-22T16:41:58.966161+00:00 [running]> on host 1398923a395d
[2024-07-22T16:43:09.510+0000] {taskinstance.py:2648} INFO - Exporting env vars: AIRFLOW_CTX_DAG_OWNER='***' AIRFLOW_CTX_DAG_ID='example_complex' AIRFLOW_CTX_TASK_ID='delete_entry_group' AIRFLOW_CTX_EXECUTION_DATE='2024-07-22T16:41:58.966161+00:00' AIRFLOW_CTX_TRY_NUMBER='1' AIRFLOW_CTX_DAG_RUN_ID='manual__2024-07-22T16:41:58.966161+00:00'
[2024-07-22T16:43:09.513+0000] {taskinstance.py:430} INFO - ::endgroup::
[2024-07-22T16:43:09.514+0000] {subprocess.py:63} INFO - Tmp dir root location: /tmp
[2024-07-22T16:43:09.515+0000] {subprocess.py:75} INFO - Running command: ['/usr/bin/bash', '-c', 'echo delete_entry_group']
[2024-07-22T16:43:09.533+0000] {subprocess.py:86} INFO - Output:
[2024-07-22T16:43:09.535+0000] {subprocess.py:93} INFO - delete_entry_group
[2024-07-22T16:43:09.536+0000] {subprocess.py:97} INFO - Command exited with return code 0
[2024-07-22T16:43:09.537+0000] {taskinstance.py:441} INFO - ::group::Post task execution logs
[2024-07-22T16:43:09.569+0000] {taskinstance.py:1206} INFO - Marking task as SUCCESS. dag_id=example_complex, task_id=delete_entry_group, run_id=manual__2024-07-22T16:41:58.966161+00:00, execution_date=20240722T164158, start_date=20240722T164309, end_date=20240722T164309
[2024-07-22T16:43:09.624+0000] {local_task_job_runner.py:240} INFO - Task exited with return code 0
[2024-07-22T16:43:09.656+0000] {taskinstance.py:3503} INFO - 1 downstream tasks scheduled from follow-on schedule check
[2024-07-22T16:43:09.658+0000] {local_task_job_runner.py:222} INFO - ::endgroup::
