[2024-07-14T10:13:47.620+0000] {local_task_job_runner.py:120} INFO - ::group::Pre task execution logs
[2024-07-14T10:13:47.936+0000] {taskinstance.py:2076} INFO - Dependencies all met for dep_context=non-requeueable deps ti=<TaskInstance: hello_airflow.task_hello scheduled__2024-02-28T00:00:00+00:00 [queued]>
[2024-07-14T10:13:48.115+0000] {taskinstance.py:2076} INFO - Dependencies all met for dep_context=requeueable deps ti=<TaskInstance: hello_airflow.task_hello scheduled__2024-02-28T00:00:00+00:00 [queued]>
[2024-07-14T10:13:48.116+0000] {taskinstance.py:2306} INFO - Starting attempt 1 of 2
[2024-07-14T10:13:48.594+0000] {taskinstance.py:2330} INFO - Executing <Task(PythonOperator): task_hello> on 2024-02-28 00:00:00+00:00
[2024-07-14T10:13:48.835+0000] {warnings.py:112} WARNING - /home/***/.local/lib/python3.12/site-packages/***/task/task_runner/standard_task_runner.py:61: DeprecationWarning: This process (pid=257) is multi-threaded, use of fork() may lead to deadlocks in the child.
  pid = os.fork()

[2024-07-14T10:13:48.861+0000] {standard_task_runner.py:63} INFO - Started process 293 to run task
[2024-07-14T10:13:48.799+0000] {standard_task_runner.py:90} INFO - Running: ['***', 'tasks', 'run', 'hello_***', 'task_hello', 'scheduled__2024-02-28T00:00:00+00:00', '--job-id', '73', '--raw', '--subdir', 'DAGS_FOLDER/test.py', '--cfg-path', '/tmp/tmpw1rewpi8']
[2024-07-14T10:13:48.918+0000] {standard_task_runner.py:91} INFO - Job 73: Subtask task_hello
[2024-07-14T10:13:49.783+0000] {task_command.py:426} INFO - Running <TaskInstance: hello_airflow.task_hello scheduled__2024-02-28T00:00:00+00:00 [running]> on host 37d6808b0cee
[2024-07-14T10:13:51.176+0000] {taskinstance.py:2648} INFO - Exporting env vars: AIRFLOW_CTX_DAG_OWNER='***' AIRFLOW_CTX_DAG_ID='hello_***' AIRFLOW_CTX_TASK_ID='task_hello' AIRFLOW_CTX_EXECUTION_DATE='2024-02-28T00:00:00+00:00' AIRFLOW_CTX_TRY_NUMBER='1' AIRFLOW_CTX_DAG_RUN_ID='scheduled__2024-02-28T00:00:00+00:00'
[2024-07-14T10:13:51.178+0000] {taskinstance.py:430} INFO - ::endgroup::
[2024-07-14T10:13:51.192+0000] {logging_mixin.py:188} INFO - Hello, Airflow!
[2024-07-14T10:13:51.198+0000] {python.py:237} INFO - Done. Returned value was: None
[2024-07-14T10:13:51.198+0000] {taskinstance.py:441} INFO - ::group::Post task execution logs
[2024-07-14T10:13:51.243+0000] {taskinstance.py:1206} INFO - Marking task as SUCCESS. dag_id=hello_***, task_id=task_hello, run_id=scheduled__2024-02-28T00:00:00+00:00, execution_date=20240228T000000, start_date=20240714T101347, end_date=20240714T101351
[2024-07-14T10:13:51.470+0000] {local_task_job_runner.py:240} INFO - Task exited with return code 0
[2024-07-14T10:13:51.568+0000] {taskinstance.py:3503} INFO - 0 downstream tasks scheduled from follow-on schedule check
[2024-07-14T10:13:51.584+0000] {local_task_job_runner.py:222} INFO - ::endgroup::
